[0.102s] DEBUG:colcon:Command line arguments: ['/usr/bin/colcon', 'build']
[0.102s] DEBUG:colcon:Parsed command line arguments: Namespace(log_base=None, log_level=None, verb_name='build', build_base='build', install_base='install', merge_install=False, symlink_install=False, test_result_base=None, continue_on_error=False, executor='parallel', parallel_workers=8, event_handlers=None, ignore_user_meta=False, metas=['./colcon.meta'], base_paths=['.'], packages_ignore=None, packages_ignore_regex=None, paths=None, packages_up_to=None, packages_up_to_regex=None, packages_above=None, packages_above_and_dependencies=None, packages_above_depth=None, packages_select_by_dep=None, packages_skip_by_dep=None, packages_skip_up_to=None, packages_select_build_failed=False, packages_skip_build_finished=False, packages_select_test_failures=False, packages_skip_test_passed=False, packages_select=None, packages_skip=None, packages_select_regex=None, packages_skip_regex=None, packages_start=None, packages_end=None, allow_overriding=[], cmake_args=None, cmake_target=None, cmake_target_skip_unavailable=False, cmake_clean_cache=False, cmake_clean_first=False, cmake_force_configure=False, ament_cmake_args=None, catkin_cmake_args=None, catkin_skip_building_tests=False, verb_parser=<colcon_defaults.argument_parser.defaults.DefaultArgumentsDecorator object at 0x7d1cccb208b0>, verb_extension=<colcon_core.verb.build.BuildVerb object at 0x7d1cccb203a0>, main=<bound method BuildVerb.main of <colcon_core.verb.build.BuildVerb object at 0x7d1cccb203a0>>)
[0.285s] Level 1:colcon.colcon_core.package_discovery:discover_packages(colcon_meta) check parameters
[0.285s] Level 1:colcon.colcon_core.package_discovery:discover_packages(recursive) check parameters
[0.285s] Level 1:colcon.colcon_core.package_discovery:discover_packages(ignore) check parameters
[0.285s] Level 1:colcon.colcon_core.package_discovery:discover_packages(path) check parameters
[0.285s] Level 1:colcon.colcon_core.package_discovery:discover_packages(colcon_meta) discover
[0.285s] Level 1:colcon.colcon_core.package_discovery:discover_packages(recursive) discover
[0.285s] INFO:colcon.colcon_core.package_discovery:Crawling recursively for packages in '/home/kishoreyogaraj/tracking_ws'
[0.285s] Level 1:colcon.colcon_core.package_identification:_identify(.) by extensions ['ignore', 'ignore_ament_install']
[0.285s] Level 1:colcon.colcon_core.package_identification:_identify(.) by extension 'ignore'
[0.285s] Level 1:colcon.colcon_core.package_identification:_identify(.) by extension 'ignore_ament_install'
[0.286s] Level 1:colcon.colcon_core.package_identification:_identify(.) by extensions ['colcon_pkg']
[0.286s] Level 1:colcon.colcon_core.package_identification:_identify(.) by extension 'colcon_pkg'
[0.286s] Level 1:colcon.colcon_core.package_identification:_identify(.) by extensions ['colcon_meta']
[0.286s] Level 1:colcon.colcon_core.package_identification:_identify(.) by extension 'colcon_meta'
[0.286s] Level 1:colcon.colcon_core.package_identification:_identify(.) by extensions ['ros']
[0.286s] Level 1:colcon.colcon_core.package_identification:_identify(.) by extension 'ros'
[0.296s] Level 1:colcon.colcon_core.package_identification:_identify(.) by extensions ['cmake', 'python']
[0.296s] Level 1:colcon.colcon_core.package_identification:_identify(.) by extension 'cmake'
[0.296s] Level 1:colcon.colcon_core.package_identification:_identify(.) by extension 'python'
[0.296s] Level 1:colcon.colcon_core.package_identification:_identify(.) by extensions ['python_setup_py']
[0.296s] Level 1:colcon.colcon_core.package_identification:_identify(.) by extension 'python_setup_py'
[0.296s] Level 1:colcon.colcon_core.package_identification:_identify(build) by extensions ['ignore', 'ignore_ament_install']
[0.296s] Level 1:colcon.colcon_core.package_identification:_identify(build) by extension 'ignore'
[0.296s] Level 1:colcon.colcon_core.package_identification:_identify(build) ignored
[0.296s] Level 1:colcon.colcon_core.package_identification:_identify(install) by extensions ['ignore', 'ignore_ament_install']
[0.296s] Level 1:colcon.colcon_core.package_identification:_identify(install) by extension 'ignore'
[0.296s] Level 1:colcon.colcon_core.package_identification:_identify(install) ignored
[0.297s] Level 1:colcon.colcon_core.package_identification:_identify(log) by extensions ['ignore', 'ignore_ament_install']
[0.297s] Level 1:colcon.colcon_core.package_identification:_identify(log) by extension 'ignore'
[0.297s] Level 1:colcon.colcon_core.package_identification:_identify(log) ignored
[0.297s] Level 1:colcon.colcon_core.package_identification:_identify(src) by extensions ['ignore', 'ignore_ament_install']
[0.297s] Level 1:colcon.colcon_core.package_identification:_identify(src) by extension 'ignore'
[0.297s] Level 1:colcon.colcon_core.package_identification:_identify(src) by extension 'ignore_ament_install'
[0.297s] Level 1:colcon.colcon_core.package_identification:_identify(src) by extensions ['colcon_pkg']
[0.297s] Level 1:colcon.colcon_core.package_identification:_identify(src) by extension 'colcon_pkg'
[0.297s] Level 1:colcon.colcon_core.package_identification:_identify(src) by extensions ['colcon_meta']
[0.297s] Level 1:colcon.colcon_core.package_identification:_identify(src) by extension 'colcon_meta'
[0.297s] Level 1:colcon.colcon_core.package_identification:_identify(src) by extensions ['ros']
[0.297s] Level 1:colcon.colcon_core.package_identification:_identify(src) by extension 'ros'
[0.297s] Level 1:colcon.colcon_core.package_identification:_identify(src) by extensions ['cmake', 'python']
[0.297s] Level 1:colcon.colcon_core.package_identification:_identify(src) by extension 'cmake'
[0.297s] Level 1:colcon.colcon_core.package_identification:_identify(src) by extension 'python'
[0.297s] Level 1:colcon.colcon_core.package_identification:_identify(src) by extensions ['python_setup_py']
[0.297s] Level 1:colcon.colcon_core.package_identification:_identify(src) by extension 'python_setup_py'
[0.298s] Level 1:colcon.colcon_core.package_identification:_identify(src/config) by extensions ['ignore', 'ignore_ament_install']
[0.298s] Level 1:colcon.colcon_core.package_identification:_identify(src/config) by extension 'ignore'
[0.298s] Level 1:colcon.colcon_core.package_identification:_identify(src/config) by extension 'ignore_ament_install'
[0.298s] Level 1:colcon.colcon_core.package_identification:_identify(src/config) by extensions ['colcon_pkg']
[0.298s] Level 1:colcon.colcon_core.package_identification:_identify(src/config) by extension 'colcon_pkg'
[0.298s] Level 1:colcon.colcon_core.package_identification:_identify(src/config) by extensions ['colcon_meta']
[0.298s] Level 1:colcon.colcon_core.package_identification:_identify(src/config) by extension 'colcon_meta'
[0.298s] Level 1:colcon.colcon_core.package_identification:_identify(src/config) by extensions ['ros']
[0.298s] Level 1:colcon.colcon_core.package_identification:_identify(src/config) by extension 'ros'
[0.298s] Level 1:colcon.colcon_core.package_identification:_identify(src/config) by extensions ['cmake', 'python']
[0.298s] Level 1:colcon.colcon_core.package_identification:_identify(src/config) by extension 'cmake'
[0.298s] Level 1:colcon.colcon_core.package_identification:_identify(src/config) by extension 'python'
[0.298s] Level 1:colcon.colcon_core.package_identification:_identify(src/config) by extensions ['python_setup_py']
[0.298s] Level 1:colcon.colcon_core.package_identification:_identify(src/config) by extension 'python_setup_py'
[0.298s] Level 1:colcon.colcon_core.package_identification:_identify(src/tracking) by extensions ['ignore', 'ignore_ament_install']
[0.298s] Level 1:colcon.colcon_core.package_identification:_identify(src/tracking) by extension 'ignore'
[0.298s] Level 1:colcon.colcon_core.package_identification:_identify(src/tracking) by extension 'ignore_ament_install'
[0.299s] Level 1:colcon.colcon_core.package_identification:_identify(src/tracking) by extensions ['colcon_pkg']
[0.299s] Level 1:colcon.colcon_core.package_identification:_identify(src/tracking) by extension 'colcon_pkg'
[0.299s] Level 1:colcon.colcon_core.package_identification:_identify(src/tracking) by extensions ['colcon_meta']
[0.299s] Level 1:colcon.colcon_core.package_identification:_identify(src/tracking) by extension 'colcon_meta'
[0.299s] Level 1:colcon.colcon_core.package_identification:_identify(src/tracking) by extensions ['ros']
[0.299s] Level 1:colcon.colcon_core.package_identification:_identify(src/tracking) by extension 'ros'
[0.301s] DEBUG:colcon.colcon_core.package_identification:Package 'src/tracking' with type 'ros.ament_python' and name 'tracking'
[0.301s] Level 1:colcon.colcon_core.package_identification:_identify(src/tracking_msgs) by extensions ['ignore', 'ignore_ament_install']
[0.301s] Level 1:colcon.colcon_core.package_identification:_identify(src/tracking_msgs) by extension 'ignore'
[0.301s] Level 1:colcon.colcon_core.package_identification:_identify(src/tracking_msgs) by extension 'ignore_ament_install'
[0.301s] Level 1:colcon.colcon_core.package_identification:_identify(src/tracking_msgs) by extensions ['colcon_pkg']
[0.301s] Level 1:colcon.colcon_core.package_identification:_identify(src/tracking_msgs) by extension 'colcon_pkg'
[0.301s] Level 1:colcon.colcon_core.package_identification:_identify(src/tracking_msgs) by extensions ['colcon_meta']
[0.302s] Level 1:colcon.colcon_core.package_identification:_identify(src/tracking_msgs) by extension 'colcon_meta'
[0.302s] Level 1:colcon.colcon_core.package_identification:_identify(src/tracking_msgs) by extensions ['ros']
[0.302s] Level 1:colcon.colcon_core.package_identification:_identify(src/tracking_msgs) by extension 'ros'
[0.302s] DEBUG:colcon.colcon_core.package_identification:Package 'src/tracking_msgs' with type 'ros.ament_cmake' and name 'tracking_msgs'
[0.302s] Level 1:colcon.colcon_core.package_discovery:discover_packages(recursive) using defaults
[0.302s] Level 1:colcon.colcon_core.package_discovery:discover_packages(ignore) discover
[0.302s] Level 1:colcon.colcon_core.package_discovery:discover_packages(ignore) using defaults
[0.302s] Level 1:colcon.colcon_core.package_discovery:discover_packages(path) discover
[0.302s] Level 1:colcon.colcon_core.package_discovery:discover_packages(path) using defaults
[0.332s] Level 1:colcon.colcon_core.package_discovery:discover_packages(prefix_path) check parameters
[0.332s] Level 1:colcon.colcon_core.package_discovery:discover_packages(prefix_path) discover
[0.333s] DEBUG:colcon.colcon_installed_package_information.package_discovery:Found 2 installed packages in /home/kishoreyogaraj/tracking_ws/install
[0.335s] DEBUG:colcon.colcon_installed_package_information.package_discovery:Found 278 installed packages in /opt/ros/humble
[0.336s] Level 1:colcon.colcon_core.package_discovery:discover_packages(prefix_path) using defaults
[0.375s] Level 5:colcon.colcon_core.verb:set package 'tracking' build argument 'cmake_args' from command line to 'None'
[0.375s] Level 5:colcon.colcon_core.verb:set package 'tracking' build argument 'cmake_target' from command line to 'None'
[0.375s] Level 5:colcon.colcon_core.verb:set package 'tracking' build argument 'cmake_target_skip_unavailable' from command line to 'False'
[0.375s] Level 5:colcon.colcon_core.verb:set package 'tracking' build argument 'cmake_clean_cache' from command line to 'False'
[0.375s] Level 5:colcon.colcon_core.verb:set package 'tracking' build argument 'cmake_clean_first' from command line to 'False'
[0.375s] Level 5:colcon.colcon_core.verb:set package 'tracking' build argument 'cmake_force_configure' from command line to 'False'
[0.375s] Level 5:colcon.colcon_core.verb:set package 'tracking' build argument 'ament_cmake_args' from command line to 'None'
[0.375s] Level 5:colcon.colcon_core.verb:set package 'tracking' build argument 'catkin_cmake_args' from command line to 'None'
[0.375s] Level 5:colcon.colcon_core.verb:set package 'tracking' build argument 'catkin_skip_building_tests' from command line to 'False'
[0.376s] DEBUG:colcon.colcon_core.verb:Building package 'tracking' with the following arguments: {'ament_cmake_args': None, 'build_base': '/home/kishoreyogaraj/tracking_ws/build/tracking', 'catkin_cmake_args': None, 'catkin_skip_building_tests': False, 'cmake_args': None, 'cmake_clean_cache': False, 'cmake_clean_first': False, 'cmake_force_configure': False, 'cmake_target': None, 'cmake_target_skip_unavailable': False, 'install_base': '/home/kishoreyogaraj/tracking_ws/install/tracking', 'merge_install': False, 'path': '/home/kishoreyogaraj/tracking_ws/src/tracking', 'symlink_install': False, 'test_result_base': None}
[0.376s] Level 5:colcon.colcon_core.verb:set package 'tracking_msgs' build argument 'cmake_args' from command line to 'None'
[0.376s] Level 5:colcon.colcon_core.verb:set package 'tracking_msgs' build argument 'cmake_target' from command line to 'None'
[0.376s] Level 5:colcon.colcon_core.verb:set package 'tracking_msgs' build argument 'cmake_target_skip_unavailable' from command line to 'False'
[0.376s] Level 5:colcon.colcon_core.verb:set package 'tracking_msgs' build argument 'cmake_clean_cache' from command line to 'False'
[0.376s] Level 5:colcon.colcon_core.verb:set package 'tracking_msgs' build argument 'cmake_clean_first' from command line to 'False'
[0.376s] Level 5:colcon.colcon_core.verb:set package 'tracking_msgs' build argument 'cmake_force_configure' from command line to 'False'
[0.376s] Level 5:colcon.colcon_core.verb:set package 'tracking_msgs' build argument 'ament_cmake_args' from command line to 'None'
[0.376s] Level 5:colcon.colcon_core.verb:set package 'tracking_msgs' build argument 'catkin_cmake_args' from command line to 'None'
[0.376s] Level 5:colcon.colcon_core.verb:set package 'tracking_msgs' build argument 'catkin_skip_building_tests' from command line to 'False'
[0.376s] DEBUG:colcon.colcon_core.verb:Building package 'tracking_msgs' with the following arguments: {'ament_cmake_args': None, 'build_base': '/home/kishoreyogaraj/tracking_ws/build/tracking_msgs', 'catkin_cmake_args': None, 'catkin_skip_building_tests': False, 'cmake_args': None, 'cmake_clean_cache': False, 'cmake_clean_first': False, 'cmake_force_configure': False, 'cmake_target': None, 'cmake_target_skip_unavailable': False, 'install_base': '/home/kishoreyogaraj/tracking_ws/install/tracking_msgs', 'merge_install': False, 'path': '/home/kishoreyogaraj/tracking_ws/src/tracking_msgs', 'symlink_install': False, 'test_result_base': None}
[0.377s] INFO:colcon.colcon_core.executor:Executing jobs using 'parallel' executor
[0.378s] DEBUG:colcon.colcon_parallel_executor.executor.parallel:run_until_complete
[0.378s] INFO:colcon.colcon_ros.task.ament_python.build:Building ROS package in '/home/kishoreyogaraj/tracking_ws/src/tracking' with build type 'ament_python'
[0.378s] Level 1:colcon.colcon_core.shell:create_environment_hook('tracking', 'ament_prefix_path')
[0.381s] INFO:colcon.colcon_core.plugin_system:Skipping extension 'colcon_core.shell.bat': Not used on non-Windows systems
[0.381s] INFO:colcon.colcon_core.shell:Creating environment hook '/home/kishoreyogaraj/tracking_ws/install/tracking/share/tracking/hook/ament_prefix_path.ps1'
[0.382s] INFO:colcon.colcon_core.shell:Creating environment descriptor '/home/kishoreyogaraj/tracking_ws/install/tracking/share/tracking/hook/ament_prefix_path.dsv'
[0.383s] INFO:colcon.colcon_core.shell:Creating environment hook '/home/kishoreyogaraj/tracking_ws/install/tracking/share/tracking/hook/ament_prefix_path.sh'
[0.384s] INFO:colcon.colcon_core.shell:Skip shell extension 'powershell' for command environment: Not usable outside of PowerShell
[0.384s] DEBUG:colcon.colcon_core.shell:Skip shell extension 'dsv' for command environment
[0.387s] INFO:colcon.colcon_ros.task.ament_cmake.build:Building ROS package in '/home/kishoreyogaraj/tracking_ws/src/tracking_msgs' with build type 'ament_cmake'
[0.387s] INFO:colcon.colcon_cmake.task.cmake.build:Building CMake package in '/home/kishoreyogaraj/tracking_ws/src/tracking_msgs'
[0.387s] INFO:colcon.colcon_core.shell:Skip shell extension 'powershell' for command environment: Not usable outside of PowerShell
[0.387s] DEBUG:colcon.colcon_core.shell:Skip shell extension 'dsv' for command environment
[0.680s] INFO:colcon.colcon_core.task.python.build:Building Python package in '/home/kishoreyogaraj/tracking_ws/src/tracking'
[0.680s] INFO:colcon.colcon_core.shell:Skip shell extension 'powershell' for command environment: Not usable outside of PowerShell
[0.680s] DEBUG:colcon.colcon_core.shell:Skip shell extension 'dsv' for command environment
[0.691s] DEBUG:colcon.colcon_core.event_handler.log_command:Invoking command in '/home/kishoreyogaraj/tracking_ws/build/tracking_msgs': CMAKE_PREFIX_PATH=${CMAKE_PREFIX_PATH}:/home/kishoreyogaraj/tracking_ws/install/tracking:/opt/ros/humble /usr/bin/cmake --build /home/kishoreyogaraj/tracking_ws/build/tracking_msgs -- -j8 -l8
[1.210s] DEBUG:colcon.colcon_core.event_handler.log_command:Invoking command in '/home/kishoreyogaraj/tracking_ws/src/tracking': PYTHONPATH=/home/kishoreyogaraj/tracking_ws/build/tracking/prefix_override:/home/kishoreyogaraj/tracking_ws/install/tracking/lib/python3.10/site-packages:${PYTHONPATH} /usr/bin/python3 -W ignore:setup.py install is deprecated setup.py egg_info --egg-base ../../build/tracking build --build-base /home/kishoreyogaraj/tracking_ws/build/tracking/build install --record /home/kishoreyogaraj/tracking_ws/build/tracking/install.log --single-version-externally-managed install_data
[1.260s] DEBUG:colcon.colcon_core.event_handler.log_command:Invoked command in '/home/kishoreyogaraj/tracking_ws/build/tracking_msgs' returned '0': CMAKE_PREFIX_PATH=${CMAKE_PREFIX_PATH}:/home/kishoreyogaraj/tracking_ws/install/tracking:/opt/ros/humble /usr/bin/cmake --build /home/kishoreyogaraj/tracking_ws/build/tracking_msgs -- -j8 -l8
[1.353s] DEBUG:colcon.colcon_core.event_handler.log_command:Invoking command in '/home/kishoreyogaraj/tracking_ws/build/tracking_msgs': CMAKE_PREFIX_PATH=${CMAKE_PREFIX_PATH}:/home/kishoreyogaraj/tracking_ws/install/tracking:/opt/ros/humble /usr/bin/cmake --install /home/kishoreyogaraj/tracking_ws/build/tracking_msgs
[1.431s] Level 1:colcon.colcon_core.environment:create_environment_scripts_only(tracking_msgs)
[1.432s] DEBUG:colcon.colcon_core.event_handler.log_command:Invoked command in '/home/kishoreyogaraj/tracking_ws/build/tracking_msgs' returned '0': CMAKE_PREFIX_PATH=${CMAKE_PREFIX_PATH}:/home/kishoreyogaraj/tracking_ws/install/tracking:/opt/ros/humble /usr/bin/cmake --install /home/kishoreyogaraj/tracking_ws/build/tracking_msgs
[1.434s] Level 1:colcon.colcon_core.environment:checking '/home/kishoreyogaraj/tracking_ws/install/tracking_msgs' for CMake module files
[1.435s] Level 1:colcon.colcon_core.environment:checking '/home/kishoreyogaraj/tracking_ws/install/tracking_msgs' for CMake config files
[1.436s] Level 1:colcon.colcon_core.shell:create_environment_hook('tracking_msgs', 'cmake_prefix_path')
[1.436s] INFO:colcon.colcon_core.shell:Creating environment hook '/home/kishoreyogaraj/tracking_ws/install/tracking_msgs/share/tracking_msgs/hook/cmake_prefix_path.ps1'
[1.436s] INFO:colcon.colcon_core.shell:Creating environment descriptor '/home/kishoreyogaraj/tracking_ws/install/tracking_msgs/share/tracking_msgs/hook/cmake_prefix_path.dsv'
[1.437s] INFO:colcon.colcon_core.shell:Creating environment hook '/home/kishoreyogaraj/tracking_ws/install/tracking_msgs/share/tracking_msgs/hook/cmake_prefix_path.sh'
[1.437s] Level 1:colcon.colcon_core.environment:checking '/home/kishoreyogaraj/tracking_ws/install/tracking_msgs/lib'
[1.437s] Level 1:colcon.colcon_core.shell:create_environment_hook('tracking_msgs', 'ld_library_path_lib')
[1.438s] INFO:colcon.colcon_core.shell:Creating environment hook '/home/kishoreyogaraj/tracking_ws/install/tracking_msgs/share/tracking_msgs/hook/ld_library_path_lib.ps1'
[1.438s] INFO:colcon.colcon_core.shell:Creating environment descriptor '/home/kishoreyogaraj/tracking_ws/install/tracking_msgs/share/tracking_msgs/hook/ld_library_path_lib.dsv'
[1.438s] INFO:colcon.colcon_core.shell:Creating environment hook '/home/kishoreyogaraj/tracking_ws/install/tracking_msgs/share/tracking_msgs/hook/ld_library_path_lib.sh'
[1.439s] Level 1:colcon.colcon_core.environment:checking '/home/kishoreyogaraj/tracking_ws/install/tracking_msgs/bin'
[1.439s] Level 1:colcon.colcon_core.environment:checking '/home/kishoreyogaraj/tracking_ws/install/tracking_msgs/lib/pkgconfig/tracking_msgs.pc'
[1.439s] Level 1:colcon.colcon_core.environment:checking '/home/kishoreyogaraj/tracking_ws/install/tracking_msgs/lib/python3.10/site-packages'
[1.439s] Level 1:colcon.colcon_core.environment:checking '/home/kishoreyogaraj/tracking_ws/install/tracking_msgs/bin'
[1.440s] INFO:colcon.colcon_core.shell:Creating package script '/home/kishoreyogaraj/tracking_ws/install/tracking_msgs/share/tracking_msgs/package.ps1'
[1.441s] INFO:colcon.colcon_core.shell:Creating package descriptor '/home/kishoreyogaraj/tracking_ws/install/tracking_msgs/share/tracking_msgs/package.dsv'
[1.441s] INFO:colcon.colcon_core.shell:Creating package script '/home/kishoreyogaraj/tracking_ws/install/tracking_msgs/share/tracking_msgs/package.sh'
[1.442s] INFO:colcon.colcon_core.shell:Creating package script '/home/kishoreyogaraj/tracking_ws/install/tracking_msgs/share/tracking_msgs/package.bash'
[1.443s] INFO:colcon.colcon_core.shell:Creating package script '/home/kishoreyogaraj/tracking_ws/install/tracking_msgs/share/tracking_msgs/package.zsh'
[1.443s] Level 1:colcon.colcon_core.environment:create_file_with_runtime_dependencies(/home/kishoreyogaraj/tracking_ws/install/tracking_msgs/share/colcon-core/packages/tracking_msgs)
[1.529s] Level 1:colcon.colcon_core.environment:create_environment_scripts_only(tracking_msgs)
[1.529s] Level 1:colcon.colcon_core.environment:checking '/home/kishoreyogaraj/tracking_ws/install/tracking_msgs' for CMake module files
[1.531s] Level 1:colcon.colcon_core.environment:checking '/home/kishoreyogaraj/tracking_ws/install/tracking_msgs' for CMake config files
[1.531s] Level 1:colcon.colcon_core.shell:create_environment_hook('tracking_msgs', 'cmake_prefix_path')
[1.532s] INFO:colcon.colcon_core.shell:Creating environment hook '/home/kishoreyogaraj/tracking_ws/install/tracking_msgs/share/tracking_msgs/hook/cmake_prefix_path.ps1'
[1.532s] INFO:colcon.colcon_core.shell:Creating environment descriptor '/home/kishoreyogaraj/tracking_ws/install/tracking_msgs/share/tracking_msgs/hook/cmake_prefix_path.dsv'
[1.533s] INFO:colcon.colcon_core.shell:Creating environment hook '/home/kishoreyogaraj/tracking_ws/install/tracking_msgs/share/tracking_msgs/hook/cmake_prefix_path.sh'
[1.533s] Level 1:colcon.colcon_core.environment:checking '/home/kishoreyogaraj/tracking_ws/install/tracking_msgs/lib'
[1.533s] Level 1:colcon.colcon_core.shell:create_environment_hook('tracking_msgs', 'ld_library_path_lib')
[1.534s] INFO:colcon.colcon_core.shell:Creating environment hook '/home/kishoreyogaraj/tracking_ws/install/tracking_msgs/share/tracking_msgs/hook/ld_library_path_lib.ps1'
[1.534s] INFO:colcon.colcon_core.shell:Creating environment descriptor '/home/kishoreyogaraj/tracking_ws/install/tracking_msgs/share/tracking_msgs/hook/ld_library_path_lib.dsv'
[1.535s] INFO:colcon.colcon_core.shell:Creating environment hook '/home/kishoreyogaraj/tracking_ws/install/tracking_msgs/share/tracking_msgs/hook/ld_library_path_lib.sh'
[1.535s] Level 1:colcon.colcon_core.environment:checking '/home/kishoreyogaraj/tracking_ws/install/tracking_msgs/bin'
[1.535s] Level 1:colcon.colcon_core.environment:checking '/home/kishoreyogaraj/tracking_ws/install/tracking_msgs/lib/pkgconfig/tracking_msgs.pc'
[1.536s] Level 1:colcon.colcon_core.environment:checking '/home/kishoreyogaraj/tracking_ws/install/tracking_msgs/lib/python3.10/site-packages'
[1.536s] Level 1:colcon.colcon_core.environment:checking '/home/kishoreyogaraj/tracking_ws/install/tracking_msgs/bin'
[1.537s] INFO:colcon.colcon_core.shell:Creating package script '/home/kishoreyogaraj/tracking_ws/install/tracking_msgs/share/tracking_msgs/package.ps1'
[1.537s] INFO:colcon.colcon_core.shell:Creating package descriptor '/home/kishoreyogaraj/tracking_ws/install/tracking_msgs/share/tracking_msgs/package.dsv'
[1.538s] INFO:colcon.colcon_core.shell:Creating package script '/home/kishoreyogaraj/tracking_ws/install/tracking_msgs/share/tracking_msgs/package.sh'
[1.539s] INFO:colcon.colcon_core.shell:Creating package script '/home/kishoreyogaraj/tracking_ws/install/tracking_msgs/share/tracking_msgs/package.bash'
[1.539s] INFO:colcon.colcon_core.shell:Creating package script '/home/kishoreyogaraj/tracking_ws/install/tracking_msgs/share/tracking_msgs/package.zsh'
[1.540s] Level 1:colcon.colcon_core.environment:create_file_with_runtime_dependencies(/home/kishoreyogaraj/tracking_ws/install/tracking_msgs/share/colcon-core/packages/tracking_msgs)
[1.622s] Level 1:colcon.colcon_core.environment:checking '/home/kishoreyogaraj/tracking_ws/install/tracking' for CMake module files
[1.623s] DEBUG:colcon.colcon_core.event_handler.log_command:Invoked command in '/home/kishoreyogaraj/tracking_ws/src/tracking' returned '0': PYTHONPATH=/home/kishoreyogaraj/tracking_ws/build/tracking/prefix_override:/home/kishoreyogaraj/tracking_ws/install/tracking/lib/python3.10/site-packages:${PYTHONPATH} /usr/bin/python3 -W ignore:setup.py install is deprecated setup.py egg_info --egg-base ../../build/tracking build --build-base /home/kishoreyogaraj/tracking_ws/build/tracking/build install --record /home/kishoreyogaraj/tracking_ws/build/tracking/install.log --single-version-externally-managed install_data
[1.623s] Level 1:colcon.colcon_core.environment:checking '/home/kishoreyogaraj/tracking_ws/install/tracking' for CMake config files
[1.624s] Level 1:colcon.colcon_core.environment:checking '/home/kishoreyogaraj/tracking_ws/install/tracking/lib'
[1.624s] Level 1:colcon.colcon_core.environment:checking '/home/kishoreyogaraj/tracking_ws/install/tracking/bin'
[1.624s] Level 1:colcon.colcon_core.environment:checking '/home/kishoreyogaraj/tracking_ws/install/tracking/lib/pkgconfig/tracking.pc'
[1.624s] Level 1:colcon.colcon_core.environment:checking '/home/kishoreyogaraj/tracking_ws/install/tracking/lib/python3.10/site-packages'
[1.625s] Level 1:colcon.colcon_core.shell:create_environment_hook('tracking', 'pythonpath')
[1.625s] INFO:colcon.colcon_core.shell:Creating environment hook '/home/kishoreyogaraj/tracking_ws/install/tracking/share/tracking/hook/pythonpath.ps1'
[1.625s] INFO:colcon.colcon_core.shell:Creating environment descriptor '/home/kishoreyogaraj/tracking_ws/install/tracking/share/tracking/hook/pythonpath.dsv'
[1.625s] INFO:colcon.colcon_core.shell:Creating environment hook '/home/kishoreyogaraj/tracking_ws/install/tracking/share/tracking/hook/pythonpath.sh'
[1.626s] Level 1:colcon.colcon_core.environment:checking '/home/kishoreyogaraj/tracking_ws/install/tracking/bin'
[1.626s] Level 1:colcon.colcon_core.environment:create_environment_scripts_only(tracking)
[1.626s] INFO:colcon.colcon_core.shell:Creating package script '/home/kishoreyogaraj/tracking_ws/install/tracking/share/tracking/package.ps1'
[1.627s] INFO:colcon.colcon_core.shell:Creating package descriptor '/home/kishoreyogaraj/tracking_ws/install/tracking/share/tracking/package.dsv'
[1.627s] INFO:colcon.colcon_core.shell:Creating package script '/home/kishoreyogaraj/tracking_ws/install/tracking/share/tracking/package.sh'
[1.627s] INFO:colcon.colcon_core.shell:Creating package script '/home/kishoreyogaraj/tracking_ws/install/tracking/share/tracking/package.bash'
[1.628s] INFO:colcon.colcon_core.shell:Creating package script '/home/kishoreyogaraj/tracking_ws/install/tracking/share/tracking/package.zsh'
[1.628s] Level 1:colcon.colcon_core.environment:create_file_with_runtime_dependencies(/home/kishoreyogaraj/tracking_ws/install/tracking/share/colcon-core/packages/tracking)
[1.628s] DEBUG:colcon.colcon_parallel_executor.executor.parallel:closing loop
[1.628s] DEBUG:colcon.colcon_parallel_executor.executor.parallel:loop closed
[1.629s] DEBUG:colcon.colcon_parallel_executor.executor.parallel:run_until_complete finished with '0'
[1.629s] DEBUG:colcon.colcon_core.event_reactor:joining thread
[1.634s] INFO:colcon.colcon_core.plugin_system:Skipping extension 'colcon_notification.desktop_notification.terminal_notifier': Not used on non-Darwin systems
[1.634s] INFO:colcon.colcon_core.plugin_system:Skipping extension 'colcon_notification.desktop_notification.win32': Not used on non-Windows systems
[1.634s] INFO:colcon.colcon_notification.desktop_notification:Sending desktop notification using 'notify2'
[1.645s] DEBUG:colcon.colcon_core.event_reactor:joined thread
[1.646s] INFO:colcon.colcon_core.shell:Creating prefix script '/home/kishoreyogaraj/tracking_ws/install/local_setup.ps1'
[1.647s] INFO:colcon.colcon_core.shell:Creating prefix util module '/home/kishoreyogaraj/tracking_ws/install/_local_setup_util_ps1.py'
[1.648s] INFO:colcon.colcon_core.shell:Creating prefix chain script '/home/kishoreyogaraj/tracking_ws/install/setup.ps1'
[1.649s] INFO:colcon.colcon_core.shell:Creating prefix script '/home/kishoreyogaraj/tracking_ws/install/local_setup.sh'
[1.650s] INFO:colcon.colcon_core.shell:Creating prefix util module '/home/kishoreyogaraj/tracking_ws/install/_local_setup_util_sh.py'
[1.650s] INFO:colcon.colcon_core.shell:Creating prefix chain script '/home/kishoreyogaraj/tracking_ws/install/setup.sh'
[1.651s] INFO:colcon.colcon_core.shell:Creating prefix script '/home/kishoreyogaraj/tracking_ws/install/local_setup.bash'
[1.651s] INFO:colcon.colcon_core.shell:Creating prefix chain script '/home/kishoreyogaraj/tracking_ws/install/setup.bash'
[1.653s] INFO:colcon.colcon_core.shell:Creating prefix script '/home/kishoreyogaraj/tracking_ws/install/local_setup.zsh'
[1.654s] INFO:colcon.colcon_core.shell:Creating prefix chain script '/home/kishoreyogaraj/tracking_ws/install/setup.zsh'
