In file included from [01m[K/home/kishoreyogaraj/tracking_ws/build/tracking_msgs/rosidl_generator_c/tracking_msgs/msg/detail/tracked_obstacle__functions.h:19[m[K,
                 from [01m[K/home/kishoreyogaraj/tracking_ws/build/tracking_msgs/rosidl_generator_c/tracking_msgs/msg/detail/tracked_obstacle__functions.c:4[m[K:
[01m[K/home/kishoreyogaraj/tracking_ws/build/tracking_msgs/rosidl_generator_c/tracking_msgs/msg/detail/tracked_obstacle__struct.h:22:10:[m[K [01;31m[Kfatal error: [m[Ktracking_msgs/msg/detail/header__struct.h: No such file or directory
   22 | #include [01;31m[K"tracking_msgs/msg/detail/header__struct.h"[m[K
      |          [01;31m[K^~~~~~~~~~~~~~~~~~~~~~~~~~~~~~~~~~~~~~~~~~~[m[K
In file included from [01m[K/home/kishoreyogaraj/tracking_ws/build/tracking_msgs/rosidl_generator_c/tracking_msgs/msg/detail/obstacle__functions.h:19[m[K,
                 from [01m[K/home/kishoreyogaraj/tracking_ws/build/tracking_msgs/rosidl_generator_c/tracking_msgs/msg/detail/obstacle__functions.c:4[m[K:
[01m[K/home/kishoreyogaraj/tracking_ws/build/tracking_msgs/rosidl_generator_c/tracking_msgs/msg/detail/obstacle__struct.h:22:10:[m[K [01;31m[Kfatal error: [m[Ktracking_msgs/msg/detail/header__struct.h: No such file or directory
   22 | #include [01;31m[K"tracking_msgs/msg/detail/header__struct.h"[m[K
      |          [01;31m[K^~~~~~~~~~~~~~~~~~~~~~~~~~~~~~~~~~~~~~~~~~~[m[K
compilation terminated.
compilation terminated.
In file included from [01m[K/home/kishoreyogaraj/tracking_ws/build/tracking_msgs/rosidl_generator_c/tracking_msgs/msg/detail/tracked_obstacle_list__functions.h:19[m[K,
                 from [01m[K/home/kishoreyogaraj/tracking_ws/build/tracking_msgs/rosidl_generator_c/tracking_msgs/msg/detail/tracked_obstacle_list__functions.c:4[m[K:
[01m[K/home/kishoreyogaraj/tracking_ws/build/tracking_msgs/rosidl_generator_c/tracking_msgs/msg/detail/tracked_obstacle_list__struct.h:22:10:[m[K [01;31m[Kfatal error: [m[Ktracking_msgs/msg/detail/header__struct.h: No such file or directory
   22 | #include [01;31m[K"tracking_msgs/msg/detail/header__struct.h"[m[K
      |          [01;31m[K^~~~~~~~~~~~~~~~~~~~~~~~~~~~~~~~~~~~~~~~~~~[m[K
compilation terminated.
gmake[2]: *** [CMakeFiles/tracking_msgs__rosidl_generator_c.dir/build.make:305: CMakeFiles/tracking_msgs__rosidl_generator_c.dir/rosidl_generator_c/tracking_msgs/msg/detail/tracked_obstacle__functions.c.o] Error 1
gmake[2]: *** Waiting for unfinished jobs....
gmake[2]: *** [CMakeFiles/tracking_msgs__rosidl_generator_c.dir/build.make:291: CMakeFiles/tracking_msgs__rosidl_generator_c.dir/rosidl_generator_c/tracking_msgs/msg/detail/obstacle__functions.c.o] Error 1
gmake[2]: *** [CMakeFiles/tracking_msgs__rosidl_generator_c.dir/build.make:319: CMakeFiles/tracking_msgs__rosidl_generator_c.dir/rosidl_generator_c/tracking_msgs/msg/detail/tracked_obstacle_list__functions.c.o] Error 1
gmake[1]: *** [CMakeFiles/Makefile2:213: CMakeFiles/tracking_msgs__rosidl_generator_c.dir/all] Error 2
gmake[1]: *** Waiting for unfinished jobs....
In file included from [01m[K/home/kishoreyogaraj/tracking_ws/build/tracking_msgs/rosidl_typesupport_cpp/tracking_msgs/msg/tracked_obstacle__type_support.cpp:7[m[K:
[01m[K/home/kishoreyogaraj/tracking_ws/build/tracking_msgs/rosidl_generator_cpp/tracking_msgs/msg/detail/tracked_obstacle__struct.hpp:20:10:[m[K [01;31m[Kfatal error: [m[Ktracking_msgs/msg/detail/header__struct.hpp: No such file or directory
   20 | #include [01;31m[K"tracking_msgs/msg/detail/header__struct.hpp"[m[K
      |          [01;31m[K^~~~~~~~~~~~~~~~~~~~~~~~~~~~~~~~~~~~~~~~~~~~~[m[K
In file included from [01m[K/home/kishoreyogaraj/tracking_ws/build/tracking_msgs/rosidl_typesupport_cpp/tracking_msgs/msg/tracked_obstacle_state__type_support.cpp:7[m[K:
[01m[K/home/kishoreyogaraj/tracking_ws/build/tracking_msgs/rosidl_generator_cpp/tracking_msgs/msg/detail/tracked_obstacle_state__struct.hpp:20:10:[m[K [01;31m[Kfatal error: [m[Ktracking_msgs/msg/detail/header__struct.hpp: No such file or directory
   20 | #include [01;31m[K"tracking_msgs/msg/detail/header__struct.hpp"[m[K
      |          [01;31m[K^~~~~~~~~~~~~~~~~~~~~~~~~~~~~~~~~~~~~~~~~~~~~[m[K
compilation terminated.
In file included from [01m[K/home/kishoreyogaraj/tracking_ws/build/tracking_msgs/rosidl_typesupport_cpp/tracking_msgs/msg/obstacle__type_support.cpp:7[m[K:
[01m[K/home/kishoreyogaraj/tracking_ws/build/tracking_msgs/rosidl_generator_cpp/tracking_msgs/msg/detail/obstacle__struct.hpp:20:10:[m[K [01;31m[Kfatal error: [m[Ktracking_msgs/msg/detail/header__struct.hpp: No such file or directory
   20 | #include [01;31m[K"tracking_msgs/msg/detail/header__struct.hpp"[m[K
      |          [01;31m[K^~~~~~~~~~~~~~~~~~~~~~~~~~~~~~~~~~~~~~~~~~~~~[m[K
compilation terminated.
compilation terminated.
In file included from [01m[K/home/kishoreyogaraj/tracking_ws/build/tracking_msgs/rosidl_typesupport_cpp/tracking_msgs/msg/tracked_obstacle_list__type_support.cpp:7[m[K:
[01m[K/home/kishoreyogaraj/tracking_ws/build/tracking_msgs/rosidl_generator_cpp/tracking_msgs/msg/detail/tracked_obstacle_list__struct.hpp:20:10:[m[K [01;31m[Kfatal error: [m[Ktracking_msgs/msg/detail/header__struct.hpp: No such file or directory
   20 | #include [01;31m[K"tracking_msgs/msg/detail/header__struct.hpp"[m[K
      |          [01;31m[K^~~~~~~~~~~~~~~~~~~~~~~~~~~~~~~~~~~~~~~~~~~~~[m[K
compilation terminated.
gmake[2]: *** [CMakeFiles/tracking_msgs__rosidl_typesupport_cpp.dir/build.make:226: CMakeFiles/tracking_msgs__rosidl_typesupport_cpp.dir/rosidl_typesupport_cpp/tracking_msgs/msg/tracked_obstacle__type_support.cpp.o] Error 1
gmake[2]: *** Waiting for unfinished jobs....
gmake[2]: *** [CMakeFiles/tracking_msgs__rosidl_typesupport_cpp.dir/build.make:212: CMakeFiles/tracking_msgs__rosidl_typesupport_cpp.dir/rosidl_typesupport_cpp/tracking_msgs/msg/obstacle__type_support.cpp.o] Error 1
gmake[2]: *** [CMakeFiles/tracking_msgs__rosidl_typesupport_cpp.dir/build.make:254: CMakeFiles/tracking_msgs__rosidl_typesupport_cpp.dir/rosidl_typesupport_cpp/tracking_msgs/msg/tracked_obstacle_state__type_support.cpp.o] Error 1
gmake[2]: *** [CMakeFiles/tracking_msgs__rosidl_typesupport_cpp.dir/build.make:240: CMakeFiles/tracking_msgs__rosidl_typesupport_cpp.dir/rosidl_typesupport_cpp/tracking_msgs/msg/tracked_obstacle_list__type_support.cpp.o] Error 1
In file included from [01m[K/home/kishoreyogaraj/tracking_ws/build/tracking_msgs/rosidl_typesupport_introspection_cpp/tracking_msgs/msg/detail/obstacle__type_support.cpp:12[m[K:
[01m[K/home/kishoreyogaraj/tracking_ws/build/tracking_msgs/rosidl_generator_cpp/tracking_msgs/msg/detail/obstacle__struct.hpp:20:10:[m[K [01;31m[Kfatal error: [m[Ktracking_msgs/msg/detail/header__struct.hpp: No such file or directory
   20 | #include [01;31m[K"tracking_msgs/msg/detail/header__struct.hpp"[m[K
      |          [01;31m[K^~~~~~~~~~~~~~~~~~~~~~~~~~~~~~~~~~~~~~~~~~~~~[m[K
In file included from [01m[K/home/kishoreyogaraj/tracking_ws/build/tracking_msgs/rosidl_typesupport_introspection_cpp/tracking_msgs/msg/detail/tracked_obstacle_list__type_support.cpp:12[m[K:
[01m[K/home/kishoreyogaraj/tracking_ws/build/tracking_msgs/rosidl_generator_cpp/tracking_msgs/msg/detail/tracked_obstacle_list__struct.hpp:20:10:[m[K [01;31m[Kfatal error: [m[Ktracking_msgs/msg/detail/header__struct.hpp: No such file or directory
   20 | #include [01;31m[K"tracking_msgs/msg/detail/header__struct.hpp"[m[K
      |          [01;31m[K^~~~~~~~~~~~~~~~~~~~~~~~~~~~~~~~~~~~~~~~~~~~~[m[K
compilation terminated.
In file included from [01m[K/home/kishoreyogaraj/tracking_ws/build/tracking_msgs/rosidl_typesupport_introspection_cpp/tracking_msgs/msg/detail/tracked_obstacle__type_support.cpp:12[m[K:
[01m[K/home/kishoreyogaraj/tracking_ws/build/tracking_msgs/rosidl_generator_cpp/tracking_msgs/msg/detail/tracked_obstacle__struct.hpp:20:10:[m[K [01;31m[Kfatal error: [m[Ktracking_msgs/msg/detail/header__struct.hpp: No such file or directory
   20 | #include [01;31m[K"tracking_msgs/msg/detail/header__struct.hpp"[m[K
      |          [01;31m[K^~~~~~~~~~~~~~~~~~~~~~~~~~~~~~~~~~~~~~~~~~~~~[m[K
compilation terminated.
gmake[2]: *** [CMakeFiles/tracking_msgs__rosidl_typesupport_introspection_cpp.dir/build.make:260: CMakeFiles/tracking_msgs__rosidl_typesupport_introspection_cpp.dir/rosidl_typesupport_introspection_cpp/tracking_msgs/msg/detail/tracked_obstacle_list__type_support.cpp.o] Error 1
gmake[2]: *** Waiting for unfinished jobs....
compilation terminated.
gmake[2]: *** [CMakeFiles/tracking_msgs__rosidl_typesupport_introspection_cpp.dir/build.make:246: CMakeFiles/tracking_msgs__rosidl_typesupport_introspection_cpp.dir/rosidl_typesupport_introspection_cpp/tracking_msgs/msg/detail/tracked_obstacle__type_support.cpp.o] Error 1
gmake[2]: *** [CMakeFiles/tracking_msgs__rosidl_typesupport_introspection_cpp.dir/build.make:232: CMakeFiles/tracking_msgs__rosidl_typesupport_introspection_cpp.dir/rosidl_typesupport_introspection_cpp/tracking_msgs/msg/detail/obstacle__type_support.cpp.o] Error 1
In file included from [01m[K/home/kishoreyogaraj/tracking_ws/build/tracking_msgs/rosidl_typesupport_fastrtps_cpp/tracking_msgs/msg/detail/tracked_obstacle__rosidl_typesupport_fastrtps_cpp.hpp:11[m[K,
                 from [01m[K/home/kishoreyogaraj/tracking_ws/build/tracking_msgs/rosidl_typesupport_fastrtps_cpp/tracking_msgs/msg/detail/dds_fastrtps/tracked_obstacle__type_support.cpp:4[m[K:
[01m[K/home/kishoreyogaraj/tracking_ws/build/tracking_msgs/rosidl_generator_cpp/tracking_msgs/msg/detail/tracked_obstacle__struct.hpp:20:10:[m[K [01;31m[Kfatal error: [m[Ktracking_msgs/msg/detail/header__struct.hpp: No such file or directory
   20 | #include [01;31m[K"tracking_msgs/msg/detail/header__struct.hpp"[m[K
      |          [01;31m[K^~~~~~~~~~~~~~~~~~~~~~~~~~~~~~~~~~~~~~~~~~~~~[m[K
compilation terminated.
gmake[2]: *** [CMakeFiles/tracking_msgs__rosidl_typesupport_fastrtps_cpp.dir/build.make:246: CMakeFiles/tracking_msgs__rosidl_typesupport_fastrtps_cpp.dir/rosidl_typesupport_fastrtps_cpp/tracking_msgs/msg/detail/dds_fastrtps/tracked_obstacle__type_support.cpp.o] Error 1
gmake[2]: *** Waiting for unfinished jobs....
In file included from [01m[K/home/kishoreyogaraj/tracking_ws/build/tracking_msgs/rosidl_typesupport_fastrtps_cpp/tracking_msgs/msg/detail/obstacle__rosidl_typesupport_fastrtps_cpp.hpp:11[m[K,
                 from [01m[K/home/kishoreyogaraj/tracking_ws/build/tracking_msgs/rosidl_typesupport_fastrtps_cpp/tracking_msgs/msg/detail/dds_fastrtps/obstacle__type_support.cpp:4[m[K:
[01m[K/home/kishoreyogaraj/tracking_ws/build/tracking_msgs/rosidl_generator_cpp/tracking_msgs/msg/detail/obstacle__struct.hpp:20:10:[m[K [01;31m[Kfatal error: [m[Ktracking_msgs/msg/detail/header__struct.hpp: No such file or directory
   20 | #include [01;31m[K"tracking_msgs/msg/detail/header__struct.hpp"[m[K
      |          [01;31m[K^~~~~~~~~~~~~~~~~~~~~~~~~~~~~~~~~~~~~~~~~~~~~[m[K
compilation terminated.
gmake[2]: *** [CMakeFiles/tracking_msgs__rosidl_typesupport_fastrtps_cpp.dir/build.make:232: CMakeFiles/tracking_msgs__rosidl_typesupport_fastrtps_cpp.dir/rosidl_typesupport_fastrtps_cpp/tracking_msgs/msg/detail/dds_fastrtps/obstacle__type_support.cpp.o] Error 1
gmake[1]: *** [CMakeFiles/Makefile2:395: CMakeFiles/tracking_msgs__rosidl_typesupport_cpp.dir/all] Error 2
gmake[1]: *** [CMakeFiles/Makefile2:369: CMakeFiles/tracking_msgs__rosidl_typesupport_introspection_cpp.dir/all] Error 2
gmake[1]: *** [CMakeFiles/Makefile2:343: CMakeFiles/tracking_msgs__rosidl_typesupport_fastrtps_cpp.dir/all] Error 2
gmake: *** [Makefile:146: all] Error 2
