[0.713s] Invoking command in '/home/kishoreyogaraj/tracking_ws/src/tracking': PYTHONPATH=/home/kishoreyogaraj/tracking_ws/build/tracking/prefix_override:/home/kishoreyogaraj/tracking_ws/install/tracking/lib/python3.10/site-packages:${PYTHONPATH} /usr/bin/python3 -W ignore:setup.py install is deprecated setup.py egg_info --egg-base ../../build/tracking build --build-base /home/kishoreyogaraj/tracking_ws/build/tracking/build install --record /home/kishoreyogaraj/tracking_ws/build/tracking/install.log --single-version-externally-managed install_data
[0.998s] running egg_info
[0.998s] writing ../../build/tracking/tracking.egg-info/PKG-INFO
[0.998s] writing dependency_links to ../../build/tracking/tracking.egg-info/dependency_links.txt
[0.999s] writing entry points to ../../build/tracking/tracking.egg-info/entry_points.txt
[0.999s] writing requirements to ../../build/tracking/tracking.egg-info/requires.txt
[0.999s] writing top-level names to ../../build/tracking/tracking.egg-info/top_level.txt
[1.001s] reading manifest file '../../build/tracking/tracking.egg-info/SOURCES.txt'
[1.002s] writing manifest file '../../build/tracking/tracking.egg-info/SOURCES.txt'
[1.002s] running build
[1.002s] running build_py
[1.003s] copying tracking/core/utils/ros_utils.py -> /home/kishoreyogaraj/tracking_ws/build/tracking/build/lib/tracking/core/utils
[1.003s] running install
[1.003s] running install_lib
[1.005s] copying /home/kishoreyogaraj/tracking_ws/build/tracking/build/lib/tracking/core/utils/ros_utils.py -> /home/kishoreyogaraj/tracking_ws/install/tracking/lib/python3.10/site-packages/tracking/core/utils
[1.005s] byte-compiling /home/kishoreyogaraj/tracking_ws/install/tracking/lib/python3.10/site-packages/tracking/core/utils/ros_utils.py to ros_utils.cpython-310.pyc
[1.006s] running install_data
[1.006s] running install_egg_info
[1.008s] removing '/home/kishoreyogaraj/tracking_ws/install/tracking/lib/python3.10/site-packages/tracking-0.0.0-py3.10.egg-info' (and everything under it)
[1.009s] Copying ../../build/tracking/tracking.egg-info to /home/kishoreyogaraj/tracking_ws/install/tracking/lib/python3.10/site-packages/tracking-0.0.0-py3.10.egg-info
[1.009s] running install_scripts
[1.031s] Installing detection_publisher script to /home/kishoreyogaraj/tracking_ws/install/tracking/lib/tracking
[1.031s] Installing tracker_node script to /home/kishoreyogaraj/tracking_ws/install/tracking/lib/tracking
[1.031s] writing list of installed files to '/home/kishoreyogaraj/tracking_ws/build/tracking/install.log'
[1.057s] Invoked command in '/home/kishoreyogaraj/tracking_ws/src/tracking' returned '0': PYTHONPATH=/home/kishoreyogaraj/tracking_ws/build/tracking/prefix_override:/home/kishoreyogaraj/tracking_ws/install/tracking/lib/python3.10/site-packages:${PYTHONPATH} /usr/bin/python3 -W ignore:setup.py install is deprecated setup.py egg_info --egg-base ../../build/tracking build --build-base /home/kishoreyogaraj/tracking_ws/build/tracking/build install --record /home/kishoreyogaraj/tracking_ws/build/tracking/install.log --single-version-externally-managed install_data
