[0.794s] Invoking command in '/home/kishoreyogaraj/tracking_ws/src/tracking': PYTHONPATH=/home/kishoreyogaraj/tracking_ws/build/tracking/prefix_override:/home/kishoreyogaraj/tracking_ws/install/tracking/lib/python3.10/site-packages:${PYTHONPATH} /usr/bin/python3 -W ignore:setup.py install is deprecated setup.py egg_info --egg-base ../../build/tracking build --build-base /home/kishoreyogaraj/tracking_ws/build/tracking/build install --record /home/kishoreyogaraj/tracking_ws/build/tracking/install.log --single-version-externally-managed install_data
[1.123s] running egg_info
[1.123s] writing ../../build/tracking/tracking.egg-info/PKG-INFO
[1.124s] writing dependency_links to ../../build/tracking/tracking.egg-info/dependency_links.txt
[1.124s] writing entry points to ../../build/tracking/tracking.egg-info/entry_points.txt
[1.124s] writing requirements to ../../build/tracking/tracking.egg-info/requires.txt
[1.124s] writing top-level names to ../../build/tracking/tracking.egg-info/top_level.txt
[1.126s] reading manifest file '../../build/tracking/tracking.egg-info/SOURCES.txt'
[1.127s] writing manifest file '../../build/tracking/tracking.egg-info/SOURCES.txt'
[1.128s] running build
[1.128s] running build_py
[1.128s] copying tracking/core/ab3dmot.py -> /home/kishoreyogaraj/tracking_ws/build/tracking/build/lib/tracking/core
[1.130s] running install
[1.130s] running install_lib
[1.131s] copying /home/kishoreyogaraj/tracking_ws/build/tracking/build/lib/tracking/core/ab3dmot.py -> /home/kishoreyogaraj/tracking_ws/install/tracking/lib/python3.10/site-packages/tracking/core
[1.132s] byte-compiling /home/kishoreyogaraj/tracking_ws/install/tracking/lib/python3.10/site-packages/tracking/core/ab3dmot.py to ab3dmot.cpython-310.pyc
[1.135s] running install_data
[1.136s] running install_egg_info
[1.137s] removing '/home/kishoreyogaraj/tracking_ws/install/tracking/lib/python3.10/site-packages/tracking-0.0.0-py3.10.egg-info' (and everything under it)
[1.137s] Copying ../../build/tracking/tracking.egg-info to /home/kishoreyogaraj/tracking_ws/install/tracking/lib/python3.10/site-packages/tracking-0.0.0-py3.10.egg-info
[1.138s] running install_scripts
[1.159s] Installing detection_publisher script to /home/kishoreyogaraj/tracking_ws/install/tracking/lib/tracking
[1.159s] Installing tracker_node script to /home/kishoreyogaraj/tracking_ws/install/tracking/lib/tracking
[1.160s] writing list of installed files to '/home/kishoreyogaraj/tracking_ws/build/tracking/install.log'
[1.187s] Invoked command in '/home/kishoreyogaraj/tracking_ws/src/tracking' returned '0': PYTHONPATH=/home/kishoreyogaraj/tracking_ws/build/tracking/prefix_override:/home/kishoreyogaraj/tracking_ws/install/tracking/lib/python3.10/site-packages:${PYTHONPATH} /usr/bin/python3 -W ignore:setup.py install is deprecated setup.py egg_info --egg-base ../../build/tracking build --build-base /home/kishoreyogaraj/tracking_ws/build/tracking/build install --record /home/kishoreyogaraj/tracking_ws/build/tracking/install.log --single-version-externally-managed install_data
