[0.103s] DEBUG:colcon:Command line arguments: ['/usr/bin/colcon', 'build', '--packages-select', 'tracking_msgs']
[0.103s] DEBUG:colcon:Parsed command line arguments: Namespace(log_base=None, log_level=None, verb_name='build', build_base='build', install_base='install', merge_install=False, symlink_install=False, test_result_base=None, continue_on_error=False, executor='parallel', parallel_workers=8, event_handlers=None, ignore_user_meta=False, metas=['./colcon.meta'], base_paths=['.'], packages_ignore=None, packages_ignore_regex=None, paths=None, packages_up_to=None, packages_up_to_regex=None, packages_above=None, packages_above_and_dependencies=None, packages_above_depth=None, packages_select_by_dep=None, packages_skip_by_dep=None, packages_skip_up_to=None, packages_select_build_failed=False, packages_skip_build_finished=False, packages_select_test_failures=False, packages_skip_test_passed=False, packages_select=['tracking_msgs'], packages_skip=None, packages_select_regex=None, packages_skip_regex=None, packages_start=None, packages_end=None, allow_overriding=[], cmake_args=None, cmake_target=None, cmake_target_skip_unavailable=False, cmake_clean_cache=False, cmake_clean_first=False, cmake_force_configure=False, ament_cmake_args=None, catkin_cmake_args=None, catkin_skip_building_tests=False, verb_parser=<colcon_defaults.argument_parser.defaults.DefaultArgumentsDecorator object at 0x7c26ccc44640>, verb_extension=<colcon_core.verb.build.BuildVerb object at 0x7c26ccc44130>, main=<bound method BuildVerb.main of <colcon_core.verb.build.BuildVerb object at 0x7c26ccc44130>>)
[0.282s] Level 1:colcon.colcon_core.package_discovery:discover_packages(colcon_meta) check parameters
[0.282s] Level 1:colcon.colcon_core.package_discovery:discover_packages(recursive) check parameters
[0.282s] Level 1:colcon.colcon_core.package_discovery:discover_packages(ignore) check parameters
[0.282s] Level 1:colcon.colcon_core.package_discovery:discover_packages(path) check parameters
[0.282s] Level 1:colcon.colcon_core.package_discovery:discover_packages(colcon_meta) discover
[0.282s] Level 1:colcon.colcon_core.package_discovery:discover_packages(recursive) discover
[0.282s] INFO:colcon.colcon_core.package_discovery:Crawling recursively for packages in '/home/kishoreyogaraj/tracking_ws'
[0.283s] Level 1:colcon.colcon_core.package_identification:_identify(.) by extensions ['ignore', 'ignore_ament_install']
[0.283s] Level 1:colcon.colcon_core.package_identification:_identify(.) by extension 'ignore'
[0.283s] Level 1:colcon.colcon_core.package_identification:_identify(.) by extension 'ignore_ament_install'
[0.283s] Level 1:colcon.colcon_core.package_identification:_identify(.) by extensions ['colcon_pkg']
[0.283s] Level 1:colcon.colcon_core.package_identification:_identify(.) by extension 'colcon_pkg'
[0.283s] Level 1:colcon.colcon_core.package_identification:_identify(.) by extensions ['colcon_meta']
[0.283s] Level 1:colcon.colcon_core.package_identification:_identify(.) by extension 'colcon_meta'
[0.283s] Level 1:colcon.colcon_core.package_identification:_identify(.) by extensions ['ros']
[0.283s] Level 1:colcon.colcon_core.package_identification:_identify(.) by extension 'ros'
[0.293s] Level 1:colcon.colcon_core.package_identification:_identify(.) by extensions ['cmake', 'python']
[0.293s] Level 1:colcon.colcon_core.package_identification:_identify(.) by extension 'cmake'
[0.293s] Level 1:colcon.colcon_core.package_identification:_identify(.) by extension 'python'
[0.293s] Level 1:colcon.colcon_core.package_identification:_identify(.) by extensions ['python_setup_py']
[0.293s] Level 1:colcon.colcon_core.package_identification:_identify(.) by extension 'python_setup_py'
[0.293s] Level 1:colcon.colcon_core.package_identification:_identify(build) by extensions ['ignore', 'ignore_ament_install']
[0.293s] Level 1:colcon.colcon_core.package_identification:_identify(build) by extension 'ignore'
[0.293s] Level 1:colcon.colcon_core.package_identification:_identify(build) ignored
[0.294s] Level 1:colcon.colcon_core.package_identification:_identify(install) by extensions ['ignore', 'ignore_ament_install']
[0.294s] Level 1:colcon.colcon_core.package_identification:_identify(install) by extension 'ignore'
[0.294s] Level 1:colcon.colcon_core.package_identification:_identify(install) ignored
[0.294s] Level 1:colcon.colcon_core.package_identification:_identify(log) by extensions ['ignore', 'ignore_ament_install']
[0.294s] Level 1:colcon.colcon_core.package_identification:_identify(log) by extension 'ignore'
[0.294s] Level 1:colcon.colcon_core.package_identification:_identify(log) ignored
[0.294s] Level 1:colcon.colcon_core.package_identification:_identify(src) by extensions ['ignore', 'ignore_ament_install']
[0.294s] Level 1:colcon.colcon_core.package_identification:_identify(src) by extension 'ignore'
[0.294s] Level 1:colcon.colcon_core.package_identification:_identify(src) by extension 'ignore_ament_install'
[0.294s] Level 1:colcon.colcon_core.package_identification:_identify(src) by extensions ['colcon_pkg']
[0.294s] Level 1:colcon.colcon_core.package_identification:_identify(src) by extension 'colcon_pkg'
[0.294s] Level 1:colcon.colcon_core.package_identification:_identify(src) by extensions ['colcon_meta']
[0.294s] Level 1:colcon.colcon_core.package_identification:_identify(src) by extension 'colcon_meta'
[0.294s] Level 1:colcon.colcon_core.package_identification:_identify(src) by extensions ['ros']
[0.294s] Level 1:colcon.colcon_core.package_identification:_identify(src) by extension 'ros'
[0.294s] Level 1:colcon.colcon_core.package_identification:_identify(src) by extensions ['cmake', 'python']
[0.294s] Level 1:colcon.colcon_core.package_identification:_identify(src) by extension 'cmake'
[0.295s] Level 1:colcon.colcon_core.package_identification:_identify(src) by extension 'python'
[0.295s] Level 1:colcon.colcon_core.package_identification:_identify(src) by extensions ['python_setup_py']
[0.295s] Level 1:colcon.colcon_core.package_identification:_identify(src) by extension 'python_setup_py'
[0.295s] Level 1:colcon.colcon_core.package_identification:_identify(src/tracking) by extensions ['ignore', 'ignore_ament_install']
[0.295s] Level 1:colcon.colcon_core.package_identification:_identify(src/tracking) by extension 'ignore'
[0.295s] Level 1:colcon.colcon_core.package_identification:_identify(src/tracking) by extension 'ignore_ament_install'
[0.295s] Level 1:colcon.colcon_core.package_identification:_identify(src/tracking) by extensions ['colcon_pkg']
[0.295s] Level 1:colcon.colcon_core.package_identification:_identify(src/tracking) by extension 'colcon_pkg'
[0.295s] Level 1:colcon.colcon_core.package_identification:_identify(src/tracking) by extensions ['colcon_meta']
[0.295s] Level 1:colcon.colcon_core.package_identification:_identify(src/tracking) by extension 'colcon_meta'
[0.295s] Level 1:colcon.colcon_core.package_identification:_identify(src/tracking) by extensions ['ros']
[0.295s] Level 1:colcon.colcon_core.package_identification:_identify(src/tracking) by extension 'ros'
[0.297s] DEBUG:colcon.colcon_core.package_identification:Package 'src/tracking' with type 'ros.ament_python' and name 'tracking'
[0.297s] Level 1:colcon.colcon_core.package_identification:_identify(src/tracking_msgs) by extensions ['ignore', 'ignore_ament_install']
[0.297s] Level 1:colcon.colcon_core.package_identification:_identify(src/tracking_msgs) by extension 'ignore'
[0.298s] Level 1:colcon.colcon_core.package_identification:_identify(src/tracking_msgs) by extension 'ignore_ament_install'
[0.298s] Level 1:colcon.colcon_core.package_identification:_identify(src/tracking_msgs) by extensions ['colcon_pkg']
[0.298s] Level 1:colcon.colcon_core.package_identification:_identify(src/tracking_msgs) by extension 'colcon_pkg'
[0.298s] Level 1:colcon.colcon_core.package_identification:_identify(src/tracking_msgs) by extensions ['colcon_meta']
[0.298s] Level 1:colcon.colcon_core.package_identification:_identify(src/tracking_msgs) by extension 'colcon_meta'
[0.298s] Level 1:colcon.colcon_core.package_identification:_identify(src/tracking_msgs) by extensions ['ros']
[0.298s] Level 1:colcon.colcon_core.package_identification:_identify(src/tracking_msgs) by extension 'ros'
[0.298s] DEBUG:colcon.colcon_core.package_identification:Package 'src/tracking_msgs' with type 'ros.ament_cmake' and name 'tracking_msgs'
[0.299s] Level 1:colcon.colcon_core.package_discovery:discover_packages(recursive) using defaults
[0.299s] Level 1:colcon.colcon_core.package_discovery:discover_packages(ignore) discover
[0.299s] Level 1:colcon.colcon_core.package_discovery:discover_packages(ignore) using defaults
[0.299s] Level 1:colcon.colcon_core.package_discovery:discover_packages(path) discover
[0.299s] Level 1:colcon.colcon_core.package_discovery:discover_packages(path) using defaults
[0.326s] INFO:colcon.colcon_core.package_selection:Skipping not selected package 'tracking' in 'src/tracking'
[0.327s] Level 1:colcon.colcon_core.package_discovery:discover_packages(prefix_path) check parameters
[0.327s] Level 1:colcon.colcon_core.package_discovery:discover_packages(prefix_path) discover
[0.328s] DEBUG:colcon.colcon_installed_package_information.package_discovery:Found 2 installed packages in /home/kishoreyogaraj/tracking_ws/install
[0.330s] DEBUG:colcon.colcon_installed_package_information.package_discovery:Found 278 installed packages in /opt/ros/humble
[0.331s] Level 1:colcon.colcon_core.package_discovery:discover_packages(prefix_path) using defaults
[0.368s] Level 5:colcon.colcon_core.verb:set package 'tracking_msgs' build argument 'cmake_args' from command line to 'None'
[0.369s] Level 5:colcon.colcon_core.verb:set package 'tracking_msgs' build argument 'cmake_target' from command line to 'None'
[0.369s] Level 5:colcon.colcon_core.verb:set package 'tracking_msgs' build argument 'cmake_target_skip_unavailable' from command line to 'False'
[0.369s] Level 5:colcon.colcon_core.verb:set package 'tracking_msgs' build argument 'cmake_clean_cache' from command line to 'False'
[0.369s] Level 5:colcon.colcon_core.verb:set package 'tracking_msgs' build argument 'cmake_clean_first' from command line to 'False'
[0.369s] Level 5:colcon.colcon_core.verb:set package 'tracking_msgs' build argument 'cmake_force_configure' from command line to 'False'
[0.369s] Level 5:colcon.colcon_core.verb:set package 'tracking_msgs' build argument 'ament_cmake_args' from command line to 'None'
[0.369s] Level 5:colcon.colcon_core.verb:set package 'tracking_msgs' build argument 'catkin_cmake_args' from command line to 'None'
[0.369s] Level 5:colcon.colcon_core.verb:set package 'tracking_msgs' build argument 'catkin_skip_building_tests' from command line to 'False'
[0.369s] DEBUG:colcon.colcon_core.verb:Building package 'tracking_msgs' with the following arguments: {'ament_cmake_args': None, 'build_base': '/home/kishoreyogaraj/tracking_ws/build/tracking_msgs', 'catkin_cmake_args': None, 'catkin_skip_building_tests': False, 'cmake_args': None, 'cmake_clean_cache': False, 'cmake_clean_first': False, 'cmake_force_configure': False, 'cmake_target': None, 'cmake_target_skip_unavailable': False, 'install_base': '/home/kishoreyogaraj/tracking_ws/install/tracking_msgs', 'merge_install': False, 'path': '/home/kishoreyogaraj/tracking_ws/src/tracking_msgs', 'symlink_install': False, 'test_result_base': None}
[0.369s] INFO:colcon.colcon_core.executor:Executing jobs using 'parallel' executor
[0.370s] DEBUG:colcon.colcon_parallel_executor.executor.parallel:run_until_complete
[0.370s] INFO:colcon.colcon_ros.task.ament_cmake.build:Building ROS package in '/home/kishoreyogaraj/tracking_ws/src/tracking_msgs' with build type 'ament_cmake'
[0.370s] INFO:colcon.colcon_cmake.task.cmake.build:Building CMake package in '/home/kishoreyogaraj/tracking_ws/src/tracking_msgs'
[0.372s] INFO:colcon.colcon_core.plugin_system:Skipping extension 'colcon_core.shell.bat': Not used on non-Windows systems
[0.373s] INFO:colcon.colcon_core.shell:Skip shell extension 'powershell' for command environment: Not usable outside of PowerShell
[0.373s] DEBUG:colcon.colcon_core.shell:Skip shell extension 'dsv' for command environment
[0.381s] DEBUG:colcon.colcon_core.event_handler.log_command:Invoking command in '/home/kishoreyogaraj/tracking_ws/build/tracking_msgs': CMAKE_PREFIX_PATH=/home/kishoreyogaraj/tracking_ws/install/tracking:/opt/ros/humble /usr/bin/cmake /home/kishoreyogaraj/tracking_ws/src/tracking_msgs -DCMAKE_INSTALL_PREFIX=/home/kishoreyogaraj/tracking_ws/install/tracking_msgs
[1.933s] DEBUG:colcon.colcon_core.event_handler.log_command:Invoked command in '/home/kishoreyogaraj/tracking_ws/build/tracking_msgs' returned '0': CMAKE_PREFIX_PATH=/home/kishoreyogaraj/tracking_ws/install/tracking:/opt/ros/humble /usr/bin/cmake /home/kishoreyogaraj/tracking_ws/src/tracking_msgs -DCMAKE_INSTALL_PREFIX=/home/kishoreyogaraj/tracking_ws/install/tracking_msgs
[1.933s] DEBUG:colcon.colcon_core.event_handler.log_command:Invoking command in '/home/kishoreyogaraj/tracking_ws/build/tracking_msgs': CMAKE_PREFIX_PATH=/home/kishoreyogaraj/tracking_ws/install/tracking:/opt/ros/humble /usr/bin/cmake --build /home/kishoreyogaraj/tracking_ws/build/tracking_msgs -- -j8 -l8
[4.553s] DEBUG:colcon.colcon_core.event_handler.log_command:Invoked command in '/home/kishoreyogaraj/tracking_ws/build/tracking_msgs' returned '0': CMAKE_PREFIX_PATH=/home/kishoreyogaraj/tracking_ws/install/tracking:/opt/ros/humble /usr/bin/cmake --build /home/kishoreyogaraj/tracking_ws/build/tracking_msgs -- -j8 -l8
[4.640s] DEBUG:colcon.colcon_core.event_handler.log_command:Invoking command in '/home/kishoreyogaraj/tracking_ws/build/tracking_msgs': CMAKE_PREFIX_PATH=/home/kishoreyogaraj/tracking_ws/install/tracking:/opt/ros/humble /usr/bin/cmake --install /home/kishoreyogaraj/tracking_ws/build/tracking_msgs
[4.717s] Level 1:colcon.colcon_core.environment:create_environment_scripts_only(tracking_msgs)
[4.717s] DEBUG:colcon.colcon_core.event_handler.log_command:Invoked command in '/home/kishoreyogaraj/tracking_ws/build/tracking_msgs' returned '0': CMAKE_PREFIX_PATH=/home/kishoreyogaraj/tracking_ws/install/tracking:/opt/ros/humble /usr/bin/cmake --install /home/kishoreyogaraj/tracking_ws/build/tracking_msgs
[4.719s] Level 1:colcon.colcon_core.environment:checking '/home/kishoreyogaraj/tracking_ws/install/tracking_msgs' for CMake module files
[4.720s] Level 1:colcon.colcon_core.environment:checking '/home/kishoreyogaraj/tracking_ws/install/tracking_msgs' for CMake config files
[4.720s] Level 1:colcon.colcon_core.shell:create_environment_hook('tracking_msgs', 'cmake_prefix_path')
[4.720s] INFO:colcon.colcon_core.shell:Creating environment hook '/home/kishoreyogaraj/tracking_ws/install/tracking_msgs/share/tracking_msgs/hook/cmake_prefix_path.ps1'
[4.721s] INFO:colcon.colcon_core.shell:Creating environment descriptor '/home/kishoreyogaraj/tracking_ws/install/tracking_msgs/share/tracking_msgs/hook/cmake_prefix_path.dsv'
[4.722s] INFO:colcon.colcon_core.shell:Creating environment hook '/home/kishoreyogaraj/tracking_ws/install/tracking_msgs/share/tracking_msgs/hook/cmake_prefix_path.sh'
[4.723s] Level 1:colcon.colcon_core.environment:checking '/home/kishoreyogaraj/tracking_ws/install/tracking_msgs/lib'
[4.723s] Level 1:colcon.colcon_core.shell:create_environment_hook('tracking_msgs', 'ld_library_path_lib')
[4.723s] INFO:colcon.colcon_core.shell:Creating environment hook '/home/kishoreyogaraj/tracking_ws/install/tracking_msgs/share/tracking_msgs/hook/ld_library_path_lib.ps1'
[4.723s] INFO:colcon.colcon_core.shell:Creating environment descriptor '/home/kishoreyogaraj/tracking_ws/install/tracking_msgs/share/tracking_msgs/hook/ld_library_path_lib.dsv'
[4.724s] INFO:colcon.colcon_core.shell:Creating environment hook '/home/kishoreyogaraj/tracking_ws/install/tracking_msgs/share/tracking_msgs/hook/ld_library_path_lib.sh'
[4.724s] Level 1:colcon.colcon_core.environment:checking '/home/kishoreyogaraj/tracking_ws/install/tracking_msgs/bin'
[4.724s] Level 1:colcon.colcon_core.environment:checking '/home/kishoreyogaraj/tracking_ws/install/tracking_msgs/lib/pkgconfig/tracking_msgs.pc'
[4.724s] Level 1:colcon.colcon_core.environment:checking '/home/kishoreyogaraj/tracking_ws/install/tracking_msgs/lib/python3.10/site-packages'
[4.725s] Level 1:colcon.colcon_core.environment:checking '/home/kishoreyogaraj/tracking_ws/install/tracking_msgs/bin'
[4.725s] INFO:colcon.colcon_core.shell:Creating package script '/home/kishoreyogaraj/tracking_ws/install/tracking_msgs/share/tracking_msgs/package.ps1'
[4.726s] INFO:colcon.colcon_core.shell:Creating package descriptor '/home/kishoreyogaraj/tracking_ws/install/tracking_msgs/share/tracking_msgs/package.dsv'
[4.726s] INFO:colcon.colcon_core.shell:Creating package script '/home/kishoreyogaraj/tracking_ws/install/tracking_msgs/share/tracking_msgs/package.sh'
[4.727s] INFO:colcon.colcon_core.shell:Creating package script '/home/kishoreyogaraj/tracking_ws/install/tracking_msgs/share/tracking_msgs/package.bash'
[4.727s] INFO:colcon.colcon_core.shell:Creating package script '/home/kishoreyogaraj/tracking_ws/install/tracking_msgs/share/tracking_msgs/package.zsh'
[4.728s] Level 1:colcon.colcon_core.environment:create_file_with_runtime_dependencies(/home/kishoreyogaraj/tracking_ws/install/tracking_msgs/share/colcon-core/packages/tracking_msgs)
[4.805s] Level 1:colcon.colcon_core.environment:create_environment_scripts_only(tracking_msgs)
[4.805s] Level 1:colcon.colcon_core.environment:checking '/home/kishoreyogaraj/tracking_ws/install/tracking_msgs' for CMake module files
[4.805s] Level 1:colcon.colcon_core.environment:checking '/home/kishoreyogaraj/tracking_ws/install/tracking_msgs' for CMake config files
[4.806s] Level 1:colcon.colcon_core.shell:create_environment_hook('tracking_msgs', 'cmake_prefix_path')
[4.806s] INFO:colcon.colcon_core.shell:Creating environment hook '/home/kishoreyogaraj/tracking_ws/install/tracking_msgs/share/tracking_msgs/hook/cmake_prefix_path.ps1'
[4.806s] INFO:colcon.colcon_core.shell:Creating environment descriptor '/home/kishoreyogaraj/tracking_ws/install/tracking_msgs/share/tracking_msgs/hook/cmake_prefix_path.dsv'
[4.807s] INFO:colcon.colcon_core.shell:Creating environment hook '/home/kishoreyogaraj/tracking_ws/install/tracking_msgs/share/tracking_msgs/hook/cmake_prefix_path.sh'
[4.807s] Level 1:colcon.colcon_core.environment:checking '/home/kishoreyogaraj/tracking_ws/install/tracking_msgs/lib'
[4.807s] Level 1:colcon.colcon_core.shell:create_environment_hook('tracking_msgs', 'ld_library_path_lib')
[4.807s] INFO:colcon.colcon_core.shell:Creating environment hook '/home/kishoreyogaraj/tracking_ws/install/tracking_msgs/share/tracking_msgs/hook/ld_library_path_lib.ps1'
[4.808s] INFO:colcon.colcon_core.shell:Creating environment descriptor '/home/kishoreyogaraj/tracking_ws/install/tracking_msgs/share/tracking_msgs/hook/ld_library_path_lib.dsv'
[4.808s] INFO:colcon.colcon_core.shell:Creating environment hook '/home/kishoreyogaraj/tracking_ws/install/tracking_msgs/share/tracking_msgs/hook/ld_library_path_lib.sh'
[4.808s] Level 1:colcon.colcon_core.environment:checking '/home/kishoreyogaraj/tracking_ws/install/tracking_msgs/bin'
[4.808s] Level 1:colcon.colcon_core.environment:checking '/home/kishoreyogaraj/tracking_ws/install/tracking_msgs/lib/pkgconfig/tracking_msgs.pc'
[4.809s] Level 1:colcon.colcon_core.environment:checking '/home/kishoreyogaraj/tracking_ws/install/tracking_msgs/lib/python3.10/site-packages'
[4.809s] Level 1:colcon.colcon_core.environment:checking '/home/kishoreyogaraj/tracking_ws/install/tracking_msgs/bin'
[4.809s] INFO:colcon.colcon_core.shell:Creating package script '/home/kishoreyogaraj/tracking_ws/install/tracking_msgs/share/tracking_msgs/package.ps1'
[4.810s] INFO:colcon.colcon_core.shell:Creating package descriptor '/home/kishoreyogaraj/tracking_ws/install/tracking_msgs/share/tracking_msgs/package.dsv'
[4.810s] INFO:colcon.colcon_core.shell:Creating package script '/home/kishoreyogaraj/tracking_ws/install/tracking_msgs/share/tracking_msgs/package.sh'
[4.810s] INFO:colcon.colcon_core.shell:Creating package script '/home/kishoreyogaraj/tracking_ws/install/tracking_msgs/share/tracking_msgs/package.bash'
[4.811s] INFO:colcon.colcon_core.shell:Creating package script '/home/kishoreyogaraj/tracking_ws/install/tracking_msgs/share/tracking_msgs/package.zsh'
[4.811s] Level 1:colcon.colcon_core.environment:create_file_with_runtime_dependencies(/home/kishoreyogaraj/tracking_ws/install/tracking_msgs/share/colcon-core/packages/tracking_msgs)
[4.811s] DEBUG:colcon.colcon_parallel_executor.executor.parallel:closing loop
[4.812s] DEBUG:colcon.colcon_parallel_executor.executor.parallel:loop closed
[4.812s] DEBUG:colcon.colcon_parallel_executor.executor.parallel:run_until_complete finished with '0'
[4.812s] DEBUG:colcon.colcon_core.event_reactor:joining thread
[4.817s] INFO:colcon.colcon_core.plugin_system:Skipping extension 'colcon_notification.desktop_notification.terminal_notifier': Not used on non-Darwin systems
[4.817s] INFO:colcon.colcon_core.plugin_system:Skipping extension 'colcon_notification.desktop_notification.win32': Not used on non-Windows systems
[4.817s] INFO:colcon.colcon_notification.desktop_notification:Sending desktop notification using 'notify2'
[4.829s] DEBUG:colcon.colcon_core.event_reactor:joined thread
[4.829s] INFO:colcon.colcon_core.shell:Creating prefix script '/home/kishoreyogaraj/tracking_ws/install/local_setup.ps1'
[4.831s] INFO:colcon.colcon_core.shell:Creating prefix util module '/home/kishoreyogaraj/tracking_ws/install/_local_setup_util_ps1.py'
[4.833s] INFO:colcon.colcon_core.shell:Creating prefix chain script '/home/kishoreyogaraj/tracking_ws/install/setup.ps1'
[4.834s] INFO:colcon.colcon_core.shell:Creating prefix script '/home/kishoreyogaraj/tracking_ws/install/local_setup.sh'
[4.835s] INFO:colcon.colcon_core.shell:Creating prefix util module '/home/kishoreyogaraj/tracking_ws/install/_local_setup_util_sh.py'
[4.835s] INFO:colcon.colcon_core.shell:Creating prefix chain script '/home/kishoreyogaraj/tracking_ws/install/setup.sh'
[4.836s] INFO:colcon.colcon_core.shell:Creating prefix script '/home/kishoreyogaraj/tracking_ws/install/local_setup.bash'
[4.837s] INFO:colcon.colcon_core.shell:Creating prefix chain script '/home/kishoreyogaraj/tracking_ws/install/setup.bash'
[4.839s] INFO:colcon.colcon_core.shell:Creating prefix script '/home/kishoreyogaraj/tracking_ws/install/local_setup.zsh'
[4.840s] INFO:colcon.colcon_core.shell:Creating prefix chain script '/home/kishoreyogaraj/tracking_ws/install/setup.zsh'
