[0.099s] DEBUG:colcon:Command line arguments: ['/usr/bin/colcon', 'build']
[0.099s] DEBUG:colcon:Parsed command line arguments: Namespace(log_base=None, log_level=None, verb_name='build', build_base='build', install_base='install', merge_install=False, symlink_install=False, test_result_base=None, continue_on_error=False, executor='parallel', parallel_workers=8, event_handlers=None, ignore_user_meta=False, metas=['./colcon.meta'], base_paths=['.'], packages_ignore=None, packages_ignore_regex=None, paths=None, packages_up_to=None, packages_up_to_regex=None, packages_above=None, packages_above_and_dependencies=None, packages_above_depth=None, packages_select_by_dep=None, packages_skip_by_dep=None, packages_skip_up_to=None, packages_select_build_failed=False, packages_skip_build_finished=False, packages_select_test_failures=False, packages_skip_test_passed=False, packages_select=None, packages_skip=None, packages_select_regex=None, packages_skip_regex=None, packages_start=None, packages_end=None, allow_overriding=[], cmake_args=None, cmake_target=None, cmake_target_skip_unavailable=False, cmake_clean_cache=False, cmake_clean_first=False, cmake_force_configure=False, ament_cmake_args=None, catkin_cmake_args=None, catkin_skip_building_tests=False, verb_parser=<colcon_defaults.argument_parser.defaults.DefaultArgumentsDecorator object at 0x77474583c8b0>, verb_extension=<colcon_core.verb.build.BuildVerb object at 0x77474583c3a0>, main=<bound method BuildVerb.main of <colcon_core.verb.build.BuildVerb object at 0x77474583c3a0>>)
[0.277s] Level 1:colcon.colcon_core.package_discovery:discover_packages(colcon_meta) check parameters
[0.277s] Level 1:colcon.colcon_core.package_discovery:discover_packages(recursive) check parameters
[0.277s] Level 1:colcon.colcon_core.package_discovery:discover_packages(ignore) check parameters
[0.277s] Level 1:colcon.colcon_core.package_discovery:discover_packages(path) check parameters
[0.277s] Level 1:colcon.colcon_core.package_discovery:discover_packages(colcon_meta) discover
[0.277s] Level 1:colcon.colcon_core.package_discovery:discover_packages(recursive) discover
[0.278s] INFO:colcon.colcon_core.package_discovery:Crawling recursively for packages in '/home/kishoreyogaraj/tracking_ws'
[0.278s] Level 1:colcon.colcon_core.package_identification:_identify(.) by extensions ['ignore', 'ignore_ament_install']
[0.278s] Level 1:colcon.colcon_core.package_identification:_identify(.) by extension 'ignore'
[0.278s] Level 1:colcon.colcon_core.package_identification:_identify(.) by extension 'ignore_ament_install'
[0.278s] Level 1:colcon.colcon_core.package_identification:_identify(.) by extensions ['colcon_pkg']
[0.278s] Level 1:colcon.colcon_core.package_identification:_identify(.) by extension 'colcon_pkg'
[0.278s] Level 1:colcon.colcon_core.package_identification:_identify(.) by extensions ['colcon_meta']
[0.278s] Level 1:colcon.colcon_core.package_identification:_identify(.) by extension 'colcon_meta'
[0.278s] Level 1:colcon.colcon_core.package_identification:_identify(.) by extensions ['ros']
[0.278s] Level 1:colcon.colcon_core.package_identification:_identify(.) by extension 'ros'
[0.288s] Level 1:colcon.colcon_core.package_identification:_identify(.) by extensions ['cmake', 'python']
[0.288s] Level 1:colcon.colcon_core.package_identification:_identify(.) by extension 'cmake'
[0.288s] Level 1:colcon.colcon_core.package_identification:_identify(.) by extension 'python'
[0.288s] Level 1:colcon.colcon_core.package_identification:_identify(.) by extensions ['python_setup_py']
[0.288s] Level 1:colcon.colcon_core.package_identification:_identify(.) by extension 'python_setup_py'
[0.288s] Level 1:colcon.colcon_core.package_identification:_identify(build) by extensions ['ignore', 'ignore_ament_install']
[0.289s] Level 1:colcon.colcon_core.package_identification:_identify(build) by extension 'ignore'
[0.289s] Level 1:colcon.colcon_core.package_identification:_identify(build) ignored
[0.289s] Level 1:colcon.colcon_core.package_identification:_identify(install) by extensions ['ignore', 'ignore_ament_install']
[0.289s] Level 1:colcon.colcon_core.package_identification:_identify(install) by extension 'ignore'
[0.289s] Level 1:colcon.colcon_core.package_identification:_identify(install) ignored
[0.289s] Level 1:colcon.colcon_core.package_identification:_identify(log) by extensions ['ignore', 'ignore_ament_install']
[0.289s] Level 1:colcon.colcon_core.package_identification:_identify(log) by extension 'ignore'
[0.289s] Level 1:colcon.colcon_core.package_identification:_identify(log) ignored
[0.289s] Level 1:colcon.colcon_core.package_identification:_identify(src) by extensions ['ignore', 'ignore_ament_install']
[0.290s] Level 1:colcon.colcon_core.package_identification:_identify(src) by extension 'ignore'
[0.290s] Level 1:colcon.colcon_core.package_identification:_identify(src) by extension 'ignore_ament_install'
[0.290s] Level 1:colcon.colcon_core.package_identification:_identify(src) by extensions ['colcon_pkg']
[0.290s] Level 1:colcon.colcon_core.package_identification:_identify(src) by extension 'colcon_pkg'
[0.290s] Level 1:colcon.colcon_core.package_identification:_identify(src) by extensions ['colcon_meta']
[0.290s] Level 1:colcon.colcon_core.package_identification:_identify(src) by extension 'colcon_meta'
[0.290s] Level 1:colcon.colcon_core.package_identification:_identify(src) by extensions ['ros']
[0.290s] Level 1:colcon.colcon_core.package_identification:_identify(src) by extension 'ros'
[0.290s] Level 1:colcon.colcon_core.package_identification:_identify(src) by extensions ['cmake', 'python']
[0.290s] Level 1:colcon.colcon_core.package_identification:_identify(src) by extension 'cmake'
[0.290s] Level 1:colcon.colcon_core.package_identification:_identify(src) by extension 'python'
[0.290s] Level 1:colcon.colcon_core.package_identification:_identify(src) by extensions ['python_setup_py']
[0.290s] Level 1:colcon.colcon_core.package_identification:_identify(src) by extension 'python_setup_py'
[0.291s] Level 1:colcon.colcon_core.package_identification:_identify(src/config) by extensions ['ignore', 'ignore_ament_install']
[0.291s] Level 1:colcon.colcon_core.package_identification:_identify(src/config) by extension 'ignore'
[0.291s] Level 1:colcon.colcon_core.package_identification:_identify(src/config) by extension 'ignore_ament_install'
[0.291s] Level 1:colcon.colcon_core.package_identification:_identify(src/config) by extensions ['colcon_pkg']
[0.291s] Level 1:colcon.colcon_core.package_identification:_identify(src/config) by extension 'colcon_pkg'
[0.291s] Level 1:colcon.colcon_core.package_identification:_identify(src/config) by extensions ['colcon_meta']
[0.291s] Level 1:colcon.colcon_core.package_identification:_identify(src/config) by extension 'colcon_meta'
[0.291s] Level 1:colcon.colcon_core.package_identification:_identify(src/config) by extensions ['ros']
[0.291s] Level 1:colcon.colcon_core.package_identification:_identify(src/config) by extension 'ros'
[0.291s] Level 1:colcon.colcon_core.package_identification:_identify(src/config) by extensions ['cmake', 'python']
[0.291s] Level 1:colcon.colcon_core.package_identification:_identify(src/config) by extension 'cmake'
[0.291s] Level 1:colcon.colcon_core.package_identification:_identify(src/config) by extension 'python'
[0.291s] Level 1:colcon.colcon_core.package_identification:_identify(src/config) by extensions ['python_setup_py']
[0.291s] Level 1:colcon.colcon_core.package_identification:_identify(src/config) by extension 'python_setup_py'
[0.292s] Level 1:colcon.colcon_core.package_identification:_identify(src/tracking) by extensions ['ignore', 'ignore_ament_install']
[0.292s] Level 1:colcon.colcon_core.package_identification:_identify(src/tracking) by extension 'ignore'
[0.292s] Level 1:colcon.colcon_core.package_identification:_identify(src/tracking) by extension 'ignore_ament_install'
[0.292s] Level 1:colcon.colcon_core.package_identification:_identify(src/tracking) by extensions ['colcon_pkg']
[0.292s] Level 1:colcon.colcon_core.package_identification:_identify(src/tracking) by extension 'colcon_pkg'
[0.292s] Level 1:colcon.colcon_core.package_identification:_identify(src/tracking) by extensions ['colcon_meta']
[0.292s] Level 1:colcon.colcon_core.package_identification:_identify(src/tracking) by extension 'colcon_meta'
[0.292s] Level 1:colcon.colcon_core.package_identification:_identify(src/tracking) by extensions ['ros']
[0.292s] Level 1:colcon.colcon_core.package_identification:_identify(src/tracking) by extension 'ros'
[0.294s] DEBUG:colcon.colcon_core.package_identification:Package 'src/tracking' with type 'ros.ament_python' and name 'tracking'
[0.295s] Level 1:colcon.colcon_core.package_identification:_identify(src/tracking_msgs) by extensions ['ignore', 'ignore_ament_install']
[0.295s] Level 1:colcon.colcon_core.package_identification:_identify(src/tracking_msgs) by extension 'ignore'
[0.295s] Level 1:colcon.colcon_core.package_identification:_identify(src/tracking_msgs) by extension 'ignore_ament_install'
[0.295s] Level 1:colcon.colcon_core.package_identification:_identify(src/tracking_msgs) by extensions ['colcon_pkg']
[0.295s] Level 1:colcon.colcon_core.package_identification:_identify(src/tracking_msgs) by extension 'colcon_pkg'
[0.295s] Level 1:colcon.colcon_core.package_identification:_identify(src/tracking_msgs) by extensions ['colcon_meta']
[0.295s] Level 1:colcon.colcon_core.package_identification:_identify(src/tracking_msgs) by extension 'colcon_meta'
[0.295s] Level 1:colcon.colcon_core.package_identification:_identify(src/tracking_msgs) by extensions ['ros']
[0.295s] Level 1:colcon.colcon_core.package_identification:_identify(src/tracking_msgs) by extension 'ros'
[0.296s] DEBUG:colcon.colcon_core.package_identification:Package 'src/tracking_msgs' with type 'ros.ament_cmake' and name 'tracking_msgs'
[0.296s] Level 1:colcon.colcon_core.package_discovery:discover_packages(recursive) using defaults
[0.296s] Level 1:colcon.colcon_core.package_discovery:discover_packages(ignore) discover
[0.296s] Level 1:colcon.colcon_core.package_discovery:discover_packages(ignore) using defaults
[0.296s] Level 1:colcon.colcon_core.package_discovery:discover_packages(path) discover
[0.296s] Level 1:colcon.colcon_core.package_discovery:discover_packages(path) using defaults
[0.325s] Level 1:colcon.colcon_core.package_discovery:discover_packages(prefix_path) check parameters
[0.325s] Level 1:colcon.colcon_core.package_discovery:discover_packages(prefix_path) discover
[0.327s] DEBUG:colcon.colcon_installed_package_information.package_discovery:Found 2 installed packages in /home/kishoreyogaraj/tracking_ws/install
[0.328s] DEBUG:colcon.colcon_installed_package_information.package_discovery:Found 278 installed packages in /opt/ros/humble
[0.330s] Level 1:colcon.colcon_core.package_discovery:discover_packages(prefix_path) using defaults
[0.367s] Level 5:colcon.colcon_core.verb:set package 'tracking' build argument 'cmake_args' from command line to 'None'
[0.367s] Level 5:colcon.colcon_core.verb:set package 'tracking' build argument 'cmake_target' from command line to 'None'
[0.367s] Level 5:colcon.colcon_core.verb:set package 'tracking' build argument 'cmake_target_skip_unavailable' from command line to 'False'
[0.367s] Level 5:colcon.colcon_core.verb:set package 'tracking' build argument 'cmake_clean_cache' from command line to 'False'
[0.367s] Level 5:colcon.colcon_core.verb:set package 'tracking' build argument 'cmake_clean_first' from command line to 'False'
[0.368s] Level 5:colcon.colcon_core.verb:set package 'tracking' build argument 'cmake_force_configure' from command line to 'False'
[0.368s] Level 5:colcon.colcon_core.verb:set package 'tracking' build argument 'ament_cmake_args' from command line to 'None'
[0.368s] Level 5:colcon.colcon_core.verb:set package 'tracking' build argument 'catkin_cmake_args' from command line to 'None'
[0.368s] Level 5:colcon.colcon_core.verb:set package 'tracking' build argument 'catkin_skip_building_tests' from command line to 'False'
[0.368s] DEBUG:colcon.colcon_core.verb:Building package 'tracking' with the following arguments: {'ament_cmake_args': None, 'build_base': '/home/kishoreyogaraj/tracking_ws/build/tracking', 'catkin_cmake_args': None, 'catkin_skip_building_tests': False, 'cmake_args': None, 'cmake_clean_cache': False, 'cmake_clean_first': False, 'cmake_force_configure': False, 'cmake_target': None, 'cmake_target_skip_unavailable': False, 'install_base': '/home/kishoreyogaraj/tracking_ws/install/tracking', 'merge_install': False, 'path': '/home/kishoreyogaraj/tracking_ws/src/tracking', 'symlink_install': False, 'test_result_base': None}
[0.368s] Level 5:colcon.colcon_core.verb:set package 'tracking_msgs' build argument 'cmake_args' from command line to 'None'
[0.368s] Level 5:colcon.colcon_core.verb:set package 'tracking_msgs' build argument 'cmake_target' from command line to 'None'
[0.368s] Level 5:colcon.colcon_core.verb:set package 'tracking_msgs' build argument 'cmake_target_skip_unavailable' from command line to 'False'
[0.368s] Level 5:colcon.colcon_core.verb:set package 'tracking_msgs' build argument 'cmake_clean_cache' from command line to 'False'
[0.368s] Level 5:colcon.colcon_core.verb:set package 'tracking_msgs' build argument 'cmake_clean_first' from command line to 'False'
[0.368s] Level 5:colcon.colcon_core.verb:set package 'tracking_msgs' build argument 'cmake_force_configure' from command line to 'False'
[0.368s] Level 5:colcon.colcon_core.verb:set package 'tracking_msgs' build argument 'ament_cmake_args' from command line to 'None'
[0.368s] Level 5:colcon.colcon_core.verb:set package 'tracking_msgs' build argument 'catkin_cmake_args' from command line to 'None'
[0.368s] Level 5:colcon.colcon_core.verb:set package 'tracking_msgs' build argument 'catkin_skip_building_tests' from command line to 'False'
[0.369s] DEBUG:colcon.colcon_core.verb:Building package 'tracking_msgs' with the following arguments: {'ament_cmake_args': None, 'build_base': '/home/kishoreyogaraj/tracking_ws/build/tracking_msgs', 'catkin_cmake_args': None, 'catkin_skip_building_tests': False, 'cmake_args': None, 'cmake_clean_cache': False, 'cmake_clean_first': False, 'cmake_force_configure': False, 'cmake_target': None, 'cmake_target_skip_unavailable': False, 'install_base': '/home/kishoreyogaraj/tracking_ws/install/tracking_msgs', 'merge_install': False, 'path': '/home/kishoreyogaraj/tracking_ws/src/tracking_msgs', 'symlink_install': False, 'test_result_base': None}
[0.369s] INFO:colcon.colcon_core.executor:Executing jobs using 'parallel' executor
[0.370s] DEBUG:colcon.colcon_parallel_executor.executor.parallel:run_until_complete
[0.370s] INFO:colcon.colcon_ros.task.ament_python.build:Building ROS package in '/home/kishoreyogaraj/tracking_ws/src/tracking' with build type 'ament_python'
[0.370s] Level 1:colcon.colcon_core.shell:create_environment_hook('tracking', 'ament_prefix_path')
[0.372s] INFO:colcon.colcon_core.plugin_system:Skipping extension 'colcon_core.shell.bat': Not used on non-Windows systems
[0.373s] INFO:colcon.colcon_core.shell:Creating environment hook '/home/kishoreyogaraj/tracking_ws/install/tracking/share/tracking/hook/ament_prefix_path.ps1'
[0.373s] INFO:colcon.colcon_core.shell:Creating environment descriptor '/home/kishoreyogaraj/tracking_ws/install/tracking/share/tracking/hook/ament_prefix_path.dsv'
[0.374s] INFO:colcon.colcon_core.shell:Creating environment hook '/home/kishoreyogaraj/tracking_ws/install/tracking/share/tracking/hook/ament_prefix_path.sh'
[0.375s] INFO:colcon.colcon_core.shell:Skip shell extension 'powershell' for command environment: Not usable outside of PowerShell
[0.375s] DEBUG:colcon.colcon_core.shell:Skip shell extension 'dsv' for command environment
[0.379s] INFO:colcon.colcon_ros.task.ament_cmake.build:Building ROS package in '/home/kishoreyogaraj/tracking_ws/src/tracking_msgs' with build type 'ament_cmake'
[0.379s] INFO:colcon.colcon_cmake.task.cmake.build:Building CMake package in '/home/kishoreyogaraj/tracking_ws/src/tracking_msgs'
[0.379s] INFO:colcon.colcon_core.shell:Skip shell extension 'powershell' for command environment: Not usable outside of PowerShell
[0.379s] DEBUG:colcon.colcon_core.shell:Skip shell extension 'dsv' for command environment
[0.668s] INFO:colcon.colcon_core.task.python.build:Building Python package in '/home/kishoreyogaraj/tracking_ws/src/tracking'
[0.668s] INFO:colcon.colcon_core.shell:Skip shell extension 'powershell' for command environment: Not usable outside of PowerShell
[0.668s] DEBUG:colcon.colcon_core.shell:Skip shell extension 'dsv' for command environment
[0.676s] DEBUG:colcon.colcon_core.event_handler.log_command:Invoking command in '/home/kishoreyogaraj/tracking_ws/build/tracking_msgs': CMAKE_PREFIX_PATH=${CMAKE_PREFIX_PATH}:/home/kishoreyogaraj/tracking_ws/install/tracking:/opt/ros/humble /usr/bin/cmake --build /home/kishoreyogaraj/tracking_ws/build/tracking_msgs -- -j8 -l8
[1.129s] DEBUG:colcon.colcon_core.event_handler.log_command:Invoking command in '/home/kishoreyogaraj/tracking_ws/src/tracking': PYTHONPATH=/home/kishoreyogaraj/tracking_ws/build/tracking/prefix_override:/home/kishoreyogaraj/tracking_ws/install/tracking/lib/python3.10/site-packages:${PYTHONPATH} /usr/bin/python3 -W ignore:setup.py install is deprecated setup.py egg_info --egg-base ../../build/tracking build --build-base /home/kishoreyogaraj/tracking_ws/build/tracking/build install --record /home/kishoreyogaraj/tracking_ws/build/tracking/install.log --single-version-externally-managed install_data
[1.149s] DEBUG:colcon.colcon_core.event_handler.log_command:Invoked command in '/home/kishoreyogaraj/tracking_ws/build/tracking_msgs' returned '0': CMAKE_PREFIX_PATH=${CMAKE_PREFIX_PATH}:/home/kishoreyogaraj/tracking_ws/install/tracking:/opt/ros/humble /usr/bin/cmake --build /home/kishoreyogaraj/tracking_ws/build/tracking_msgs -- -j8 -l8
[1.239s] DEBUG:colcon.colcon_core.event_handler.log_command:Invoking command in '/home/kishoreyogaraj/tracking_ws/build/tracking_msgs': CMAKE_PREFIX_PATH=${CMAKE_PREFIX_PATH}:/home/kishoreyogaraj/tracking_ws/install/tracking:/opt/ros/humble /usr/bin/cmake --install /home/kishoreyogaraj/tracking_ws/build/tracking_msgs
[1.295s] Level 1:colcon.colcon_core.environment:create_environment_scripts_only(tracking_msgs)
[1.298s] DEBUG:colcon.colcon_core.event_handler.log_command:Invoked command in '/home/kishoreyogaraj/tracking_ws/build/tracking_msgs' returned '0': CMAKE_PREFIX_PATH=${CMAKE_PREFIX_PATH}:/home/kishoreyogaraj/tracking_ws/install/tracking:/opt/ros/humble /usr/bin/cmake --install /home/kishoreyogaraj/tracking_ws/build/tracking_msgs
[1.301s] Level 1:colcon.colcon_core.environment:checking '/home/kishoreyogaraj/tracking_ws/install/tracking_msgs' for CMake module files
[1.302s] Level 1:colcon.colcon_core.environment:checking '/home/kishoreyogaraj/tracking_ws/install/tracking_msgs' for CMake config files
[1.303s] Level 1:colcon.colcon_core.shell:create_environment_hook('tracking_msgs', 'cmake_prefix_path')
[1.303s] INFO:colcon.colcon_core.shell:Creating environment hook '/home/kishoreyogaraj/tracking_ws/install/tracking_msgs/share/tracking_msgs/hook/cmake_prefix_path.ps1'
[1.304s] INFO:colcon.colcon_core.shell:Creating environment descriptor '/home/kishoreyogaraj/tracking_ws/install/tracking_msgs/share/tracking_msgs/hook/cmake_prefix_path.dsv'
[1.304s] INFO:colcon.colcon_core.shell:Creating environment hook '/home/kishoreyogaraj/tracking_ws/install/tracking_msgs/share/tracking_msgs/hook/cmake_prefix_path.sh'
[1.305s] Level 1:colcon.colcon_core.environment:checking '/home/kishoreyogaraj/tracking_ws/install/tracking_msgs/lib'
[1.306s] Level 1:colcon.colcon_core.shell:create_environment_hook('tracking_msgs', 'ld_library_path_lib')
[1.306s] INFO:colcon.colcon_core.shell:Creating environment hook '/home/kishoreyogaraj/tracking_ws/install/tracking_msgs/share/tracking_msgs/hook/ld_library_path_lib.ps1'
[1.307s] INFO:colcon.colcon_core.shell:Creating environment descriptor '/home/kishoreyogaraj/tracking_ws/install/tracking_msgs/share/tracking_msgs/hook/ld_library_path_lib.dsv'
[1.307s] INFO:colcon.colcon_core.shell:Creating environment hook '/home/kishoreyogaraj/tracking_ws/install/tracking_msgs/share/tracking_msgs/hook/ld_library_path_lib.sh'
[1.308s] Level 1:colcon.colcon_core.environment:checking '/home/kishoreyogaraj/tracking_ws/install/tracking_msgs/bin'
[1.308s] Level 1:colcon.colcon_core.environment:checking '/home/kishoreyogaraj/tracking_ws/install/tracking_msgs/lib/pkgconfig/tracking_msgs.pc'
[1.308s] Level 1:colcon.colcon_core.environment:checking '/home/kishoreyogaraj/tracking_ws/install/tracking_msgs/lib/python3.10/site-packages'
[1.308s] Level 1:colcon.colcon_core.environment:checking '/home/kishoreyogaraj/tracking_ws/install/tracking_msgs/bin'
[1.309s] INFO:colcon.colcon_core.shell:Creating package script '/home/kishoreyogaraj/tracking_ws/install/tracking_msgs/share/tracking_msgs/package.ps1'
[1.310s] INFO:colcon.colcon_core.shell:Creating package descriptor '/home/kishoreyogaraj/tracking_ws/install/tracking_msgs/share/tracking_msgs/package.dsv'
[1.311s] INFO:colcon.colcon_core.shell:Creating package script '/home/kishoreyogaraj/tracking_ws/install/tracking_msgs/share/tracking_msgs/package.sh'
[1.312s] INFO:colcon.colcon_core.shell:Creating package script '/home/kishoreyogaraj/tracking_ws/install/tracking_msgs/share/tracking_msgs/package.bash'
[1.313s] INFO:colcon.colcon_core.shell:Creating package script '/home/kishoreyogaraj/tracking_ws/install/tracking_msgs/share/tracking_msgs/package.zsh'
[1.314s] Level 1:colcon.colcon_core.environment:create_file_with_runtime_dependencies(/home/kishoreyogaraj/tracking_ws/install/tracking_msgs/share/colcon-core/packages/tracking_msgs)
[1.401s] Level 1:colcon.colcon_core.environment:create_environment_scripts_only(tracking_msgs)
[1.401s] Level 1:colcon.colcon_core.environment:checking '/home/kishoreyogaraj/tracking_ws/install/tracking_msgs' for CMake module files
[1.402s] Level 1:colcon.colcon_core.environment:checking '/home/kishoreyogaraj/tracking_ws/install/tracking_msgs' for CMake config files
[1.402s] Level 1:colcon.colcon_core.shell:create_environment_hook('tracking_msgs', 'cmake_prefix_path')
[1.403s] INFO:colcon.colcon_core.shell:Creating environment hook '/home/kishoreyogaraj/tracking_ws/install/tracking_msgs/share/tracking_msgs/hook/cmake_prefix_path.ps1'
[1.403s] INFO:colcon.colcon_core.shell:Creating environment descriptor '/home/kishoreyogaraj/tracking_ws/install/tracking_msgs/share/tracking_msgs/hook/cmake_prefix_path.dsv'
[1.404s] INFO:colcon.colcon_core.shell:Creating environment hook '/home/kishoreyogaraj/tracking_ws/install/tracking_msgs/share/tracking_msgs/hook/cmake_prefix_path.sh'
[1.404s] Level 1:colcon.colcon_core.environment:checking '/home/kishoreyogaraj/tracking_ws/install/tracking_msgs/lib'
[1.404s] Level 1:colcon.colcon_core.shell:create_environment_hook('tracking_msgs', 'ld_library_path_lib')
[1.405s] INFO:colcon.colcon_core.shell:Creating environment hook '/home/kishoreyogaraj/tracking_ws/install/tracking_msgs/share/tracking_msgs/hook/ld_library_path_lib.ps1'
[1.405s] INFO:colcon.colcon_core.shell:Creating environment descriptor '/home/kishoreyogaraj/tracking_ws/install/tracking_msgs/share/tracking_msgs/hook/ld_library_path_lib.dsv'
[1.405s] INFO:colcon.colcon_core.shell:Creating environment hook '/home/kishoreyogaraj/tracking_ws/install/tracking_msgs/share/tracking_msgs/hook/ld_library_path_lib.sh'
[1.406s] Level 1:colcon.colcon_core.environment:checking '/home/kishoreyogaraj/tracking_ws/install/tracking_msgs/bin'
[1.406s] Level 1:colcon.colcon_core.environment:checking '/home/kishoreyogaraj/tracking_ws/install/tracking_msgs/lib/pkgconfig/tracking_msgs.pc'
[1.406s] Level 1:colcon.colcon_core.environment:checking '/home/kishoreyogaraj/tracking_ws/install/tracking_msgs/lib/python3.10/site-packages'
[1.407s] Level 1:colcon.colcon_core.environment:checking '/home/kishoreyogaraj/tracking_ws/install/tracking_msgs/bin'
[1.407s] INFO:colcon.colcon_core.shell:Creating package script '/home/kishoreyogaraj/tracking_ws/install/tracking_msgs/share/tracking_msgs/package.ps1'
[1.408s] INFO:colcon.colcon_core.shell:Creating package descriptor '/home/kishoreyogaraj/tracking_ws/install/tracking_msgs/share/tracking_msgs/package.dsv'
[1.408s] INFO:colcon.colcon_core.shell:Creating package script '/home/kishoreyogaraj/tracking_ws/install/tracking_msgs/share/tracking_msgs/package.sh'
[1.409s] INFO:colcon.colcon_core.shell:Creating package script '/home/kishoreyogaraj/tracking_ws/install/tracking_msgs/share/tracking_msgs/package.bash'
[1.409s] INFO:colcon.colcon_core.shell:Creating package script '/home/kishoreyogaraj/tracking_ws/install/tracking_msgs/share/tracking_msgs/package.zsh'
[1.410s] Level 1:colcon.colcon_core.environment:create_file_with_runtime_dependencies(/home/kishoreyogaraj/tracking_ws/install/tracking_msgs/share/colcon-core/packages/tracking_msgs)
[1.492s] Level 1:colcon.colcon_core.environment:checking '/home/kishoreyogaraj/tracking_ws/install/tracking' for CMake module files
[1.492s] DEBUG:colcon.colcon_core.event_handler.log_command:Invoked command in '/home/kishoreyogaraj/tracking_ws/src/tracking' returned '0': PYTHONPATH=/home/kishoreyogaraj/tracking_ws/build/tracking/prefix_override:/home/kishoreyogaraj/tracking_ws/install/tracking/lib/python3.10/site-packages:${PYTHONPATH} /usr/bin/python3 -W ignore:setup.py install is deprecated setup.py egg_info --egg-base ../../build/tracking build --build-base /home/kishoreyogaraj/tracking_ws/build/tracking/build install --record /home/kishoreyogaraj/tracking_ws/build/tracking/install.log --single-version-externally-managed install_data
[1.493s] Level 1:colcon.colcon_core.environment:checking '/home/kishoreyogaraj/tracking_ws/install/tracking' for CMake config files
[1.493s] Level 1:colcon.colcon_core.environment:checking '/home/kishoreyogaraj/tracking_ws/install/tracking/lib'
[1.493s] Level 1:colcon.colcon_core.environment:checking '/home/kishoreyogaraj/tracking_ws/install/tracking/bin'
[1.493s] Level 1:colcon.colcon_core.environment:checking '/home/kishoreyogaraj/tracking_ws/install/tracking/lib/pkgconfig/tracking.pc'
[1.494s] Level 1:colcon.colcon_core.environment:checking '/home/kishoreyogaraj/tracking_ws/install/tracking/lib/python3.10/site-packages'
[1.494s] Level 1:colcon.colcon_core.shell:create_environment_hook('tracking', 'pythonpath')
[1.494s] INFO:colcon.colcon_core.shell:Creating environment hook '/home/kishoreyogaraj/tracking_ws/install/tracking/share/tracking/hook/pythonpath.ps1'
[1.495s] INFO:colcon.colcon_core.shell:Creating environment descriptor '/home/kishoreyogaraj/tracking_ws/install/tracking/share/tracking/hook/pythonpath.dsv'
[1.495s] INFO:colcon.colcon_core.shell:Creating environment hook '/home/kishoreyogaraj/tracking_ws/install/tracking/share/tracking/hook/pythonpath.sh'
[1.496s] Level 1:colcon.colcon_core.environment:checking '/home/kishoreyogaraj/tracking_ws/install/tracking/bin'
[1.496s] Level 1:colcon.colcon_core.environment:create_environment_scripts_only(tracking)
[1.496s] INFO:colcon.colcon_core.shell:Creating package script '/home/kishoreyogaraj/tracking_ws/install/tracking/share/tracking/package.ps1'
[1.497s] INFO:colcon.colcon_core.shell:Creating package descriptor '/home/kishoreyogaraj/tracking_ws/install/tracking/share/tracking/package.dsv'
[1.497s] INFO:colcon.colcon_core.shell:Creating package script '/home/kishoreyogaraj/tracking_ws/install/tracking/share/tracking/package.sh'
[1.498s] INFO:colcon.colcon_core.shell:Creating package script '/home/kishoreyogaraj/tracking_ws/install/tracking/share/tracking/package.bash'
[1.498s] INFO:colcon.colcon_core.shell:Creating package script '/home/kishoreyogaraj/tracking_ws/install/tracking/share/tracking/package.zsh'
[1.498s] Level 1:colcon.colcon_core.environment:create_file_with_runtime_dependencies(/home/kishoreyogaraj/tracking_ws/install/tracking/share/colcon-core/packages/tracking)
[1.499s] DEBUG:colcon.colcon_parallel_executor.executor.parallel:closing loop
[1.499s] DEBUG:colcon.colcon_parallel_executor.executor.parallel:loop closed
[1.499s] DEBUG:colcon.colcon_parallel_executor.executor.parallel:run_until_complete finished with '0'
[1.499s] DEBUG:colcon.colcon_core.event_reactor:joining thread
[1.507s] INFO:colcon.colcon_core.plugin_system:Skipping extension 'colcon_notification.desktop_notification.terminal_notifier': Not used on non-Darwin systems
[1.507s] INFO:colcon.colcon_core.plugin_system:Skipping extension 'colcon_notification.desktop_notification.win32': Not used on non-Windows systems
[1.507s] INFO:colcon.colcon_notification.desktop_notification:Sending desktop notification using 'notify2'
[1.518s] DEBUG:colcon.colcon_core.event_reactor:joined thread
[1.519s] INFO:colcon.colcon_core.shell:Creating prefix script '/home/kishoreyogaraj/tracking_ws/install/local_setup.ps1'
[1.520s] INFO:colcon.colcon_core.shell:Creating prefix util module '/home/kishoreyogaraj/tracking_ws/install/_local_setup_util_ps1.py'
[1.522s] INFO:colcon.colcon_core.shell:Creating prefix chain script '/home/kishoreyogaraj/tracking_ws/install/setup.ps1'
[1.523s] INFO:colcon.colcon_core.shell:Creating prefix script '/home/kishoreyogaraj/tracking_ws/install/local_setup.sh'
[1.523s] INFO:colcon.colcon_core.shell:Creating prefix util module '/home/kishoreyogaraj/tracking_ws/install/_local_setup_util_sh.py'
[1.524s] INFO:colcon.colcon_core.shell:Creating prefix chain script '/home/kishoreyogaraj/tracking_ws/install/setup.sh'
[1.525s] INFO:colcon.colcon_core.shell:Creating prefix script '/home/kishoreyogaraj/tracking_ws/install/local_setup.bash'
[1.526s] INFO:colcon.colcon_core.shell:Creating prefix chain script '/home/kishoreyogaraj/tracking_ws/install/setup.bash'
[1.527s] INFO:colcon.colcon_core.shell:Creating prefix script '/home/kishoreyogaraj/tracking_ws/install/local_setup.zsh'
[1.528s] INFO:colcon.colcon_core.shell:Creating prefix chain script '/home/kishoreyogaraj/tracking_ws/install/setup.zsh'
