[0.818s] Invoking command in '/home/kishoreyogaraj/tracking_ws/src/tracking': PYTHONPATH=/home/kishoreyogaraj/tracking_ws/build/tracking/prefix_override:/home/kishoreyogaraj/tracking_ws/install/tracking/lib/python3.10/site-packages:${PYTHONPATH} /usr/bin/python3 -W ignore:setup.py install is deprecated setup.py egg_info --egg-base ../../build/tracking build --build-base /home/kishoreyogaraj/tracking_ws/build/tracking/build install --record /home/kishoreyogaraj/tracking_ws/build/tracking/install.log --single-version-externally-managed install_data
[1.105s] running egg_info
[1.105s] writing ../../build/tracking/tracking.egg-info/PKG-INFO
[1.106s] writing dependency_links to ../../build/tracking/tracking.egg-info/dependency_links.txt
[1.106s] writing entry points to ../../build/tracking/tracking.egg-info/entry_points.txt
[1.106s] writing requirements to ../../build/tracking/tracking.egg-info/requires.txt
[1.106s] writing top-level names to ../../build/tracking/tracking.egg-info/top_level.txt
[1.109s] reading manifest file '../../build/tracking/tracking.egg-info/SOURCES.txt'
[1.110s] writing manifest file '../../build/tracking/tracking.egg-info/SOURCES.txt'
[1.110s] running build
[1.110s] running build_py
[1.111s] copying tracking/detection_publisher.py -> /home/kishoreyogaraj/tracking_ws/build/tracking/build/lib/tracking
[1.111s] copying tracking/core/ab3dmot.py -> /home/kishoreyogaraj/tracking_ws/build/tracking/build/lib/tracking/core
[1.113s] running install
[1.113s] running install_lib
[1.114s] copying /home/kishoreyogaraj/tracking_ws/build/tracking/build/lib/tracking/detection_publisher.py -> /home/kishoreyogaraj/tracking_ws/install/tracking/lib/python3.10/site-packages/tracking
[1.115s] copying /home/kishoreyogaraj/tracking_ws/build/tracking/build/lib/tracking/core/ab3dmot.py -> /home/kishoreyogaraj/tracking_ws/install/tracking/lib/python3.10/site-packages/tracking/core
[1.116s] byte-compiling /home/kishoreyogaraj/tracking_ws/install/tracking/lib/python3.10/site-packages/tracking/detection_publisher.py to detection_publisher.cpython-310.pyc
[1.118s] byte-compiling /home/kishoreyogaraj/tracking_ws/install/tracking/lib/python3.10/site-packages/tracking/core/ab3dmot.py to ab3dmot.cpython-310.pyc
[1.121s] running install_data
[1.121s] running install_egg_info
[1.123s] removing '/home/kishoreyogaraj/tracking_ws/install/tracking/lib/python3.10/site-packages/tracking-0.0.0-py3.10.egg-info' (and everything under it)
[1.123s] Copying ../../build/tracking/tracking.egg-info to /home/kishoreyogaraj/tracking_ws/install/tracking/lib/python3.10/site-packages/tracking-0.0.0-py3.10.egg-info
[1.125s] running install_scripts
[1.148s] Installing detection_publisher script to /home/kishoreyogaraj/tracking_ws/install/tracking/lib/tracking
[1.148s] Installing tracker_node script to /home/kishoreyogaraj/tracking_ws/install/tracking/lib/tracking
[1.148s] writing list of installed files to '/home/kishoreyogaraj/tracking_ws/build/tracking/install.log'
[1.175s] Invoked command in '/home/kishoreyogaraj/tracking_ws/src/tracking' returned '0': PYTHONPATH=/home/kishoreyogaraj/tracking_ws/build/tracking/prefix_override:/home/kishoreyogaraj/tracking_ws/install/tracking/lib/python3.10/site-packages:${PYTHONPATH} /usr/bin/python3 -W ignore:setup.py install is deprecated setup.py egg_info --egg-base ../../build/tracking build --build-base /home/kishoreyogaraj/tracking_ws/build/tracking/build install --record /home/kishoreyogaraj/tracking_ws/build/tracking/install.log --single-version-externally-managed install_data
