[0.674s] Invoking command in '/home/kishoreyogaraj/tracking_ws/src/tracking': PYTHONPATH=/home/kishoreyogaraj/tracking_ws/build/tracking/prefix_override:/home/kishoreyogaraj/tracking_ws/install/tracking/lib/python3.10/site-packages:${PYTHONPATH} /usr/bin/python3 -W ignore:setup.py install is deprecated setup.py egg_info --egg-base ../../build/tracking build --build-base /home/kishoreyogaraj/tracking_ws/build/tracking/build install --record /home/kishoreyogaraj/tracking_ws/build/tracking/install.log --single-version-externally-managed install_data
[0.946s] running egg_info
[0.947s] writing ../../build/tracking/tracking.egg-info/PKG-INFO
[0.947s] writing dependency_links to ../../build/tracking/tracking.egg-info/dependency_links.txt
[0.947s] writing entry points to ../../build/tracking/tracking.egg-info/entry_points.txt
[0.947s] writing requirements to ../../build/tracking/tracking.egg-info/requires.txt
[0.947s] writing top-level names to ../../build/tracking/tracking.egg-info/top_level.txt
[0.949s] reading manifest file '../../build/tracking/tracking.egg-info/SOURCES.txt'
[0.950s] writing manifest file '../../build/tracking/tracking.egg-info/SOURCES.txt'
[0.950s] running build
[0.950s] running build_py
[0.950s] copying tracking/tracker.py -> /home/kishoreyogaraj/tracking_ws/build/tracking/build/lib/tracking
[0.950s] copying tracking/detection_publisher.py -> /home/kishoreyogaraj/tracking_ws/build/tracking/build/lib/tracking
[0.951s] running install
[0.951s] running install_lib
[0.952s] copying /home/kishoreyogaraj/tracking_ws/build/tracking/build/lib/tracking/tracker.py -> /home/kishoreyogaraj/tracking_ws/install/tracking/lib/python3.10/site-packages/tracking
[0.952s] copying /home/kishoreyogaraj/tracking_ws/build/tracking/build/lib/tracking/detection_publisher.py -> /home/kishoreyogaraj/tracking_ws/install/tracking/lib/python3.10/site-packages/tracking
[0.953s] byte-compiling /home/kishoreyogaraj/tracking_ws/install/tracking/lib/python3.10/site-packages/tracking/tracker.py to tracker.cpython-310.pyc
[0.954s] byte-compiling /home/kishoreyogaraj/tracking_ws/install/tracking/lib/python3.10/site-packages/tracking/detection_publisher.py to detection_publisher.cpython-310.pyc
[0.954s] running install_data
[0.955s] copying package.xml -> /home/kishoreyogaraj/tracking_ws/install/tracking/share/tracking
[0.955s] running install_egg_info
[0.957s] removing '/home/kishoreyogaraj/tracking_ws/install/tracking/lib/python3.10/site-packages/tracking-0.0.0-py3.10.egg-info' (and everything under it)
[0.957s] Copying ../../build/tracking/tracking.egg-info to /home/kishoreyogaraj/tracking_ws/install/tracking/lib/python3.10/site-packages/tracking-0.0.0-py3.10.egg-info
[0.958s] running install_scripts
[0.980s] Installing detection_publisher script to /home/kishoreyogaraj/tracking_ws/install/tracking/lib/tracking
[0.980s] Installing tracker_node script to /home/kishoreyogaraj/tracking_ws/install/tracking/lib/tracking
[0.980s] writing list of installed files to '/home/kishoreyogaraj/tracking_ws/build/tracking/install.log'
[1.006s] Invoked command in '/home/kishoreyogaraj/tracking_ws/src/tracking' returned '0': PYTHONPATH=/home/kishoreyogaraj/tracking_ws/build/tracking/prefix_override:/home/kishoreyogaraj/tracking_ws/install/tracking/lib/python3.10/site-packages:${PYTHONPATH} /usr/bin/python3 -W ignore:setup.py install is deprecated setup.py egg_info --egg-base ../../build/tracking build --build-base /home/kishoreyogaraj/tracking_ws/build/tracking/build install --record /home/kishoreyogaraj/tracking_ws/build/tracking/install.log --single-version-externally-managed install_data
