[0.299s] Invoking command in '/home/kishoreyogaraj/tracking_ws/build/tracking_msgs': CMAKE_PREFIX_PATH=${CMAKE_PREFIX_PATH}:/home/kishoreyogaraj/tracking_ws/install/tracking:/opt/ros/humble /usr/bin/cmake --build /home/kishoreyogaraj/tracking_ws/build/tracking_msgs -- -j8 -l8
[0.335s] -- Found ament_cmake: 1.3.9 (/opt/ros/humble/share/ament_cmake/cmake)
[0.488s] -- Found rosidl_default_generators: 1.2.0 (/opt/ros/humble/share/rosidl_default_generators/cmake)
[0.489s] -- Using all available rosidl_typesupport_c: rosidl_typesupport_fastrtps_c;rosidl_typesupport_introspection_c
[0.492s] -- Found rosidl_adapter: 3.1.5 (/opt/ros/humble/share/rosidl_adapter/cmake)
[0.529s] -- Using all available rosidl_typesupport_cpp: rosidl_typesupport_fastrtps_cpp;rosidl_typesupport_introspection_cpp
[0.559s] -- Found std_msgs: 4.2.4 (/opt/ros/humble/share/std_msgs/cmake)
[0.621s] -- Found vision_msgs: 4.1.1 (/opt/ros/humble/share/vision_msgs/cmake)
[1.102s] -- Found ament_cmake_ros: 0.10.0 (/opt/ros/humble/share/ament_cmake_ros/cmake)
[1.372s] -- Using all available rosidl_typesupport_c: rosidl_typesupport_fastrtps_c;rosidl_typesupport_introspection_c
[1.732s] -- Using all available rosidl_typesupport_cpp: rosidl_typesupport_fastrtps_cpp;rosidl_typesupport_introspection_cpp
[1.755s] -- Found python_cmake_module: 0.10.0 (/opt/ros/humble/share/python_cmake_module/cmake)
[1.777s] -- Using PYTHON_EXECUTABLE: /usr/bin/python3
[1.778s] -- Using PYTHON_INCLUDE_DIRS: /usr/include/python3.10
[1.778s] -- Using PYTHON_LIBRARIES: /usr/lib/x86_64-linux-gnu/libpython3.10.so
[1.831s] -- Configuring done
[1.879s] -- Generating done
[1.882s] -- Build files have been written to: /home/kishoreyogaraj/tracking_ws/build/tracking_msgs
[1.908s] [  1%] [34m[1mGenerating C code for ROS interfaces[0m
[1.919s] [  2%] [34m[1mGenerating C++ code for ROS interfaces[0m
[1.930s] [  2%] Built target ament_cmake_python_copy_tracking_msgs
[2.214s] running egg_info
[2.215s] writing tracking_msgs.egg-info/PKG-INFO
[2.215s] writing dependency_links to tracking_msgs.egg-info/dependency_links.txt
[2.215s] writing top-level names to tracking_msgs.egg-info/top_level.txt
[2.218s] reading manifest file 'tracking_msgs.egg-info/SOURCES.txt'
[2.219s] writing manifest file 'tracking_msgs.egg-info/SOURCES.txt'
[2.247s] [  2%] Built target ament_cmake_python_build_tracking_msgs_egg
[2.567s] [  2%] Built target tracking_msgs__cpp
[2.578s] [  3%] [34m[1mGenerating C++ type support dispatch for ROS interfaces[0m
[2.581s] [  5%] [34m[1mGenerating C++ introspection for ROS interfaces[0m
[2.582s] [  6%] [34m[1mGenerating C++ type support for eProsima Fast-RTPS[0m
[2.754s] [35m[1mConsolidate compiler generated dependencies of target tracking_msgs__rosidl_generator_c[0m
[2.771s] [  8%] [32mBuilding C object CMakeFiles/tracking_msgs__rosidl_generator_c.dir/rosidl_generator_c/tracking_msgs/msg/detail/tracked_detection3_d_array__functions.c.o[0m
[2.772s] [ 10%] [32mBuilding C object CMakeFiles/tracking_msgs__rosidl_generator_c.dir/rosidl_generator_c/tracking_msgs/msg/detail/obstacle__functions.c.o[0m
[2.773s] [ 10%] [32mBuilding C object CMakeFiles/tracking_msgs__rosidl_generator_c.dir/rosidl_generator_c/tracking_msgs/msg/detail/tracked_detection3_d__functions.c.o[0m
[2.777s] [ 11%] [32mBuilding C object CMakeFiles/tracking_msgs__rosidl_generator_c.dir/rosidl_generator_c/tracking_msgs/msg/detail/tracked_obstacle__functions.c.o[0m
[2.780s] [ 12%] [32mBuilding C object CMakeFiles/tracking_msgs__rosidl_generator_c.dir/rosidl_generator_c/tracking_msgs/msg/detail/tracked_obstacle_list__functions.c.o[0m
[2.869s] [ 13%] [32mBuilding C object CMakeFiles/tracking_msgs__rosidl_generator_c.dir/rosidl_generator_c/tracking_msgs/msg/detail/tracked_obstacle_state__functions.c.o[0m
[2.882s] [ 15%] [32mBuilding C object CMakeFiles/tracking_msgs__rosidl_generator_c.dir/rosidl_generator_c/tracking_msgs/msg/detail/obstacle_list__functions.c.o[0m
[2.965s] [ 16%] [32m[1mLinking C shared library libtracking_msgs__rosidl_generator_c.so[0m
[3.027s] [ 16%] Built target tracking_msgs__rosidl_generator_c
[3.044s] [ 18%] [34m[1mGenerating C type support for eProsima Fast-RTPS[0m
[3.045s] [ 20%] [34m[1mGenerating C introspection for ROS interfaces[0m
[3.046s] [ 20%] [34m[1mGenerating C type support dispatch for ROS interfaces[0m
[3.325s] [35m[1mConsolidate compiler generated dependencies of target tracking_msgs__rosidl_typesupport_cpp[0m
[3.353s] [ 21%] [32mBuilding CXX object CMakeFiles/tracking_msgs__rosidl_typesupport_cpp.dir/rosidl_typesupport_cpp/tracking_msgs/msg/tracked_detection3_d__type_support.cpp.o[0m
[3.355s] [ 22%] [32mBuilding CXX object CMakeFiles/tracking_msgs__rosidl_typesupport_cpp.dir/rosidl_typesupport_cpp/tracking_msgs/msg/tracked_detection3_d_array__type_support.cpp.o[0m
[3.384s] [ 24%] [32mBuilding CXX object CMakeFiles/tracking_msgs__rosidl_typesupport_cpp.dir/rosidl_typesupport_cpp/tracking_msgs/msg/obstacle__type_support.cpp.o[0m
[3.727s] [35m[1mConsolidate compiler generated dependencies of target tracking_msgs__rosidl_typesupport_introspection_cpp[0m
[3.769s] [ 25%] [32mBuilding CXX object CMakeFiles/tracking_msgs__rosidl_typesupport_introspection_cpp.dir/rosidl_typesupport_introspection_cpp/tracking_msgs/msg/detail/tracked_detection3_d__type_support.cpp.o[0m
[3.828s] [35m[1mConsolidate compiler generated dependencies of target tracking_msgs__rosidl_typesupport_fastrtps_cpp[0m
[3.857s] [ 26%] [32mBuilding CXX object CMakeFiles/tracking_msgs__rosidl_typesupport_cpp.dir/rosidl_typesupport_cpp/tracking_msgs/msg/tracked_obstacle__type_support.cpp.o[0m
[3.859s] [ 27%] [32mBuilding CXX object CMakeFiles/tracking_msgs__rosidl_typesupport_fastrtps_cpp.dir/rosidl_typesupport_fastrtps_cpp/tracking_msgs/msg/detail/dds_fastrtps/tracked_detection3_d__type_support.cpp.o[0m
[3.869s] [ 29%] [32mBuilding CXX object CMakeFiles/tracking_msgs__rosidl_typesupport_introspection_cpp.dir/rosidl_typesupport_introspection_cpp/tracking_msgs/msg/detail/tracked_detection3_d_array__type_support.cpp.o[0m
[3.976s] [ 30%] [32mBuilding CXX object CMakeFiles/tracking_msgs__rosidl_typesupport_introspection_cpp.dir/rosidl_typesupport_introspection_cpp/tracking_msgs/msg/detail/obstacle__type_support.cpp.o[0m
[3.993s] [35m[1mConsolidate compiler generated dependencies of target tracking_msgs__rosidl_typesupport_c[0m
[4.014s] [ 31%] [32mBuilding CXX object CMakeFiles/tracking_msgs__rosidl_typesupport_c.dir/rosidl_typesupport_c/tracking_msgs/msg/tracked_detection3_d__type_support.cpp.o[0m
[4.089s] [ 32%] [32mBuilding CXX object CMakeFiles/tracking_msgs__rosidl_typesupport_c.dir/rosidl_typesupport_c/tracking_msgs/msg/tracked_detection3_d_array__type_support.cpp.o[0m
[4.145s] [ 34%] [32mBuilding CXX object CMakeFiles/tracking_msgs__rosidl_typesupport_c.dir/rosidl_typesupport_c/tracking_msgs/msg/obstacle__type_support.cpp.o[0m
[4.220s] [ 35%] [32mBuilding CXX object CMakeFiles/tracking_msgs__rosidl_typesupport_c.dir/rosidl_typesupport_c/tracking_msgs/msg/tracked_obstacle__type_support.cpp.o[0m
[4.308s] [ 36%] [32mBuilding CXX object CMakeFiles/tracking_msgs__rosidl_typesupport_c.dir/rosidl_typesupport_c/tracking_msgs/msg/tracked_obstacle_list__type_support.cpp.o[0m
[4.367s] [ 37%] [32mBuilding CXX object CMakeFiles/tracking_msgs__rosidl_typesupport_cpp.dir/rosidl_typesupport_cpp/tracking_msgs/msg/tracked_obstacle_list__type_support.cpp.o[0m
[4.399s] [35m[1mConsolidate compiler generated dependencies of target tracking_msgs__rosidl_typesupport_introspection_c[0m
[4.424s] [ 39%] [32mBuilding CXX object CMakeFiles/tracking_msgs__rosidl_typesupport_c.dir/rosidl_typesupport_c/tracking_msgs/msg/tracked_obstacle_state__type_support.cpp.o[0m
[4.430s] [35m[1mConsolidate compiler generated dependencies of target tracking_msgs__rosidl_typesupport_fastrtps_c[0m
[4.441s] [ 40%] [32mBuilding C object CMakeFiles/tracking_msgs__rosidl_typesupport_introspection_c.dir/rosidl_typesupport_introspection_c/tracking_msgs/msg/detail/tracked_detection3_d__type_support.c.o[0m
[4.484s] [ 41%] [32mBuilding CXX object CMakeFiles/tracking_msgs__rosidl_typesupport_c.dir/rosidl_typesupport_c/tracking_msgs/msg/obstacle_list__type_support.cpp.o[0m
[4.505s] [ 43%] [32mBuilding CXX object CMakeFiles/tracking_msgs__rosidl_typesupport_fastrtps_c.dir/rosidl_typesupport_fastrtps_c/tracking_msgs/msg/detail/tracked_detection3_d__type_support_c.cpp.o[0m
[4.552s] [ 44%] [32m[1mLinking CXX shared library libtracking_msgs__rosidl_typesupport_c.so[0m
[4.576s] [ 45%] [32mBuilding C object CMakeFiles/tracking_msgs__rosidl_typesupport_introspection_c.dir/rosidl_typesupport_introspection_c/tracking_msgs/msg/detail/tracked_detection3_d_array__type_support.c.o[0m
[4.647s] [ 46%] [32mBuilding C object CMakeFiles/tracking_msgs__rosidl_typesupport_introspection_c.dir/rosidl_typesupport_introspection_c/tracking_msgs/msg/detail/obstacle__type_support.c.o[0m
[4.721s] [ 48%] [32mBuilding CXX object CMakeFiles/tracking_msgs__rosidl_typesupport_cpp.dir/rosidl_typesupport_cpp/tracking_msgs/msg/tracked_obstacle_state__type_support.cpp.o[0m
[4.733s] [ 48%] Built target tracking_msgs__rosidl_typesupport_c
[4.748s] [ 49%] [32mBuilding CXX object CMakeFiles/tracking_msgs__rosidl_typesupport_introspection_cpp.dir/rosidl_typesupport_introspection_cpp/tracking_msgs/msg/detail/tracked_obstacle__type_support.cpp.o[0m
[4.761s] [ 50%] [32mBuilding C object CMakeFiles/tracking_msgs__rosidl_typesupport_introspection_c.dir/rosidl_typesupport_introspection_c/tracking_msgs/msg/detail/tracked_obstacle__type_support.c.o[0m
[4.804s] [ 51%] [32mBuilding CXX object CMakeFiles/tracking_msgs__rosidl_typesupport_cpp.dir/rosidl_typesupport_cpp/tracking_msgs/msg/obstacle_list__type_support.cpp.o[0m
[4.826s] [ 53%] [32mBuilding CXX object CMakeFiles/tracking_msgs__rosidl_typesupport_fastrtps_cpp.dir/rosidl_typesupport_fastrtps_cpp/tracking_msgs/msg/detail/dds_fastrtps/tracked_detection3_d_array__type_support.cpp.o[0m
[4.889s] [ 54%] [32mBuilding C object CMakeFiles/tracking_msgs__rosidl_typesupport_introspection_c.dir/rosidl_typesupport_introspection_c/tracking_msgs/msg/detail/tracked_obstacle_list__type_support.c.o[0m
[4.903s] [ 55%] [32mBuilding C object CMakeFiles/tracking_msgs__rosidl_typesupport_introspection_c.dir/rosidl_typesupport_introspection_c/tracking_msgs/msg/detail/tracked_obstacle_state__type_support.c.o[0m
[4.977s] [ 56%] [32mBuilding C object CMakeFiles/tracking_msgs__rosidl_typesupport_introspection_c.dir/rosidl_typesupport_introspection_c/tracking_msgs/msg/detail/obstacle_list__type_support.c.o[0m
[5.009s] [ 58%] [32mBuilding CXX object CMakeFiles/tracking_msgs__rosidl_typesupport_introspection_cpp.dir/rosidl_typesupport_introspection_cpp/tracking_msgs/msg/detail/tracked_obstacle_list__type_support.cpp.o[0m
[5.043s] [ 59%] [32mBuilding CXX object CMakeFiles/tracking_msgs__rosidl_typesupport_fastrtps_c.dir/rosidl_typesupport_fastrtps_c/tracking_msgs/msg/detail/tracked_detection3_d_array__type_support_c.cpp.o[0m
[5.058s] [ 60%] [32m[1mLinking C shared library libtracking_msgs__rosidl_typesupport_introspection_c.so[0m
[5.178s] [ 60%] Built target tracking_msgs__rosidl_typesupport_introspection_c
[5.179s] [ 62%] [32mBuilding CXX object CMakeFiles/tracking_msgs__rosidl_typesupport_introspection_cpp.dir/rosidl_typesupport_introspection_cpp/tracking_msgs/msg/detail/tracked_obstacle_state__type_support.cpp.o[0m
[5.238s] [ 63%] [32mBuilding CXX object CMakeFiles/tracking_msgs__rosidl_typesupport_fastrtps_cpp.dir/rosidl_typesupport_fastrtps_cpp/tracking_msgs/msg/detail/dds_fastrtps/obstacle__type_support.cpp.o[0m
[5.315s] [ 64%] [32mBuilding CXX object CMakeFiles/tracking_msgs__rosidl_typesupport_fastrtps_cpp.dir/rosidl_typesupport_fastrtps_cpp/tracking_msgs/msg/detail/dds_fastrtps/tracked_obstacle__type_support.cpp.o[0m
[5.373s] [ 65%] [32m[1mLinking CXX shared library libtracking_msgs__rosidl_typesupport_cpp.so[0m
[5.558s] [ 65%] Built target tracking_msgs__rosidl_typesupport_cpp
[5.607s] [ 67%] [32mBuilding CXX object CMakeFiles/tracking_msgs__rosidl_typesupport_introspection_cpp.dir/rosidl_typesupport_introspection_cpp/tracking_msgs/msg/detail/obstacle_list__type_support.cpp.o[0m
[5.646s] [ 68%] [32mBuilding CXX object CMakeFiles/tracking_msgs__rosidl_typesupport_fastrtps_c.dir/rosidl_typesupport_fastrtps_c/tracking_msgs/msg/detail/obstacle__type_support_c.cpp.o[0m
[5.745s] [ 69%] [32mBuilding CXX object CMakeFiles/tracking_msgs__rosidl_typesupport_fastrtps_c.dir/rosidl_typesupport_fastrtps_c/tracking_msgs/msg/detail/tracked_obstacle__type_support_c.cpp.o[0m
[5.853s] [ 70%] [32mBuilding CXX object CMakeFiles/tracking_msgs__rosidl_typesupport_fastrtps_c.dir/rosidl_typesupport_fastrtps_c/tracking_msgs/msg/detail/tracked_obstacle_list__type_support_c.cpp.o[0m
[5.989s] [ 72%] [32mBuilding CXX object CMakeFiles/tracking_msgs__rosidl_typesupport_fastrtps_c.dir/rosidl_typesupport_fastrtps_c/tracking_msgs/msg/detail/tracked_obstacle_state__type_support_c.cpp.o[0m
[6.032s] [ 73%] [32mBuilding CXX object CMakeFiles/tracking_msgs__rosidl_typesupport_fastrtps_cpp.dir/rosidl_typesupport_fastrtps_cpp/tracking_msgs/msg/detail/dds_fastrtps/tracked_obstacle_list__type_support.cpp.o[0m
[6.077s] [ 74%] [32mBuilding CXX object CMakeFiles/tracking_msgs__rosidl_typesupport_fastrtps_cpp.dir/rosidl_typesupport_fastrtps_cpp/tracking_msgs/msg/detail/dds_fastrtps/tracked_obstacle_state__type_support.cpp.o[0m
[6.165s] [ 75%] [32mBuilding CXX object CMakeFiles/tracking_msgs__rosidl_typesupport_fastrtps_cpp.dir/rosidl_typesupport_fastrtps_cpp/tracking_msgs/msg/detail/dds_fastrtps/obstacle_list__type_support.cpp.o[0m
[6.391s] [ 77%] [32mBuilding CXX object CMakeFiles/tracking_msgs__rosidl_typesupport_fastrtps_c.dir/rosidl_typesupport_fastrtps_c/tracking_msgs/msg/detail/obstacle_list__type_support_c.cpp.o[0m
[6.399s] [ 78%] [32m[1mLinking CXX shared library libtracking_msgs__rosidl_typesupport_introspection_cpp.so[0m
[6.583s] [ 78%] Built target tracking_msgs__rosidl_typesupport_introspection_cpp
[6.822s] [ 79%] [32m[1mLinking CXX shared library libtracking_msgs__rosidl_typesupport_fastrtps_c.so[0m
[6.931s] [ 79%] Built target tracking_msgs__rosidl_typesupport_fastrtps_c
[6.964s] [ 81%] [32m[1mLinking CXX shared library libtracking_msgs__rosidl_typesupport_fastrtps_cpp.so[0m
[7.055s] [ 81%] Built target tracking_msgs__rosidl_typesupport_fastrtps_cpp
[7.077s] [ 81%] Built target tracking_msgs
[7.098s] [ 82%] [34m[1mGenerating Python code for ROS interfaces[0m
[8.075s] [ 82%] Built target tracking_msgs__py
[8.087s] [35m[1mConsolidate compiler generated dependencies of target tracking_msgs__rosidl_generator_py[0m
[8.108s] [ 83%] [32mBuilding C object CMakeFiles/tracking_msgs__rosidl_generator_py.dir/rosidl_generator_py/tracking_msgs/msg/_tracked_detection3_d_s.c.o[0m
[8.109s] [ 86%] [32mBuilding C object CMakeFiles/tracking_msgs__rosidl_generator_py.dir/rosidl_generator_py/tracking_msgs/msg/_obstacle_s.c.o[0m
[8.110s] [ 87%] [32mBuilding C object CMakeFiles/tracking_msgs__rosidl_generator_py.dir/rosidl_generator_py/tracking_msgs/msg/_tracked_obstacle_s.c.o[0m
[8.110s] [ 87%] [32mBuilding C object CMakeFiles/tracking_msgs__rosidl_generator_py.dir/rosidl_generator_py/tracking_msgs/msg/_tracked_detection3_d_array_s.c.o[0m
[8.110s] [ 88%] [32mBuilding C object CMakeFiles/tracking_msgs__rosidl_generator_py.dir/rosidl_generator_py/tracking_msgs/msg/_obstacle_list_s.c.o[0m
[8.111s] [ 91%] [32mBuilding C object CMakeFiles/tracking_msgs__rosidl_generator_py.dir/rosidl_generator_py/tracking_msgs/msg/_tracked_obstacle_state_s.c.o[0m
[8.111s] [ 91%] [32mBuilding C object CMakeFiles/tracking_msgs__rosidl_generator_py.dir/rosidl_generator_py/tracking_msgs/msg/_tracked_obstacle_list_s.c.o[0m
[8.380s] [ 92%] [32m[1mLinking C shared library rosidl_generator_py/tracking_msgs/libtracking_msgs__rosidl_generator_py.so[0m
[8.430s] [ 92%] Built target tracking_msgs__rosidl_generator_py
[8.443s] [35m[1mConsolidate compiler generated dependencies of target tracking_msgs__rosidl_typesupport_fastrtps_c__pyext[0m
[8.445s] [35m[1mConsolidate compiler generated dependencies of target tracking_msgs__rosidl_typesupport_introspection_c__pyext[0m
[8.445s] [35m[1mConsolidate compiler generated dependencies of target tracking_msgs__rosidl_typesupport_c__pyext[0m
[8.463s] [ 93%] [32mBuilding C object CMakeFiles/tracking_msgs__rosidl_typesupport_c__pyext.dir/rosidl_generator_py/tracking_msgs/_tracking_msgs_s.ep.rosidl_typesupport_c.c.o[0m
[8.463s] [ 94%] [32mBuilding C object CMakeFiles/tracking_msgs__rosidl_typesupport_fastrtps_c__pyext.dir/rosidl_generator_py/tracking_msgs/_tracking_msgs_s.ep.rosidl_typesupport_fastrtps_c.c.o[0m
[8.466s] [ 96%] [32mBuilding C object CMakeFiles/tracking_msgs__rosidl_typesupport_introspection_c__pyext.dir/rosidl_generator_py/tracking_msgs/_tracking_msgs_s.ep.rosidl_typesupport_introspection_c.c.o[0m
[8.665s] [ 97%] [32m[1mLinking C shared library rosidl_generator_py/tracking_msgs/tracking_msgs_s__rosidl_typesupport_fastrtps_c.cpython-310-x86_64-linux-gnu.so[0m
[8.680s] [ 98%] [32m[1mLinking C shared library rosidl_generator_py/tracking_msgs/tracking_msgs_s__rosidl_typesupport_c.cpython-310-x86_64-linux-gnu.so[0m
[8.753s] [ 98%] Built target tracking_msgs__rosidl_typesupport_c__pyext
[8.753s] [ 98%] Built target tracking_msgs__rosidl_typesupport_fastrtps_c__pyext
[8.756s] [100%] [32m[1mLinking C shared library rosidl_generator_py/tracking_msgs/tracking_msgs_s__rosidl_typesupport_introspection_c.cpython-310-x86_64-linux-gnu.so[0m
[8.822s] [100%] Built target tracking_msgs__rosidl_typesupport_introspection_c__pyext
[8.841s] Invoked command in '/home/kishoreyogaraj/tracking_ws/build/tracking_msgs' returned '0': CMAKE_PREFIX_PATH=${CMAKE_PREFIX_PATH}:/home/kishoreyogaraj/tracking_ws/install/tracking:/opt/ros/humble /usr/bin/cmake --build /home/kishoreyogaraj/tracking_ws/build/tracking_msgs -- -j8 -l8
[9.044s] Invoking command in '/home/kishoreyogaraj/tracking_ws/build/tracking_msgs': CMAKE_PREFIX_PATH=${CMAKE_PREFIX_PATH}:/home/kishoreyogaraj/tracking_ws/install/tracking:/opt/ros/humble /usr/bin/cmake --install /home/kishoreyogaraj/tracking_ws/build/tracking_msgs
[9.054s] -- Install configuration: ""
[9.055s] -- Installing: /home/kishoreyogaraj/tracking_ws/install/tracking_msgs/share/ament_index/resource_index/rosidl_interfaces/tracking_msgs
[9.055s] -- Up-to-date: /home/kishoreyogaraj/tracking_ws/install/tracking_msgs/include/tracking_msgs/tracking_msgs
[9.055s] -- Up-to-date: /home/kishoreyogaraj/tracking_ws/install/tracking_msgs/include/tracking_msgs/tracking_msgs/msg
[9.055s] -- Installing: /home/kishoreyogaraj/tracking_ws/install/tracking_msgs/include/tracking_msgs/tracking_msgs/msg/tracked_obstacle_list.h
[9.055s] -- Up-to-date: /home/kishoreyogaraj/tracking_ws/install/tracking_msgs/include/tracking_msgs/tracking_msgs/msg/detail
[9.055s] -- Installing: /home/kishoreyogaraj/tracking_ws/install/tracking_msgs/include/tracking_msgs/tracking_msgs/msg/detail/tracked_obstacle__functions.h
[9.055s] -- Installing: /home/kishoreyogaraj/tracking_ws/install/tracking_msgs/include/tracking_msgs/tracking_msgs/msg/detail/tracked_detection3_d_array__functions.c
[9.056s] -- Installing: /home/kishoreyogaraj/tracking_ws/install/tracking_msgs/include/tracking_msgs/tracking_msgs/msg/detail/tracked_obstacle_list__struct.h
[9.056s] -- Installing: /home/kishoreyogaraj/tracking_ws/install/tracking_msgs/include/tracking_msgs/tracking_msgs/msg/detail/obstacle_list__struct.h
[9.056s] -- Installing: /home/kishoreyogaraj/tracking_ws/install/tracking_msgs/include/tracking_msgs/tracking_msgs/msg/detail/tracked_obstacle_state__functions.h
[9.056s] -- Installing: /home/kishoreyogaraj/tracking_ws/install/tracking_msgs/include/tracking_msgs/tracking_msgs/msg/detail/obstacle__type_support.h
[9.056s] -- Installing: /home/kishoreyogaraj/tracking_ws/install/tracking_msgs/include/tracking_msgs/tracking_msgs/msg/detail/tracked_detection3_d_array__functions.h
[9.056s] -- Installing: /home/kishoreyogaraj/tracking_ws/install/tracking_msgs/include/tracking_msgs/tracking_msgs/msg/detail/obstacle__struct.h
[9.056s] -- Installing: /home/kishoreyogaraj/tracking_ws/install/tracking_msgs/include/tracking_msgs/tracking_msgs/msg/detail/obstacle_list__functions.h
[9.057s] -- Installing: /home/kishoreyogaraj/tracking_ws/install/tracking_msgs/include/tracking_msgs/tracking_msgs/msg/detail/tracked_obstacle_list__functions.c
[9.057s] -- Installing: /home/kishoreyogaraj/tracking_ws/install/tracking_msgs/include/tracking_msgs/tracking_msgs/msg/detail/tracked_obstacle__type_support.h
[9.057s] -- Installing: /home/kishoreyogaraj/tracking_ws/install/tracking_msgs/include/tracking_msgs/tracking_msgs/msg/detail/tracked_obstacle_state__functions.c
[9.057s] -- Installing: /home/kishoreyogaraj/tracking_ws/install/tracking_msgs/include/tracking_msgs/tracking_msgs/msg/detail/tracked_detection3_d__type_support.h
[9.057s] -- Installing: /home/kishoreyogaraj/tracking_ws/install/tracking_msgs/include/tracking_msgs/tracking_msgs/msg/detail/obstacle_list__functions.c
[9.057s] -- Installing: /home/kishoreyogaraj/tracking_ws/install/tracking_msgs/include/tracking_msgs/tracking_msgs/msg/detail/tracked_obstacle_state__type_support.h
[9.057s] -- Installing: /home/kishoreyogaraj/tracking_ws/install/tracking_msgs/include/tracking_msgs/tracking_msgs/msg/detail/tracked_detection3_d__functions.h
[9.057s] -- Installing: /home/kishoreyogaraj/tracking_ws/install/tracking_msgs/include/tracking_msgs/tracking_msgs/msg/detail/obstacle__functions.c
[9.058s] -- Installing: /home/kishoreyogaraj/tracking_ws/install/tracking_msgs/include/tracking_msgs/tracking_msgs/msg/detail/tracked_detection3_d__functions.c
[9.058s] -- Installing: /home/kishoreyogaraj/tracking_ws/install/tracking_msgs/include/tracking_msgs/tracking_msgs/msg/detail/tracked_obstacle_state__struct.h
[9.058s] -- Installing: /home/kishoreyogaraj/tracking_ws/install/tracking_msgs/include/tracking_msgs/tracking_msgs/msg/detail/obstacle__functions.h
[9.058s] -- Installing: /home/kishoreyogaraj/tracking_ws/install/tracking_msgs/include/tracking_msgs/tracking_msgs/msg/detail/tracked_obstacle__functions.c
[9.058s] -- Installing: /home/kishoreyogaraj/tracking_ws/install/tracking_msgs/include/tracking_msgs/tracking_msgs/msg/detail/tracked_obstacle_list__type_support.h
[9.059s] -- Installing: /home/kishoreyogaraj/tracking_ws/install/tracking_msgs/include/tracking_msgs/tracking_msgs/msg/detail/obstacle_list__type_support.h
[9.059s] -- Installing: /home/kishoreyogaraj/tracking_ws/install/tracking_msgs/include/tracking_msgs/tracking_msgs/msg/detail/tracked_detection3_d_array__struct.h
[9.059s] -- Installing: /home/kishoreyogaraj/tracking_ws/install/tracking_msgs/include/tracking_msgs/tracking_msgs/msg/detail/tracked_detection3_d_array__type_support.h
[9.059s] -- Installing: /home/kishoreyogaraj/tracking_ws/install/tracking_msgs/include/tracking_msgs/tracking_msgs/msg/detail/tracked_obstacle_list__functions.h
[9.059s] -- Installing: /home/kishoreyogaraj/tracking_ws/install/tracking_msgs/include/tracking_msgs/tracking_msgs/msg/detail/tracked_detection3_d__struct.h
[9.060s] -- Installing: /home/kishoreyogaraj/tracking_ws/install/tracking_msgs/include/tracking_msgs/tracking_msgs/msg/detail/tracked_obstacle__struct.h
[9.060s] -- Installing: /home/kishoreyogaraj/tracking_ws/install/tracking_msgs/include/tracking_msgs/tracking_msgs/msg/tracked_obstacle.h
[9.060s] -- Installing: /home/kishoreyogaraj/tracking_ws/install/tracking_msgs/include/tracking_msgs/tracking_msgs/msg/obstacle_list.h
[9.060s] -- Installing: /home/kishoreyogaraj/tracking_ws/install/tracking_msgs/include/tracking_msgs/tracking_msgs/msg/tracked_detection3_d.h
[9.060s] -- Installing: /home/kishoreyogaraj/tracking_ws/install/tracking_msgs/include/tracking_msgs/tracking_msgs/msg/obstacle.h
[9.060s] -- Up-to-date: /home/kishoreyogaraj/tracking_ws/install/tracking_msgs/include/tracking_msgs/tracking_msgs/msg/rosidl_generator_c__visibility_control.h
[9.060s] -- Installing: /home/kishoreyogaraj/tracking_ws/install/tracking_msgs/include/tracking_msgs/tracking_msgs/msg/tracked_detection3_d_array.h
[9.061s] -- Installing: /home/kishoreyogaraj/tracking_ws/install/tracking_msgs/include/tracking_msgs/tracking_msgs/msg/tracked_obstacle_state.h
[9.061s] -- Up-to-date: /home/kishoreyogaraj/tracking_ws/install/tracking_msgs/share/tracking_msgs/environment/library_path.sh
[9.061s] -- Installing: /home/kishoreyogaraj/tracking_ws/install/tracking_msgs/share/tracking_msgs/environment/library_path.dsv
[9.061s] -- Installing: /home/kishoreyogaraj/tracking_ws/install/tracking_msgs/lib/libtracking_msgs__rosidl_generator_c.so
[9.062s] -- Set runtime path of "/home/kishoreyogaraj/tracking_ws/install/tracking_msgs/lib/libtracking_msgs__rosidl_generator_c.so" to ""
[9.062s] -- Up-to-date: /home/kishoreyogaraj/tracking_ws/install/tracking_msgs/include/tracking_msgs/tracking_msgs
[9.062s] -- Up-to-date: /home/kishoreyogaraj/tracking_ws/install/tracking_msgs/include/tracking_msgs/tracking_msgs/msg
[9.062s] -- Up-to-date: /home/kishoreyogaraj/tracking_ws/install/tracking_msgs/include/tracking_msgs/tracking_msgs/msg/detail
[9.063s] -- Installing: /home/kishoreyogaraj/tracking_ws/install/tracking_msgs/include/tracking_msgs/tracking_msgs/msg/detail/obstacle__rosidl_typesupport_fastrtps_c.h
[9.063s] -- Installing: /home/kishoreyogaraj/tracking_ws/install/tracking_msgs/include/tracking_msgs/tracking_msgs/msg/detail/tracked_obstacle_list__rosidl_typesupport_fastrtps_c.h
[9.063s] -- Installing: /home/kishoreyogaraj/tracking_ws/install/tracking_msgs/include/tracking_msgs/tracking_msgs/msg/detail/tracked_detection3_d_array__rosidl_typesupport_fastrtps_c.h
[9.063s] -- Installing: /home/kishoreyogaraj/tracking_ws/install/tracking_msgs/include/tracking_msgs/tracking_msgs/msg/detail/obstacle_list__rosidl_typesupport_fastrtps_c.h
[9.063s] -- Installing: /home/kishoreyogaraj/tracking_ws/install/tracking_msgs/include/tracking_msgs/tracking_msgs/msg/detail/tracked_obstacle__rosidl_typesupport_fastrtps_c.h
[9.063s] -- Installing: /home/kishoreyogaraj/tracking_ws/install/tracking_msgs/include/tracking_msgs/tracking_msgs/msg/detail/tracked_obstacle_state__rosidl_typesupport_fastrtps_c.h
[9.064s] -- Installing: /home/kishoreyogaraj/tracking_ws/install/tracking_msgs/include/tracking_msgs/tracking_msgs/msg/detail/tracked_detection3_d__rosidl_typesupport_fastrtps_c.h
[9.064s] -- Up-to-date: /home/kishoreyogaraj/tracking_ws/install/tracking_msgs/include/tracking_msgs/tracking_msgs/msg/rosidl_typesupport_fastrtps_c__visibility_control.h
[9.064s] -- Installing: /home/kishoreyogaraj/tracking_ws/install/tracking_msgs/lib/libtracking_msgs__rosidl_typesupport_fastrtps_c.so
[9.064s] -- Set runtime path of "/home/kishoreyogaraj/tracking_ws/install/tracking_msgs/lib/libtracking_msgs__rosidl_typesupport_fastrtps_c.so" to ""
[9.064s] -- Up-to-date: /home/kishoreyogaraj/tracking_ws/install/tracking_msgs/include/tracking_msgs/tracking_msgs
[9.065s] -- Up-to-date: /home/kishoreyogaraj/tracking_ws/install/tracking_msgs/include/tracking_msgs/tracking_msgs/msg
[9.065s] -- Up-to-date: /home/kishoreyogaraj/tracking_ws/install/tracking_msgs/include/tracking_msgs/tracking_msgs/msg/detail
[9.065s] -- Installing: /home/kishoreyogaraj/tracking_ws/install/tracking_msgs/include/tracking_msgs/tracking_msgs/msg/detail/tracked_detection3_d_array__type_support.c
[9.065s] -- Installing: /home/kishoreyogaraj/tracking_ws/install/tracking_msgs/include/tracking_msgs/tracking_msgs/msg/detail/tracked_obstacle_state__type_support.c
[9.065s] -- Installing: /home/kishoreyogaraj/tracking_ws/install/tracking_msgs/include/tracking_msgs/tracking_msgs/msg/detail/tracked_obstacle__type_support.c
[9.065s] -- Installing: /home/kishoreyogaraj/tracking_ws/install/tracking_msgs/include/tracking_msgs/tracking_msgs/msg/detail/tracked_detection3_d_array__rosidl_typesupport_introspection_c.h
[9.065s] -- Installing: /home/kishoreyogaraj/tracking_ws/install/tracking_msgs/include/tracking_msgs/tracking_msgs/msg/detail/obstacle__type_support.c
[9.066s] -- Installing: /home/kishoreyogaraj/tracking_ws/install/tracking_msgs/include/tracking_msgs/tracking_msgs/msg/detail/tracked_obstacle_list__type_support.c
[9.066s] -- Installing: /home/kishoreyogaraj/tracking_ws/install/tracking_msgs/include/tracking_msgs/tracking_msgs/msg/detail/tracked_detection3_d__rosidl_typesupport_introspection_c.h
[9.066s] -- Installing: /home/kishoreyogaraj/tracking_ws/install/tracking_msgs/include/tracking_msgs/tracking_msgs/msg/detail/tracked_detection3_d__type_support.c
[9.066s] -- Installing: /home/kishoreyogaraj/tracking_ws/install/tracking_msgs/include/tracking_msgs/tracking_msgs/msg/detail/tracked_obstacle_list__rosidl_typesupport_introspection_c.h
[9.066s] -- Installing: /home/kishoreyogaraj/tracking_ws/install/tracking_msgs/include/tracking_msgs/tracking_msgs/msg/detail/tracked_obstacle__rosidl_typesupport_introspection_c.h
[9.067s] -- Installing: /home/kishoreyogaraj/tracking_ws/install/tracking_msgs/include/tracking_msgs/tracking_msgs/msg/detail/obstacle_list__type_support.c
[9.067s] -- Installing: /home/kishoreyogaraj/tracking_ws/install/tracking_msgs/include/tracking_msgs/tracking_msgs/msg/detail/obstacle__rosidl_typesupport_introspection_c.h
[9.067s] -- Installing: /home/kishoreyogaraj/tracking_ws/install/tracking_msgs/include/tracking_msgs/tracking_msgs/msg/detail/obstacle_list__rosidl_typesupport_introspection_c.h
[9.067s] -- Installing: /home/kishoreyogaraj/tracking_ws/install/tracking_msgs/include/tracking_msgs/tracking_msgs/msg/detail/tracked_obstacle_state__rosidl_typesupport_introspection_c.h
[9.067s] -- Up-to-date: /home/kishoreyogaraj/tracking_ws/install/tracking_msgs/include/tracking_msgs/tracking_msgs/msg/rosidl_typesupport_introspection_c__visibility_control.h
[9.068s] -- Installing: /home/kishoreyogaraj/tracking_ws/install/tracking_msgs/lib/libtracking_msgs__rosidl_typesupport_introspection_c.so
[9.068s] -- Set runtime path of "/home/kishoreyogaraj/tracking_ws/install/tracking_msgs/lib/libtracking_msgs__rosidl_typesupport_introspection_c.so" to ""
[9.069s] -- Installing: /home/kishoreyogaraj/tracking_ws/install/tracking_msgs/lib/libtracking_msgs__rosidl_typesupport_c.so
[9.070s] -- Set runtime path of "/home/kishoreyogaraj/tracking_ws/install/tracking_msgs/lib/libtracking_msgs__rosidl_typesupport_c.so" to ""
[9.070s] -- Up-to-date: /home/kishoreyogaraj/tracking_ws/install/tracking_msgs/include/tracking_msgs/tracking_msgs
[9.070s] -- Up-to-date: /home/kishoreyogaraj/tracking_ws/install/tracking_msgs/include/tracking_msgs/tracking_msgs/msg
[9.070s] -- Up-to-date: /home/kishoreyogaraj/tracking_ws/install/tracking_msgs/include/tracking_msgs/tracking_msgs/msg/detail
[9.070s] -- Installing: /home/kishoreyogaraj/tracking_ws/install/tracking_msgs/include/tracking_msgs/tracking_msgs/msg/detail/tracked_detection3_d__traits.hpp
[9.071s] -- Installing: /home/kishoreyogaraj/tracking_ws/install/tracking_msgs/include/tracking_msgs/tracking_msgs/msg/detail/tracked_obstacle_state__struct.hpp
[9.071s] -- Installing: /home/kishoreyogaraj/tracking_ws/install/tracking_msgs/include/tracking_msgs/tracking_msgs/msg/detail/tracked_detection3_d__builder.hpp
[9.071s] -- Installing: /home/kishoreyogaraj/tracking_ws/install/tracking_msgs/include/tracking_msgs/tracking_msgs/msg/detail/obstacle_list__struct.hpp
[9.071s] -- Installing: /home/kishoreyogaraj/tracking_ws/install/tracking_msgs/include/tracking_msgs/tracking_msgs/msg/detail/tracked_detection3_d_array__traits.hpp
[9.071s] -- Installing: /home/kishoreyogaraj/tracking_ws/install/tracking_msgs/include/tracking_msgs/tracking_msgs/msg/detail/tracked_obstacle__traits.hpp
[9.071s] -- Installing: /home/kishoreyogaraj/tracking_ws/install/tracking_msgs/include/tracking_msgs/tracking_msgs/msg/detail/tracked_obstacle_list__struct.hpp
[9.071s] -- Installing: /home/kishoreyogaraj/tracking_ws/install/tracking_msgs/include/tracking_msgs/tracking_msgs/msg/detail/obstacle__traits.hpp
[9.072s] -- Installing: /home/kishoreyogaraj/tracking_ws/install/tracking_msgs/include/tracking_msgs/tracking_msgs/msg/detail/tracked_detection3_d__struct.hpp
[9.072s] -- Installing: /home/kishoreyogaraj/tracking_ws/install/tracking_msgs/include/tracking_msgs/tracking_msgs/msg/detail/obstacle__builder.hpp
[9.072s] -- Installing: /home/kishoreyogaraj/tracking_ws/install/tracking_msgs/include/tracking_msgs/tracking_msgs/msg/detail/tracked_obstacle_state__builder.hpp
[9.072s] -- Installing: /home/kishoreyogaraj/tracking_ws/install/tracking_msgs/include/tracking_msgs/tracking_msgs/msg/detail/tracked_obstacle__struct.hpp
[9.073s] -- Installing: /home/kishoreyogaraj/tracking_ws/install/tracking_msgs/include/tracking_msgs/tracking_msgs/msg/detail/obstacle__struct.hpp
[9.073s] -- Installing: /home/kishoreyogaraj/tracking_ws/install/tracking_msgs/include/tracking_msgs/tracking_msgs/msg/detail/tracked_obstacle_list__traits.hpp
[9.073s] -- Installing: /home/kishoreyogaraj/tracking_ws/install/tracking_msgs/include/tracking_msgs/tracking_msgs/msg/detail/obstacle_list__builder.hpp
[9.073s] -- Installing: /home/kishoreyogaraj/tracking_ws/install/tracking_msgs/include/tracking_msgs/tracking_msgs/msg/detail/tracked_obstacle_list__builder.hpp
[9.073s] -- Installing: /home/kishoreyogaraj/tracking_ws/install/tracking_msgs/include/tracking_msgs/tracking_msgs/msg/detail/tracked_detection3_d_array__builder.hpp
[9.074s] -- Installing: /home/kishoreyogaraj/tracking_ws/install/tracking_msgs/include/tracking_msgs/tracking_msgs/msg/detail/tracked_detection3_d_array__struct.hpp
[9.074s] -- Installing: /home/kishoreyogaraj/tracking_ws/install/tracking_msgs/include/tracking_msgs/tracking_msgs/msg/detail/tracked_obstacle_state__traits.hpp
[9.074s] -- Installing: /home/kishoreyogaraj/tracking_ws/install/tracking_msgs/include/tracking_msgs/tracking_msgs/msg/detail/tracked_obstacle__builder.hpp
[9.074s] -- Installing: /home/kishoreyogaraj/tracking_ws/install/tracking_msgs/include/tracking_msgs/tracking_msgs/msg/detail/obstacle_list__traits.hpp
[9.074s] -- Installing: /home/kishoreyogaraj/tracking_ws/install/tracking_msgs/include/tracking_msgs/tracking_msgs/msg/tracked_detection3_d.hpp
[9.075s] -- Installing: /home/kishoreyogaraj/tracking_ws/install/tracking_msgs/include/tracking_msgs/tracking_msgs/msg/tracked_obstacle_state.hpp
[9.075s] -- Installing: /home/kishoreyogaraj/tracking_ws/install/tracking_msgs/include/tracking_msgs/tracking_msgs/msg/tracked_detection3_d_array.hpp
[9.075s] -- Installing: /home/kishoreyogaraj/tracking_ws/install/tracking_msgs/include/tracking_msgs/tracking_msgs/msg/obstacle_list.hpp
[9.075s] -- Installing: /home/kishoreyogaraj/tracking_ws/install/tracking_msgs/include/tracking_msgs/tracking_msgs/msg/obstacle.hpp
[9.075s] -- Installing: /home/kishoreyogaraj/tracking_ws/install/tracking_msgs/include/tracking_msgs/tracking_msgs/msg/tracked_obstacle.hpp
[9.076s] -- Installing: /home/kishoreyogaraj/tracking_ws/install/tracking_msgs/include/tracking_msgs/tracking_msgs/msg/tracked_obstacle_list.hpp
[9.076s] -- Up-to-date: /home/kishoreyogaraj/tracking_ws/install/tracking_msgs/include/tracking_msgs/tracking_msgs
[9.076s] -- Up-to-date: /home/kishoreyogaraj/tracking_ws/install/tracking_msgs/include/tracking_msgs/tracking_msgs/msg
[9.076s] -- Up-to-date: /home/kishoreyogaraj/tracking_ws/install/tracking_msgs/include/tracking_msgs/tracking_msgs/msg/detail
[9.076s] -- Installing: /home/kishoreyogaraj/tracking_ws/install/tracking_msgs/include/tracking_msgs/tracking_msgs/msg/detail/obstacle_list__rosidl_typesupport_fastrtps_cpp.hpp
[9.077s] -- Up-to-date: /home/kishoreyogaraj/tracking_ws/install/tracking_msgs/include/tracking_msgs/tracking_msgs/msg/detail/dds_fastrtps
[9.077s] -- Installing: /home/kishoreyogaraj/tracking_ws/install/tracking_msgs/include/tracking_msgs/tracking_msgs/msg/detail/tracked_detection3_d__rosidl_typesupport_fastrtps_cpp.hpp
[9.077s] -- Installing: /home/kishoreyogaraj/tracking_ws/install/tracking_msgs/include/tracking_msgs/tracking_msgs/msg/detail/obstacle__rosidl_typesupport_fastrtps_cpp.hpp
[9.077s] -- Installing: /home/kishoreyogaraj/tracking_ws/install/tracking_msgs/include/tracking_msgs/tracking_msgs/msg/detail/tracked_obstacle_list__rosidl_typesupport_fastrtps_cpp.hpp
[9.077s] -- Installing: /home/kishoreyogaraj/tracking_ws/install/tracking_msgs/include/tracking_msgs/tracking_msgs/msg/detail/tracked_obstacle_state__rosidl_typesupport_fastrtps_cpp.hpp
[9.077s] -- Installing: /home/kishoreyogaraj/tracking_ws/install/tracking_msgs/include/tracking_msgs/tracking_msgs/msg/detail/tracked_obstacle__rosidl_typesupport_fastrtps_cpp.hpp
[9.078s] -- Installing: /home/kishoreyogaraj/tracking_ws/install/tracking_msgs/include/tracking_msgs/tracking_msgs/msg/detail/tracked_detection3_d_array__rosidl_typesupport_fastrtps_cpp.hpp
[9.078s] -- Up-to-date: /home/kishoreyogaraj/tracking_ws/install/tracking_msgs/include/tracking_msgs/tracking_msgs/msg/rosidl_typesupport_fastrtps_cpp__visibility_control.h
[9.078s] -- Installing: /home/kishoreyogaraj/tracking_ws/install/tracking_msgs/lib/libtracking_msgs__rosidl_typesupport_fastrtps_cpp.so
[9.080s] -- Set runtime path of "/home/kishoreyogaraj/tracking_ws/install/tracking_msgs/lib/libtracking_msgs__rosidl_typesupport_fastrtps_cpp.so" to ""
[9.080s] -- Up-to-date: /home/kishoreyogaraj/tracking_ws/install/tracking_msgs/include/tracking_msgs/tracking_msgs
[9.080s] -- Up-to-date: /home/kishoreyogaraj/tracking_ws/install/tracking_msgs/include/tracking_msgs/tracking_msgs/msg
[9.080s] -- Up-to-date: /home/kishoreyogaraj/tracking_ws/install/tracking_msgs/include/tracking_msgs/tracking_msgs/msg/detail
[9.080s] -- Installing: /home/kishoreyogaraj/tracking_ws/install/tracking_msgs/include/tracking_msgs/tracking_msgs/msg/detail/tracked_obstacle_list__type_support.cpp
[9.081s] -- Installing: /home/kishoreyogaraj/tracking_ws/install/tracking_msgs/include/tracking_msgs/tracking_msgs/msg/detail/tracked_obstacle__type_support.cpp
[9.081s] -- Installing: /home/kishoreyogaraj/tracking_ws/install/tracking_msgs/include/tracking_msgs/tracking_msgs/msg/detail/tracked_detection3_d__type_support.cpp
[9.081s] -- Installing: /home/kishoreyogaraj/tracking_ws/install/tracking_msgs/include/tracking_msgs/tracking_msgs/msg/detail/tracked_obstacle_state__rosidl_typesupport_introspection_cpp.hpp
[9.081s] -- Installing: /home/kishoreyogaraj/tracking_ws/install/tracking_msgs/include/tracking_msgs/tracking_msgs/msg/detail/tracked_obstacle__rosidl_typesupport_introspection_cpp.hpp
[9.081s] -- Installing: /home/kishoreyogaraj/tracking_ws/install/tracking_msgs/include/tracking_msgs/tracking_msgs/msg/detail/obstacle__type_support.cpp
[9.081s] -- Installing: /home/kishoreyogaraj/tracking_ws/install/tracking_msgs/include/tracking_msgs/tracking_msgs/msg/detail/tracked_detection3_d_array__type_support.cpp
[9.082s] -- Installing: /home/kishoreyogaraj/tracking_ws/install/tracking_msgs/include/tracking_msgs/tracking_msgs/msg/detail/tracked_obstacle_state__type_support.cpp
[9.082s] -- Installing: /home/kishoreyogaraj/tracking_ws/install/tracking_msgs/include/tracking_msgs/tracking_msgs/msg/detail/obstacle_list__rosidl_typesupport_introspection_cpp.hpp
[9.082s] -- Installing: /home/kishoreyogaraj/tracking_ws/install/tracking_msgs/include/tracking_msgs/tracking_msgs/msg/detail/tracked_detection3_d__rosidl_typesupport_introspection_cpp.hpp
[9.082s] -- Installing: /home/kishoreyogaraj/tracking_ws/install/tracking_msgs/include/tracking_msgs/tracking_msgs/msg/detail/tracked_obstacle_list__rosidl_typesupport_introspection_cpp.hpp
[9.083s] -- Installing: /home/kishoreyogaraj/tracking_ws/install/tracking_msgs/include/tracking_msgs/tracking_msgs/msg/detail/obstacle_list__type_support.cpp
[9.083s] -- Installing: /home/kishoreyogaraj/tracking_ws/install/tracking_msgs/include/tracking_msgs/tracking_msgs/msg/detail/tracked_detection3_d_array__rosidl_typesupport_introspection_cpp.hpp
[9.083s] -- Installing: /home/kishoreyogaraj/tracking_ws/install/tracking_msgs/include/tracking_msgs/tracking_msgs/msg/detail/obstacle__rosidl_typesupport_introspection_cpp.hpp
[9.083s] -- Installing: /home/kishoreyogaraj/tracking_ws/install/tracking_msgs/lib/libtracking_msgs__rosidl_typesupport_introspection_cpp.so
[9.085s] -- Set runtime path of "/home/kishoreyogaraj/tracking_ws/install/tracking_msgs/lib/libtracking_msgs__rosidl_typesupport_introspection_cpp.so" to ""
[9.085s] -- Installing: /home/kishoreyogaraj/tracking_ws/install/tracking_msgs/lib/libtracking_msgs__rosidl_typesupport_cpp.so
[9.086s] -- Set runtime path of "/home/kishoreyogaraj/tracking_ws/install/tracking_msgs/lib/libtracking_msgs__rosidl_typesupport_cpp.so" to ""
[9.086s] -- Up-to-date: /home/kishoreyogaraj/tracking_ws/install/tracking_msgs/share/tracking_msgs/environment/pythonpath.sh
[9.086s] -- Installing: /home/kishoreyogaraj/tracking_ws/install/tracking_msgs/share/tracking_msgs/environment/pythonpath.dsv
[9.086s] -- Up-to-date: /home/kishoreyogaraj/tracking_ws/install/tracking_msgs/local/lib/python3.10/dist-packages/tracking_msgs-0.0.0-py3.10.egg-info
[9.086s] -- Installing: /home/kishoreyogaraj/tracking_ws/install/tracking_msgs/local/lib/python3.10/dist-packages/tracking_msgs-0.0.0-py3.10.egg-info/top_level.txt
[9.086s] -- Installing: /home/kishoreyogaraj/tracking_ws/install/tracking_msgs/local/lib/python3.10/dist-packages/tracking_msgs-0.0.0-py3.10.egg-info/dependency_links.txt
[9.087s] -- Installing: /home/kishoreyogaraj/tracking_ws/install/tracking_msgs/local/lib/python3.10/dist-packages/tracking_msgs-0.0.0-py3.10.egg-info/PKG-INFO
[9.087s] -- Installing: /home/kishoreyogaraj/tracking_ws/install/tracking_msgs/local/lib/python3.10/dist-packages/tracking_msgs-0.0.0-py3.10.egg-info/SOURCES.txt
[9.087s] -- Up-to-date: /home/kishoreyogaraj/tracking_ws/install/tracking_msgs/local/lib/python3.10/dist-packages/tracking_msgs
[9.087s] -- Up-to-date: /home/kishoreyogaraj/tracking_ws/install/tracking_msgs/local/lib/python3.10/dist-packages/tracking_msgs/msg
[9.088s] -- Installing: /home/kishoreyogaraj/tracking_ws/install/tracking_msgs/local/lib/python3.10/dist-packages/tracking_msgs/msg/_tracked_detection3_d.py
[9.088s] -- Installing: /home/kishoreyogaraj/tracking_ws/install/tracking_msgs/local/lib/python3.10/dist-packages/tracking_msgs/msg/_tracked_obstacle_s.c
[9.088s] -- Installing: /home/kishoreyogaraj/tracking_ws/install/tracking_msgs/local/lib/python3.10/dist-packages/tracking_msgs/msg/_tracked_detection3_d_s.c
[9.088s] -- Installing: /home/kishoreyogaraj/tracking_ws/install/tracking_msgs/local/lib/python3.10/dist-packages/tracking_msgs/msg/_tracked_obstacle_list.py
[9.088s] -- Installing: /home/kishoreyogaraj/tracking_ws/install/tracking_msgs/local/lib/python3.10/dist-packages/tracking_msgs/msg/_tracked_detection3_d_array.py
[9.088s] -- Installing: /home/kishoreyogaraj/tracking_ws/install/tracking_msgs/local/lib/python3.10/dist-packages/tracking_msgs/msg/__init__.py
[9.089s] -- Installing: /home/kishoreyogaraj/tracking_ws/install/tracking_msgs/local/lib/python3.10/dist-packages/tracking_msgs/msg/_obstacle_list.py
[9.089s] -- Installing: /home/kishoreyogaraj/tracking_ws/install/tracking_msgs/local/lib/python3.10/dist-packages/tracking_msgs/msg/_tracked_obstacle.py
[9.089s] -- Installing: /home/kishoreyogaraj/tracking_ws/install/tracking_msgs/local/lib/python3.10/dist-packages/tracking_msgs/msg/_obstacle.py
[9.089s] -- Installing: /home/kishoreyogaraj/tracking_ws/install/tracking_msgs/local/lib/python3.10/dist-packages/tracking_msgs/msg/_obstacle_list_s.c
[9.089s] -- Installing: /home/kishoreyogaraj/tracking_ws/install/tracking_msgs/local/lib/python3.10/dist-packages/tracking_msgs/msg/_tracked_obstacle_state_s.c
[9.089s] -- Installing: /home/kishoreyogaraj/tracking_ws/install/tracking_msgs/local/lib/python3.10/dist-packages/tracking_msgs/msg/_tracked_obstacle_state.py
[9.089s] -- Installing: /home/kishoreyogaraj/tracking_ws/install/tracking_msgs/local/lib/python3.10/dist-packages/tracking_msgs/msg/_tracked_detection3_d_array_s.c
[9.090s] -- Installing: /home/kishoreyogaraj/tracking_ws/install/tracking_msgs/local/lib/python3.10/dist-packages/tracking_msgs/msg/_tracked_obstacle_list_s.c
[9.090s] -- Installing: /home/kishoreyogaraj/tracking_ws/install/tracking_msgs/local/lib/python3.10/dist-packages/tracking_msgs/msg/_obstacle_s.c
[9.090s] -- Installing: /home/kishoreyogaraj/tracking_ws/install/tracking_msgs/local/lib/python3.10/dist-packages/tracking_msgs/tracking_msgs_s__rosidl_typesupport_fastrtps_c.cpython-310-x86_64-linux-gnu.so
[9.090s] -- Installing: /home/kishoreyogaraj/tracking_ws/install/tracking_msgs/local/lib/python3.10/dist-packages/tracking_msgs/_tracking_msgs_s.ep.rosidl_typesupport_fastrtps_c.c
[9.090s] -- Installing: /home/kishoreyogaraj/tracking_ws/install/tracking_msgs/local/lib/python3.10/dist-packages/tracking_msgs/tracking_msgs_s__rosidl_typesupport_introspection_c.cpython-310-x86_64-linux-gnu.so
[9.091s] -- Installing: /home/kishoreyogaraj/tracking_ws/install/tracking_msgs/local/lib/python3.10/dist-packages/tracking_msgs/__init__.py
[9.091s] -- Installing: /home/kishoreyogaraj/tracking_ws/install/tracking_msgs/local/lib/python3.10/dist-packages/tracking_msgs/_tracking_msgs_s.ep.rosidl_typesupport_introspection_c.c
[9.091s] -- Installing: /home/kishoreyogaraj/tracking_ws/install/tracking_msgs/local/lib/python3.10/dist-packages/tracking_msgs/tracking_msgs_s__rosidl_typesupport_c.cpython-310-x86_64-linux-gnu.so
[9.091s] -- Installing: /home/kishoreyogaraj/tracking_ws/install/tracking_msgs/local/lib/python3.10/dist-packages/tracking_msgs/_tracking_msgs_s.ep.rosidl_typesupport_c.c
[9.092s] -- Installing: /home/kishoreyogaraj/tracking_ws/install/tracking_msgs/local/lib/python3.10/dist-packages/tracking_msgs/libtracking_msgs__rosidl_generator_py.so
[9.158s] Listing '/home/kishoreyogaraj/tracking_ws/install/tracking_msgs/local/lib/python3.10/dist-packages/tracking_msgs'...
[9.158s] Compiling '/home/kishoreyogaraj/tracking_ws/install/tracking_msgs/local/lib/python3.10/dist-packages/tracking_msgs/__init__.py'...
[9.158s] Listing '/home/kishoreyogaraj/tracking_ws/install/tracking_msgs/local/lib/python3.10/dist-packages/tracking_msgs/msg'...
[9.158s] Compiling '/home/kishoreyogaraj/tracking_ws/install/tracking_msgs/local/lib/python3.10/dist-packages/tracking_msgs/msg/__init__.py'...
[9.158s] Compiling '/home/kishoreyogaraj/tracking_ws/install/tracking_msgs/local/lib/python3.10/dist-packages/tracking_msgs/msg/_obstacle.py'...
[9.159s] Compiling '/home/kishoreyogaraj/tracking_ws/install/tracking_msgs/local/lib/python3.10/dist-packages/tracking_msgs/msg/_obstacle_list.py'...
[9.159s] Compiling '/home/kishoreyogaraj/tracking_ws/install/tracking_msgs/local/lib/python3.10/dist-packages/tracking_msgs/msg/_tracked_detection3_d.py'...
[9.159s] Compiling '/home/kishoreyogaraj/tracking_ws/install/tracking_msgs/local/lib/python3.10/dist-packages/tracking_msgs/msg/_tracked_detection3_d_array.py'...
[9.159s] Compiling '/home/kishoreyogaraj/tracking_ws/install/tracking_msgs/local/lib/python3.10/dist-packages/tracking_msgs/msg/_tracked_obstacle.py'...
[9.159s] Compiling '/home/kishoreyogaraj/tracking_ws/install/tracking_msgs/local/lib/python3.10/dist-packages/tracking_msgs/msg/_tracked_obstacle_list.py'...
[9.159s] Compiling '/home/kishoreyogaraj/tracking_ws/install/tracking_msgs/local/lib/python3.10/dist-packages/tracking_msgs/msg/_tracked_obstacle_state.py'...
[9.165s] -- Installing: /home/kishoreyogaraj/tracking_ws/install/tracking_msgs/local/lib/python3.10/dist-packages/tracking_msgs/tracking_msgs_s__rosidl_typesupport_fastrtps_c.cpython-310-x86_64-linux-gnu.so
[9.165s] -- Set runtime path of "/home/kishoreyogaraj/tracking_ws/install/tracking_msgs/local/lib/python3.10/dist-packages/tracking_msgs/tracking_msgs_s__rosidl_typesupport_fastrtps_c.cpython-310-x86_64-linux-gnu.so" to ""
[9.166s] -- Installing: /home/kishoreyogaraj/tracking_ws/install/tracking_msgs/local/lib/python3.10/dist-packages/tracking_msgs/tracking_msgs_s__rosidl_typesupport_introspection_c.cpython-310-x86_64-linux-gnu.so
[9.166s] -- Set runtime path of "/home/kishoreyogaraj/tracking_ws/install/tracking_msgs/local/lib/python3.10/dist-packages/tracking_msgs/tracking_msgs_s__rosidl_typesupport_introspection_c.cpython-310-x86_64-linux-gnu.so" to ""
[9.167s] -- Installing: /home/kishoreyogaraj/tracking_ws/install/tracking_msgs/local/lib/python3.10/dist-packages/tracking_msgs/tracking_msgs_s__rosidl_typesupport_c.cpython-310-x86_64-linux-gnu.so
[9.167s] -- Set runtime path of "/home/kishoreyogaraj/tracking_ws/install/tracking_msgs/local/lib/python3.10/dist-packages/tracking_msgs/tracking_msgs_s__rosidl_typesupport_c.cpython-310-x86_64-linux-gnu.so" to ""
[9.168s] -- Installing: /home/kishoreyogaraj/tracking_ws/install/tracking_msgs/lib/libtracking_msgs__rosidl_generator_py.so
[9.169s] -- Set runtime path of "/home/kishoreyogaraj/tracking_ws/install/tracking_msgs/lib/libtracking_msgs__rosidl_generator_py.so" to ""
[9.169s] -- Up-to-date: /home/kishoreyogaraj/tracking_ws/install/tracking_msgs/share/tracking_msgs/msg/TrackedDetection3D.idl
[9.169s] -- Up-to-date: /home/kishoreyogaraj/tracking_ws/install/tracking_msgs/share/tracking_msgs/msg/TrackedDetection3DArray.idl
[9.169s] -- Up-to-date: /home/kishoreyogaraj/tracking_ws/install/tracking_msgs/share/tracking_msgs/msg/Obstacle.idl
[9.169s] -- Up-to-date: /home/kishoreyogaraj/tracking_ws/install/tracking_msgs/share/tracking_msgs/msg/TrackedObstacle.idl
[9.170s] -- Up-to-date: /home/kishoreyogaraj/tracking_ws/install/tracking_msgs/share/tracking_msgs/msg/TrackedObstacleList.idl
[9.170s] -- Up-to-date: /home/kishoreyogaraj/tracking_ws/install/tracking_msgs/share/tracking_msgs/msg/TrackedObstacleState.idl
[9.170s] -- Installing: /home/kishoreyogaraj/tracking_ws/install/tracking_msgs/share/tracking_msgs/msg/ObstacleList.idl
[9.170s] -- Up-to-date: /home/kishoreyogaraj/tracking_ws/install/tracking_msgs/share/tracking_msgs/msg/TrackedDetection3D.msg
[9.170s] -- Up-to-date: /home/kishoreyogaraj/tracking_ws/install/tracking_msgs/share/tracking_msgs/msg/TrackedDetection3DArray.msg
[9.170s] -- Up-to-date: /home/kishoreyogaraj/tracking_ws/install/tracking_msgs/share/tracking_msgs/msg/Obstacle.msg
[9.170s] -- Up-to-date: /home/kishoreyogaraj/tracking_ws/install/tracking_msgs/share/tracking_msgs/msg/TrackedObstacle.msg
[9.171s] -- Up-to-date: /home/kishoreyogaraj/tracking_ws/install/tracking_msgs/share/tracking_msgs/msg/TrackedObstacleList.msg
[9.171s] -- Up-to-date: /home/kishoreyogaraj/tracking_ws/install/tracking_msgs/share/tracking_msgs/msg/TrackedObstacleState.msg
[9.171s] -- Installing: /home/kishoreyogaraj/tracking_ws/install/tracking_msgs/share/tracking_msgs/msg/ObstacleList.msg
[9.171s] -- Up-to-date: /home/kishoreyogaraj/tracking_ws/install/tracking_msgs/share/ament_index/resource_index/package_run_dependencies/tracking_msgs
[9.171s] -- Up-to-date: /home/kishoreyogaraj/tracking_ws/install/tracking_msgs/share/ament_index/resource_index/parent_prefix_path/tracking_msgs
[9.171s] -- Up-to-date: /home/kishoreyogaraj/tracking_ws/install/tracking_msgs/share/tracking_msgs/environment/ament_prefix_path.sh
[9.172s] -- Installing: /home/kishoreyogaraj/tracking_ws/install/tracking_msgs/share/tracking_msgs/environment/ament_prefix_path.dsv
[9.172s] -- Up-to-date: /home/kishoreyogaraj/tracking_ws/install/tracking_msgs/share/tracking_msgs/environment/path.sh
[9.172s] -- Installing: /home/kishoreyogaraj/tracking_ws/install/tracking_msgs/share/tracking_msgs/environment/path.dsv
[9.172s] -- Up-to-date: /home/kishoreyogaraj/tracking_ws/install/tracking_msgs/share/tracking_msgs/local_setup.bash
[9.172s] -- Up-to-date: /home/kishoreyogaraj/tracking_ws/install/tracking_msgs/share/tracking_msgs/local_setup.sh
[9.172s] -- Up-to-date: /home/kishoreyogaraj/tracking_ws/install/tracking_msgs/share/tracking_msgs/local_setup.zsh
[9.172s] -- Installing: /home/kishoreyogaraj/tracking_ws/install/tracking_msgs/share/tracking_msgs/local_setup.dsv
[9.173s] -- Installing: /home/kishoreyogaraj/tracking_ws/install/tracking_msgs/share/tracking_msgs/package.dsv
[9.173s] -- Up-to-date: /home/kishoreyogaraj/tracking_ws/install/tracking_msgs/share/ament_index/resource_index/packages/tracking_msgs
[9.173s] -- Up-to-date: /home/kishoreyogaraj/tracking_ws/install/tracking_msgs/share/tracking_msgs/cmake/export_tracking_msgs__rosidl_generator_cExport.cmake
[9.173s] -- Up-to-date: /home/kishoreyogaraj/tracking_ws/install/tracking_msgs/share/tracking_msgs/cmake/export_tracking_msgs__rosidl_generator_cExport-noconfig.cmake
[9.173s] -- Up-to-date: /home/kishoreyogaraj/tracking_ws/install/tracking_msgs/share/tracking_msgs/cmake/export_tracking_msgs__rosidl_typesupport_fastrtps_cExport.cmake
[9.173s] -- Up-to-date: /home/kishoreyogaraj/tracking_ws/install/tracking_msgs/share/tracking_msgs/cmake/export_tracking_msgs__rosidl_typesupport_fastrtps_cExport-noconfig.cmake
[9.173s] -- Up-to-date: /home/kishoreyogaraj/tracking_ws/install/tracking_msgs/share/tracking_msgs/cmake/tracking_msgs__rosidl_typesupport_introspection_cExport.cmake
[9.174s] -- Up-to-date: /home/kishoreyogaraj/tracking_ws/install/tracking_msgs/share/tracking_msgs/cmake/tracking_msgs__rosidl_typesupport_introspection_cExport-noconfig.cmake
[9.174s] -- Up-to-date: /home/kishoreyogaraj/tracking_ws/install/tracking_msgs/share/tracking_msgs/cmake/tracking_msgs__rosidl_typesupport_cExport.cmake
[9.174s] -- Up-to-date: /home/kishoreyogaraj/tracking_ws/install/tracking_msgs/share/tracking_msgs/cmake/tracking_msgs__rosidl_typesupport_cExport-noconfig.cmake
[9.174s] -- Up-to-date: /home/kishoreyogaraj/tracking_ws/install/tracking_msgs/share/tracking_msgs/cmake/export_tracking_msgs__rosidl_generator_cppExport.cmake
[9.174s] -- Up-to-date: /home/kishoreyogaraj/tracking_ws/install/tracking_msgs/share/tracking_msgs/cmake/export_tracking_msgs__rosidl_typesupport_fastrtps_cppExport.cmake
[9.174s] -- Up-to-date: /home/kishoreyogaraj/tracking_ws/install/tracking_msgs/share/tracking_msgs/cmake/export_tracking_msgs__rosidl_typesupport_fastrtps_cppExport-noconfig.cmake
[9.175s] -- Up-to-date: /home/kishoreyogaraj/tracking_ws/install/tracking_msgs/share/tracking_msgs/cmake/tracking_msgs__rosidl_typesupport_introspection_cppExport.cmake
[9.175s] -- Up-to-date: /home/kishoreyogaraj/tracking_ws/install/tracking_msgs/share/tracking_msgs/cmake/tracking_msgs__rosidl_typesupport_introspection_cppExport-noconfig.cmake
[9.175s] -- Up-to-date: /home/kishoreyogaraj/tracking_ws/install/tracking_msgs/share/tracking_msgs/cmake/tracking_msgs__rosidl_typesupport_cppExport.cmake
[9.175s] -- Up-to-date: /home/kishoreyogaraj/tracking_ws/install/tracking_msgs/share/tracking_msgs/cmake/tracking_msgs__rosidl_typesupport_cppExport-noconfig.cmake
[9.175s] -- Up-to-date: /home/kishoreyogaraj/tracking_ws/install/tracking_msgs/share/tracking_msgs/cmake/export_tracking_msgs__rosidl_generator_pyExport.cmake
[9.176s] -- Up-to-date: /home/kishoreyogaraj/tracking_ws/install/tracking_msgs/share/tracking_msgs/cmake/export_tracking_msgs__rosidl_generator_pyExport-noconfig.cmake
[9.176s] -- Installing: /home/kishoreyogaraj/tracking_ws/install/tracking_msgs/share/tracking_msgs/cmake/rosidl_cmake-extras.cmake
[9.176s] -- Up-to-date: /home/kishoreyogaraj/tracking_ws/install/tracking_msgs/share/tracking_msgs/cmake/ament_cmake_export_dependencies-extras.cmake
[9.176s] -- Up-to-date: /home/kishoreyogaraj/tracking_ws/install/tracking_msgs/share/tracking_msgs/cmake/ament_cmake_export_include_directories-extras.cmake
[9.176s] -- Up-to-date: /home/kishoreyogaraj/tracking_ws/install/tracking_msgs/share/tracking_msgs/cmake/ament_cmake_export_libraries-extras.cmake
[9.176s] -- Up-to-date: /home/kishoreyogaraj/tracking_ws/install/tracking_msgs/share/tracking_msgs/cmake/ament_cmake_export_targets-extras.cmake
[9.176s] -- Up-to-date: /home/kishoreyogaraj/tracking_ws/install/tracking_msgs/share/tracking_msgs/cmake/rosidl_cmake_export_typesupport_targets-extras.cmake
[9.177s] -- Up-to-date: /home/kishoreyogaraj/tracking_ws/install/tracking_msgs/share/tracking_msgs/cmake/rosidl_cmake_export_typesupport_libraries-extras.cmake
[9.177s] -- Up-to-date: /home/kishoreyogaraj/tracking_ws/install/tracking_msgs/share/tracking_msgs/cmake/tracking_msgsConfig.cmake
[9.177s] -- Up-to-date: /home/kishoreyogaraj/tracking_ws/install/tracking_msgs/share/tracking_msgs/cmake/tracking_msgsConfig-version.cmake
[9.177s] -- Up-to-date: /home/kishoreyogaraj/tracking_ws/install/tracking_msgs/share/tracking_msgs/package.xml
[9.179s] Invoked command in '/home/kishoreyogaraj/tracking_ws/build/tracking_msgs' returned '0': CMAKE_PREFIX_PATH=${CMAKE_PREFIX_PATH}:/home/kishoreyogaraj/tracking_ws/install/tracking:/opt/ros/humble /usr/bin/cmake --install /home/kishoreyogaraj/tracking_ws/build/tracking_msgs
