[0.668s] Invoking command in '/home/kishoreyogaraj/tracking_ws/src/tracking': PYTHONPATH=/home/kishoreyogaraj/tracking_ws/build/tracking/prefix_override:/home/kishoreyogaraj/tracking_ws/install/tracking/lib/python3.10/site-packages:${PYTHONPATH} /usr/bin/python3 -W ignore:setup.py install is deprecated setup.py egg_info --egg-base ../../build/tracking build --build-base /home/kishoreyogaraj/tracking_ws/build/tracking/build install --record /home/kishoreyogaraj/tracking_ws/build/tracking/install.log --single-version-externally-managed install_data
[0.925s] running egg_info
[0.926s] writing ../../build/tracking/tracking.egg-info/PKG-INFO
[0.926s] writing dependency_links to ../../build/tracking/tracking.egg-info/dependency_links.txt
[0.927s] writing entry points to ../../build/tracking/tracking.egg-info/entry_points.txt
[0.927s] writing requirements to ../../build/tracking/tracking.egg-info/requires.txt
[0.927s] writing top-level names to ../../build/tracking/tracking.egg-info/top_level.txt
[0.929s] reading manifest file '../../build/tracking/tracking.egg-info/SOURCES.txt'
[0.931s] writing manifest file '../../build/tracking/tracking.egg-info/SOURCES.txt'
[0.931s] running build
[0.931s] running build_py
[0.931s] copying tracking/tracker.py -> /home/kishoreyogaraj/tracking_ws/build/tracking/build/lib/tracking
[0.933s] running install
[0.933s] running install_lib
[0.934s] copying /home/kishoreyogaraj/tracking_ws/build/tracking/build/lib/tracking/tracker.py -> /home/kishoreyogaraj/tracking_ws/install/tracking/lib/python3.10/site-packages/tracking
[0.935s] byte-compiling /home/kishoreyogaraj/tracking_ws/install/tracking/lib/python3.10/site-packages/tracking/tracker.py to tracker.cpython-310.pyc
[0.936s] running install_data
[0.937s] running install_egg_info
[0.938s] removing '/home/kishoreyogaraj/tracking_ws/install/tracking/lib/python3.10/site-packages/tracking-0.0.0-py3.10.egg-info' (and everything under it)
[0.939s] Copying ../../build/tracking/tracking.egg-info to /home/kishoreyogaraj/tracking_ws/install/tracking/lib/python3.10/site-packages/tracking-0.0.0-py3.10.egg-info
[0.940s] running install_scripts
[0.960s] Installing detection_publisher script to /home/kishoreyogaraj/tracking_ws/install/tracking/lib/tracking
[0.960s] Installing tracker_node script to /home/kishoreyogaraj/tracking_ws/install/tracking/lib/tracking
[0.961s] writing list of installed files to '/home/kishoreyogaraj/tracking_ws/build/tracking/install.log'
[0.982s] Invoked command in '/home/kishoreyogaraj/tracking_ws/src/tracking' returned '0': PYTHONPATH=/home/kishoreyogaraj/tracking_ws/build/tracking/prefix_override:/home/kishoreyogaraj/tracking_ws/install/tracking/lib/python3.10/site-packages:${PYTHONPATH} /usr/bin/python3 -W ignore:setup.py install is deprecated setup.py egg_info --egg-base ../../build/tracking build --build-base /home/kishoreyogaraj/tracking_ws/build/tracking/build install --record /home/kishoreyogaraj/tracking_ws/build/tracking/install.log --single-version-externally-managed install_data
