[0.298s] Invoking command in '/home/kishoreyogaraj/tracking_ws/build/tracking_msgs': CMAKE_PREFIX_PATH=${CMAKE_PREFIX_PATH}:/home/kishoreyogaraj/tracking_ws/install/tracking:/opt/ros/humble /usr/bin/cmake --build /home/kishoreyogaraj/tracking_ws/build/tracking_msgs -- -j8 -l8
[0.336s] -- Found ament_cmake: 1.3.9 (/opt/ros/humble/share/ament_cmake/cmake)
[0.480s] -- Found rosidl_default_generators: 1.2.0 (/opt/ros/humble/share/rosidl_default_generators/cmake)
[0.483s] -- Using all available rosidl_typesupport_c: rosidl_typesupport_fastrtps_c;rosidl_typesupport_introspection_c
[0.488s] -- Found rosidl_adapter: 3.1.5 (/opt/ros/humble/share/rosidl_adapter/cmake)
[0.531s] -- Using all available rosidl_typesupport_cpp: rosidl_typesupport_fastrtps_cpp;rosidl_typesupport_introspection_cpp
[0.560s] -- Found std_msgs: 4.2.4 (/opt/ros/humble/share/std_msgs/cmake)
[0.623s] -- Found vision_msgs: 4.1.1 (/opt/ros/humble/share/vision_msgs/cmake)
[0.752s] [31mCMake Error at /opt/ros/humble/share/rosidl_cmake/cmake/rosidl_generate_interfaces.cmake:93 (message):
[0.752s]   rosidl_generate_interfaces() the passed file 'msg/ObstacleList.msg' doesn't
[0.752s]   exist relative to the CMAKE_CURRENT_SOURCE_DIR
[0.752s]   '/home/kishoreyogaraj/tracking_ws/src/tracking_msgs'
[0.752s] Call Stack (most recent call first):
[0.753s]   CMakeLists.txt:15 (rosidl_generate_interfaces)
[0.753s] 
[0.753s] [0m
[0.753s] -- Configuring incomplete, errors occurred!
[0.753s] See also "/home/kishoreyogaraj/tracking_ws/build/tracking_msgs/CMakeFiles/CMakeOutput.log".
[0.756s] gmake: *** [Makefile:1827: cmake_check_build_system] Error 1
[0.758s] Invoked command in '/home/kishoreyogaraj/tracking_ws/build/tracking_msgs' returned '2': CMAKE_PREFIX_PATH=${CMAKE_PREFIX_PATH}:/home/kishoreyogaraj/tracking_ws/install/tracking:/opt/ros/humble /usr/bin/cmake --build /home/kishoreyogaraj/tracking_ws/build/tracking_msgs -- -j8 -l8
