[0.312s] Invoking command in '/home/kishoreyogaraj/tracking_ws/build/tracking_msgs': CMAKE_PREFIX_PATH=${CMAKE_PREFIX_PATH}:/home/kishoreyogaraj/tracking_ws/install/tracking:/opt/ros/humble /usr/bin/cmake --build /home/kishoreyogaraj/tracking_ws/build/tracking_msgs -- -j8 -l8
[0.341s] -- Found ament_cmake: 1.3.9 (/opt/ros/humble/share/ament_cmake/cmake)
[0.479s] -- Found rosidl_default_generators: 1.2.0 (/opt/ros/humble/share/rosidl_default_generators/cmake)
[0.482s] -- Using all available rosidl_typesupport_c: rosidl_typesupport_fastrtps_c;rosidl_typesupport_introspection_c
[0.486s] -- Found rosidl_adapter: 3.1.5 (/opt/ros/humble/share/rosidl_adapter/cmake)
[0.519s] -- Using all available rosidl_typesupport_cpp: rosidl_typesupport_fastrtps_cpp;rosidl_typesupport_introspection_cpp
[0.558s] -- Found std_msgs: 4.2.4 (/opt/ros/humble/share/std_msgs/cmake)
[0.625s] -- Found vision_msgs: 4.1.1 (/opt/ros/humble/share/vision_msgs/cmake)
[1.167s] -- Found ament_cmake_ros: 0.10.0 (/opt/ros/humble/share/ament_cmake_ros/cmake)
[1.457s] -- Using all available rosidl_typesupport_c: rosidl_typesupport_fastrtps_c;rosidl_typesupport_introspection_c
[1.852s] -- Using all available rosidl_typesupport_cpp: rosidl_typesupport_fastrtps_cpp;rosidl_typesupport_introspection_cpp
[1.876s] -- Found python_cmake_module: 0.10.0 (/opt/ros/humble/share/python_cmake_module/cmake)
[1.899s] -- Using PYTHON_EXECUTABLE: /usr/bin/python3
[1.899s] -- Using PYTHON_INCLUDE_DIRS: /usr/include/python3.10
[1.899s] -- Using PYTHON_LIBRARIES: /usr/lib/x86_64-linux-gnu/libpython3.10.so
[1.953s] -- Configuring done
[1.999s] -- Generating done
[2.003s] -- Build files have been written to: /home/kishoreyogaraj/tracking_ws/build/tracking_msgs
[2.034s] [  1%] [34m[1mGenerating C code for ROS interfaces[0m
[2.047s] [  2%] [34m[1mGenerating C++ code for ROS interfaces[0m
[2.063s] [  2%] Built target ament_cmake_python_copy_tracking_msgs
[2.484s] running egg_info
[2.485s] writing tracking_msgs.egg-info/PKG-INFO
[2.485s] writing dependency_links to tracking_msgs.egg-info/dependency_links.txt
[2.485s] writing top-level names to tracking_msgs.egg-info/top_level.txt
[2.488s] reading manifest file 'tracking_msgs.egg-info/SOURCES.txt'
[2.489s] writing manifest file 'tracking_msgs.egg-info/SOURCES.txt'
[2.522s] [  2%] Built target ament_cmake_python_build_tracking_msgs_egg
[2.886s] [  2%] Built target tracking_msgs__cpp
[2.901s] [  6%] [34m[1mGenerating C++ introspection for ROS interfaces[0m
[2.901s] [  6%] [34m[1mGenerating C++ type support dispatch for ROS interfaces[0m
[2.901s] [  6%] [34m[1mGenerating C++ type support for eProsima Fast-RTPS[0m
[3.159s] [35m[1mConsolidate compiler generated dependencies of target tracking_msgs__rosidl_generator_c[0m
[3.183s] [  7%] [32mBuilding C object CMakeFiles/tracking_msgs__rosidl_generator_c.dir/rosidl_generator_c/tracking_msgs/msg/detail/tracked_detection3_d_array__functions.c.o[0m
[3.187s] [  8%] [32mBuilding C object CMakeFiles/tracking_msgs__rosidl_generator_c.dir/rosidl_generator_c/tracking_msgs/msg/detail/tracked_obstacle_list__functions.c.o[0m
[3.201s] [ 10%] [32mBuilding C object CMakeFiles/tracking_msgs__rosidl_generator_c.dir/rosidl_generator_c/tracking_msgs/msg/detail/tracked_obstacle__functions.c.o[0m
[3.203s] [ 11%] [32mBuilding C object CMakeFiles/tracking_msgs__rosidl_generator_c.dir/rosidl_generator_c/tracking_msgs/msg/detail/tracked_detection3_d__functions.c.o[0m
[3.217s] [ 12%] [32mBuilding C object CMakeFiles/tracking_msgs__rosidl_generator_c.dir/rosidl_generator_c/tracking_msgs/msg/detail/obstacle__functions.c.o[0m
[3.273s] [ 13%] [32mBuilding C object CMakeFiles/tracking_msgs__rosidl_generator_c.dir/rosidl_generator_c/tracking_msgs/msg/detail/tracked_obstacle_state__functions.c.o[0m
[3.284s] [ 15%] [32mBuilding C object CMakeFiles/tracking_msgs__rosidl_generator_c.dir/rosidl_generator_c/tracking_msgs/msg/detail/obstacle_list__functions.c.o[0m
[3.380s] [ 16%] [32m[1mLinking C shared library libtracking_msgs__rosidl_generator_c.so[0m
[3.429s] [ 16%] Built target tracking_msgs__rosidl_generator_c
[3.444s] [ 17%] [34m[1mGenerating C type support dispatch for ROS interfaces[0m
[3.445s] [ 20%] [34m[1mGenerating C type support for eProsima Fast-RTPS[0m
[3.445s] [ 20%] [34m[1mGenerating C introspection for ROS interfaces[0m
[3.644s] [35m[1mConsolidate compiler generated dependencies of target tracking_msgs__rosidl_typesupport_cpp[0m
[3.675s] [ 21%] [32mBuilding CXX object CMakeFiles/tracking_msgs__rosidl_typesupport_cpp.dir/rosidl_typesupport_cpp/tracking_msgs/msg/tracked_detection3_d_array__type_support.cpp.o[0m
[3.681s] [ 22%] [32mBuilding CXX object CMakeFiles/tracking_msgs__rosidl_typesupport_cpp.dir/rosidl_typesupport_cpp/tracking_msgs/msg/tracked_detection3_d__type_support.cpp.o[0m
[3.704s] [ 24%] [32mBuilding CXX object CMakeFiles/tracking_msgs__rosidl_typesupport_cpp.dir/rosidl_typesupport_cpp/tracking_msgs/msg/obstacle__type_support.cpp.o[0m
[4.182s] [35m[1mConsolidate compiler generated dependencies of target tracking_msgs__rosidl_typesupport_introspection_cpp[0m
[4.201s] [ 25%] [32mBuilding CXX object CMakeFiles/tracking_msgs__rosidl_typesupport_cpp.dir/rosidl_typesupport_cpp/tracking_msgs/msg/tracked_obstacle__type_support.cpp.o[0m
[4.205s] [ 26%] [32mBuilding CXX object CMakeFiles/tracking_msgs__rosidl_typesupport_cpp.dir/rosidl_typesupport_cpp/tracking_msgs/msg/tracked_obstacle_list__type_support.cpp.o[0m
[4.215s] [ 27%] [32mBuilding CXX object CMakeFiles/tracking_msgs__rosidl_typesupport_introspection_cpp.dir/rosidl_typesupport_introspection_cpp/tracking_msgs/msg/detail/tracked_detection3_d__type_support.cpp.o[0m
[4.221s] [35m[1mConsolidate compiler generated dependencies of target tracking_msgs__rosidl_typesupport_fastrtps_cpp[0m
[4.294s] [ 29%] [32mBuilding CXX object CMakeFiles/tracking_msgs__rosidl_typesupport_fastrtps_cpp.dir/rosidl_typesupport_fastrtps_cpp/tracking_msgs/msg/detail/dds_fastrtps/tracked_detection3_d__type_support.cpp.o[0m
[4.363s] [35m[1mConsolidate compiler generated dependencies of target tracking_msgs__rosidl_typesupport_c[0m
[4.372s] [ 30%] [32mBuilding CXX object CMakeFiles/tracking_msgs__rosidl_typesupport_fastrtps_cpp.dir/rosidl_typesupport_fastrtps_cpp/tracking_msgs/msg/detail/dds_fastrtps/tracked_detection3_d_array__type_support.cpp.o[0m
[4.408s] [ 31%] [32mBuilding CXX object CMakeFiles/tracking_msgs__rosidl_typesupport_c.dir/rosidl_typesupport_c/tracking_msgs/msg/tracked_detection3_d__type_support.cpp.o[0m
[4.593s] [ 32%] [32mBuilding CXX object CMakeFiles/tracking_msgs__rosidl_typesupport_c.dir/rosidl_typesupport_c/tracking_msgs/msg/tracked_detection3_d_array__type_support.cpp.o[0m
[4.677s] [ 34%] [32mBuilding CXX object CMakeFiles/tracking_msgs__rosidl_typesupport_c.dir/rosidl_typesupport_c/tracking_msgs/msg/obstacle__type_support.cpp.o[0m
[4.744s] [ 35%] [32mBuilding CXX object CMakeFiles/tracking_msgs__rosidl_typesupport_cpp.dir/rosidl_typesupport_cpp/tracking_msgs/msg/tracked_obstacle_state__type_support.cpp.o[0m
[4.754s] [ 36%] [32mBuilding CXX object CMakeFiles/tracking_msgs__rosidl_typesupport_cpp.dir/rosidl_typesupport_cpp/tracking_msgs/msg/obstacle_list__type_support.cpp.o[0m
[4.779s] [ 37%] [32mBuilding CXX object CMakeFiles/tracking_msgs__rosidl_typesupport_c.dir/rosidl_typesupport_c/tracking_msgs/msg/tracked_obstacle__type_support.cpp.o[0m
[4.851s] [35m[1mConsolidate compiler generated dependencies of target tracking_msgs__rosidl_typesupport_introspection_c[0m
[4.855s] [ 39%] [32mBuilding CXX object CMakeFiles/tracking_msgs__rosidl_typesupport_c.dir/rosidl_typesupport_c/tracking_msgs/msg/tracked_obstacle_list__type_support.cpp.o[0m
[4.907s] [ 40%] [32mBuilding C object CMakeFiles/tracking_msgs__rosidl_typesupport_introspection_c.dir/rosidl_typesupport_introspection_c/tracking_msgs/msg/detail/tracked_detection3_d__type_support.c.o[0m
[4.933s] [ 41%] [32mBuilding CXX object CMakeFiles/tracking_msgs__rosidl_typesupport_c.dir/rosidl_typesupport_c/tracking_msgs/msg/tracked_obstacle_state__type_support.cpp.o[0m
[5.012s] [ 43%] [32mBuilding CXX object CMakeFiles/tracking_msgs__rosidl_typesupport_c.dir/rosidl_typesupport_c/tracking_msgs/msg/obstacle_list__type_support.cpp.o[0m
[5.023s] [35m[1mConsolidate compiler generated dependencies of target tracking_msgs__rosidl_typesupport_fastrtps_c[0m
[5.049s] [ 44%] [32mBuilding C object CMakeFiles/tracking_msgs__rosidl_typesupport_introspection_c.dir/rosidl_typesupport_introspection_c/tracking_msgs/msg/detail/tracked_detection3_d_array__type_support.c.o[0m
[5.070s] [ 45%] [32m[1mLinking CXX shared library libtracking_msgs__rosidl_typesupport_c.so[0m
[5.094s] [ 46%] [32mBuilding CXX object CMakeFiles/tracking_msgs__rosidl_typesupport_fastrtps_c.dir/rosidl_typesupport_fastrtps_c/tracking_msgs/msg/detail/tracked_detection3_d__type_support_c.cpp.o[0m
[5.135s] [ 48%] [32mBuilding CXX object CMakeFiles/tracking_msgs__rosidl_typesupport_introspection_cpp.dir/rosidl_typesupport_introspection_cpp/tracking_msgs/msg/detail/tracked_detection3_d_array__type_support.cpp.o[0m
[5.151s] [ 49%] [32mBuilding C object CMakeFiles/tracking_msgs__rosidl_typesupport_introspection_c.dir/rosidl_typesupport_introspection_c/tracking_msgs/msg/detail/obstacle__type_support.c.o[0m
[5.178s] [ 50%] [32mBuilding CXX object CMakeFiles/tracking_msgs__rosidl_typesupport_fastrtps_c.dir/rosidl_typesupport_fastrtps_c/tracking_msgs/msg/detail/tracked_detection3_d_array__type_support_c.cpp.o[0m
[5.194s] [ 50%] Built target tracking_msgs__rosidl_typesupport_c
[5.221s] [ 51%] [32mBuilding CXX object CMakeFiles/tracking_msgs__rosidl_typesupport_fastrtps_cpp.dir/rosidl_typesupport_fastrtps_cpp/tracking_msgs/msg/detail/dds_fastrtps/obstacle__type_support.cpp.o[0m
[5.267s] [ 53%] [32mBuilding C object CMakeFiles/tracking_msgs__rosidl_typesupport_introspection_c.dir/rosidl_typesupport_introspection_c/tracking_msgs/msg/detail/tracked_obstacle__type_support.c.o[0m
[5.276s] [ 54%] [32mBuilding C object CMakeFiles/tracking_msgs__rosidl_typesupport_introspection_c.dir/rosidl_typesupport_introspection_c/tracking_msgs/msg/detail/tracked_obstacle_list__type_support.c.o[0m
[5.281s] [ 55%] [32mBuilding CXX object CMakeFiles/tracking_msgs__rosidl_typesupport_fastrtps_cpp.dir/rosidl_typesupport_fastrtps_cpp/tracking_msgs/msg/detail/dds_fastrtps/tracked_obstacle__type_support.cpp.o[0m
[5.296s] [ 56%] [32m[1mLinking CXX shared library libtracking_msgs__rosidl_typesupport_cpp.so[0m
[5.364s] [ 56%] Built target tracking_msgs__rosidl_typesupport_cpp
[5.378s] [ 58%] [32mBuilding CXX object CMakeFiles/tracking_msgs__rosidl_typesupport_fastrtps_cpp.dir/rosidl_typesupport_fastrtps_cpp/tracking_msgs/msg/detail/dds_fastrtps/tracked_obstacle_list__type_support.cpp.o[0m
[5.409s] [ 59%] [32mBuilding C object CMakeFiles/tracking_msgs__rosidl_typesupport_introspection_c.dir/rosidl_typesupport_introspection_c/tracking_msgs/msg/detail/tracked_obstacle_state__type_support.c.o[0m
[5.440s] [ 60%] [32mBuilding CXX object CMakeFiles/tracking_msgs__rosidl_typesupport_fastrtps_c.dir/rosidl_typesupport_fastrtps_c/tracking_msgs/msg/detail/obstacle__type_support_c.cpp.o[0m
[5.503s] [ 62%] [32mBuilding C object CMakeFiles/tracking_msgs__rosidl_typesupport_introspection_c.dir/rosidl_typesupport_introspection_c/tracking_msgs/msg/detail/obstacle_list__type_support.c.o[0m
[5.638s] [ 63%] [32m[1mLinking C shared library libtracking_msgs__rosidl_typesupport_introspection_c.so[0m
[5.787s] [ 63%] Built target tracking_msgs__rosidl_typesupport_introspection_c
[5.806s] [ 65%] [32mBuilding CXX object CMakeFiles/tracking_msgs__rosidl_typesupport_fastrtps_c.dir/rosidl_typesupport_fastrtps_c/tracking_msgs/msg/detail/tracked_obstacle__type_support_c.cpp.o[0m
[5.807s] [ 65%] [32mBuilding CXX object CMakeFiles/tracking_msgs__rosidl_typesupport_fastrtps_cpp.dir/rosidl_typesupport_fastrtps_cpp/tracking_msgs/msg/detail/dds_fastrtps/tracked_obstacle_state__type_support.cpp.o[0m
[5.823s] [ 67%] [32mBuilding CXX object CMakeFiles/tracking_msgs__rosidl_typesupport_fastrtps_cpp.dir/rosidl_typesupport_fastrtps_cpp/tracking_msgs/msg/detail/dds_fastrtps/obstacle_list__type_support.cpp.o[0m
[5.985s] [ 68%] [32mBuilding CXX object CMakeFiles/tracking_msgs__rosidl_typesupport_fastrtps_c.dir/rosidl_typesupport_fastrtps_c/tracking_msgs/msg/detail/tracked_obstacle_list__type_support_c.cpp.o[0m
[6.148s] [ 69%] [32mBuilding CXX object CMakeFiles/tracking_msgs__rosidl_typesupport_fastrtps_c.dir/rosidl_typesupport_fastrtps_c/tracking_msgs/msg/detail/tracked_obstacle_state__type_support_c.cpp.o[0m
[6.252s] [ 70%] [32mBuilding CXX object CMakeFiles/tracking_msgs__rosidl_typesupport_introspection_cpp.dir/rosidl_typesupport_introspection_cpp/tracking_msgs/msg/detail/obstacle__type_support.cpp.o[0m
[6.288s] [ 72%] [32mBuilding CXX object CMakeFiles/tracking_msgs__rosidl_typesupport_fastrtps_c.dir/rosidl_typesupport_fastrtps_c/tracking_msgs/msg/detail/obstacle_list__type_support_c.cpp.o[0m
[6.329s] [ 73%] [32mBuilding CXX object CMakeFiles/tracking_msgs__rosidl_typesupport_introspection_cpp.dir/rosidl_typesupport_introspection_cpp/tracking_msgs/msg/detail/tracked_obstacle__type_support.cpp.o[0m
[6.501s] [ 74%] [32mBuilding CXX object CMakeFiles/tracking_msgs__rosidl_typesupport_introspection_cpp.dir/rosidl_typesupport_introspection_cpp/tracking_msgs/msg/detail/tracked_obstacle_list__type_support.cpp.o[0m
[6.669s] [ 75%] [32m[1mLinking CXX shared library libtracking_msgs__rosidl_typesupport_fastrtps_cpp.so[0m
[6.671s] [ 77%] [32mBuilding CXX object CMakeFiles/tracking_msgs__rosidl_typesupport_introspection_cpp.dir/rosidl_typesupport_introspection_cpp/tracking_msgs/msg/detail/tracked_obstacle_state__type_support.cpp.o[0m
[6.701s] [ 78%] [32mBuilding CXX object CMakeFiles/tracking_msgs__rosidl_typesupport_introspection_cpp.dir/rosidl_typesupport_introspection_cpp/tracking_msgs/msg/detail/obstacle_list__type_support.cpp.o[0m
[6.834s] [ 78%] Built target tracking_msgs__rosidl_typesupport_fastrtps_cpp
[6.982s] [ 79%] [32m[1mLinking CXX shared library libtracking_msgs__rosidl_typesupport_fastrtps_c.so[0m
[7.104s] [ 79%] Built target tracking_msgs__rosidl_typesupport_fastrtps_c
[7.328s] [ 81%] [32m[1mLinking CXX shared library libtracking_msgs__rosidl_typesupport_introspection_cpp.so[0m
[7.418s] [ 81%] Built target tracking_msgs__rosidl_typesupport_introspection_cpp
[7.438s] [ 81%] Built target tracking_msgs
[7.459s] [ 82%] [34m[1mGenerating Python code for ROS interfaces[0m
[8.449s] [ 82%] Built target tracking_msgs__py
[8.461s] [35m[1mConsolidate compiler generated dependencies of target tracking_msgs__rosidl_generator_py[0m
[8.484s] [ 83%] [32mBuilding C object CMakeFiles/tracking_msgs__rosidl_generator_py.dir/rosidl_generator_py/tracking_msgs/msg/_tracked_detection3_d_s.c.o[0m
[8.484s] [ 84%] [32mBuilding C object CMakeFiles/tracking_msgs__rosidl_generator_py.dir/rosidl_generator_py/tracking_msgs/msg/_tracked_detection3_d_array_s.c.o[0m
[8.485s] [ 86%] [32mBuilding C object CMakeFiles/tracking_msgs__rosidl_generator_py.dir/rosidl_generator_py/tracking_msgs/msg/_obstacle_s.c.o[0m
[8.485s] [ 87%] [32mBuilding C object CMakeFiles/tracking_msgs__rosidl_generator_py.dir/rosidl_generator_py/tracking_msgs/msg/_tracked_obstacle_s.c.o[0m
[8.486s] [ 88%] [32mBuilding C object CMakeFiles/tracking_msgs__rosidl_generator_py.dir/rosidl_generator_py/tracking_msgs/msg/_obstacle_list_s.c.o[0m
[8.486s] [ 89%] [32mBuilding C object CMakeFiles/tracking_msgs__rosidl_generator_py.dir/rosidl_generator_py/tracking_msgs/msg/_tracked_obstacle_list_s.c.o[0m
[8.488s] [ 91%] [32mBuilding C object CMakeFiles/tracking_msgs__rosidl_generator_py.dir/rosidl_generator_py/tracking_msgs/msg/_tracked_obstacle_state_s.c.o[0m
[8.709s] [ 92%] [32m[1mLinking C shared library rosidl_generator_py/tracking_msgs/libtracking_msgs__rosidl_generator_py.so[0m
[8.758s] [ 92%] Built target tracking_msgs__rosidl_generator_py
[8.768s] [35m[1mConsolidate compiler generated dependencies of target tracking_msgs__rosidl_typesupport_fastrtps_c__pyext[0m
[8.768s] [35m[1mConsolidate compiler generated dependencies of target tracking_msgs__rosidl_typesupport_c__pyext[0m
[8.768s] [35m[1mConsolidate compiler generated dependencies of target tracking_msgs__rosidl_typesupport_introspection_c__pyext[0m
[8.782s] [ 93%] [32mBuilding C object CMakeFiles/tracking_msgs__rosidl_typesupport_introspection_c__pyext.dir/rosidl_generator_py/tracking_msgs/_tracking_msgs_s.ep.rosidl_typesupport_introspection_c.c.o[0m
[8.785s] [ 94%] [32mBuilding C object CMakeFiles/tracking_msgs__rosidl_typesupport_fastrtps_c__pyext.dir/rosidl_generator_py/tracking_msgs/_tracking_msgs_s.ep.rosidl_typesupport_fastrtps_c.c.o[0m
[8.787s] [ 96%] [32mBuilding C object CMakeFiles/tracking_msgs__rosidl_typesupport_c__pyext.dir/rosidl_generator_py/tracking_msgs/_tracking_msgs_s.ep.rosidl_typesupport_c.c.o[0m
[8.927s] [ 97%] [32m[1mLinking C shared library rosidl_generator_py/tracking_msgs/tracking_msgs_s__rosidl_typesupport_introspection_c.cpython-310-x86_64-linux-gnu.so[0m
[8.930s] [ 98%] [32m[1mLinking C shared library rosidl_generator_py/tracking_msgs/tracking_msgs_s__rosidl_typesupport_c.cpython-310-x86_64-linux-gnu.so[0m
[8.977s] [ 98%] Built target tracking_msgs__rosidl_typesupport_introspection_c__pyext
[8.981s] [ 98%] Built target tracking_msgs__rosidl_typesupport_c__pyext
[8.995s] [100%] [32m[1mLinking C shared library rosidl_generator_py/tracking_msgs/tracking_msgs_s__rosidl_typesupport_fastrtps_c.cpython-310-x86_64-linux-gnu.so[0m
[9.045s] [100%] Built target tracking_msgs__rosidl_typesupport_fastrtps_c__pyext
[9.058s] Invoked command in '/home/kishoreyogaraj/tracking_ws/build/tracking_msgs' returned '0': CMAKE_PREFIX_PATH=${CMAKE_PREFIX_PATH}:/home/kishoreyogaraj/tracking_ws/install/tracking:/opt/ros/humble /usr/bin/cmake --build /home/kishoreyogaraj/tracking_ws/build/tracking_msgs -- -j8 -l8
[9.249s] Invoking command in '/home/kishoreyogaraj/tracking_ws/build/tracking_msgs': CMAKE_PREFIX_PATH=${CMAKE_PREFIX_PATH}:/home/kishoreyogaraj/tracking_ws/install/tracking:/opt/ros/humble /usr/bin/cmake --install /home/kishoreyogaraj/tracking_ws/build/tracking_msgs
[9.257s] -- Install configuration: ""
[9.257s] -- Up-to-date: /home/kishoreyogaraj/tracking_ws/install/tracking_msgs/share/ament_index/resource_index/rosidl_interfaces/tracking_msgs
[9.257s] -- Up-to-date: /home/kishoreyogaraj/tracking_ws/install/tracking_msgs/include/tracking_msgs/tracking_msgs
[9.257s] -- Up-to-date: /home/kishoreyogaraj/tracking_ws/install/tracking_msgs/include/tracking_msgs/tracking_msgs/msg
[9.257s] -- Installing: /home/kishoreyogaraj/tracking_ws/install/tracking_msgs/include/tracking_msgs/tracking_msgs/msg/tracked_obstacle_list.h
[9.257s] -- Up-to-date: /home/kishoreyogaraj/tracking_ws/install/tracking_msgs/include/tracking_msgs/tracking_msgs/msg/detail
[9.258s] -- Installing: /home/kishoreyogaraj/tracking_ws/install/tracking_msgs/include/tracking_msgs/tracking_msgs/msg/detail/tracked_obstacle__functions.h
[9.258s] -- Installing: /home/kishoreyogaraj/tracking_ws/install/tracking_msgs/include/tracking_msgs/tracking_msgs/msg/detail/tracked_detection3_d_array__functions.c
[9.258s] -- Installing: /home/kishoreyogaraj/tracking_ws/install/tracking_msgs/include/tracking_msgs/tracking_msgs/msg/detail/tracked_obstacle_list__struct.h
[9.258s] -- Installing: /home/kishoreyogaraj/tracking_ws/install/tracking_msgs/include/tracking_msgs/tracking_msgs/msg/detail/obstacle_list__struct.h
[9.258s] -- Installing: /home/kishoreyogaraj/tracking_ws/install/tracking_msgs/include/tracking_msgs/tracking_msgs/msg/detail/tracked_obstacle_state__functions.h
[9.258s] -- Installing: /home/kishoreyogaraj/tracking_ws/install/tracking_msgs/include/tracking_msgs/tracking_msgs/msg/detail/obstacle__type_support.h
[9.258s] -- Installing: /home/kishoreyogaraj/tracking_ws/install/tracking_msgs/include/tracking_msgs/tracking_msgs/msg/detail/tracked_detection3_d_array__functions.h
[9.259s] -- Installing: /home/kishoreyogaraj/tracking_ws/install/tracking_msgs/include/tracking_msgs/tracking_msgs/msg/detail/obstacle__struct.h
[9.259s] -- Installing: /home/kishoreyogaraj/tracking_ws/install/tracking_msgs/include/tracking_msgs/tracking_msgs/msg/detail/obstacle_list__functions.h
[9.259s] -- Installing: /home/kishoreyogaraj/tracking_ws/install/tracking_msgs/include/tracking_msgs/tracking_msgs/msg/detail/tracked_obstacle_list__functions.c
[9.259s] -- Installing: /home/kishoreyogaraj/tracking_ws/install/tracking_msgs/include/tracking_msgs/tracking_msgs/msg/detail/tracked_obstacle__type_support.h
[9.259s] -- Installing: /home/kishoreyogaraj/tracking_ws/install/tracking_msgs/include/tracking_msgs/tracking_msgs/msg/detail/tracked_obstacle_state__functions.c
[9.259s] -- Installing: /home/kishoreyogaraj/tracking_ws/install/tracking_msgs/include/tracking_msgs/tracking_msgs/msg/detail/tracked_detection3_d__type_support.h
[9.259s] -- Installing: /home/kishoreyogaraj/tracking_ws/install/tracking_msgs/include/tracking_msgs/tracking_msgs/msg/detail/obstacle_list__functions.c
[9.260s] -- Installing: /home/kishoreyogaraj/tracking_ws/install/tracking_msgs/include/tracking_msgs/tracking_msgs/msg/detail/tracked_obstacle_state__type_support.h
[9.260s] -- Installing: /home/kishoreyogaraj/tracking_ws/install/tracking_msgs/include/tracking_msgs/tracking_msgs/msg/detail/tracked_detection3_d__functions.h
[9.260s] -- Installing: /home/kishoreyogaraj/tracking_ws/install/tracking_msgs/include/tracking_msgs/tracking_msgs/msg/detail/obstacle__functions.c
[9.260s] -- Installing: /home/kishoreyogaraj/tracking_ws/install/tracking_msgs/include/tracking_msgs/tracking_msgs/msg/detail/tracked_detection3_d__functions.c
[9.260s] -- Installing: /home/kishoreyogaraj/tracking_ws/install/tracking_msgs/include/tracking_msgs/tracking_msgs/msg/detail/tracked_obstacle_state__struct.h
[9.260s] -- Installing: /home/kishoreyogaraj/tracking_ws/install/tracking_msgs/include/tracking_msgs/tracking_msgs/msg/detail/obstacle__functions.h
[9.261s] -- Installing: /home/kishoreyogaraj/tracking_ws/install/tracking_msgs/include/tracking_msgs/tracking_msgs/msg/detail/tracked_obstacle__functions.c
[9.261s] -- Installing: /home/kishoreyogaraj/tracking_ws/install/tracking_msgs/include/tracking_msgs/tracking_msgs/msg/detail/tracked_obstacle_list__type_support.h
[9.261s] -- Installing: /home/kishoreyogaraj/tracking_ws/install/tracking_msgs/include/tracking_msgs/tracking_msgs/msg/detail/obstacle_list__type_support.h
[9.261s] -- Installing: /home/kishoreyogaraj/tracking_ws/install/tracking_msgs/include/tracking_msgs/tracking_msgs/msg/detail/tracked_detection3_d_array__struct.h
[9.261s] -- Installing: /home/kishoreyogaraj/tracking_ws/install/tracking_msgs/include/tracking_msgs/tracking_msgs/msg/detail/tracked_detection3_d_array__type_support.h
[9.261s] -- Installing: /home/kishoreyogaraj/tracking_ws/install/tracking_msgs/include/tracking_msgs/tracking_msgs/msg/detail/tracked_obstacle_list__functions.h
[9.262s] -- Installing: /home/kishoreyogaraj/tracking_ws/install/tracking_msgs/include/tracking_msgs/tracking_msgs/msg/detail/tracked_detection3_d__struct.h
[9.262s] -- Installing: /home/kishoreyogaraj/tracking_ws/install/tracking_msgs/include/tracking_msgs/tracking_msgs/msg/detail/tracked_obstacle__struct.h
[9.262s] -- Installing: /home/kishoreyogaraj/tracking_ws/install/tracking_msgs/include/tracking_msgs/tracking_msgs/msg/tracked_obstacle.h
[9.262s] -- Installing: /home/kishoreyogaraj/tracking_ws/install/tracking_msgs/include/tracking_msgs/tracking_msgs/msg/obstacle_list.h
[9.262s] -- Installing: /home/kishoreyogaraj/tracking_ws/install/tracking_msgs/include/tracking_msgs/tracking_msgs/msg/tracked_detection3_d.h
[9.262s] -- Installing: /home/kishoreyogaraj/tracking_ws/install/tracking_msgs/include/tracking_msgs/tracking_msgs/msg/obstacle.h
[9.263s] -- Up-to-date: /home/kishoreyogaraj/tracking_ws/install/tracking_msgs/include/tracking_msgs/tracking_msgs/msg/rosidl_generator_c__visibility_control.h
[9.263s] -- Installing: /home/kishoreyogaraj/tracking_ws/install/tracking_msgs/include/tracking_msgs/tracking_msgs/msg/tracked_detection3_d_array.h
[9.263s] -- Installing: /home/kishoreyogaraj/tracking_ws/install/tracking_msgs/include/tracking_msgs/tracking_msgs/msg/tracked_obstacle_state.h
[9.263s] -- Up-to-date: /home/kishoreyogaraj/tracking_ws/install/tracking_msgs/share/tracking_msgs/environment/library_path.sh
[9.263s] -- Installing: /home/kishoreyogaraj/tracking_ws/install/tracking_msgs/share/tracking_msgs/environment/library_path.dsv
[9.263s] -- Installing: /home/kishoreyogaraj/tracking_ws/install/tracking_msgs/lib/libtracking_msgs__rosidl_generator_c.so
[9.264s] -- Set runtime path of "/home/kishoreyogaraj/tracking_ws/install/tracking_msgs/lib/libtracking_msgs__rosidl_generator_c.so" to ""
[9.264s] -- Up-to-date: /home/kishoreyogaraj/tracking_ws/install/tracking_msgs/include/tracking_msgs/tracking_msgs
[9.264s] -- Up-to-date: /home/kishoreyogaraj/tracking_ws/install/tracking_msgs/include/tracking_msgs/tracking_msgs/msg
[9.265s] -- Up-to-date: /home/kishoreyogaraj/tracking_ws/install/tracking_msgs/include/tracking_msgs/tracking_msgs/msg/detail
[9.265s] -- Installing: /home/kishoreyogaraj/tracking_ws/install/tracking_msgs/include/tracking_msgs/tracking_msgs/msg/detail/obstacle__rosidl_typesupport_fastrtps_c.h
[9.265s] -- Installing: /home/kishoreyogaraj/tracking_ws/install/tracking_msgs/include/tracking_msgs/tracking_msgs/msg/detail/tracked_obstacle_list__rosidl_typesupport_fastrtps_c.h
[9.265s] -- Installing: /home/kishoreyogaraj/tracking_ws/install/tracking_msgs/include/tracking_msgs/tracking_msgs/msg/detail/tracked_detection3_d_array__rosidl_typesupport_fastrtps_c.h
[9.265s] -- Installing: /home/kishoreyogaraj/tracking_ws/install/tracking_msgs/include/tracking_msgs/tracking_msgs/msg/detail/obstacle_list__rosidl_typesupport_fastrtps_c.h
[9.265s] -- Installing: /home/kishoreyogaraj/tracking_ws/install/tracking_msgs/include/tracking_msgs/tracking_msgs/msg/detail/tracked_obstacle__rosidl_typesupport_fastrtps_c.h
[9.265s] -- Installing: /home/kishoreyogaraj/tracking_ws/install/tracking_msgs/include/tracking_msgs/tracking_msgs/msg/detail/tracked_obstacle_state__rosidl_typesupport_fastrtps_c.h
[9.266s] -- Installing: /home/kishoreyogaraj/tracking_ws/install/tracking_msgs/include/tracking_msgs/tracking_msgs/msg/detail/tracked_detection3_d__rosidl_typesupport_fastrtps_c.h
[9.266s] -- Up-to-date: /home/kishoreyogaraj/tracking_ws/install/tracking_msgs/include/tracking_msgs/tracking_msgs/msg/rosidl_typesupport_fastrtps_c__visibility_control.h
[9.266s] -- Installing: /home/kishoreyogaraj/tracking_ws/install/tracking_msgs/lib/libtracking_msgs__rosidl_typesupport_fastrtps_c.so
[9.266s] -- Set runtime path of "/home/kishoreyogaraj/tracking_ws/install/tracking_msgs/lib/libtracking_msgs__rosidl_typesupport_fastrtps_c.so" to ""
[9.267s] -- Up-to-date: /home/kishoreyogaraj/tracking_ws/install/tracking_msgs/include/tracking_msgs/tracking_msgs
[9.267s] -- Up-to-date: /home/kishoreyogaraj/tracking_ws/install/tracking_msgs/include/tracking_msgs/tracking_msgs/msg
[9.267s] -- Up-to-date: /home/kishoreyogaraj/tracking_ws/install/tracking_msgs/include/tracking_msgs/tracking_msgs/msg/detail
[9.267s] -- Installing: /home/kishoreyogaraj/tracking_ws/install/tracking_msgs/include/tracking_msgs/tracking_msgs/msg/detail/tracked_detection3_d_array__type_support.c
[9.267s] -- Installing: /home/kishoreyogaraj/tracking_ws/install/tracking_msgs/include/tracking_msgs/tracking_msgs/msg/detail/tracked_obstacle_state__type_support.c
[9.267s] -- Installing: /home/kishoreyogaraj/tracking_ws/install/tracking_msgs/include/tracking_msgs/tracking_msgs/msg/detail/tracked_obstacle__type_support.c
[9.267s] -- Installing: /home/kishoreyogaraj/tracking_ws/install/tracking_msgs/include/tracking_msgs/tracking_msgs/msg/detail/tracked_detection3_d_array__rosidl_typesupport_introspection_c.h
[9.268s] -- Installing: /home/kishoreyogaraj/tracking_ws/install/tracking_msgs/include/tracking_msgs/tracking_msgs/msg/detail/obstacle__type_support.c
[9.268s] -- Installing: /home/kishoreyogaraj/tracking_ws/install/tracking_msgs/include/tracking_msgs/tracking_msgs/msg/detail/tracked_obstacle_list__type_support.c
[9.268s] -- Installing: /home/kishoreyogaraj/tracking_ws/install/tracking_msgs/include/tracking_msgs/tracking_msgs/msg/detail/tracked_detection3_d__rosidl_typesupport_introspection_c.h
[9.268s] -- Installing: /home/kishoreyogaraj/tracking_ws/install/tracking_msgs/include/tracking_msgs/tracking_msgs/msg/detail/tracked_detection3_d__type_support.c
[9.268s] -- Installing: /home/kishoreyogaraj/tracking_ws/install/tracking_msgs/include/tracking_msgs/tracking_msgs/msg/detail/tracked_obstacle_list__rosidl_typesupport_introspection_c.h
[9.268s] -- Installing: /home/kishoreyogaraj/tracking_ws/install/tracking_msgs/include/tracking_msgs/tracking_msgs/msg/detail/tracked_obstacle__rosidl_typesupport_introspection_c.h
[9.268s] -- Installing: /home/kishoreyogaraj/tracking_ws/install/tracking_msgs/include/tracking_msgs/tracking_msgs/msg/detail/obstacle_list__type_support.c
[9.268s] -- Installing: /home/kishoreyogaraj/tracking_ws/install/tracking_msgs/include/tracking_msgs/tracking_msgs/msg/detail/obstacle__rosidl_typesupport_introspection_c.h
[9.269s] -- Installing: /home/kishoreyogaraj/tracking_ws/install/tracking_msgs/include/tracking_msgs/tracking_msgs/msg/detail/obstacle_list__rosidl_typesupport_introspection_c.h
[9.269s] -- Installing: /home/kishoreyogaraj/tracking_ws/install/tracking_msgs/include/tracking_msgs/tracking_msgs/msg/detail/tracked_obstacle_state__rosidl_typesupport_introspection_c.h
[9.269s] -- Up-to-date: /home/kishoreyogaraj/tracking_ws/install/tracking_msgs/include/tracking_msgs/tracking_msgs/msg/rosidl_typesupport_introspection_c__visibility_control.h
[9.269s] -- Installing: /home/kishoreyogaraj/tracking_ws/install/tracking_msgs/lib/libtracking_msgs__rosidl_typesupport_introspection_c.so
[9.270s] -- Set runtime path of "/home/kishoreyogaraj/tracking_ws/install/tracking_msgs/lib/libtracking_msgs__rosidl_typesupport_introspection_c.so" to ""
[9.270s] -- Installing: /home/kishoreyogaraj/tracking_ws/install/tracking_msgs/lib/libtracking_msgs__rosidl_typesupport_c.so
[9.270s] -- Set runtime path of "/home/kishoreyogaraj/tracking_ws/install/tracking_msgs/lib/libtracking_msgs__rosidl_typesupport_c.so" to ""
[9.271s] -- Up-to-date: /home/kishoreyogaraj/tracking_ws/install/tracking_msgs/include/tracking_msgs/tracking_msgs
[9.271s] -- Up-to-date: /home/kishoreyogaraj/tracking_ws/install/tracking_msgs/include/tracking_msgs/tracking_msgs/msg
[9.271s] -- Up-to-date: /home/kishoreyogaraj/tracking_ws/install/tracking_msgs/include/tracking_msgs/tracking_msgs/msg/detail
[9.271s] -- Installing: /home/kishoreyogaraj/tracking_ws/install/tracking_msgs/include/tracking_msgs/tracking_msgs/msg/detail/tracked_detection3_d__traits.hpp
[9.271s] -- Installing: /home/kishoreyogaraj/tracking_ws/install/tracking_msgs/include/tracking_msgs/tracking_msgs/msg/detail/tracked_obstacle_state__struct.hpp
[9.271s] -- Installing: /home/kishoreyogaraj/tracking_ws/install/tracking_msgs/include/tracking_msgs/tracking_msgs/msg/detail/tracked_detection3_d__builder.hpp
[9.271s] -- Installing: /home/kishoreyogaraj/tracking_ws/install/tracking_msgs/include/tracking_msgs/tracking_msgs/msg/detail/obstacle_list__struct.hpp
[9.272s] -- Installing: /home/kishoreyogaraj/tracking_ws/install/tracking_msgs/include/tracking_msgs/tracking_msgs/msg/detail/tracked_detection3_d_array__traits.hpp
[9.272s] -- Installing: /home/kishoreyogaraj/tracking_ws/install/tracking_msgs/include/tracking_msgs/tracking_msgs/msg/detail/tracked_obstacle__traits.hpp
[9.272s] -- Installing: /home/kishoreyogaraj/tracking_ws/install/tracking_msgs/include/tracking_msgs/tracking_msgs/msg/detail/tracked_obstacle_list__struct.hpp
[9.272s] -- Installing: /home/kishoreyogaraj/tracking_ws/install/tracking_msgs/include/tracking_msgs/tracking_msgs/msg/detail/obstacle__traits.hpp
[9.272s] -- Installing: /home/kishoreyogaraj/tracking_ws/install/tracking_msgs/include/tracking_msgs/tracking_msgs/msg/detail/tracked_detection3_d__struct.hpp
[9.272s] -- Installing: /home/kishoreyogaraj/tracking_ws/install/tracking_msgs/include/tracking_msgs/tracking_msgs/msg/detail/obstacle__builder.hpp
[9.272s] -- Installing: /home/kishoreyogaraj/tracking_ws/install/tracking_msgs/include/tracking_msgs/tracking_msgs/msg/detail/tracked_obstacle_state__builder.hpp
[9.273s] -- Installing: /home/kishoreyogaraj/tracking_ws/install/tracking_msgs/include/tracking_msgs/tracking_msgs/msg/detail/tracked_obstacle__struct.hpp
[9.273s] -- Installing: /home/kishoreyogaraj/tracking_ws/install/tracking_msgs/include/tracking_msgs/tracking_msgs/msg/detail/obstacle__struct.hpp
[9.273s] -- Installing: /home/kishoreyogaraj/tracking_ws/install/tracking_msgs/include/tracking_msgs/tracking_msgs/msg/detail/tracked_obstacle_list__traits.hpp
[9.273s] -- Installing: /home/kishoreyogaraj/tracking_ws/install/tracking_msgs/include/tracking_msgs/tracking_msgs/msg/detail/obstacle_list__builder.hpp
[9.273s] -- Installing: /home/kishoreyogaraj/tracking_ws/install/tracking_msgs/include/tracking_msgs/tracking_msgs/msg/detail/tracked_obstacle_list__builder.hpp
[9.273s] -- Installing: /home/kishoreyogaraj/tracking_ws/install/tracking_msgs/include/tracking_msgs/tracking_msgs/msg/detail/tracked_detection3_d_array__builder.hpp
[9.273s] -- Installing: /home/kishoreyogaraj/tracking_ws/install/tracking_msgs/include/tracking_msgs/tracking_msgs/msg/detail/tracked_detection3_d_array__struct.hpp
[9.274s] -- Installing: /home/kishoreyogaraj/tracking_ws/install/tracking_msgs/include/tracking_msgs/tracking_msgs/msg/detail/tracked_obstacle_state__traits.hpp
[9.274s] -- Installing: /home/kishoreyogaraj/tracking_ws/install/tracking_msgs/include/tracking_msgs/tracking_msgs/msg/detail/tracked_obstacle__builder.hpp
[9.274s] -- Installing: /home/kishoreyogaraj/tracking_ws/install/tracking_msgs/include/tracking_msgs/tracking_msgs/msg/detail/obstacle_list__traits.hpp
[9.274s] -- Installing: /home/kishoreyogaraj/tracking_ws/install/tracking_msgs/include/tracking_msgs/tracking_msgs/msg/tracked_detection3_d.hpp
[9.274s] -- Installing: /home/kishoreyogaraj/tracking_ws/install/tracking_msgs/include/tracking_msgs/tracking_msgs/msg/tracked_obstacle_state.hpp
[9.275s] -- Installing: /home/kishoreyogaraj/tracking_ws/install/tracking_msgs/include/tracking_msgs/tracking_msgs/msg/tracked_detection3_d_array.hpp
[9.275s] -- Installing: /home/kishoreyogaraj/tracking_ws/install/tracking_msgs/include/tracking_msgs/tracking_msgs/msg/obstacle_list.hpp
[9.275s] -- Installing: /home/kishoreyogaraj/tracking_ws/install/tracking_msgs/include/tracking_msgs/tracking_msgs/msg/obstacle.hpp
[9.275s] -- Installing: /home/kishoreyogaraj/tracking_ws/install/tracking_msgs/include/tracking_msgs/tracking_msgs/msg/tracked_obstacle.hpp
[9.275s] -- Installing: /home/kishoreyogaraj/tracking_ws/install/tracking_msgs/include/tracking_msgs/tracking_msgs/msg/tracked_obstacle_list.hpp
[9.275s] -- Up-to-date: /home/kishoreyogaraj/tracking_ws/install/tracking_msgs/include/tracking_msgs/tracking_msgs
[9.276s] -- Up-to-date: /home/kishoreyogaraj/tracking_ws/install/tracking_msgs/include/tracking_msgs/tracking_msgs/msg
[9.276s] -- Up-to-date: /home/kishoreyogaraj/tracking_ws/install/tracking_msgs/include/tracking_msgs/tracking_msgs/msg/detail
[9.276s] -- Installing: /home/kishoreyogaraj/tracking_ws/install/tracking_msgs/include/tracking_msgs/tracking_msgs/msg/detail/obstacle_list__rosidl_typesupport_fastrtps_cpp.hpp
[9.276s] -- Up-to-date: /home/kishoreyogaraj/tracking_ws/install/tracking_msgs/include/tracking_msgs/tracking_msgs/msg/detail/dds_fastrtps
[9.276s] -- Installing: /home/kishoreyogaraj/tracking_ws/install/tracking_msgs/include/tracking_msgs/tracking_msgs/msg/detail/tracked_detection3_d__rosidl_typesupport_fastrtps_cpp.hpp
[9.276s] -- Installing: /home/kishoreyogaraj/tracking_ws/install/tracking_msgs/include/tracking_msgs/tracking_msgs/msg/detail/obstacle__rosidl_typesupport_fastrtps_cpp.hpp
[9.276s] -- Installing: /home/kishoreyogaraj/tracking_ws/install/tracking_msgs/include/tracking_msgs/tracking_msgs/msg/detail/tracked_obstacle_list__rosidl_typesupport_fastrtps_cpp.hpp
[9.277s] -- Installing: /home/kishoreyogaraj/tracking_ws/install/tracking_msgs/include/tracking_msgs/tracking_msgs/msg/detail/tracked_obstacle_state__rosidl_typesupport_fastrtps_cpp.hpp
[9.277s] -- Installing: /home/kishoreyogaraj/tracking_ws/install/tracking_msgs/include/tracking_msgs/tracking_msgs/msg/detail/tracked_obstacle__rosidl_typesupport_fastrtps_cpp.hpp
[9.277s] -- Installing: /home/kishoreyogaraj/tracking_ws/install/tracking_msgs/include/tracking_msgs/tracking_msgs/msg/detail/tracked_detection3_d_array__rosidl_typesupport_fastrtps_cpp.hpp
[9.277s] -- Up-to-date: /home/kishoreyogaraj/tracking_ws/install/tracking_msgs/include/tracking_msgs/tracking_msgs/msg/rosidl_typesupport_fastrtps_cpp__visibility_control.h
[9.277s] -- Installing: /home/kishoreyogaraj/tracking_ws/install/tracking_msgs/lib/libtracking_msgs__rosidl_typesupport_fastrtps_cpp.so
[9.278s] -- Set runtime path of "/home/kishoreyogaraj/tracking_ws/install/tracking_msgs/lib/libtracking_msgs__rosidl_typesupport_fastrtps_cpp.so" to ""
[9.278s] -- Up-to-date: /home/kishoreyogaraj/tracking_ws/install/tracking_msgs/include/tracking_msgs/tracking_msgs
[9.278s] -- Up-to-date: /home/kishoreyogaraj/tracking_ws/install/tracking_msgs/include/tracking_msgs/tracking_msgs/msg
[9.278s] -- Up-to-date: /home/kishoreyogaraj/tracking_ws/install/tracking_msgs/include/tracking_msgs/tracking_msgs/msg/detail
[9.278s] -- Installing: /home/kishoreyogaraj/tracking_ws/install/tracking_msgs/include/tracking_msgs/tracking_msgs/msg/detail/tracked_obstacle_list__type_support.cpp
[9.279s] -- Installing: /home/kishoreyogaraj/tracking_ws/install/tracking_msgs/include/tracking_msgs/tracking_msgs/msg/detail/tracked_obstacle__type_support.cpp
[9.279s] -- Installing: /home/kishoreyogaraj/tracking_ws/install/tracking_msgs/include/tracking_msgs/tracking_msgs/msg/detail/tracked_detection3_d__type_support.cpp
[9.279s] -- Installing: /home/kishoreyogaraj/tracking_ws/install/tracking_msgs/include/tracking_msgs/tracking_msgs/msg/detail/tracked_obstacle_state__rosidl_typesupport_introspection_cpp.hpp
[9.279s] -- Installing: /home/kishoreyogaraj/tracking_ws/install/tracking_msgs/include/tracking_msgs/tracking_msgs/msg/detail/tracked_obstacle__rosidl_typesupport_introspection_cpp.hpp
[9.279s] -- Installing: /home/kishoreyogaraj/tracking_ws/install/tracking_msgs/include/tracking_msgs/tracking_msgs/msg/detail/obstacle__type_support.cpp
[9.279s] -- Installing: /home/kishoreyogaraj/tracking_ws/install/tracking_msgs/include/tracking_msgs/tracking_msgs/msg/detail/tracked_detection3_d_array__type_support.cpp
[9.279s] -- Installing: /home/kishoreyogaraj/tracking_ws/install/tracking_msgs/include/tracking_msgs/tracking_msgs/msg/detail/tracked_obstacle_state__type_support.cpp
[9.280s] -- Installing: /home/kishoreyogaraj/tracking_ws/install/tracking_msgs/include/tracking_msgs/tracking_msgs/msg/detail/obstacle_list__rosidl_typesupport_introspection_cpp.hpp
[9.280s] -- Installing: /home/kishoreyogaraj/tracking_ws/install/tracking_msgs/include/tracking_msgs/tracking_msgs/msg/detail/tracked_detection3_d__rosidl_typesupport_introspection_cpp.hpp
[9.280s] -- Installing: /home/kishoreyogaraj/tracking_ws/install/tracking_msgs/include/tracking_msgs/tracking_msgs/msg/detail/tracked_obstacle_list__rosidl_typesupport_introspection_cpp.hpp
[9.280s] -- Installing: /home/kishoreyogaraj/tracking_ws/install/tracking_msgs/include/tracking_msgs/tracking_msgs/msg/detail/obstacle_list__type_support.cpp
[9.280s] -- Installing: /home/kishoreyogaraj/tracking_ws/install/tracking_msgs/include/tracking_msgs/tracking_msgs/msg/detail/tracked_detection3_d_array__rosidl_typesupport_introspection_cpp.hpp
[9.280s] -- Installing: /home/kishoreyogaraj/tracking_ws/install/tracking_msgs/include/tracking_msgs/tracking_msgs/msg/detail/obstacle__rosidl_typesupport_introspection_cpp.hpp
[9.281s] -- Installing: /home/kishoreyogaraj/tracking_ws/install/tracking_msgs/lib/libtracking_msgs__rosidl_typesupport_introspection_cpp.so
[9.282s] -- Set runtime path of "/home/kishoreyogaraj/tracking_ws/install/tracking_msgs/lib/libtracking_msgs__rosidl_typesupport_introspection_cpp.so" to ""
[9.282s] -- Installing: /home/kishoreyogaraj/tracking_ws/install/tracking_msgs/lib/libtracking_msgs__rosidl_typesupport_cpp.so
[9.282s] -- Set runtime path of "/home/kishoreyogaraj/tracking_ws/install/tracking_msgs/lib/libtracking_msgs__rosidl_typesupport_cpp.so" to ""
[9.283s] -- Up-to-date: /home/kishoreyogaraj/tracking_ws/install/tracking_msgs/share/tracking_msgs/environment/pythonpath.sh
[9.283s] -- Installing: /home/kishoreyogaraj/tracking_ws/install/tracking_msgs/share/tracking_msgs/environment/pythonpath.dsv
[9.283s] -- Up-to-date: /home/kishoreyogaraj/tracking_ws/install/tracking_msgs/local/lib/python3.10/dist-packages/tracking_msgs-0.0.0-py3.10.egg-info
[9.283s] -- Installing: /home/kishoreyogaraj/tracking_ws/install/tracking_msgs/local/lib/python3.10/dist-packages/tracking_msgs-0.0.0-py3.10.egg-info/top_level.txt
[9.283s] -- Installing: /home/kishoreyogaraj/tracking_ws/install/tracking_msgs/local/lib/python3.10/dist-packages/tracking_msgs-0.0.0-py3.10.egg-info/dependency_links.txt
[9.283s] -- Installing: /home/kishoreyogaraj/tracking_ws/install/tracking_msgs/local/lib/python3.10/dist-packages/tracking_msgs-0.0.0-py3.10.egg-info/PKG-INFO
[9.283s] -- Installing: /home/kishoreyogaraj/tracking_ws/install/tracking_msgs/local/lib/python3.10/dist-packages/tracking_msgs-0.0.0-py3.10.egg-info/SOURCES.txt
[9.284s] -- Up-to-date: /home/kishoreyogaraj/tracking_ws/install/tracking_msgs/local/lib/python3.10/dist-packages/tracking_msgs
[9.284s] -- Up-to-date: /home/kishoreyogaraj/tracking_ws/install/tracking_msgs/local/lib/python3.10/dist-packages/tracking_msgs/msg
[9.284s] -- Installing: /home/kishoreyogaraj/tracking_ws/install/tracking_msgs/local/lib/python3.10/dist-packages/tracking_msgs/msg/_tracked_detection3_d.py
[9.284s] -- Installing: /home/kishoreyogaraj/tracking_ws/install/tracking_msgs/local/lib/python3.10/dist-packages/tracking_msgs/msg/_tracked_obstacle_s.c
[9.284s] -- Installing: /home/kishoreyogaraj/tracking_ws/install/tracking_msgs/local/lib/python3.10/dist-packages/tracking_msgs/msg/_tracked_detection3_d_s.c
[9.284s] -- Installing: /home/kishoreyogaraj/tracking_ws/install/tracking_msgs/local/lib/python3.10/dist-packages/tracking_msgs/msg/_tracked_obstacle_list.py
[9.284s] -- Installing: /home/kishoreyogaraj/tracking_ws/install/tracking_msgs/local/lib/python3.10/dist-packages/tracking_msgs/msg/_tracked_detection3_d_array.py
[9.284s] -- Installing: /home/kishoreyogaraj/tracking_ws/install/tracking_msgs/local/lib/python3.10/dist-packages/tracking_msgs/msg/__init__.py
[9.285s] -- Installing: /home/kishoreyogaraj/tracking_ws/install/tracking_msgs/local/lib/python3.10/dist-packages/tracking_msgs/msg/_obstacle_list.py
[9.285s] -- Installing: /home/kishoreyogaraj/tracking_ws/install/tracking_msgs/local/lib/python3.10/dist-packages/tracking_msgs/msg/_tracked_obstacle.py
[9.285s] -- Installing: /home/kishoreyogaraj/tracking_ws/install/tracking_msgs/local/lib/python3.10/dist-packages/tracking_msgs/msg/_obstacle.py
[9.285s] -- Installing: /home/kishoreyogaraj/tracking_ws/install/tracking_msgs/local/lib/python3.10/dist-packages/tracking_msgs/msg/_obstacle_list_s.c
[9.285s] -- Installing: /home/kishoreyogaraj/tracking_ws/install/tracking_msgs/local/lib/python3.10/dist-packages/tracking_msgs/msg/_tracked_obstacle_state_s.c
[9.285s] -- Installing: /home/kishoreyogaraj/tracking_ws/install/tracking_msgs/local/lib/python3.10/dist-packages/tracking_msgs/msg/_tracked_obstacle_state.py
[9.285s] -- Installing: /home/kishoreyogaraj/tracking_ws/install/tracking_msgs/local/lib/python3.10/dist-packages/tracking_msgs/msg/_tracked_detection3_d_array_s.c
[9.286s] -- Installing: /home/kishoreyogaraj/tracking_ws/install/tracking_msgs/local/lib/python3.10/dist-packages/tracking_msgs/msg/_tracked_obstacle_list_s.c
[9.286s] -- Installing: /home/kishoreyogaraj/tracking_ws/install/tracking_msgs/local/lib/python3.10/dist-packages/tracking_msgs/msg/_obstacle_s.c
[9.286s] -- Installing: /home/kishoreyogaraj/tracking_ws/install/tracking_msgs/local/lib/python3.10/dist-packages/tracking_msgs/tracking_msgs_s__rosidl_typesupport_fastrtps_c.cpython-310-x86_64-linux-gnu.so
[9.286s] -- Installing: /home/kishoreyogaraj/tracking_ws/install/tracking_msgs/local/lib/python3.10/dist-packages/tracking_msgs/_tracking_msgs_s.ep.rosidl_typesupport_fastrtps_c.c
[9.286s] -- Installing: /home/kishoreyogaraj/tracking_ws/install/tracking_msgs/local/lib/python3.10/dist-packages/tracking_msgs/tracking_msgs_s__rosidl_typesupport_introspection_c.cpython-310-x86_64-linux-gnu.so
[9.287s] -- Installing: /home/kishoreyogaraj/tracking_ws/install/tracking_msgs/local/lib/python3.10/dist-packages/tracking_msgs/__init__.py
[9.287s] -- Installing: /home/kishoreyogaraj/tracking_ws/install/tracking_msgs/local/lib/python3.10/dist-packages/tracking_msgs/_tracking_msgs_s.ep.rosidl_typesupport_introspection_c.c
[9.287s] -- Installing: /home/kishoreyogaraj/tracking_ws/install/tracking_msgs/local/lib/python3.10/dist-packages/tracking_msgs/tracking_msgs_s__rosidl_typesupport_c.cpython-310-x86_64-linux-gnu.so
[9.287s] -- Installing: /home/kishoreyogaraj/tracking_ws/install/tracking_msgs/local/lib/python3.10/dist-packages/tracking_msgs/_tracking_msgs_s.ep.rosidl_typesupport_c.c
[9.287s] -- Installing: /home/kishoreyogaraj/tracking_ws/install/tracking_msgs/local/lib/python3.10/dist-packages/tracking_msgs/libtracking_msgs__rosidl_generator_py.so
[9.332s] Listing '/home/kishoreyogaraj/tracking_ws/install/tracking_msgs/local/lib/python3.10/dist-packages/tracking_msgs'...
[9.333s] Compiling '/home/kishoreyogaraj/tracking_ws/install/tracking_msgs/local/lib/python3.10/dist-packages/tracking_msgs/__init__.py'...
[9.333s] Listing '/home/kishoreyogaraj/tracking_ws/install/tracking_msgs/local/lib/python3.10/dist-packages/tracking_msgs/msg'...
[9.333s] Compiling '/home/kishoreyogaraj/tracking_ws/install/tracking_msgs/local/lib/python3.10/dist-packages/tracking_msgs/msg/__init__.py'...
[9.333s] Compiling '/home/kishoreyogaraj/tracking_ws/install/tracking_msgs/local/lib/python3.10/dist-packages/tracking_msgs/msg/_obstacle.py'...
[9.333s] Compiling '/home/kishoreyogaraj/tracking_ws/install/tracking_msgs/local/lib/python3.10/dist-packages/tracking_msgs/msg/_obstacle_list.py'...
[9.333s] Compiling '/home/kishoreyogaraj/tracking_ws/install/tracking_msgs/local/lib/python3.10/dist-packages/tracking_msgs/msg/_tracked_detection3_d.py'...
[9.333s] Compiling '/home/kishoreyogaraj/tracking_ws/install/tracking_msgs/local/lib/python3.10/dist-packages/tracking_msgs/msg/_tracked_detection3_d_array.py'...
[9.333s] Compiling '/home/kishoreyogaraj/tracking_ws/install/tracking_msgs/local/lib/python3.10/dist-packages/tracking_msgs/msg/_tracked_obstacle.py'...
[9.333s] Compiling '/home/kishoreyogaraj/tracking_ws/install/tracking_msgs/local/lib/python3.10/dist-packages/tracking_msgs/msg/_tracked_obstacle_list.py'...
[9.333s] Compiling '/home/kishoreyogaraj/tracking_ws/install/tracking_msgs/local/lib/python3.10/dist-packages/tracking_msgs/msg/_tracked_obstacle_state.py'...
[9.338s] -- Installing: /home/kishoreyogaraj/tracking_ws/install/tracking_msgs/local/lib/python3.10/dist-packages/tracking_msgs/tracking_msgs_s__rosidl_typesupport_fastrtps_c.cpython-310-x86_64-linux-gnu.so
[9.339s] -- Set runtime path of "/home/kishoreyogaraj/tracking_ws/install/tracking_msgs/local/lib/python3.10/dist-packages/tracking_msgs/tracking_msgs_s__rosidl_typesupport_fastrtps_c.cpython-310-x86_64-linux-gnu.so" to ""
[9.339s] -- Installing: /home/kishoreyogaraj/tracking_ws/install/tracking_msgs/local/lib/python3.10/dist-packages/tracking_msgs/tracking_msgs_s__rosidl_typesupport_introspection_c.cpython-310-x86_64-linux-gnu.so
[9.339s] -- Set runtime path of "/home/kishoreyogaraj/tracking_ws/install/tracking_msgs/local/lib/python3.10/dist-packages/tracking_msgs/tracking_msgs_s__rosidl_typesupport_introspection_c.cpython-310-x86_64-linux-gnu.so" to ""
[9.340s] -- Installing: /home/kishoreyogaraj/tracking_ws/install/tracking_msgs/local/lib/python3.10/dist-packages/tracking_msgs/tracking_msgs_s__rosidl_typesupport_c.cpython-310-x86_64-linux-gnu.so
[9.340s] -- Set runtime path of "/home/kishoreyogaraj/tracking_ws/install/tracking_msgs/local/lib/python3.10/dist-packages/tracking_msgs/tracking_msgs_s__rosidl_typesupport_c.cpython-310-x86_64-linux-gnu.so" to ""
[9.340s] -- Installing: /home/kishoreyogaraj/tracking_ws/install/tracking_msgs/lib/libtracking_msgs__rosidl_generator_py.so
[9.341s] -- Set runtime path of "/home/kishoreyogaraj/tracking_ws/install/tracking_msgs/lib/libtracking_msgs__rosidl_generator_py.so" to ""
[9.341s] -- Up-to-date: /home/kishoreyogaraj/tracking_ws/install/tracking_msgs/share/tracking_msgs/msg/TrackedDetection3D.idl
[9.341s] -- Up-to-date: /home/kishoreyogaraj/tracking_ws/install/tracking_msgs/share/tracking_msgs/msg/TrackedDetection3DArray.idl
[9.341s] -- Installing: /home/kishoreyogaraj/tracking_ws/install/tracking_msgs/share/tracking_msgs/msg/Obstacle.idl
[9.341s] -- Up-to-date: /home/kishoreyogaraj/tracking_ws/install/tracking_msgs/share/tracking_msgs/msg/TrackedObstacle.idl
[9.341s] -- Up-to-date: /home/kishoreyogaraj/tracking_ws/install/tracking_msgs/share/tracking_msgs/msg/TrackedObstacleList.idl
[9.342s] -- Up-to-date: /home/kishoreyogaraj/tracking_ws/install/tracking_msgs/share/tracking_msgs/msg/TrackedObstacleState.idl
[9.342s] -- Up-to-date: /home/kishoreyogaraj/tracking_ws/install/tracking_msgs/share/tracking_msgs/msg/ObstacleList.idl
[9.342s] -- Up-to-date: /home/kishoreyogaraj/tracking_ws/install/tracking_msgs/share/tracking_msgs/msg/TrackedDetection3D.msg
[9.342s] -- Up-to-date: /home/kishoreyogaraj/tracking_ws/install/tracking_msgs/share/tracking_msgs/msg/TrackedDetection3DArray.msg
[9.342s] -- Installing: /home/kishoreyogaraj/tracking_ws/install/tracking_msgs/share/tracking_msgs/msg/Obstacle.msg
[9.342s] -- Up-to-date: /home/kishoreyogaraj/tracking_ws/install/tracking_msgs/share/tracking_msgs/msg/TrackedObstacle.msg
[9.342s] -- Up-to-date: /home/kishoreyogaraj/tracking_ws/install/tracking_msgs/share/tracking_msgs/msg/TrackedObstacleList.msg
[9.342s] -- Up-to-date: /home/kishoreyogaraj/tracking_ws/install/tracking_msgs/share/tracking_msgs/msg/TrackedObstacleState.msg
[9.343s] -- Up-to-date: /home/kishoreyogaraj/tracking_ws/install/tracking_msgs/share/tracking_msgs/msg/ObstacleList.msg
[9.343s] -- Up-to-date: /home/kishoreyogaraj/tracking_ws/install/tracking_msgs/share/ament_index/resource_index/package_run_dependencies/tracking_msgs
[9.343s] -- Up-to-date: /home/kishoreyogaraj/tracking_ws/install/tracking_msgs/share/ament_index/resource_index/parent_prefix_path/tracking_msgs
[9.343s] -- Up-to-date: /home/kishoreyogaraj/tracking_ws/install/tracking_msgs/share/tracking_msgs/environment/ament_prefix_path.sh
[9.343s] -- Installing: /home/kishoreyogaraj/tracking_ws/install/tracking_msgs/share/tracking_msgs/environment/ament_prefix_path.dsv
[9.343s] -- Up-to-date: /home/kishoreyogaraj/tracking_ws/install/tracking_msgs/share/tracking_msgs/environment/path.sh
[9.343s] -- Installing: /home/kishoreyogaraj/tracking_ws/install/tracking_msgs/share/tracking_msgs/environment/path.dsv
[9.343s] -- Up-to-date: /home/kishoreyogaraj/tracking_ws/install/tracking_msgs/share/tracking_msgs/local_setup.bash
[9.344s] -- Up-to-date: /home/kishoreyogaraj/tracking_ws/install/tracking_msgs/share/tracking_msgs/local_setup.sh
[9.344s] -- Up-to-date: /home/kishoreyogaraj/tracking_ws/install/tracking_msgs/share/tracking_msgs/local_setup.zsh
[9.344s] -- Installing: /home/kishoreyogaraj/tracking_ws/install/tracking_msgs/share/tracking_msgs/local_setup.dsv
[9.344s] -- Installing: /home/kishoreyogaraj/tracking_ws/install/tracking_msgs/share/tracking_msgs/package.dsv
[9.344s] -- Up-to-date: /home/kishoreyogaraj/tracking_ws/install/tracking_msgs/share/ament_index/resource_index/packages/tracking_msgs
[9.344s] -- Up-to-date: /home/kishoreyogaraj/tracking_ws/install/tracking_msgs/share/tracking_msgs/cmake/export_tracking_msgs__rosidl_generator_cExport.cmake
[9.344s] -- Up-to-date: /home/kishoreyogaraj/tracking_ws/install/tracking_msgs/share/tracking_msgs/cmake/export_tracking_msgs__rosidl_generator_cExport-noconfig.cmake
[9.344s] -- Up-to-date: /home/kishoreyogaraj/tracking_ws/install/tracking_msgs/share/tracking_msgs/cmake/export_tracking_msgs__rosidl_typesupport_fastrtps_cExport.cmake
[9.345s] -- Up-to-date: /home/kishoreyogaraj/tracking_ws/install/tracking_msgs/share/tracking_msgs/cmake/export_tracking_msgs__rosidl_typesupport_fastrtps_cExport-noconfig.cmake
[9.345s] -- Up-to-date: /home/kishoreyogaraj/tracking_ws/install/tracking_msgs/share/tracking_msgs/cmake/tracking_msgs__rosidl_typesupport_introspection_cExport.cmake
[9.345s] -- Up-to-date: /home/kishoreyogaraj/tracking_ws/install/tracking_msgs/share/tracking_msgs/cmake/tracking_msgs__rosidl_typesupport_introspection_cExport-noconfig.cmake
[9.345s] -- Up-to-date: /home/kishoreyogaraj/tracking_ws/install/tracking_msgs/share/tracking_msgs/cmake/tracking_msgs__rosidl_typesupport_cExport.cmake
[9.345s] -- Up-to-date: /home/kishoreyogaraj/tracking_ws/install/tracking_msgs/share/tracking_msgs/cmake/tracking_msgs__rosidl_typesupport_cExport-noconfig.cmake
[9.345s] -- Up-to-date: /home/kishoreyogaraj/tracking_ws/install/tracking_msgs/share/tracking_msgs/cmake/export_tracking_msgs__rosidl_generator_cppExport.cmake
[9.345s] -- Up-to-date: /home/kishoreyogaraj/tracking_ws/install/tracking_msgs/share/tracking_msgs/cmake/export_tracking_msgs__rosidl_typesupport_fastrtps_cppExport.cmake
[9.345s] -- Up-to-date: /home/kishoreyogaraj/tracking_ws/install/tracking_msgs/share/tracking_msgs/cmake/export_tracking_msgs__rosidl_typesupport_fastrtps_cppExport-noconfig.cmake
[9.345s] -- Up-to-date: /home/kishoreyogaraj/tracking_ws/install/tracking_msgs/share/tracking_msgs/cmake/tracking_msgs__rosidl_typesupport_introspection_cppExport.cmake
[9.345s] -- Up-to-date: /home/kishoreyogaraj/tracking_ws/install/tracking_msgs/share/tracking_msgs/cmake/tracking_msgs__rosidl_typesupport_introspection_cppExport-noconfig.cmake
[9.346s] -- Up-to-date: /home/kishoreyogaraj/tracking_ws/install/tracking_msgs/share/tracking_msgs/cmake/tracking_msgs__rosidl_typesupport_cppExport.cmake
[9.346s] -- Up-to-date: /home/kishoreyogaraj/tracking_ws/install/tracking_msgs/share/tracking_msgs/cmake/tracking_msgs__rosidl_typesupport_cppExport-noconfig.cmake
[9.346s] -- Up-to-date: /home/kishoreyogaraj/tracking_ws/install/tracking_msgs/share/tracking_msgs/cmake/export_tracking_msgs__rosidl_generator_pyExport.cmake
[9.346s] -- Up-to-date: /home/kishoreyogaraj/tracking_ws/install/tracking_msgs/share/tracking_msgs/cmake/export_tracking_msgs__rosidl_generator_pyExport-noconfig.cmake
[9.346s] -- Up-to-date: /home/kishoreyogaraj/tracking_ws/install/tracking_msgs/share/tracking_msgs/cmake/rosidl_cmake-extras.cmake
[9.347s] -- Up-to-date: /home/kishoreyogaraj/tracking_ws/install/tracking_msgs/share/tracking_msgs/cmake/ament_cmake_export_dependencies-extras.cmake
[9.347s] -- Up-to-date: /home/kishoreyogaraj/tracking_ws/install/tracking_msgs/share/tracking_msgs/cmake/ament_cmake_export_include_directories-extras.cmake
[9.348s] -- Up-to-date: /home/kishoreyogaraj/tracking_ws/install/tracking_msgs/share/tracking_msgs/cmake/ament_cmake_export_libraries-extras.cmake
[9.348s] -- Up-to-date: /home/kishoreyogaraj/tracking_ws/install/tracking_msgs/share/tracking_msgs/cmake/ament_cmake_export_targets-extras.cmake
[9.348s] -- Up-to-date: /home/kishoreyogaraj/tracking_ws/install/tracking_msgs/share/tracking_msgs/cmake/rosidl_cmake_export_typesupport_targets-extras.cmake
[9.348s] -- Up-to-date: /home/kishoreyogaraj/tracking_ws/install/tracking_msgs/share/tracking_msgs/cmake/rosidl_cmake_export_typesupport_libraries-extras.cmake
[9.348s] -- Up-to-date: /home/kishoreyogaraj/tracking_ws/install/tracking_msgs/share/tracking_msgs/cmake/tracking_msgsConfig.cmake
[9.348s] -- Up-to-date: /home/kishoreyogaraj/tracking_ws/install/tracking_msgs/share/tracking_msgs/cmake/tracking_msgsConfig-version.cmake
[9.349s] -- Up-to-date: /home/kishoreyogaraj/tracking_ws/install/tracking_msgs/share/tracking_msgs/package.xml
[9.349s] Invoked command in '/home/kishoreyogaraj/tracking_ws/build/tracking_msgs' returned '0': CMAKE_PREFIX_PATH=${CMAKE_PREFIX_PATH}:/home/kishoreyogaraj/tracking_ws/install/tracking:/opt/ros/humble /usr/bin/cmake --install /home/kishoreyogaraj/tracking_ws/build/tracking_msgs
