[0.756s] Invoking command in '/home/kishoreyogaraj/tracking_ws/src/tracking': PYTHONPATH=/home/kishoreyogaraj/tracking_ws/build/tracking/prefix_override:/home/kishoreyogaraj/tracking_ws/install/tracking/lib/python3.10/site-packages:${PYTHONPATH} /usr/bin/python3 -W ignore:setup.py install is deprecated setup.py egg_info --egg-base ../../build/tracking build --build-base /home/kishoreyogaraj/tracking_ws/build/tracking/build install --record /home/kishoreyogaraj/tracking_ws/build/tracking/install.log --single-version-externally-managed install_data
[1.067s] running egg_info
[1.068s] writing ../../build/tracking/tracking.egg-info/PKG-INFO
[1.068s] writing dependency_links to ../../build/tracking/tracking.egg-info/dependency_links.txt
[1.068s] writing entry points to ../../build/tracking/tracking.egg-info/entry_points.txt
[1.068s] writing requirements to ../../build/tracking/tracking.egg-info/requires.txt
[1.068s] writing top-level names to ../../build/tracking/tracking.egg-info/top_level.txt
[1.071s] reading manifest file '../../build/tracking/tracking.egg-info/SOURCES.txt'
[1.072s] writing manifest file '../../build/tracking/tracking.egg-info/SOURCES.txt'
[1.072s] running build
[1.072s] running build_py
[1.074s] running install
[1.074s] running install_lib
[1.080s]   File "/home/kishoreyogaraj/tracking_ws/install/tracking/lib/python3.10/site-packages/tracking/tracker.py", line 265
[1.080s]     pred_obs.header.stamp = pred_time.
[1.080s]                                       ^
[1.080s] SyntaxError: invalid syntax
[1.080s] 
[1.082s] byte-compiling /home/kishoreyogaraj/tracking_ws/install/tracking/lib/python3.10/site-packages/tracking/tracker.py to tracker.cpython-310.pyc
[1.082s] running install_data
[1.082s] running install_egg_info
[1.084s] removing '/home/kishoreyogaraj/tracking_ws/install/tracking/lib/python3.10/site-packages/tracking-0.0.0-py3.10.egg-info' (and everything under it)
[1.089s] Copying ../../build/tracking/tracking.egg-info to /home/kishoreyogaraj/tracking_ws/install/tracking/lib/python3.10/site-packages/tracking-0.0.0-py3.10.egg-info
[1.094s] running install_scripts
[1.124s] Installing detection_publisher script to /home/kishoreyogaraj/tracking_ws/install/tracking/lib/tracking
[1.124s] Installing tracker_node script to /home/kishoreyogaraj/tracking_ws/install/tracking/lib/tracking
[1.125s] writing list of installed files to '/home/kishoreyogaraj/tracking_ws/build/tracking/install.log'
[1.161s] Invoked command in '/home/kishoreyogaraj/tracking_ws/src/tracking' returned '0': PYTHONPATH=/home/kishoreyogaraj/tracking_ws/build/tracking/prefix_override:/home/kishoreyogaraj/tracking_ws/install/tracking/lib/python3.10/site-packages:${PYTHONPATH} /usr/bin/python3 -W ignore:setup.py install is deprecated setup.py egg_info --egg-base ../../build/tracking build --build-base /home/kishoreyogaraj/tracking_ws/build/tracking/build install --record /home/kishoreyogaraj/tracking_ws/build/tracking/install.log --single-version-externally-managed install_data
