[1.483s] Invoking command in '/home/kishoreyogaraj/tracking_ws/src/tracking': PYTHONPATH=/home/kishoreyogaraj/tracking_ws/build/tracking/prefix_override:/home/kishoreyogaraj/tracking_ws/install/tracking/lib/python3.10/site-packages:${PYTHONPATH} /usr/bin/python3 -W ignore:setup.py install is deprecated setup.py egg_info --egg-base ../../build/tracking build --build-base /home/kishoreyogaraj/tracking_ws/build/tracking/build install --record /home/kishoreyogaraj/tracking_ws/build/tracking/install.log --single-version-externally-managed install_data
[2.281s] running egg_info
[2.283s] writing ../../build/tracking/tracking.egg-info/PKG-INFO
[2.283s] writing dependency_links to ../../build/tracking/tracking.egg-info/dependency_links.txt
[2.283s] writing entry points to ../../build/tracking/tracking.egg-info/entry_points.txt
[2.283s] writing requirements to ../../build/tracking/tracking.egg-info/requires.txt
[2.284s] writing top-level names to ../../build/tracking/tracking.egg-info/top_level.txt
[2.287s] reading manifest file '../../build/tracking/tracking.egg-info/SOURCES.txt'
[2.289s] writing manifest file '../../build/tracking/tracking.egg-info/SOURCES.txt'
[2.289s] running build
[2.289s] running build_py
[2.291s] running install
[2.291s] running install_lib
[2.295s] running install_data
[2.295s] running install_egg_info
[2.297s] removing '/home/kishoreyogaraj/tracking_ws/install/tracking/lib/python3.10/site-packages/tracking-0.0.0-py3.10.egg-info' (and everything under it)
[2.298s] Copying ../../build/tracking/tracking.egg-info to /home/kishoreyogaraj/tracking_ws/install/tracking/lib/python3.10/site-packages/tracking-0.0.0-py3.10.egg-info
[2.299s] running install_scripts
[2.322s] Installing detection_publisher script to /home/kishoreyogaraj/tracking_ws/install/tracking/lib/tracking
[2.322s] Installing tracker_node script to /home/kishoreyogaraj/tracking_ws/install/tracking/lib/tracking
[2.322s] writing list of installed files to '/home/kishoreyogaraj/tracking_ws/build/tracking/install.log'
[2.348s] Invoked command in '/home/kishoreyogaraj/tracking_ws/src/tracking' returned '0': PYTHONPATH=/home/kishoreyogaraj/tracking_ws/build/tracking/prefix_override:/home/kishoreyogaraj/tracking_ws/install/tracking/lib/python3.10/site-packages:${PYTHONPATH} /usr/bin/python3 -W ignore:setup.py install is deprecated setup.py egg_info --egg-base ../../build/tracking build --build-base /home/kishoreyogaraj/tracking_ws/build/tracking/build install --record /home/kishoreyogaraj/tracking_ws/build/tracking/install.log --single-version-externally-managed install_data
