[0.710s] Invoking command in '/home/kishoreyogaraj/tracking_ws/src/tracking': PYTHONPATH=/home/kishoreyogaraj/tracking_ws/build/tracking/prefix_override:/home/kishoreyogaraj/tracking_ws/install/tracking/lib/python3.10/site-packages:${PYTHONPATH} /usr/bin/python3 -W ignore:setup.py install is deprecated setup.py egg_info --egg-base ../../build/tracking build --build-base /home/kishoreyogaraj/tracking_ws/build/tracking/build install --record /home/kishoreyogaraj/tracking_ws/build/tracking/install.log --single-version-externally-managed install_data
[1.077s] running egg_info
[1.078s] writing ../../build/tracking/tracking.egg-info/PKG-INFO
[1.080s] writing dependency_links to ../../build/tracking/tracking.egg-info/dependency_links.txt
[1.081s] writing entry points to ../../build/tracking/tracking.egg-info/entry_points.txt
[1.081s] writing requirements to ../../build/tracking/tracking.egg-info/requires.txt
[1.081s] writing top-level names to ../../build/tracking/tracking.egg-info/top_level.txt
[1.081s] reading manifest file '../../build/tracking/tracking.egg-info/SOURCES.txt'
[1.082s] writing manifest file '../../build/tracking/tracking.egg-info/SOURCES.txt'
[1.082s] running build
[1.083s] running build_py
[1.084s] running install
[1.084s] running install_lib
[1.086s] running install_data
[1.087s] running install_egg_info
[1.089s] removing '/home/kishoreyogaraj/tracking_ws/install/tracking/lib/python3.10/site-packages/tracking-0.0.0-py3.10.egg-info' (and everything under it)
[1.089s] Copying ../../build/tracking/tracking.egg-info to /home/kishoreyogaraj/tracking_ws/install/tracking/lib/python3.10/site-packages/tracking-0.0.0-py3.10.egg-info
[1.091s] running install_scripts
[1.116s] Installing detection_publisher script to /home/kishoreyogaraj/tracking_ws/install/tracking/lib/tracking
[1.116s] Installing tracker_node script to /home/kishoreyogaraj/tracking_ws/install/tracking/lib/tracking
[1.117s] writing list of installed files to '/home/kishoreyogaraj/tracking_ws/build/tracking/install.log'
[1.141s] Invoked command in '/home/kishoreyogaraj/tracking_ws/src/tracking' returned '0': PYTHONPATH=/home/kishoreyogaraj/tracking_ws/build/tracking/prefix_override:/home/kishoreyogaraj/tracking_ws/install/tracking/lib/python3.10/site-packages:${PYTHONPATH} /usr/bin/python3 -W ignore:setup.py install is deprecated setup.py egg_info --egg-base ../../build/tracking build --build-base /home/kishoreyogaraj/tracking_ws/build/tracking/build install --record /home/kishoreyogaraj/tracking_ws/build/tracking/install.log --single-version-externally-managed install_data
