[0.249s] DEBUG:colcon:Command line arguments: ['/usr/bin/colcon', 'build']
[0.249s] DEBUG:colcon:Parsed command line arguments: Namespace(log_base=None, log_level=None, verb_name='build', build_base='build', install_base='install', merge_install=False, symlink_install=False, test_result_base=None, continue_on_error=False, executor='parallel', parallel_workers=8, event_handlers=None, ignore_user_meta=False, metas=['./colcon.meta'], base_paths=['.'], packages_ignore=None, packages_ignore_regex=None, paths=None, packages_up_to=None, packages_up_to_regex=None, packages_above=None, packages_above_and_dependencies=None, packages_above_depth=None, packages_select_by_dep=None, packages_skip_by_dep=None, packages_skip_up_to=None, packages_select_build_failed=False, packages_skip_build_finished=False, packages_select_test_failures=False, packages_skip_test_passed=False, packages_select=None, packages_skip=None, packages_select_regex=None, packages_skip_regex=None, packages_start=None, packages_end=None, allow_overriding=[], cmake_args=None, cmake_target=None, cmake_target_skip_unavailable=False, cmake_clean_cache=False, cmake_clean_first=False, cmake_force_configure=False, ament_cmake_args=None, catkin_cmake_args=None, catkin_skip_building_tests=False, verb_parser=<colcon_defaults.argument_parser.defaults.DefaultArgumentsDecorator object at 0x7b3a8a2408e0>, verb_extension=<colcon_core.verb.build.BuildVerb object at 0x7b3a8a2403d0>, main=<bound method BuildVerb.main of <colcon_core.verb.build.BuildVerb object at 0x7b3a8a2403d0>>)
[0.513s] Level 1:colcon.colcon_core.package_discovery:discover_packages(colcon_meta) check parameters
[0.513s] Level 1:colcon.colcon_core.package_discovery:discover_packages(recursive) check parameters
[0.513s] Level 1:colcon.colcon_core.package_discovery:discover_packages(ignore) check parameters
[0.514s] Level 1:colcon.colcon_core.package_discovery:discover_packages(path) check parameters
[0.514s] Level 1:colcon.colcon_core.package_discovery:discover_packages(colcon_meta) discover
[0.514s] Level 1:colcon.colcon_core.package_discovery:discover_packages(recursive) discover
[0.514s] INFO:colcon.colcon_core.package_discovery:Crawling recursively for packages in '/home/kishoreyogaraj/tracking_ws'
[0.514s] Level 1:colcon.colcon_core.package_identification:_identify(.) by extensions ['ignore', 'ignore_ament_install']
[0.514s] Level 1:colcon.colcon_core.package_identification:_identify(.) by extension 'ignore'
[0.514s] Level 1:colcon.colcon_core.package_identification:_identify(.) by extension 'ignore_ament_install'
[0.514s] Level 1:colcon.colcon_core.package_identification:_identify(.) by extensions ['colcon_pkg']
[0.514s] Level 1:colcon.colcon_core.package_identification:_identify(.) by extension 'colcon_pkg'
[0.514s] Level 1:colcon.colcon_core.package_identification:_identify(.) by extensions ['colcon_meta']
[0.515s] Level 1:colcon.colcon_core.package_identification:_identify(.) by extension 'colcon_meta'
[0.515s] Level 1:colcon.colcon_core.package_identification:_identify(.) by extensions ['ros']
[0.515s] Level 1:colcon.colcon_core.package_identification:_identify(.) by extension 'ros'
[0.529s] Level 1:colcon.colcon_core.package_identification:_identify(.) by extensions ['cmake', 'python']
[0.529s] Level 1:colcon.colcon_core.package_identification:_identify(.) by extension 'cmake'
[0.529s] Level 1:colcon.colcon_core.package_identification:_identify(.) by extension 'python'
[0.529s] Level 1:colcon.colcon_core.package_identification:_identify(.) by extensions ['python_setup_py']
[0.529s] Level 1:colcon.colcon_core.package_identification:_identify(.) by extension 'python_setup_py'
[0.529s] Level 1:colcon.colcon_core.package_identification:_identify(build) by extensions ['ignore', 'ignore_ament_install']
[0.529s] Level 1:colcon.colcon_core.package_identification:_identify(build) by extension 'ignore'
[0.529s] Level 1:colcon.colcon_core.package_identification:_identify(build) ignored
[0.529s] Level 1:colcon.colcon_core.package_identification:_identify(install) by extensions ['ignore', 'ignore_ament_install']
[0.529s] Level 1:colcon.colcon_core.package_identification:_identify(install) by extension 'ignore'
[0.530s] Level 1:colcon.colcon_core.package_identification:_identify(install) ignored
[0.530s] Level 1:colcon.colcon_core.package_identification:_identify(log) by extensions ['ignore', 'ignore_ament_install']
[0.530s] Level 1:colcon.colcon_core.package_identification:_identify(log) by extension 'ignore'
[0.530s] Level 1:colcon.colcon_core.package_identification:_identify(log) ignored
[0.530s] Level 1:colcon.colcon_core.package_identification:_identify(src) by extensions ['ignore', 'ignore_ament_install']
[0.530s] Level 1:colcon.colcon_core.package_identification:_identify(src) by extension 'ignore'
[0.530s] Level 1:colcon.colcon_core.package_identification:_identify(src) by extension 'ignore_ament_install'
[0.530s] Level 1:colcon.colcon_core.package_identification:_identify(src) by extensions ['colcon_pkg']
[0.530s] Level 1:colcon.colcon_core.package_identification:_identify(src) by extension 'colcon_pkg'
[0.530s] Level 1:colcon.colcon_core.package_identification:_identify(src) by extensions ['colcon_meta']
[0.530s] Level 1:colcon.colcon_core.package_identification:_identify(src) by extension 'colcon_meta'
[0.530s] Level 1:colcon.colcon_core.package_identification:_identify(src) by extensions ['ros']
[0.530s] Level 1:colcon.colcon_core.package_identification:_identify(src) by extension 'ros'
[0.530s] Level 1:colcon.colcon_core.package_identification:_identify(src) by extensions ['cmake', 'python']
[0.531s] Level 1:colcon.colcon_core.package_identification:_identify(src) by extension 'cmake'
[0.531s] Level 1:colcon.colcon_core.package_identification:_identify(src) by extension 'python'
[0.531s] Level 1:colcon.colcon_core.package_identification:_identify(src) by extensions ['python_setup_py']
[0.531s] Level 1:colcon.colcon_core.package_identification:_identify(src) by extension 'python_setup_py'
[0.531s] Level 1:colcon.colcon_core.package_identification:_identify(src/config) by extensions ['ignore', 'ignore_ament_install']
[0.531s] Level 1:colcon.colcon_core.package_identification:_identify(src/config) by extension 'ignore'
[0.531s] Level 1:colcon.colcon_core.package_identification:_identify(src/config) by extension 'ignore_ament_install'
[0.531s] Level 1:colcon.colcon_core.package_identification:_identify(src/config) by extensions ['colcon_pkg']
[0.531s] Level 1:colcon.colcon_core.package_identification:_identify(src/config) by extension 'colcon_pkg'
[0.531s] Level 1:colcon.colcon_core.package_identification:_identify(src/config) by extensions ['colcon_meta']
[0.531s] Level 1:colcon.colcon_core.package_identification:_identify(src/config) by extension 'colcon_meta'
[0.531s] Level 1:colcon.colcon_core.package_identification:_identify(src/config) by extensions ['ros']
[0.531s] Level 1:colcon.colcon_core.package_identification:_identify(src/config) by extension 'ros'
[0.531s] Level 1:colcon.colcon_core.package_identification:_identify(src/config) by extensions ['cmake', 'python']
[0.531s] Level 1:colcon.colcon_core.package_identification:_identify(src/config) by extension 'cmake'
[0.531s] Level 1:colcon.colcon_core.package_identification:_identify(src/config) by extension 'python'
[0.531s] Level 1:colcon.colcon_core.package_identification:_identify(src/config) by extensions ['python_setup_py']
[0.531s] Level 1:colcon.colcon_core.package_identification:_identify(src/config) by extension 'python_setup_py'
[0.532s] Level 1:colcon.colcon_core.package_identification:_identify(src/tracking) by extensions ['ignore', 'ignore_ament_install']
[0.532s] Level 1:colcon.colcon_core.package_identification:_identify(src/tracking) by extension 'ignore'
[0.532s] Level 1:colcon.colcon_core.package_identification:_identify(src/tracking) by extension 'ignore_ament_install'
[0.532s] Level 1:colcon.colcon_core.package_identification:_identify(src/tracking) by extensions ['colcon_pkg']
[0.532s] Level 1:colcon.colcon_core.package_identification:_identify(src/tracking) by extension 'colcon_pkg'
[0.532s] Level 1:colcon.colcon_core.package_identification:_identify(src/tracking) by extensions ['colcon_meta']
[0.532s] Level 1:colcon.colcon_core.package_identification:_identify(src/tracking) by extension 'colcon_meta'
[0.532s] Level 1:colcon.colcon_core.package_identification:_identify(src/tracking) by extensions ['ros']
[0.532s] Level 1:colcon.colcon_core.package_identification:_identify(src/tracking) by extension 'ros'
[0.536s] DEBUG:colcon.colcon_core.package_identification:Package 'src/tracking' with type 'ros.ament_python' and name 'tracking'
[0.536s] Level 1:colcon.colcon_core.package_identification:_identify(src/tracking_msgs) by extensions ['ignore', 'ignore_ament_install']
[0.536s] Level 1:colcon.colcon_core.package_identification:_identify(src/tracking_msgs) by extension 'ignore'
[0.536s] Level 1:colcon.colcon_core.package_identification:_identify(src/tracking_msgs) by extension 'ignore_ament_install'
[0.536s] Level 1:colcon.colcon_core.package_identification:_identify(src/tracking_msgs) by extensions ['colcon_pkg']
[0.536s] Level 1:colcon.colcon_core.package_identification:_identify(src/tracking_msgs) by extension 'colcon_pkg'
[0.536s] Level 1:colcon.colcon_core.package_identification:_identify(src/tracking_msgs) by extensions ['colcon_meta']
[0.536s] Level 1:colcon.colcon_core.package_identification:_identify(src/tracking_msgs) by extension 'colcon_meta'
[0.537s] Level 1:colcon.colcon_core.package_identification:_identify(src/tracking_msgs) by extensions ['ros']
[0.537s] Level 1:colcon.colcon_core.package_identification:_identify(src/tracking_msgs) by extension 'ros'
[0.537s] DEBUG:colcon.colcon_core.package_identification:Package 'src/tracking_msgs' with type 'ros.ament_cmake' and name 'tracking_msgs'
[0.537s] Level 1:colcon.colcon_core.package_discovery:discover_packages(recursive) using defaults
[0.537s] Level 1:colcon.colcon_core.package_discovery:discover_packages(ignore) discover
[0.537s] Level 1:colcon.colcon_core.package_discovery:discover_packages(ignore) using defaults
[0.537s] Level 1:colcon.colcon_core.package_discovery:discover_packages(path) discover
[0.538s] Level 1:colcon.colcon_core.package_discovery:discover_packages(path) using defaults
[0.572s] Level 1:colcon.colcon_core.package_discovery:discover_packages(prefix_path) check parameters
[0.572s] Level 1:colcon.colcon_core.package_discovery:discover_packages(prefix_path) discover
[0.575s] DEBUG:colcon.colcon_installed_package_information.package_discovery:Found 2 installed packages in /home/kishoreyogaraj/tracking_ws/install
[0.577s] DEBUG:colcon.colcon_installed_package_information.package_discovery:Found 278 installed packages in /opt/ros/humble
[0.578s] Level 1:colcon.colcon_core.package_discovery:discover_packages(prefix_path) using defaults
[0.621s] Level 5:colcon.colcon_core.verb:set package 'tracking' build argument 'cmake_args' from command line to 'None'
[0.621s] Level 5:colcon.colcon_core.verb:set package 'tracking' build argument 'cmake_target' from command line to 'None'
[0.621s] Level 5:colcon.colcon_core.verb:set package 'tracking' build argument 'cmake_target_skip_unavailable' from command line to 'False'
[0.621s] Level 5:colcon.colcon_core.verb:set package 'tracking' build argument 'cmake_clean_cache' from command line to 'False'
[0.621s] Level 5:colcon.colcon_core.verb:set package 'tracking' build argument 'cmake_clean_first' from command line to 'False'
[0.621s] Level 5:colcon.colcon_core.verb:set package 'tracking' build argument 'cmake_force_configure' from command line to 'False'
[0.621s] Level 5:colcon.colcon_core.verb:set package 'tracking' build argument 'ament_cmake_args' from command line to 'None'
[0.621s] Level 5:colcon.colcon_core.verb:set package 'tracking' build argument 'catkin_cmake_args' from command line to 'None'
[0.621s] Level 5:colcon.colcon_core.verb:set package 'tracking' build argument 'catkin_skip_building_tests' from command line to 'False'
[0.621s] DEBUG:colcon.colcon_core.verb:Building package 'tracking' with the following arguments: {'ament_cmake_args': None, 'build_base': '/home/kishoreyogaraj/tracking_ws/build/tracking', 'catkin_cmake_args': None, 'catkin_skip_building_tests': False, 'cmake_args': None, 'cmake_clean_cache': False, 'cmake_clean_first': False, 'cmake_force_configure': False, 'cmake_target': None, 'cmake_target_skip_unavailable': False, 'install_base': '/home/kishoreyogaraj/tracking_ws/install/tracking', 'merge_install': False, 'path': '/home/kishoreyogaraj/tracking_ws/src/tracking', 'symlink_install': False, 'test_result_base': None}
[0.622s] Level 5:colcon.colcon_core.verb:set package 'tracking_msgs' build argument 'cmake_args' from command line to 'None'
[0.622s] Level 5:colcon.colcon_core.verb:set package 'tracking_msgs' build argument 'cmake_target' from command line to 'None'
[0.622s] Level 5:colcon.colcon_core.verb:set package 'tracking_msgs' build argument 'cmake_target_skip_unavailable' from command line to 'False'
[0.622s] Level 5:colcon.colcon_core.verb:set package 'tracking_msgs' build argument 'cmake_clean_cache' from command line to 'False'
[0.622s] Level 5:colcon.colcon_core.verb:set package 'tracking_msgs' build argument 'cmake_clean_first' from command line to 'False'
[0.622s] Level 5:colcon.colcon_core.verb:set package 'tracking_msgs' build argument 'cmake_force_configure' from command line to 'False'
[0.622s] Level 5:colcon.colcon_core.verb:set package 'tracking_msgs' build argument 'ament_cmake_args' from command line to 'None'
[0.622s] Level 5:colcon.colcon_core.verb:set package 'tracking_msgs' build argument 'catkin_cmake_args' from command line to 'None'
[0.622s] Level 5:colcon.colcon_core.verb:set package 'tracking_msgs' build argument 'catkin_skip_building_tests' from command line to 'False'
[0.622s] DEBUG:colcon.colcon_core.verb:Building package 'tracking_msgs' with the following arguments: {'ament_cmake_args': None, 'build_base': '/home/kishoreyogaraj/tracking_ws/build/tracking_msgs', 'catkin_cmake_args': None, 'catkin_skip_building_tests': False, 'cmake_args': None, 'cmake_clean_cache': False, 'cmake_clean_first': False, 'cmake_force_configure': False, 'cmake_target': None, 'cmake_target_skip_unavailable': False, 'install_base': '/home/kishoreyogaraj/tracking_ws/install/tracking_msgs', 'merge_install': False, 'path': '/home/kishoreyogaraj/tracking_ws/src/tracking_msgs', 'symlink_install': False, 'test_result_base': None}
[0.622s] INFO:colcon.colcon_core.executor:Executing jobs using 'parallel' executor
[0.623s] DEBUG:colcon.colcon_parallel_executor.executor.parallel:run_until_complete
[0.624s] INFO:colcon.colcon_ros.task.ament_python.build:Building ROS package in '/home/kishoreyogaraj/tracking_ws/src/tracking' with build type 'ament_python'
[0.624s] Level 1:colcon.colcon_core.shell:create_environment_hook('tracking', 'ament_prefix_path')
[0.627s] INFO:colcon.colcon_core.plugin_system:Skipping extension 'colcon_core.shell.bat': Not used on non-Windows systems
[0.627s] INFO:colcon.colcon_core.shell:Creating environment hook '/home/kishoreyogaraj/tracking_ws/install/tracking/share/tracking/hook/ament_prefix_path.ps1'
[0.628s] INFO:colcon.colcon_core.shell:Creating environment descriptor '/home/kishoreyogaraj/tracking_ws/install/tracking/share/tracking/hook/ament_prefix_path.dsv'
[0.629s] INFO:colcon.colcon_core.shell:Creating environment hook '/home/kishoreyogaraj/tracking_ws/install/tracking/share/tracking/hook/ament_prefix_path.sh'
[0.630s] INFO:colcon.colcon_core.shell:Skip shell extension 'powershell' for command environment: Not usable outside of PowerShell
[0.630s] DEBUG:colcon.colcon_core.shell:Skip shell extension 'dsv' for command environment
[0.633s] INFO:colcon.colcon_ros.task.ament_cmake.build:Building ROS package in '/home/kishoreyogaraj/tracking_ws/src/tracking_msgs' with build type 'ament_cmake'
[0.633s] INFO:colcon.colcon_cmake.task.cmake.build:Building CMake package in '/home/kishoreyogaraj/tracking_ws/src/tracking_msgs'
[0.634s] INFO:colcon.colcon_core.shell:Skip shell extension 'powershell' for command environment: Not usable outside of PowerShell
[0.634s] DEBUG:colcon.colcon_core.shell:Skip shell extension 'dsv' for command environment
[0.939s] INFO:colcon.colcon_core.task.python.build:Building Python package in '/home/kishoreyogaraj/tracking_ws/src/tracking'
[0.940s] INFO:colcon.colcon_core.shell:Skip shell extension 'powershell' for command environment: Not usable outside of PowerShell
[0.940s] DEBUG:colcon.colcon_core.shell:Skip shell extension 'dsv' for command environment
[0.947s] DEBUG:colcon.colcon_core.event_handler.log_command:Invoking command in '/home/kishoreyogaraj/tracking_ws/build/tracking_msgs': CMAKE_PREFIX_PATH=${CMAKE_PREFIX_PATH}:/home/kishoreyogaraj/tracking_ws/install/tracking:/opt/ros/humble /usr/bin/cmake --build /home/kishoreyogaraj/tracking_ws/build/tracking_msgs -- -j8 -l8
[1.361s] DEBUG:colcon.colcon_core.event_handler.log_command:Invoking command in '/home/kishoreyogaraj/tracking_ws/src/tracking': PYTHONPATH=/home/kishoreyogaraj/tracking_ws/build/tracking/prefix_override:/home/kishoreyogaraj/tracking_ws/install/tracking/lib/python3.10/site-packages:${PYTHONPATH} /usr/bin/python3 -W ignore:setup.py install is deprecated setup.py egg_info --egg-base ../../build/tracking build --build-base /home/kishoreyogaraj/tracking_ws/build/tracking/build install --record /home/kishoreyogaraj/tracking_ws/build/tracking/install.log --single-version-externally-managed install_data
[1.399s] DEBUG:colcon.colcon_core.event_handler.log_command:Invoked command in '/home/kishoreyogaraj/tracking_ws/build/tracking_msgs' returned '0': CMAKE_PREFIX_PATH=${CMAKE_PREFIX_PATH}:/home/kishoreyogaraj/tracking_ws/install/tracking:/opt/ros/humble /usr/bin/cmake --build /home/kishoreyogaraj/tracking_ws/build/tracking_msgs -- -j8 -l8
[1.490s] DEBUG:colcon.colcon_core.event_handler.log_command:Invoking command in '/home/kishoreyogaraj/tracking_ws/build/tracking_msgs': CMAKE_PREFIX_PATH=${CMAKE_PREFIX_PATH}:/home/kishoreyogaraj/tracking_ws/install/tracking:/opt/ros/humble /usr/bin/cmake --install /home/kishoreyogaraj/tracking_ws/build/tracking_msgs
[1.551s] Level 1:colcon.colcon_core.environment:create_environment_scripts_only(tracking_msgs)
[1.552s] DEBUG:colcon.colcon_core.event_handler.log_command:Invoked command in '/home/kishoreyogaraj/tracking_ws/build/tracking_msgs' returned '0': CMAKE_PREFIX_PATH=${CMAKE_PREFIX_PATH}:/home/kishoreyogaraj/tracking_ws/install/tracking:/opt/ros/humble /usr/bin/cmake --install /home/kishoreyogaraj/tracking_ws/build/tracking_msgs
[1.558s] Level 1:colcon.colcon_core.environment:checking '/home/kishoreyogaraj/tracking_ws/install/tracking_msgs' for CMake module files
[1.559s] Level 1:colcon.colcon_core.environment:checking '/home/kishoreyogaraj/tracking_ws/install/tracking_msgs' for CMake config files
[1.559s] Level 1:colcon.colcon_core.shell:create_environment_hook('tracking_msgs', 'cmake_prefix_path')
[1.559s] INFO:colcon.colcon_core.shell:Creating environment hook '/home/kishoreyogaraj/tracking_ws/install/tracking_msgs/share/tracking_msgs/hook/cmake_prefix_path.ps1'
[1.560s] INFO:colcon.colcon_core.shell:Creating environment descriptor '/home/kishoreyogaraj/tracking_ws/install/tracking_msgs/share/tracking_msgs/hook/cmake_prefix_path.dsv'
[1.560s] INFO:colcon.colcon_core.shell:Creating environment hook '/home/kishoreyogaraj/tracking_ws/install/tracking_msgs/share/tracking_msgs/hook/cmake_prefix_path.sh'
[1.561s] Level 1:colcon.colcon_core.environment:checking '/home/kishoreyogaraj/tracking_ws/install/tracking_msgs/lib'
[1.561s] Level 1:colcon.colcon_core.shell:create_environment_hook('tracking_msgs', 'ld_library_path_lib')
[1.561s] INFO:colcon.colcon_core.shell:Creating environment hook '/home/kishoreyogaraj/tracking_ws/install/tracking_msgs/share/tracking_msgs/hook/ld_library_path_lib.ps1'
[1.562s] INFO:colcon.colcon_core.shell:Creating environment descriptor '/home/kishoreyogaraj/tracking_ws/install/tracking_msgs/share/tracking_msgs/hook/ld_library_path_lib.dsv'
[1.562s] INFO:colcon.colcon_core.shell:Creating environment hook '/home/kishoreyogaraj/tracking_ws/install/tracking_msgs/share/tracking_msgs/hook/ld_library_path_lib.sh'
[1.562s] Level 1:colcon.colcon_core.environment:checking '/home/kishoreyogaraj/tracking_ws/install/tracking_msgs/bin'
[1.562s] Level 1:colcon.colcon_core.environment:checking '/home/kishoreyogaraj/tracking_ws/install/tracking_msgs/lib/pkgconfig/tracking_msgs.pc'
[1.563s] Level 1:colcon.colcon_core.environment:checking '/home/kishoreyogaraj/tracking_ws/install/tracking_msgs/lib/python3.10/site-packages'
[1.563s] Level 1:colcon.colcon_core.environment:checking '/home/kishoreyogaraj/tracking_ws/install/tracking_msgs/bin'
[1.563s] INFO:colcon.colcon_core.shell:Creating package script '/home/kishoreyogaraj/tracking_ws/install/tracking_msgs/share/tracking_msgs/package.ps1'
[1.564s] INFO:colcon.colcon_core.shell:Creating package descriptor '/home/kishoreyogaraj/tracking_ws/install/tracking_msgs/share/tracking_msgs/package.dsv'
[1.565s] INFO:colcon.colcon_core.shell:Creating package script '/home/kishoreyogaraj/tracking_ws/install/tracking_msgs/share/tracking_msgs/package.sh'
[1.566s] INFO:colcon.colcon_core.shell:Creating package script '/home/kishoreyogaraj/tracking_ws/install/tracking_msgs/share/tracking_msgs/package.bash'
[1.568s] INFO:colcon.colcon_core.shell:Creating package script '/home/kishoreyogaraj/tracking_ws/install/tracking_msgs/share/tracking_msgs/package.zsh'
[1.569s] Level 1:colcon.colcon_core.environment:create_file_with_runtime_dependencies(/home/kishoreyogaraj/tracking_ws/install/tracking_msgs/share/colcon-core/packages/tracking_msgs)
[1.648s] Level 1:colcon.colcon_core.environment:create_environment_scripts_only(tracking_msgs)
[1.648s] Level 1:colcon.colcon_core.environment:checking '/home/kishoreyogaraj/tracking_ws/install/tracking_msgs' for CMake module files
[1.650s] Level 1:colcon.colcon_core.environment:checking '/home/kishoreyogaraj/tracking_ws/install/tracking_msgs' for CMake config files
[1.651s] Level 1:colcon.colcon_core.shell:create_environment_hook('tracking_msgs', 'cmake_prefix_path')
[1.652s] INFO:colcon.colcon_core.shell:Creating environment hook '/home/kishoreyogaraj/tracking_ws/install/tracking_msgs/share/tracking_msgs/hook/cmake_prefix_path.ps1'
[1.652s] INFO:colcon.colcon_core.shell:Creating environment descriptor '/home/kishoreyogaraj/tracking_ws/install/tracking_msgs/share/tracking_msgs/hook/cmake_prefix_path.dsv'
[1.652s] INFO:colcon.colcon_core.shell:Creating environment hook '/home/kishoreyogaraj/tracking_ws/install/tracking_msgs/share/tracking_msgs/hook/cmake_prefix_path.sh'
[1.653s] Level 1:colcon.colcon_core.environment:checking '/home/kishoreyogaraj/tracking_ws/install/tracking_msgs/lib'
[1.653s] Level 1:colcon.colcon_core.shell:create_environment_hook('tracking_msgs', 'ld_library_path_lib')
[1.653s] INFO:colcon.colcon_core.shell:Creating environment hook '/home/kishoreyogaraj/tracking_ws/install/tracking_msgs/share/tracking_msgs/hook/ld_library_path_lib.ps1'
[1.654s] INFO:colcon.colcon_core.shell:Creating environment descriptor '/home/kishoreyogaraj/tracking_ws/install/tracking_msgs/share/tracking_msgs/hook/ld_library_path_lib.dsv'
[1.654s] INFO:colcon.colcon_core.shell:Creating environment hook '/home/kishoreyogaraj/tracking_ws/install/tracking_msgs/share/tracking_msgs/hook/ld_library_path_lib.sh'
[1.655s] Level 1:colcon.colcon_core.environment:checking '/home/kishoreyogaraj/tracking_ws/install/tracking_msgs/bin'
[1.655s] Level 1:colcon.colcon_core.environment:checking '/home/kishoreyogaraj/tracking_ws/install/tracking_msgs/lib/pkgconfig/tracking_msgs.pc'
[1.655s] Level 1:colcon.colcon_core.environment:checking '/home/kishoreyogaraj/tracking_ws/install/tracking_msgs/lib/python3.10/site-packages'
[1.655s] Level 1:colcon.colcon_core.environment:checking '/home/kishoreyogaraj/tracking_ws/install/tracking_msgs/bin'
[1.656s] INFO:colcon.colcon_core.shell:Creating package script '/home/kishoreyogaraj/tracking_ws/install/tracking_msgs/share/tracking_msgs/package.ps1'
[1.656s] INFO:colcon.colcon_core.shell:Creating package descriptor '/home/kishoreyogaraj/tracking_ws/install/tracking_msgs/share/tracking_msgs/package.dsv'
[1.657s] INFO:colcon.colcon_core.shell:Creating package script '/home/kishoreyogaraj/tracking_ws/install/tracking_msgs/share/tracking_msgs/package.sh'
[1.657s] INFO:colcon.colcon_core.shell:Creating package script '/home/kishoreyogaraj/tracking_ws/install/tracking_msgs/share/tracking_msgs/package.bash'
[1.658s] INFO:colcon.colcon_core.shell:Creating package script '/home/kishoreyogaraj/tracking_ws/install/tracking_msgs/share/tracking_msgs/package.zsh'
[1.658s] Level 1:colcon.colcon_core.environment:create_file_with_runtime_dependencies(/home/kishoreyogaraj/tracking_ws/install/tracking_msgs/share/colcon-core/packages/tracking_msgs)
[1.711s] Level 1:colcon.colcon_core.environment:checking '/home/kishoreyogaraj/tracking_ws/install/tracking' for CMake module files
[1.712s] DEBUG:colcon.colcon_core.event_handler.log_command:Invoked command in '/home/kishoreyogaraj/tracking_ws/src/tracking' returned '0': PYTHONPATH=/home/kishoreyogaraj/tracking_ws/build/tracking/prefix_override:/home/kishoreyogaraj/tracking_ws/install/tracking/lib/python3.10/site-packages:${PYTHONPATH} /usr/bin/python3 -W ignore:setup.py install is deprecated setup.py egg_info --egg-base ../../build/tracking build --build-base /home/kishoreyogaraj/tracking_ws/build/tracking/build install --record /home/kishoreyogaraj/tracking_ws/build/tracking/install.log --single-version-externally-managed install_data
[1.712s] Level 1:colcon.colcon_core.environment:checking '/home/kishoreyogaraj/tracking_ws/install/tracking' for CMake config files
[1.713s] Level 1:colcon.colcon_core.environment:checking '/home/kishoreyogaraj/tracking_ws/install/tracking/lib'
[1.713s] Level 1:colcon.colcon_core.environment:checking '/home/kishoreyogaraj/tracking_ws/install/tracking/bin'
[1.713s] Level 1:colcon.colcon_core.environment:checking '/home/kishoreyogaraj/tracking_ws/install/tracking/lib/pkgconfig/tracking.pc'
[1.713s] Level 1:colcon.colcon_core.environment:checking '/home/kishoreyogaraj/tracking_ws/install/tracking/lib/python3.10/site-packages'
[1.713s] Level 1:colcon.colcon_core.shell:create_environment_hook('tracking', 'pythonpath')
[1.714s] INFO:colcon.colcon_core.shell:Creating environment hook '/home/kishoreyogaraj/tracking_ws/install/tracking/share/tracking/hook/pythonpath.ps1'
[1.714s] INFO:colcon.colcon_core.shell:Creating environment descriptor '/home/kishoreyogaraj/tracking_ws/install/tracking/share/tracking/hook/pythonpath.dsv'
[1.715s] INFO:colcon.colcon_core.shell:Creating environment hook '/home/kishoreyogaraj/tracking_ws/install/tracking/share/tracking/hook/pythonpath.sh'
[1.715s] Level 1:colcon.colcon_core.environment:checking '/home/kishoreyogaraj/tracking_ws/install/tracking/bin'
[1.715s] Level 1:colcon.colcon_core.environment:create_environment_scripts_only(tracking)
[1.715s] INFO:colcon.colcon_core.shell:Creating package script '/home/kishoreyogaraj/tracking_ws/install/tracking/share/tracking/package.ps1'
[1.716s] INFO:colcon.colcon_core.shell:Creating package descriptor '/home/kishoreyogaraj/tracking_ws/install/tracking/share/tracking/package.dsv'
[1.716s] INFO:colcon.colcon_core.shell:Creating package script '/home/kishoreyogaraj/tracking_ws/install/tracking/share/tracking/package.sh'
[1.717s] INFO:colcon.colcon_core.shell:Creating package script '/home/kishoreyogaraj/tracking_ws/install/tracking/share/tracking/package.bash'
[1.717s] INFO:colcon.colcon_core.shell:Creating package script '/home/kishoreyogaraj/tracking_ws/install/tracking/share/tracking/package.zsh'
[1.717s] Level 1:colcon.colcon_core.environment:create_file_with_runtime_dependencies(/home/kishoreyogaraj/tracking_ws/install/tracking/share/colcon-core/packages/tracking)
[1.718s] DEBUG:colcon.colcon_parallel_executor.executor.parallel:closing loop
[1.718s] DEBUG:colcon.colcon_parallel_executor.executor.parallel:loop closed
[1.718s] DEBUG:colcon.colcon_parallel_executor.executor.parallel:run_until_complete finished with '0'
[1.718s] DEBUG:colcon.colcon_core.event_reactor:joining thread
[1.727s] INFO:colcon.colcon_core.plugin_system:Skipping extension 'colcon_notification.desktop_notification.terminal_notifier': Not used on non-Darwin systems
[1.727s] INFO:colcon.colcon_core.plugin_system:Skipping extension 'colcon_notification.desktop_notification.win32': Not used on non-Windows systems
[1.727s] INFO:colcon.colcon_notification.desktop_notification:Sending desktop notification using 'notify2'
[1.739s] DEBUG:colcon.colcon_core.event_reactor:joined thread
[1.739s] INFO:colcon.colcon_core.shell:Creating prefix script '/home/kishoreyogaraj/tracking_ws/install/local_setup.ps1'
[1.740s] INFO:colcon.colcon_core.shell:Creating prefix util module '/home/kishoreyogaraj/tracking_ws/install/_local_setup_util_ps1.py'
[1.742s] INFO:colcon.colcon_core.shell:Creating prefix chain script '/home/kishoreyogaraj/tracking_ws/install/setup.ps1'
[1.743s] INFO:colcon.colcon_core.shell:Creating prefix script '/home/kishoreyogaraj/tracking_ws/install/local_setup.sh'
[1.743s] INFO:colcon.colcon_core.shell:Creating prefix util module '/home/kishoreyogaraj/tracking_ws/install/_local_setup_util_sh.py'
[1.744s] INFO:colcon.colcon_core.shell:Creating prefix chain script '/home/kishoreyogaraj/tracking_ws/install/setup.sh'
[1.745s] INFO:colcon.colcon_core.shell:Creating prefix script '/home/kishoreyogaraj/tracking_ws/install/local_setup.bash'
[1.746s] INFO:colcon.colcon_core.shell:Creating prefix chain script '/home/kishoreyogaraj/tracking_ws/install/setup.bash'
[1.747s] INFO:colcon.colcon_core.shell:Creating prefix script '/home/kishoreyogaraj/tracking_ws/install/local_setup.zsh'
[1.748s] INFO:colcon.colcon_core.shell:Creating prefix chain script '/home/kishoreyogaraj/tracking_ws/install/setup.zsh'
