[0.390s] Invoking command in '/home/kishoreyogaraj/tracking_ws/build/tracking_msgs': CMAKE_PREFIX_PATH=${CMAKE_PREFIX_PATH}:/home/kishoreyogaraj/tracking_ws/install/tracking:/opt/ros/humble /usr/bin/cmake --build /home/kishoreyogaraj/tracking_ws/build/tracking_msgs -- -j8 -l8
[0.482s] [  2%] Built target tracking_msgs__cpp
[0.493s] [ 12%] Built target tracking_msgs__rosidl_generator_c
[0.494s] [ 12%] Built target ament_cmake_python_copy_tracking_msgs
[0.527s] [ 25%] Built target tracking_msgs__rosidl_typesupport_fastrtps_cpp
[0.527s] [ 35%] Built target tracking_msgs__rosidl_typesupport_introspection_cpp
[0.529s] [ 43%] Built target tracking_msgs__rosidl_typesupport_cpp
[0.529s] [ 53%] Built target tracking_msgs__rosidl_typesupport_c
[0.531s] [ 64%] Built target tracking_msgs__rosidl_typesupport_introspection_c
[0.538s] [ 74%] Built target tracking_msgs__rosidl_typesupport_fastrtps_c
[0.560s] [ 74%] Built target tracking_msgs
[0.582s] [ 76%] Built target tracking_msgs__py
[0.608s] [ 84%] Built target tracking_msgs__rosidl_generator_py
[0.638s] [ 89%] Built target tracking_msgs__rosidl_typesupport_introspection_c__pyext
[0.640s] [ 94%] Built target tracking_msgs__rosidl_typesupport_fastrtps_c__pyext
[0.642s] [100%] Built target tracking_msgs__rosidl_typesupport_c__pyext
[0.811s] running egg_info
[0.812s] writing tracking_msgs.egg-info/PKG-INFO
[0.812s] writing dependency_links to tracking_msgs.egg-info/dependency_links.txt
[0.812s] writing top-level names to tracking_msgs.egg-info/top_level.txt
[0.814s] reading manifest file 'tracking_msgs.egg-info/SOURCES.txt'
[0.816s] writing manifest file 'tracking_msgs.egg-info/SOURCES.txt'
[0.847s] [100%] Built target ament_cmake_python_build_tracking_msgs_egg
[0.860s] Invoked command in '/home/kishoreyogaraj/tracking_ws/build/tracking_msgs' returned '0': CMAKE_PREFIX_PATH=${CMAKE_PREFIX_PATH}:/home/kishoreyogaraj/tracking_ws/install/tracking:/opt/ros/humble /usr/bin/cmake --build /home/kishoreyogaraj/tracking_ws/build/tracking_msgs -- -j8 -l8
[0.955s] Invoking command in '/home/kishoreyogaraj/tracking_ws/build/tracking_msgs': CMAKE_PREFIX_PATH=${CMAKE_PREFIX_PATH}:/home/kishoreyogaraj/tracking_ws/install/tracking:/opt/ros/humble /usr/bin/cmake --install /home/kishoreyogaraj/tracking_ws/build/tracking_msgs
[0.963s] -- Install configuration: ""
[0.963s] -- Up-to-date: /home/kishoreyogaraj/tracking_ws/install/tracking_msgs/share/ament_index/resource_index/rosidl_interfaces/tracking_msgs
[0.964s] -- Up-to-date: /home/kishoreyogaraj/tracking_ws/install/tracking_msgs/include/tracking_msgs/tracking_msgs
[0.964s] -- Up-to-date: /home/kishoreyogaraj/tracking_ws/install/tracking_msgs/include/tracking_msgs/tracking_msgs/msg
[0.964s] -- Up-to-date: /home/kishoreyogaraj/tracking_ws/install/tracking_msgs/include/tracking_msgs/tracking_msgs/msg/detail
[0.964s] -- Up-to-date: /home/kishoreyogaraj/tracking_ws/install/tracking_msgs/include/tracking_msgs/tracking_msgs/msg/detail/tracked_detection3_d_array__functions.c
[0.964s] -- Up-to-date: /home/kishoreyogaraj/tracking_ws/install/tracking_msgs/include/tracking_msgs/tracking_msgs/msg/detail/tracked_detection3_d_array__functions.h
[0.964s] -- Up-to-date: /home/kishoreyogaraj/tracking_ws/install/tracking_msgs/include/tracking_msgs/tracking_msgs/msg/detail/tracked_detection3_d__type_support.h
[0.965s] -- Up-to-date: /home/kishoreyogaraj/tracking_ws/install/tracking_msgs/include/tracking_msgs/tracking_msgs/msg/detail/tracked_detection3_d__functions.h
[0.965s] -- Up-to-date: /home/kishoreyogaraj/tracking_ws/install/tracking_msgs/include/tracking_msgs/tracking_msgs/msg/detail/tracked_detection3_d__functions.c
[0.965s] -- Up-to-date: /home/kishoreyogaraj/tracking_ws/install/tracking_msgs/include/tracking_msgs/tracking_msgs/msg/detail/tracked_detection3_d_array__struct.h
[0.965s] -- Up-to-date: /home/kishoreyogaraj/tracking_ws/install/tracking_msgs/include/tracking_msgs/tracking_msgs/msg/detail/tracked_detection3_d_array__type_support.h
[0.965s] -- Up-to-date: /home/kishoreyogaraj/tracking_ws/install/tracking_msgs/include/tracking_msgs/tracking_msgs/msg/detail/tracked_detection3_d__struct.h
[0.965s] -- Up-to-date: /home/kishoreyogaraj/tracking_ws/install/tracking_msgs/include/tracking_msgs/tracking_msgs/msg/tracked_detection3_d.h
[0.965s] -- Up-to-date: /home/kishoreyogaraj/tracking_ws/install/tracking_msgs/include/tracking_msgs/tracking_msgs/msg/rosidl_generator_c__visibility_control.h
[0.965s] -- Up-to-date: /home/kishoreyogaraj/tracking_ws/install/tracking_msgs/include/tracking_msgs/tracking_msgs/msg/tracked_detection3_d_array.h
[0.965s] -- Up-to-date: /home/kishoreyogaraj/tracking_ws/install/tracking_msgs/share/tracking_msgs/environment/library_path.sh
[0.965s] -- Up-to-date: /home/kishoreyogaraj/tracking_ws/install/tracking_msgs/share/tracking_msgs/environment/library_path.dsv
[0.966s] -- Up-to-date: /home/kishoreyogaraj/tracking_ws/install/tracking_msgs/lib/libtracking_msgs__rosidl_generator_c.so
[0.966s] -- Up-to-date: /home/kishoreyogaraj/tracking_ws/install/tracking_msgs/include/tracking_msgs/tracking_msgs
[0.966s] -- Up-to-date: /home/kishoreyogaraj/tracking_ws/install/tracking_msgs/include/tracking_msgs/tracking_msgs/msg
[0.966s] -- Up-to-date: /home/kishoreyogaraj/tracking_ws/install/tracking_msgs/include/tracking_msgs/tracking_msgs/msg/detail
[0.966s] -- Up-to-date: /home/kishoreyogaraj/tracking_ws/install/tracking_msgs/include/tracking_msgs/tracking_msgs/msg/detail/tracked_detection3_d_array__rosidl_typesupport_fastrtps_c.h
[0.966s] -- Up-to-date: /home/kishoreyogaraj/tracking_ws/install/tracking_msgs/include/tracking_msgs/tracking_msgs/msg/detail/tracked_detection3_d__rosidl_typesupport_fastrtps_c.h
[0.966s] -- Up-to-date: /home/kishoreyogaraj/tracking_ws/install/tracking_msgs/include/tracking_msgs/tracking_msgs/msg/rosidl_typesupport_fastrtps_c__visibility_control.h
[0.967s] -- Up-to-date: /home/kishoreyogaraj/tracking_ws/install/tracking_msgs/lib/libtracking_msgs__rosidl_typesupport_fastrtps_c.so
[0.967s] -- Up-to-date: /home/kishoreyogaraj/tracking_ws/install/tracking_msgs/include/tracking_msgs/tracking_msgs
[0.967s] -- Up-to-date: /home/kishoreyogaraj/tracking_ws/install/tracking_msgs/include/tracking_msgs/tracking_msgs/msg
[0.967s] -- Up-to-date: /home/kishoreyogaraj/tracking_ws/install/tracking_msgs/include/tracking_msgs/tracking_msgs/msg/detail
[0.967s] -- Up-to-date: /home/kishoreyogaraj/tracking_ws/install/tracking_msgs/include/tracking_msgs/tracking_msgs/msg/detail/tracked_detection3_d_array__type_support.c
[0.967s] -- Up-to-date: /home/kishoreyogaraj/tracking_ws/install/tracking_msgs/include/tracking_msgs/tracking_msgs/msg/detail/tracked_detection3_d_array__rosidl_typesupport_introspection_c.h
[0.967s] -- Up-to-date: /home/kishoreyogaraj/tracking_ws/install/tracking_msgs/include/tracking_msgs/tracking_msgs/msg/detail/tracked_detection3_d__rosidl_typesupport_introspection_c.h
[0.968s] -- Up-to-date: /home/kishoreyogaraj/tracking_ws/install/tracking_msgs/include/tracking_msgs/tracking_msgs/msg/detail/tracked_detection3_d__type_support.c
[0.968s] -- Up-to-date: /home/kishoreyogaraj/tracking_ws/install/tracking_msgs/include/tracking_msgs/tracking_msgs/msg/rosidl_typesupport_introspection_c__visibility_control.h
[0.968s] -- Up-to-date: /home/kishoreyogaraj/tracking_ws/install/tracking_msgs/lib/libtracking_msgs__rosidl_typesupport_introspection_c.so
[0.968s] -- Up-to-date: /home/kishoreyogaraj/tracking_ws/install/tracking_msgs/lib/libtracking_msgs__rosidl_typesupport_c.so
[0.969s] -- Up-to-date: /home/kishoreyogaraj/tracking_ws/install/tracking_msgs/include/tracking_msgs/tracking_msgs
[0.969s] -- Up-to-date: /home/kishoreyogaraj/tracking_ws/install/tracking_msgs/include/tracking_msgs/tracking_msgs/msg
[0.969s] -- Up-to-date: /home/kishoreyogaraj/tracking_ws/install/tracking_msgs/include/tracking_msgs/tracking_msgs/msg/detail
[0.969s] -- Up-to-date: /home/kishoreyogaraj/tracking_ws/install/tracking_msgs/include/tracking_msgs/tracking_msgs/msg/detail/tracked_detection3_d__traits.hpp
[0.969s] -- Up-to-date: /home/kishoreyogaraj/tracking_ws/install/tracking_msgs/include/tracking_msgs/tracking_msgs/msg/detail/tracked_detection3_d__builder.hpp
[0.969s] -- Up-to-date: /home/kishoreyogaraj/tracking_ws/install/tracking_msgs/include/tracking_msgs/tracking_msgs/msg/detail/tracked_detection3_d_array__traits.hpp
[0.969s] -- Up-to-date: /home/kishoreyogaraj/tracking_ws/install/tracking_msgs/include/tracking_msgs/tracking_msgs/msg/detail/tracked_detection3_d__struct.hpp
[0.969s] -- Up-to-date: /home/kishoreyogaraj/tracking_ws/install/tracking_msgs/include/tracking_msgs/tracking_msgs/msg/detail/tracked_detection3_d_array__builder.hpp
[0.969s] -- Up-to-date: /home/kishoreyogaraj/tracking_ws/install/tracking_msgs/include/tracking_msgs/tracking_msgs/msg/detail/tracked_detection3_d_array__struct.hpp
[0.969s] -- Up-to-date: /home/kishoreyogaraj/tracking_ws/install/tracking_msgs/include/tracking_msgs/tracking_msgs/msg/tracked_detection3_d.hpp
[0.969s] -- Up-to-date: /home/kishoreyogaraj/tracking_ws/install/tracking_msgs/include/tracking_msgs/tracking_msgs/msg/tracked_detection3_d_array.hpp
[0.969s] -- Up-to-date: /home/kishoreyogaraj/tracking_ws/install/tracking_msgs/include/tracking_msgs/tracking_msgs
[0.969s] -- Up-to-date: /home/kishoreyogaraj/tracking_ws/install/tracking_msgs/include/tracking_msgs/tracking_msgs/msg
[0.970s] -- Up-to-date: /home/kishoreyogaraj/tracking_ws/install/tracking_msgs/include/tracking_msgs/tracking_msgs/msg/detail
[0.970s] -- Up-to-date: /home/kishoreyogaraj/tracking_ws/install/tracking_msgs/include/tracking_msgs/tracking_msgs/msg/detail/dds_fastrtps
[0.970s] -- Up-to-date: /home/kishoreyogaraj/tracking_ws/install/tracking_msgs/include/tracking_msgs/tracking_msgs/msg/detail/tracked_detection3_d__rosidl_typesupport_fastrtps_cpp.hpp
[0.970s] -- Up-to-date: /home/kishoreyogaraj/tracking_ws/install/tracking_msgs/include/tracking_msgs/tracking_msgs/msg/detail/tracked_detection3_d_array__rosidl_typesupport_fastrtps_cpp.hpp
[0.970s] -- Up-to-date: /home/kishoreyogaraj/tracking_ws/install/tracking_msgs/include/tracking_msgs/tracking_msgs/msg/rosidl_typesupport_fastrtps_cpp__visibility_control.h
[0.970s] -- Up-to-date: /home/kishoreyogaraj/tracking_ws/install/tracking_msgs/lib/libtracking_msgs__rosidl_typesupport_fastrtps_cpp.so
[0.971s] -- Up-to-date: /home/kishoreyogaraj/tracking_ws/install/tracking_msgs/include/tracking_msgs/tracking_msgs
[0.971s] -- Up-to-date: /home/kishoreyogaraj/tracking_ws/install/tracking_msgs/include/tracking_msgs/tracking_msgs/msg
[0.971s] -- Up-to-date: /home/kishoreyogaraj/tracking_ws/install/tracking_msgs/include/tracking_msgs/tracking_msgs/msg/detail
[0.971s] -- Up-to-date: /home/kishoreyogaraj/tracking_ws/install/tracking_msgs/include/tracking_msgs/tracking_msgs/msg/detail/tracked_detection3_d__type_support.cpp
[0.971s] -- Up-to-date: /home/kishoreyogaraj/tracking_ws/install/tracking_msgs/include/tracking_msgs/tracking_msgs/msg/detail/tracked_detection3_d_array__type_support.cpp
[0.971s] -- Up-to-date: /home/kishoreyogaraj/tracking_ws/install/tracking_msgs/include/tracking_msgs/tracking_msgs/msg/detail/tracked_detection3_d__rosidl_typesupport_introspection_cpp.hpp
[0.971s] -- Up-to-date: /home/kishoreyogaraj/tracking_ws/install/tracking_msgs/include/tracking_msgs/tracking_msgs/msg/detail/tracked_detection3_d_array__rosidl_typesupport_introspection_cpp.hpp
[0.972s] -- Up-to-date: /home/kishoreyogaraj/tracking_ws/install/tracking_msgs/lib/libtracking_msgs__rosidl_typesupport_introspection_cpp.so
[0.972s] -- Up-to-date: /home/kishoreyogaraj/tracking_ws/install/tracking_msgs/lib/libtracking_msgs__rosidl_typesupport_cpp.so
[0.973s] -- Up-to-date: /home/kishoreyogaraj/tracking_ws/install/tracking_msgs/share/tracking_msgs/environment/pythonpath.sh
[0.973s] -- Up-to-date: /home/kishoreyogaraj/tracking_ws/install/tracking_msgs/share/tracking_msgs/environment/pythonpath.dsv
[0.973s] -- Up-to-date: /home/kishoreyogaraj/tracking_ws/install/tracking_msgs/local/lib/python3.10/dist-packages/tracking_msgs-0.0.0-py3.10.egg-info
[0.973s] -- Installing: /home/kishoreyogaraj/tracking_ws/install/tracking_msgs/local/lib/python3.10/dist-packages/tracking_msgs-0.0.0-py3.10.egg-info/top_level.txt
[0.973s] -- Installing: /home/kishoreyogaraj/tracking_ws/install/tracking_msgs/local/lib/python3.10/dist-packages/tracking_msgs-0.0.0-py3.10.egg-info/dependency_links.txt
[0.973s] -- Installing: /home/kishoreyogaraj/tracking_ws/install/tracking_msgs/local/lib/python3.10/dist-packages/tracking_msgs-0.0.0-py3.10.egg-info/PKG-INFO
[0.973s] -- Installing: /home/kishoreyogaraj/tracking_ws/install/tracking_msgs/local/lib/python3.10/dist-packages/tracking_msgs-0.0.0-py3.10.egg-info/SOURCES.txt
[0.974s] -- Up-to-date: /home/kishoreyogaraj/tracking_ws/install/tracking_msgs/local/lib/python3.10/dist-packages/tracking_msgs
[0.974s] -- Up-to-date: /home/kishoreyogaraj/tracking_ws/install/tracking_msgs/local/lib/python3.10/dist-packages/tracking_msgs/msg
[0.974s] -- Up-to-date: /home/kishoreyogaraj/tracking_ws/install/tracking_msgs/local/lib/python3.10/dist-packages/tracking_msgs/msg/_tracked_detection3_d.py
[0.974s] -- Up-to-date: /home/kishoreyogaraj/tracking_ws/install/tracking_msgs/local/lib/python3.10/dist-packages/tracking_msgs/msg/_tracked_detection3_d_s.c
[0.974s] -- Up-to-date: /home/kishoreyogaraj/tracking_ws/install/tracking_msgs/local/lib/python3.10/dist-packages/tracking_msgs/msg/_tracked_detection3_d_array.py
[0.974s] -- Up-to-date: /home/kishoreyogaraj/tracking_ws/install/tracking_msgs/local/lib/python3.10/dist-packages/tracking_msgs/msg/__init__.py
[0.975s] -- Up-to-date: /home/kishoreyogaraj/tracking_ws/install/tracking_msgs/local/lib/python3.10/dist-packages/tracking_msgs/msg/_tracked_detection3_d_array_s.c
[0.975s] -- Up-to-date: /home/kishoreyogaraj/tracking_ws/install/tracking_msgs/local/lib/python3.10/dist-packages/tracking_msgs/tracking_msgs_s__rosidl_typesupport_fastrtps_c.cpython-310-x86_64-linux-gnu.so
[0.975s] -- Up-to-date: /home/kishoreyogaraj/tracking_ws/install/tracking_msgs/local/lib/python3.10/dist-packages/tracking_msgs/_tracking_msgs_s.ep.rosidl_typesupport_fastrtps_c.c
[0.975s] -- Up-to-date: /home/kishoreyogaraj/tracking_ws/install/tracking_msgs/local/lib/python3.10/dist-packages/tracking_msgs/tracking_msgs_s__rosidl_typesupport_introspection_c.cpython-310-x86_64-linux-gnu.so
[0.975s] -- Up-to-date: /home/kishoreyogaraj/tracking_ws/install/tracking_msgs/local/lib/python3.10/dist-packages/tracking_msgs/__init__.py
[0.975s] -- Up-to-date: /home/kishoreyogaraj/tracking_ws/install/tracking_msgs/local/lib/python3.10/dist-packages/tracking_msgs/_tracking_msgs_s.ep.rosidl_typesupport_introspection_c.c
[0.975s] -- Up-to-date: /home/kishoreyogaraj/tracking_ws/install/tracking_msgs/local/lib/python3.10/dist-packages/tracking_msgs/tracking_msgs_s__rosidl_typesupport_c.cpython-310-x86_64-linux-gnu.so
[0.975s] -- Up-to-date: /home/kishoreyogaraj/tracking_ws/install/tracking_msgs/local/lib/python3.10/dist-packages/tracking_msgs/_tracking_msgs_s.ep.rosidl_typesupport_c.c
[0.975s] -- Up-to-date: /home/kishoreyogaraj/tracking_ws/install/tracking_msgs/local/lib/python3.10/dist-packages/tracking_msgs/libtracking_msgs__rosidl_generator_py.so
[1.008s] Listing '/home/kishoreyogaraj/tracking_ws/install/tracking_msgs/local/lib/python3.10/dist-packages/tracking_msgs'...
[1.008s] Listing '/home/kishoreyogaraj/tracking_ws/install/tracking_msgs/local/lib/python3.10/dist-packages/tracking_msgs/msg'...
[1.012s] -- Up-to-date: /home/kishoreyogaraj/tracking_ws/install/tracking_msgs/local/lib/python3.10/dist-packages/tracking_msgs/tracking_msgs_s__rosidl_typesupport_fastrtps_c.cpython-310-x86_64-linux-gnu.so
[1.013s] -- Up-to-date: /home/kishoreyogaraj/tracking_ws/install/tracking_msgs/local/lib/python3.10/dist-packages/tracking_msgs/tracking_msgs_s__rosidl_typesupport_introspection_c.cpython-310-x86_64-linux-gnu.so
[1.014s] -- Up-to-date: /home/kishoreyogaraj/tracking_ws/install/tracking_msgs/local/lib/python3.10/dist-packages/tracking_msgs/tracking_msgs_s__rosidl_typesupport_c.cpython-310-x86_64-linux-gnu.so
[1.014s] -- Up-to-date: /home/kishoreyogaraj/tracking_ws/install/tracking_msgs/lib/libtracking_msgs__rosidl_generator_py.so
[1.015s] -- Up-to-date: /home/kishoreyogaraj/tracking_ws/install/tracking_msgs/share/tracking_msgs/msg/TrackedDetection3D.idl
[1.015s] -- Up-to-date: /home/kishoreyogaraj/tracking_ws/install/tracking_msgs/share/tracking_msgs/msg/TrackedDetection3DArray.idl
[1.015s] -- Up-to-date: /home/kishoreyogaraj/tracking_ws/install/tracking_msgs/share/tracking_msgs/msg/TrackedDetection3D.msg
[1.015s] -- Up-to-date: /home/kishoreyogaraj/tracking_ws/install/tracking_msgs/share/tracking_msgs/msg/TrackedDetection3DArray.msg
[1.016s] -- Up-to-date: /home/kishoreyogaraj/tracking_ws/install/tracking_msgs/share/ament_index/resource_index/package_run_dependencies/tracking_msgs
[1.016s] -- Up-to-date: /home/kishoreyogaraj/tracking_ws/install/tracking_msgs/share/ament_index/resource_index/parent_prefix_path/tracking_msgs
[1.016s] -- Up-to-date: /home/kishoreyogaraj/tracking_ws/install/tracking_msgs/share/tracking_msgs/environment/ament_prefix_path.sh
[1.016s] -- Up-to-date: /home/kishoreyogaraj/tracking_ws/install/tracking_msgs/share/tracking_msgs/environment/ament_prefix_path.dsv
[1.016s] -- Up-to-date: /home/kishoreyogaraj/tracking_ws/install/tracking_msgs/share/tracking_msgs/environment/path.sh
[1.016s] -- Up-to-date: /home/kishoreyogaraj/tracking_ws/install/tracking_msgs/share/tracking_msgs/environment/path.dsv
[1.016s] -- Up-to-date: /home/kishoreyogaraj/tracking_ws/install/tracking_msgs/share/tracking_msgs/local_setup.bash
[1.016s] -- Up-to-date: /home/kishoreyogaraj/tracking_ws/install/tracking_msgs/share/tracking_msgs/local_setup.sh
[1.017s] -- Up-to-date: /home/kishoreyogaraj/tracking_ws/install/tracking_msgs/share/tracking_msgs/local_setup.zsh
[1.017s] -- Up-to-date: /home/kishoreyogaraj/tracking_ws/install/tracking_msgs/share/tracking_msgs/local_setup.dsv
[1.017s] -- Installing: /home/kishoreyogaraj/tracking_ws/install/tracking_msgs/share/tracking_msgs/package.dsv
[1.017s] -- Up-to-date: /home/kishoreyogaraj/tracking_ws/install/tracking_msgs/share/ament_index/resource_index/packages/tracking_msgs
[1.017s] -- Up-to-date: /home/kishoreyogaraj/tracking_ws/install/tracking_msgs/share/tracking_msgs/cmake/export_tracking_msgs__rosidl_generator_cExport.cmake
[1.018s] -- Up-to-date: /home/kishoreyogaraj/tracking_ws/install/tracking_msgs/share/tracking_msgs/cmake/export_tracking_msgs__rosidl_generator_cExport-noconfig.cmake
[1.018s] -- Up-to-date: /home/kishoreyogaraj/tracking_ws/install/tracking_msgs/share/tracking_msgs/cmake/export_tracking_msgs__rosidl_typesupport_fastrtps_cExport.cmake
[1.018s] -- Up-to-date: /home/kishoreyogaraj/tracking_ws/install/tracking_msgs/share/tracking_msgs/cmake/export_tracking_msgs__rosidl_typesupport_fastrtps_cExport-noconfig.cmake
[1.018s] -- Up-to-date: /home/kishoreyogaraj/tracking_ws/install/tracking_msgs/share/tracking_msgs/cmake/tracking_msgs__rosidl_typesupport_introspection_cExport.cmake
[1.018s] -- Up-to-date: /home/kishoreyogaraj/tracking_ws/install/tracking_msgs/share/tracking_msgs/cmake/tracking_msgs__rosidl_typesupport_introspection_cExport-noconfig.cmake
[1.019s] -- Up-to-date: /home/kishoreyogaraj/tracking_ws/install/tracking_msgs/share/tracking_msgs/cmake/tracking_msgs__rosidl_typesupport_cExport.cmake
[1.019s] -- Up-to-date: /home/kishoreyogaraj/tracking_ws/install/tracking_msgs/share/tracking_msgs/cmake/tracking_msgs__rosidl_typesupport_cExport-noconfig.cmake
[1.019s] -- Up-to-date: /home/kishoreyogaraj/tracking_ws/install/tracking_msgs/share/tracking_msgs/cmake/export_tracking_msgs__rosidl_generator_cppExport.cmake
[1.019s] -- Up-to-date: /home/kishoreyogaraj/tracking_ws/install/tracking_msgs/share/tracking_msgs/cmake/export_tracking_msgs__rosidl_typesupport_fastrtps_cppExport.cmake
[1.020s] -- Up-to-date: /home/kishoreyogaraj/tracking_ws/install/tracking_msgs/share/tracking_msgs/cmake/export_tracking_msgs__rosidl_typesupport_fastrtps_cppExport-noconfig.cmake
[1.020s] -- Up-to-date: /home/kishoreyogaraj/tracking_ws/install/tracking_msgs/share/tracking_msgs/cmake/tracking_msgs__rosidl_typesupport_introspection_cppExport.cmake
[1.020s] -- Up-to-date: /home/kishoreyogaraj/tracking_ws/install/tracking_msgs/share/tracking_msgs/cmake/tracking_msgs__rosidl_typesupport_introspection_cppExport-noconfig.cmake
[1.020s] -- Up-to-date: /home/kishoreyogaraj/tracking_ws/install/tracking_msgs/share/tracking_msgs/cmake/tracking_msgs__rosidl_typesupport_cppExport.cmake
[1.020s] -- Up-to-date: /home/kishoreyogaraj/tracking_ws/install/tracking_msgs/share/tracking_msgs/cmake/tracking_msgs__rosidl_typesupport_cppExport-noconfig.cmake
[1.020s] -- Up-to-date: /home/kishoreyogaraj/tracking_ws/install/tracking_msgs/share/tracking_msgs/cmake/export_tracking_msgs__rosidl_generator_pyExport.cmake
[1.020s] -- Up-to-date: /home/kishoreyogaraj/tracking_ws/install/tracking_msgs/share/tracking_msgs/cmake/export_tracking_msgs__rosidl_generator_pyExport-noconfig.cmake
[1.020s] -- Up-to-date: /home/kishoreyogaraj/tracking_ws/install/tracking_msgs/share/tracking_msgs/cmake/rosidl_cmake-extras.cmake
[1.021s] -- Up-to-date: /home/kishoreyogaraj/tracking_ws/install/tracking_msgs/share/tracking_msgs/cmake/ament_cmake_export_dependencies-extras.cmake
[1.021s] -- Up-to-date: /home/kishoreyogaraj/tracking_ws/install/tracking_msgs/share/tracking_msgs/cmake/ament_cmake_export_include_directories-extras.cmake
[1.021s] -- Up-to-date: /home/kishoreyogaraj/tracking_ws/install/tracking_msgs/share/tracking_msgs/cmake/ament_cmake_export_libraries-extras.cmake
[1.021s] -- Up-to-date: /home/kishoreyogaraj/tracking_ws/install/tracking_msgs/share/tracking_msgs/cmake/ament_cmake_export_targets-extras.cmake
[1.021s] -- Up-to-date: /home/kishoreyogaraj/tracking_ws/install/tracking_msgs/share/tracking_msgs/cmake/rosidl_cmake_export_typesupport_targets-extras.cmake
[1.021s] -- Up-to-date: /home/kishoreyogaraj/tracking_ws/install/tracking_msgs/share/tracking_msgs/cmake/rosidl_cmake_export_typesupport_libraries-extras.cmake
[1.021s] -- Up-to-date: /home/kishoreyogaraj/tracking_ws/install/tracking_msgs/share/tracking_msgs/cmake/tracking_msgsConfig.cmake
[1.021s] -- Up-to-date: /home/kishoreyogaraj/tracking_ws/install/tracking_msgs/share/tracking_msgs/cmake/tracking_msgsConfig-version.cmake
[1.022s] -- Up-to-date: /home/kishoreyogaraj/tracking_ws/install/tracking_msgs/share/tracking_msgs/package.xml
[1.023s] Invoked command in '/home/kishoreyogaraj/tracking_ws/build/tracking_msgs' returned '0': CMAKE_PREFIX_PATH=${CMAKE_PREFIX_PATH}:/home/kishoreyogaraj/tracking_ws/install/tracking:/opt/ros/humble /usr/bin/cmake --install /home/kishoreyogaraj/tracking_ws/build/tracking_msgs
