[0.700s] Invoking command in '/home/kishoreyogaraj/tracking_ws/src/tracking': PYTHONPATH=/home/kishoreyogaraj/tracking_ws/build/tracking/prefix_override:/home/kishoreyogaraj/tracking_ws/install/tracking/lib/python3.10/site-packages:${PYTHONPATH} /usr/bin/python3 -W ignore:setup.py install is deprecated setup.py egg_info --egg-base ../../build/tracking build --build-base /home/kishoreyogaraj/tracking_ws/build/tracking/build install --record /home/kishoreyogaraj/tracking_ws/build/tracking/install.log --single-version-externally-managed install_data
[0.976s] running egg_info
[0.976s] writing ../../build/tracking/tracking.egg-info/PKG-INFO
[0.977s] writing dependency_links to ../../build/tracking/tracking.egg-info/dependency_links.txt
[0.977s] writing entry points to ../../build/tracking/tracking.egg-info/entry_points.txt
[0.977s] writing requirements to ../../build/tracking/tracking.egg-info/requires.txt
[0.977s] writing top-level names to ../../build/tracking/tracking.egg-info/top_level.txt
[0.979s] reading manifest file '../../build/tracking/tracking.egg-info/SOURCES.txt'
[0.980s] writing manifest file '../../build/tracking/tracking.egg-info/SOURCES.txt'
[0.980s] running build
[0.980s] running build_py
[0.980s] copying tracking/tracker.py -> /home/kishoreyogaraj/tracking_ws/build/tracking/build/lib/tracking
[0.981s] running install
[0.981s] running install_lib
[0.982s] copying /home/kishoreyogaraj/tracking_ws/build/tracking/build/lib/tracking/tracker.py -> /home/kishoreyogaraj/tracking_ws/install/tracking/lib/python3.10/site-packages/tracking
[0.983s] byte-compiling /home/kishoreyogaraj/tracking_ws/install/tracking/lib/python3.10/site-packages/tracking/tracker.py to tracker.cpython-310.pyc
[0.984s] running install_data
[0.984s] running install_egg_info
[0.987s] removing '/home/kishoreyogaraj/tracking_ws/install/tracking/lib/python3.10/site-packages/tracking-0.0.0-py3.10.egg-info' (and everything under it)
[0.987s] Copying ../../build/tracking/tracking.egg-info to /home/kishoreyogaraj/tracking_ws/install/tracking/lib/python3.10/site-packages/tracking-0.0.0-py3.10.egg-info
[0.988s] running install_scripts
[1.008s] Installing detection_publisher script to /home/kishoreyogaraj/tracking_ws/install/tracking/lib/tracking
[1.008s] Installing tracker_node script to /home/kishoreyogaraj/tracking_ws/install/tracking/lib/tracking
[1.009s] writing list of installed files to '/home/kishoreyogaraj/tracking_ws/build/tracking/install.log'
[1.034s] Invoked command in '/home/kishoreyogaraj/tracking_ws/src/tracking' returned '0': PYTHONPATH=/home/kishoreyogaraj/tracking_ws/build/tracking/prefix_override:/home/kishoreyogaraj/tracking_ws/install/tracking/lib/python3.10/site-packages:${PYTHONPATH} /usr/bin/python3 -W ignore:setup.py install is deprecated setup.py egg_info --egg-base ../../build/tracking build --build-base /home/kishoreyogaraj/tracking_ws/build/tracking/build install --record /home/kishoreyogaraj/tracking_ws/build/tracking/install.log --single-version-externally-managed install_data
