[0.332s] Invoking command in '/home/kishoreyogaraj/tracking_ws/build/tracking_msgs': CMAKE_PREFIX_PATH=${CMAKE_PREFIX_PATH}:/home/kishoreyogaraj/tracking_ws/install/tracking:/opt/ros/humble /usr/bin/cmake --build /home/kishoreyogaraj/tracking_ws/build/tracking_msgs -- -j8 -l8
[0.383s] [  7%] Built target tracking_msgs__cpp
[0.383s] [ 12%] Built target tracking_msgs__rosidl_generator_c
[0.405s] [ 12%] Built target ament_cmake_python_copy_tracking_msgs
[0.418s] [ 23%] Built target tracking_msgs__rosidl_typesupport_introspection_c
[0.419s] [ 41%] Built target tracking_msgs__rosidl_typesupport_cpp
[0.419s] [ 43%] Built target tracking_msgs__rosidl_typesupport_fastrtps_c
[0.424s] [ 53%] Built target tracking_msgs__rosidl_typesupport_c
[0.431s] [ 64%] Built target tracking_msgs__rosidl_typesupport_introspection_cpp
[0.432s] [ 74%] Built target tracking_msgs__rosidl_typesupport_fastrtps_cpp
[0.455s] [ 74%] Built target tracking_msgs
[0.476s] [ 76%] Built target tracking_msgs__py
[0.499s] [ 84%] Built target tracking_msgs__rosidl_generator_py
[0.525s] [ 89%] Built target tracking_msgs__rosidl_typesupport_introspection_c__pyext
[0.530s] [100%] Built target tracking_msgs__rosidl_typesupport_c__pyext
[0.530s] [100%] Built target tracking_msgs__rosidl_typesupport_fastrtps_c__pyext
[0.694s] running egg_info
[0.695s] writing tracking_msgs.egg-info/PKG-INFO
[0.695s] writing dependency_links to tracking_msgs.egg-info/dependency_links.txt
[0.695s] writing top-level names to tracking_msgs.egg-info/top_level.txt
[0.697s] reading manifest file 'tracking_msgs.egg-info/SOURCES.txt'
[0.699s] writing manifest file 'tracking_msgs.egg-info/SOURCES.txt'
[0.727s] [100%] Built target ament_cmake_python_build_tracking_msgs_egg
[0.738s] Invoked command in '/home/kishoreyogaraj/tracking_ws/build/tracking_msgs' returned '0': CMAKE_PREFIX_PATH=${CMAKE_PREFIX_PATH}:/home/kishoreyogaraj/tracking_ws/install/tracking:/opt/ros/humble /usr/bin/cmake --build /home/kishoreyogaraj/tracking_ws/build/tracking_msgs -- -j8 -l8
[0.829s] Invoking command in '/home/kishoreyogaraj/tracking_ws/build/tracking_msgs': CMAKE_PREFIX_PATH=${CMAKE_PREFIX_PATH}:/home/kishoreyogaraj/tracking_ws/install/tracking:/opt/ros/humble /usr/bin/cmake --install /home/kishoreyogaraj/tracking_ws/build/tracking_msgs
[0.836s] -- Install configuration: ""
[0.837s] -- Up-to-date: /home/kishoreyogaraj/tracking_ws/install/tracking_msgs/share/ament_index/resource_index/rosidl_interfaces/tracking_msgs
[0.837s] -- Up-to-date: /home/kishoreyogaraj/tracking_ws/install/tracking_msgs/include/tracking_msgs/tracking_msgs
[0.837s] -- Up-to-date: /home/kishoreyogaraj/tracking_ws/install/tracking_msgs/include/tracking_msgs/tracking_msgs/msg
[0.837s] -- Up-to-date: /home/kishoreyogaraj/tracking_ws/install/tracking_msgs/include/tracking_msgs/tracking_msgs/msg/detail
[0.837s] -- Up-to-date: /home/kishoreyogaraj/tracking_ws/install/tracking_msgs/include/tracking_msgs/tracking_msgs/msg/detail/tracked_detection3_d_array__functions.c
[0.837s] -- Up-to-date: /home/kishoreyogaraj/tracking_ws/install/tracking_msgs/include/tracking_msgs/tracking_msgs/msg/detail/tracked_detection3_d_array__functions.h
[0.838s] -- Up-to-date: /home/kishoreyogaraj/tracking_ws/install/tracking_msgs/include/tracking_msgs/tracking_msgs/msg/detail/tracked_detection3_d__type_support.h
[0.838s] -- Up-to-date: /home/kishoreyogaraj/tracking_ws/install/tracking_msgs/include/tracking_msgs/tracking_msgs/msg/detail/tracked_detection3_d__functions.h
[0.838s] -- Up-to-date: /home/kishoreyogaraj/tracking_ws/install/tracking_msgs/include/tracking_msgs/tracking_msgs/msg/detail/tracked_detection3_d__functions.c
[0.838s] -- Up-to-date: /home/kishoreyogaraj/tracking_ws/install/tracking_msgs/include/tracking_msgs/tracking_msgs/msg/detail/tracked_detection3_d_array__struct.h
[0.838s] -- Up-to-date: /home/kishoreyogaraj/tracking_ws/install/tracking_msgs/include/tracking_msgs/tracking_msgs/msg/detail/tracked_detection3_d_array__type_support.h
[0.838s] -- Up-to-date: /home/kishoreyogaraj/tracking_ws/install/tracking_msgs/include/tracking_msgs/tracking_msgs/msg/detail/tracked_detection3_d__struct.h
[0.839s] -- Up-to-date: /home/kishoreyogaraj/tracking_ws/install/tracking_msgs/include/tracking_msgs/tracking_msgs/msg/tracked_detection3_d.h
[0.839s] -- Up-to-date: /home/kishoreyogaraj/tracking_ws/install/tracking_msgs/include/tracking_msgs/tracking_msgs/msg/rosidl_generator_c__visibility_control.h
[0.839s] -- Up-to-date: /home/kishoreyogaraj/tracking_ws/install/tracking_msgs/include/tracking_msgs/tracking_msgs/msg/tracked_detection3_d_array.h
[0.839s] -- Up-to-date: /home/kishoreyogaraj/tracking_ws/install/tracking_msgs/share/tracking_msgs/environment/library_path.sh
[0.839s] -- Up-to-date: /home/kishoreyogaraj/tracking_ws/install/tracking_msgs/share/tracking_msgs/environment/library_path.dsv
[0.839s] -- Up-to-date: /home/kishoreyogaraj/tracking_ws/install/tracking_msgs/lib/libtracking_msgs__rosidl_generator_c.so
[0.839s] -- Up-to-date: /home/kishoreyogaraj/tracking_ws/install/tracking_msgs/include/tracking_msgs/tracking_msgs
[0.840s] -- Up-to-date: /home/kishoreyogaraj/tracking_ws/install/tracking_msgs/include/tracking_msgs/tracking_msgs/msg
[0.840s] -- Up-to-date: /home/kishoreyogaraj/tracking_ws/install/tracking_msgs/include/tracking_msgs/tracking_msgs/msg/detail
[0.840s] -- Up-to-date: /home/kishoreyogaraj/tracking_ws/install/tracking_msgs/include/tracking_msgs/tracking_msgs/msg/detail/tracked_detection3_d_array__rosidl_typesupport_fastrtps_c.h
[0.840s] -- Up-to-date: /home/kishoreyogaraj/tracking_ws/install/tracking_msgs/include/tracking_msgs/tracking_msgs/msg/detail/tracked_detection3_d__rosidl_typesupport_fastrtps_c.h
[0.840s] -- Up-to-date: /home/kishoreyogaraj/tracking_ws/install/tracking_msgs/include/tracking_msgs/tracking_msgs/msg/rosidl_typesupport_fastrtps_c__visibility_control.h
[0.840s] -- Up-to-date: /home/kishoreyogaraj/tracking_ws/install/tracking_msgs/lib/libtracking_msgs__rosidl_typesupport_fastrtps_c.so
[0.841s] -- Up-to-date: /home/kishoreyogaraj/tracking_ws/install/tracking_msgs/include/tracking_msgs/tracking_msgs
[0.841s] -- Up-to-date: /home/kishoreyogaraj/tracking_ws/install/tracking_msgs/include/tracking_msgs/tracking_msgs/msg
[0.841s] -- Up-to-date: /home/kishoreyogaraj/tracking_ws/install/tracking_msgs/include/tracking_msgs/tracking_msgs/msg/detail
[0.841s] -- Up-to-date: /home/kishoreyogaraj/tracking_ws/install/tracking_msgs/include/tracking_msgs/tracking_msgs/msg/detail/tracked_detection3_d_array__type_support.c
[0.841s] -- Up-to-date: /home/kishoreyogaraj/tracking_ws/install/tracking_msgs/include/tracking_msgs/tracking_msgs/msg/detail/tracked_detection3_d_array__rosidl_typesupport_introspection_c.h
[0.841s] -- Up-to-date: /home/kishoreyogaraj/tracking_ws/install/tracking_msgs/include/tracking_msgs/tracking_msgs/msg/detail/tracked_detection3_d__rosidl_typesupport_introspection_c.h
[0.841s] -- Up-to-date: /home/kishoreyogaraj/tracking_ws/install/tracking_msgs/include/tracking_msgs/tracking_msgs/msg/detail/tracked_detection3_d__type_support.c
[0.842s] -- Up-to-date: /home/kishoreyogaraj/tracking_ws/install/tracking_msgs/include/tracking_msgs/tracking_msgs/msg/rosidl_typesupport_introspection_c__visibility_control.h
[0.842s] -- Up-to-date: /home/kishoreyogaraj/tracking_ws/install/tracking_msgs/lib/libtracking_msgs__rosidl_typesupport_introspection_c.so
[0.842s] -- Up-to-date: /home/kishoreyogaraj/tracking_ws/install/tracking_msgs/lib/libtracking_msgs__rosidl_typesupport_c.so
[0.842s] -- Up-to-date: /home/kishoreyogaraj/tracking_ws/install/tracking_msgs/include/tracking_msgs/tracking_msgs
[0.842s] -- Up-to-date: /home/kishoreyogaraj/tracking_ws/install/tracking_msgs/include/tracking_msgs/tracking_msgs/msg
[0.842s] -- Up-to-date: /home/kishoreyogaraj/tracking_ws/install/tracking_msgs/include/tracking_msgs/tracking_msgs/msg/detail
[0.842s] -- Up-to-date: /home/kishoreyogaraj/tracking_ws/install/tracking_msgs/include/tracking_msgs/tracking_msgs/msg/detail/tracked_detection3_d__traits.hpp
[0.843s] -- Up-to-date: /home/kishoreyogaraj/tracking_ws/install/tracking_msgs/include/tracking_msgs/tracking_msgs/msg/detail/tracked_detection3_d__builder.hpp
[0.843s] -- Up-to-date: /home/kishoreyogaraj/tracking_ws/install/tracking_msgs/include/tracking_msgs/tracking_msgs/msg/detail/tracked_detection3_d_array__traits.hpp
[0.843s] -- Up-to-date: /home/kishoreyogaraj/tracking_ws/install/tracking_msgs/include/tracking_msgs/tracking_msgs/msg/detail/tracked_detection3_d__struct.hpp
[0.843s] -- Up-to-date: /home/kishoreyogaraj/tracking_ws/install/tracking_msgs/include/tracking_msgs/tracking_msgs/msg/detail/tracked_detection3_d_array__builder.hpp
[0.843s] -- Up-to-date: /home/kishoreyogaraj/tracking_ws/install/tracking_msgs/include/tracking_msgs/tracking_msgs/msg/detail/tracked_detection3_d_array__struct.hpp
[0.843s] -- Up-to-date: /home/kishoreyogaraj/tracking_ws/install/tracking_msgs/include/tracking_msgs/tracking_msgs/msg/tracked_detection3_d.hpp
[0.844s] -- Up-to-date: /home/kishoreyogaraj/tracking_ws/install/tracking_msgs/include/tracking_msgs/tracking_msgs/msg/tracked_detection3_d_array.hpp
[0.844s] -- Up-to-date: /home/kishoreyogaraj/tracking_ws/install/tracking_msgs/include/tracking_msgs/tracking_msgs
[0.844s] -- Up-to-date: /home/kishoreyogaraj/tracking_ws/install/tracking_msgs/include/tracking_msgs/tracking_msgs/msg
[0.844s] -- Up-to-date: /home/kishoreyogaraj/tracking_ws/install/tracking_msgs/include/tracking_msgs/tracking_msgs/msg/detail
[0.844s] -- Up-to-date: /home/kishoreyogaraj/tracking_ws/install/tracking_msgs/include/tracking_msgs/tracking_msgs/msg/detail/dds_fastrtps
[0.844s] -- Up-to-date: /home/kishoreyogaraj/tracking_ws/install/tracking_msgs/include/tracking_msgs/tracking_msgs/msg/detail/tracked_detection3_d__rosidl_typesupport_fastrtps_cpp.hpp
[0.844s] -- Up-to-date: /home/kishoreyogaraj/tracking_ws/install/tracking_msgs/include/tracking_msgs/tracking_msgs/msg/detail/tracked_detection3_d_array__rosidl_typesupport_fastrtps_cpp.hpp
[0.844s] -- Up-to-date: /home/kishoreyogaraj/tracking_ws/install/tracking_msgs/include/tracking_msgs/tracking_msgs/msg/rosidl_typesupport_fastrtps_cpp__visibility_control.h
[0.845s] -- Up-to-date: /home/kishoreyogaraj/tracking_ws/install/tracking_msgs/lib/libtracking_msgs__rosidl_typesupport_fastrtps_cpp.so
[0.845s] -- Up-to-date: /home/kishoreyogaraj/tracking_ws/install/tracking_msgs/include/tracking_msgs/tracking_msgs
[0.845s] -- Up-to-date: /home/kishoreyogaraj/tracking_ws/install/tracking_msgs/include/tracking_msgs/tracking_msgs/msg
[0.845s] -- Up-to-date: /home/kishoreyogaraj/tracking_ws/install/tracking_msgs/include/tracking_msgs/tracking_msgs/msg/detail
[0.845s] -- Up-to-date: /home/kishoreyogaraj/tracking_ws/install/tracking_msgs/include/tracking_msgs/tracking_msgs/msg/detail/tracked_detection3_d__type_support.cpp
[0.845s] -- Up-to-date: /home/kishoreyogaraj/tracking_ws/install/tracking_msgs/include/tracking_msgs/tracking_msgs/msg/detail/tracked_detection3_d_array__type_support.cpp
[0.845s] -- Up-to-date: /home/kishoreyogaraj/tracking_ws/install/tracking_msgs/include/tracking_msgs/tracking_msgs/msg/detail/tracked_detection3_d__rosidl_typesupport_introspection_cpp.hpp
[0.845s] -- Up-to-date: /home/kishoreyogaraj/tracking_ws/install/tracking_msgs/include/tracking_msgs/tracking_msgs/msg/detail/tracked_detection3_d_array__rosidl_typesupport_introspection_cpp.hpp
[0.846s] -- Up-to-date: /home/kishoreyogaraj/tracking_ws/install/tracking_msgs/lib/libtracking_msgs__rosidl_typesupport_introspection_cpp.so
[0.846s] -- Up-to-date: /home/kishoreyogaraj/tracking_ws/install/tracking_msgs/lib/libtracking_msgs__rosidl_typesupport_cpp.so
[0.846s] -- Up-to-date: /home/kishoreyogaraj/tracking_ws/install/tracking_msgs/share/tracking_msgs/environment/pythonpath.sh
[0.846s] -- Up-to-date: /home/kishoreyogaraj/tracking_ws/install/tracking_msgs/share/tracking_msgs/environment/pythonpath.dsv
[0.846s] -- Up-to-date: /home/kishoreyogaraj/tracking_ws/install/tracking_msgs/local/lib/python3.10/dist-packages/tracking_msgs-0.0.0-py3.10.egg-info
[0.846s] -- Installing: /home/kishoreyogaraj/tracking_ws/install/tracking_msgs/local/lib/python3.10/dist-packages/tracking_msgs-0.0.0-py3.10.egg-info/top_level.txt
[0.846s] -- Installing: /home/kishoreyogaraj/tracking_ws/install/tracking_msgs/local/lib/python3.10/dist-packages/tracking_msgs-0.0.0-py3.10.egg-info/dependency_links.txt
[0.847s] -- Installing: /home/kishoreyogaraj/tracking_ws/install/tracking_msgs/local/lib/python3.10/dist-packages/tracking_msgs-0.0.0-py3.10.egg-info/PKG-INFO
[0.847s] -- Installing: /home/kishoreyogaraj/tracking_ws/install/tracking_msgs/local/lib/python3.10/dist-packages/tracking_msgs-0.0.0-py3.10.egg-info/SOURCES.txt
[0.847s] -- Up-to-date: /home/kishoreyogaraj/tracking_ws/install/tracking_msgs/local/lib/python3.10/dist-packages/tracking_msgs
[0.847s] -- Up-to-date: /home/kishoreyogaraj/tracking_ws/install/tracking_msgs/local/lib/python3.10/dist-packages/tracking_msgs/msg
[0.847s] -- Up-to-date: /home/kishoreyogaraj/tracking_ws/install/tracking_msgs/local/lib/python3.10/dist-packages/tracking_msgs/msg/_tracked_detection3_d.py
[0.848s] -- Up-to-date: /home/kishoreyogaraj/tracking_ws/install/tracking_msgs/local/lib/python3.10/dist-packages/tracking_msgs/msg/_tracked_detection3_d_s.c
[0.848s] -- Up-to-date: /home/kishoreyogaraj/tracking_ws/install/tracking_msgs/local/lib/python3.10/dist-packages/tracking_msgs/msg/_tracked_detection3_d_array.py
[0.848s] -- Up-to-date: /home/kishoreyogaraj/tracking_ws/install/tracking_msgs/local/lib/python3.10/dist-packages/tracking_msgs/msg/__init__.py
[0.848s] -- Up-to-date: /home/kishoreyogaraj/tracking_ws/install/tracking_msgs/local/lib/python3.10/dist-packages/tracking_msgs/msg/_tracked_detection3_d_array_s.c
[0.848s] -- Up-to-date: /home/kishoreyogaraj/tracking_ws/install/tracking_msgs/local/lib/python3.10/dist-packages/tracking_msgs/tracking_msgs_s__rosidl_typesupport_fastrtps_c.cpython-310-x86_64-linux-gnu.so
[0.849s] -- Up-to-date: /home/kishoreyogaraj/tracking_ws/install/tracking_msgs/local/lib/python3.10/dist-packages/tracking_msgs/_tracking_msgs_s.ep.rosidl_typesupport_fastrtps_c.c
[0.849s] -- Up-to-date: /home/kishoreyogaraj/tracking_ws/install/tracking_msgs/local/lib/python3.10/dist-packages/tracking_msgs/tracking_msgs_s__rosidl_typesupport_introspection_c.cpython-310-x86_64-linux-gnu.so
[0.849s] -- Up-to-date: /home/kishoreyogaraj/tracking_ws/install/tracking_msgs/local/lib/python3.10/dist-packages/tracking_msgs/__init__.py
[0.849s] -- Up-to-date: /home/kishoreyogaraj/tracking_ws/install/tracking_msgs/local/lib/python3.10/dist-packages/tracking_msgs/_tracking_msgs_s.ep.rosidl_typesupport_introspection_c.c
[0.849s] -- Up-to-date: /home/kishoreyogaraj/tracking_ws/install/tracking_msgs/local/lib/python3.10/dist-packages/tracking_msgs/tracking_msgs_s__rosidl_typesupport_c.cpython-310-x86_64-linux-gnu.so
[0.849s] -- Up-to-date: /home/kishoreyogaraj/tracking_ws/install/tracking_msgs/local/lib/python3.10/dist-packages/tracking_msgs/_tracking_msgs_s.ep.rosidl_typesupport_c.c
[0.850s] -- Up-to-date: /home/kishoreyogaraj/tracking_ws/install/tracking_msgs/local/lib/python3.10/dist-packages/tracking_msgs/libtracking_msgs__rosidl_generator_py.so
[0.876s] Listing '/home/kishoreyogaraj/tracking_ws/install/tracking_msgs/local/lib/python3.10/dist-packages/tracking_msgs'...
[0.876s] Listing '/home/kishoreyogaraj/tracking_ws/install/tracking_msgs/local/lib/python3.10/dist-packages/tracking_msgs/msg'...
[0.881s] -- Up-to-date: /home/kishoreyogaraj/tracking_ws/install/tracking_msgs/local/lib/python3.10/dist-packages/tracking_msgs/tracking_msgs_s__rosidl_typesupport_fastrtps_c.cpython-310-x86_64-linux-gnu.so
[0.881s] -- Up-to-date: /home/kishoreyogaraj/tracking_ws/install/tracking_msgs/local/lib/python3.10/dist-packages/tracking_msgs/tracking_msgs_s__rosidl_typesupport_introspection_c.cpython-310-x86_64-linux-gnu.so
[0.882s] -- Up-to-date: /home/kishoreyogaraj/tracking_ws/install/tracking_msgs/local/lib/python3.10/dist-packages/tracking_msgs/tracking_msgs_s__rosidl_typesupport_c.cpython-310-x86_64-linux-gnu.so
[0.882s] -- Up-to-date: /home/kishoreyogaraj/tracking_ws/install/tracking_msgs/lib/libtracking_msgs__rosidl_generator_py.so
[0.883s] -- Up-to-date: /home/kishoreyogaraj/tracking_ws/install/tracking_msgs/share/tracking_msgs/msg/TrackedDetection3D.idl
[0.883s] -- Up-to-date: /home/kishoreyogaraj/tracking_ws/install/tracking_msgs/share/tracking_msgs/msg/TrackedDetection3DArray.idl
[0.883s] -- Up-to-date: /home/kishoreyogaraj/tracking_ws/install/tracking_msgs/share/tracking_msgs/msg/TrackedDetection3D.msg
[0.883s] -- Up-to-date: /home/kishoreyogaraj/tracking_ws/install/tracking_msgs/share/tracking_msgs/msg/TrackedDetection3DArray.msg
[0.883s] -- Up-to-date: /home/kishoreyogaraj/tracking_ws/install/tracking_msgs/share/ament_index/resource_index/package_run_dependencies/tracking_msgs
[0.883s] -- Up-to-date: /home/kishoreyogaraj/tracking_ws/install/tracking_msgs/share/ament_index/resource_index/parent_prefix_path/tracking_msgs
[0.884s] -- Up-to-date: /home/kishoreyogaraj/tracking_ws/install/tracking_msgs/share/tracking_msgs/environment/ament_prefix_path.sh
[0.884s] -- Up-to-date: /home/kishoreyogaraj/tracking_ws/install/tracking_msgs/share/tracking_msgs/environment/ament_prefix_path.dsv
[0.884s] -- Up-to-date: /home/kishoreyogaraj/tracking_ws/install/tracking_msgs/share/tracking_msgs/environment/path.sh
[0.884s] -- Up-to-date: /home/kishoreyogaraj/tracking_ws/install/tracking_msgs/share/tracking_msgs/environment/path.dsv
[0.884s] -- Up-to-date: /home/kishoreyogaraj/tracking_ws/install/tracking_msgs/share/tracking_msgs/local_setup.bash
[0.884s] -- Up-to-date: /home/kishoreyogaraj/tracking_ws/install/tracking_msgs/share/tracking_msgs/local_setup.sh
[0.884s] -- Up-to-date: /home/kishoreyogaraj/tracking_ws/install/tracking_msgs/share/tracking_msgs/local_setup.zsh
[0.884s] -- Up-to-date: /home/kishoreyogaraj/tracking_ws/install/tracking_msgs/share/tracking_msgs/local_setup.dsv
[0.885s] -- Installing: /home/kishoreyogaraj/tracking_ws/install/tracking_msgs/share/tracking_msgs/package.dsv
[0.885s] -- Up-to-date: /home/kishoreyogaraj/tracking_ws/install/tracking_msgs/share/ament_index/resource_index/packages/tracking_msgs
[0.885s] -- Up-to-date: /home/kishoreyogaraj/tracking_ws/install/tracking_msgs/share/tracking_msgs/cmake/export_tracking_msgs__rosidl_generator_cExport.cmake
[0.885s] -- Up-to-date: /home/kishoreyogaraj/tracking_ws/install/tracking_msgs/share/tracking_msgs/cmake/export_tracking_msgs__rosidl_generator_cExport-noconfig.cmake
[0.885s] -- Up-to-date: /home/kishoreyogaraj/tracking_ws/install/tracking_msgs/share/tracking_msgs/cmake/export_tracking_msgs__rosidl_typesupport_fastrtps_cExport.cmake
[0.885s] -- Up-to-date: /home/kishoreyogaraj/tracking_ws/install/tracking_msgs/share/tracking_msgs/cmake/export_tracking_msgs__rosidl_typesupport_fastrtps_cExport-noconfig.cmake
[0.885s] -- Up-to-date: /home/kishoreyogaraj/tracking_ws/install/tracking_msgs/share/tracking_msgs/cmake/tracking_msgs__rosidl_typesupport_introspection_cExport.cmake
[0.885s] -- Up-to-date: /home/kishoreyogaraj/tracking_ws/install/tracking_msgs/share/tracking_msgs/cmake/tracking_msgs__rosidl_typesupport_introspection_cExport-noconfig.cmake
[0.885s] -- Up-to-date: /home/kishoreyogaraj/tracking_ws/install/tracking_msgs/share/tracking_msgs/cmake/tracking_msgs__rosidl_typesupport_cExport.cmake
[0.885s] -- Up-to-date: /home/kishoreyogaraj/tracking_ws/install/tracking_msgs/share/tracking_msgs/cmake/tracking_msgs__rosidl_typesupport_cExport-noconfig.cmake
[0.885s] -- Up-to-date: /home/kishoreyogaraj/tracking_ws/install/tracking_msgs/share/tracking_msgs/cmake/export_tracking_msgs__rosidl_generator_cppExport.cmake
[0.886s] -- Up-to-date: /home/kishoreyogaraj/tracking_ws/install/tracking_msgs/share/tracking_msgs/cmake/export_tracking_msgs__rosidl_typesupport_fastrtps_cppExport.cmake
[0.886s] -- Up-to-date: /home/kishoreyogaraj/tracking_ws/install/tracking_msgs/share/tracking_msgs/cmake/export_tracking_msgs__rosidl_typesupport_fastrtps_cppExport-noconfig.cmake
[0.886s] -- Up-to-date: /home/kishoreyogaraj/tracking_ws/install/tracking_msgs/share/tracking_msgs/cmake/tracking_msgs__rosidl_typesupport_introspection_cppExport.cmake
[0.886s] -- Up-to-date: /home/kishoreyogaraj/tracking_ws/install/tracking_msgs/share/tracking_msgs/cmake/tracking_msgs__rosidl_typesupport_introspection_cppExport-noconfig.cmake
[0.886s] -- Up-to-date: /home/kishoreyogaraj/tracking_ws/install/tracking_msgs/share/tracking_msgs/cmake/tracking_msgs__rosidl_typesupport_cppExport.cmake
[0.886s] -- Up-to-date: /home/kishoreyogaraj/tracking_ws/install/tracking_msgs/share/tracking_msgs/cmake/tracking_msgs__rosidl_typesupport_cppExport-noconfig.cmake
[0.886s] -- Up-to-date: /home/kishoreyogaraj/tracking_ws/install/tracking_msgs/share/tracking_msgs/cmake/export_tracking_msgs__rosidl_generator_pyExport.cmake
[0.886s] -- Up-to-date: /home/kishoreyogaraj/tracking_ws/install/tracking_msgs/share/tracking_msgs/cmake/export_tracking_msgs__rosidl_generator_pyExport-noconfig.cmake
[0.886s] -- Up-to-date: /home/kishoreyogaraj/tracking_ws/install/tracking_msgs/share/tracking_msgs/cmake/rosidl_cmake-extras.cmake
[0.886s] -- Up-to-date: /home/kishoreyogaraj/tracking_ws/install/tracking_msgs/share/tracking_msgs/cmake/ament_cmake_export_dependencies-extras.cmake
[0.886s] -- Up-to-date: /home/kishoreyogaraj/tracking_ws/install/tracking_msgs/share/tracking_msgs/cmake/ament_cmake_export_include_directories-extras.cmake
[0.886s] -- Up-to-date: /home/kishoreyogaraj/tracking_ws/install/tracking_msgs/share/tracking_msgs/cmake/ament_cmake_export_libraries-extras.cmake
[0.886s] -- Up-to-date: /home/kishoreyogaraj/tracking_ws/install/tracking_msgs/share/tracking_msgs/cmake/ament_cmake_export_targets-extras.cmake
[0.886s] -- Up-to-date: /home/kishoreyogaraj/tracking_ws/install/tracking_msgs/share/tracking_msgs/cmake/rosidl_cmake_export_typesupport_targets-extras.cmake
[0.887s] -- Up-to-date: /home/kishoreyogaraj/tracking_ws/install/tracking_msgs/share/tracking_msgs/cmake/rosidl_cmake_export_typesupport_libraries-extras.cmake
[0.887s] -- Up-to-date: /home/kishoreyogaraj/tracking_ws/install/tracking_msgs/share/tracking_msgs/cmake/tracking_msgsConfig.cmake
[0.887s] -- Up-to-date: /home/kishoreyogaraj/tracking_ws/install/tracking_msgs/share/tracking_msgs/cmake/tracking_msgsConfig-version.cmake
[0.887s] -- Up-to-date: /home/kishoreyogaraj/tracking_ws/install/tracking_msgs/share/tracking_msgs/package.xml
[0.889s] Invoked command in '/home/kishoreyogaraj/tracking_ws/build/tracking_msgs' returned '0': CMAKE_PREFIX_PATH=${CMAKE_PREFIX_PATH}:/home/kishoreyogaraj/tracking_ws/install/tracking:/opt/ros/humble /usr/bin/cmake --install /home/kishoreyogaraj/tracking_ws/build/tracking_msgs
