[0.683s] Invoking command in '/home/kishoreyogaraj/tracking_ws/src/tracking': PYTHONPATH=/home/kishoreyogaraj/tracking_ws/build/tracking/prefix_override:/home/kishoreyogaraj/tracking_ws/install/tracking/lib/python3.10/site-packages:${PYTHONPATH} /usr/bin/python3 -W ignore:setup.py install is deprecated setup.py egg_info --egg-base ../../build/tracking build --build-base /home/kishoreyogaraj/tracking_ws/build/tracking/build install --record /home/kishoreyogaraj/tracking_ws/build/tracking/install.log --single-version-externally-managed install_data
[0.962s] running egg_info
[0.962s] writing ../../build/tracking/tracking.egg-info/PKG-INFO
[0.963s] writing dependency_links to ../../build/tracking/tracking.egg-info/dependency_links.txt
[0.963s] writing entry points to ../../build/tracking/tracking.egg-info/entry_points.txt
[0.963s] writing requirements to ../../build/tracking/tracking.egg-info/requires.txt
[0.963s] writing top-level names to ../../build/tracking/tracking.egg-info/top_level.txt
[0.965s] reading manifest file '../../build/tracking/tracking.egg-info/SOURCES.txt'
[0.967s] writing manifest file '../../build/tracking/tracking.egg-info/SOURCES.txt'
[0.967s] running build
[0.967s] running build_py
[0.967s] copying tracking/core/ab3dmot.py -> /home/kishoreyogaraj/tracking_ws/build/tracking/build/lib/tracking/core
[0.968s] running install
[0.968s] running install_lib
[0.969s] copying /home/kishoreyogaraj/tracking_ws/build/tracking/build/lib/tracking/core/ab3dmot.py -> /home/kishoreyogaraj/tracking_ws/install/tracking/lib/python3.10/site-packages/tracking/core
[0.970s] byte-compiling /home/kishoreyogaraj/tracking_ws/install/tracking/lib/python3.10/site-packages/tracking/core/ab3dmot.py to ab3dmot.cpython-310.pyc
[0.973s] running install_data
[0.973s] running install_egg_info
[0.975s] removing '/home/kishoreyogaraj/tracking_ws/install/tracking/lib/python3.10/site-packages/tracking-0.0.0-py3.10.egg-info' (and everything under it)
[0.975s] Copying ../../build/tracking/tracking.egg-info to /home/kishoreyogaraj/tracking_ws/install/tracking/lib/python3.10/site-packages/tracking-0.0.0-py3.10.egg-info
[0.976s] running install_scripts
[0.996s] Installing detection_publisher script to /home/kishoreyogaraj/tracking_ws/install/tracking/lib/tracking
[0.996s] Installing tracker_node script to /home/kishoreyogaraj/tracking_ws/install/tracking/lib/tracking
[0.997s] writing list of installed files to '/home/kishoreyogaraj/tracking_ws/build/tracking/install.log'
[1.023s] Invoked command in '/home/kishoreyogaraj/tracking_ws/src/tracking' returned '0': PYTHONPATH=/home/kishoreyogaraj/tracking_ws/build/tracking/prefix_override:/home/kishoreyogaraj/tracking_ws/install/tracking/lib/python3.10/site-packages:${PYTHONPATH} /usr/bin/python3 -W ignore:setup.py install is deprecated setup.py egg_info --egg-base ../../build/tracking build --build-base /home/kishoreyogaraj/tracking_ws/build/tracking/build install --record /home/kishoreyogaraj/tracking_ws/build/tracking/install.log --single-version-externally-managed install_data
