/home/kishoreyogaraj/tracking_ws/install/tracking/lib/python3.10/site-packages/tracking/tracker.py
/home/kishoreyogaraj/tracking_ws/install/tracking/lib/python3.10/site-packages/tracking/__init__.py
/home/kishoreyogaraj/tracking_ws/install/tracking/lib/python3.10/site-packages/tracking/detection_publisher.py
/home/kishoreyogaraj/tracking_ws/install/tracking/lib/python3.10/site-packages/tracking/core/bbox.py
/home/kishoreyogaraj/tracking_ws/install/tracking/lib/python3.10/site-packages/tracking/core/algorithms.py
/home/kishoreyogaraj/tracking_ws/install/tracking/lib/python3.10/site-packages/tracking/core/__init__.py
/home/kishoreyogaraj/tracking_ws/install/tracking/lib/python3.10/site-packages/tracking/core/ab3dmot.py
/home/kishoreyogaraj/tracking_ws/install/tracking/lib/python3.10/site-packages/tracking/core/covariance.py
/home/kishoreyogaraj/tracking_ws/install/tracking/lib/python3.10/site-packages/tracking/core/utils/geometry_utils.py
/home/kishoreyogaraj/tracking_ws/install/tracking/lib/python3.10/site-packages/tracking/core/utils/ros_utils.py
/home/kishoreyogaraj/tracking_ws/install/tracking/lib/python3.10/site-packages/tracking/core/utils/__init__.py
/home/kishoreyogaraj/tracking_ws/install/tracking/lib/python3.10/site-packages/tracking/core/utils/config.py
/home/kishoreyogaraj/tracking_ws/install/tracking/lib/python3.10/site-packages/tracking/__pycache__/tracker.cpython-310.pyc
/home/kishoreyogaraj/tracking_ws/install/tracking/lib/python3.10/site-packages/tracking/__pycache__/__init__.cpython-310.pyc
/home/kishoreyogaraj/tracking_ws/install/tracking/lib/python3.10/site-packages/tracking/__pycache__/detection_publisher.cpython-310.pyc
/home/kishoreyogaraj/tracking_ws/install/tracking/lib/python3.10/site-packages/tracking/core/__pycache__/bbox.cpython-310.pyc
/home/kishoreyogaraj/tracking_ws/install/tracking/lib/python3.10/site-packages/tracking/core/__pycache__/algorithms.cpython-310.pyc
/home/kishoreyogaraj/tracking_ws/install/tracking/lib/python3.10/site-packages/tracking/core/__pycache__/__init__.cpython-310.pyc
/home/kishoreyogaraj/tracking_ws/install/tracking/lib/python3.10/site-packages/tracking/core/__pycache__/ab3dmot.cpython-310.pyc
/home/kishoreyogaraj/tracking_ws/install/tracking/lib/python3.10/site-packages/tracking/core/__pycache__/covariance.cpython-310.pyc
/home/kishoreyogaraj/tracking_ws/install/tracking/lib/python3.10/site-packages/tracking/core/utils/__pycache__/geometry_utils.cpython-310.pyc
/home/kishoreyogaraj/tracking_ws/install/tracking/lib/python3.10/site-packages/tracking/core/utils/__pycache__/ros_utils.cpython-310.pyc
/home/kishoreyogaraj/tracking_ws/install/tracking/lib/python3.10/site-packages/tracking/core/utils/__pycache__/__init__.cpython-310.pyc
/home/kishoreyogaraj/tracking_ws/install/tracking/lib/python3.10/site-packages/tracking/core/utils/__pycache__/config.cpython-310.pyc
/home/kishoreyogaraj/tracking_ws/install/tracking/share/ament_index/resource_index/packages/tracking
/home/kishoreyogaraj/tracking_ws/install/tracking/share/tracking/package.xml
/home/kishoreyogaraj/tracking_ws/install/tracking/lib/python3.10/site-packages/tracking-0.0.0-py3.10.egg-info/entry_points.txt
/home/kishoreyogaraj/tracking_ws/install/tracking/lib/python3.10/site-packages/tracking-0.0.0-py3.10.egg-info/requires.txt
/home/kishoreyogaraj/tracking_ws/install/tracking/lib/python3.10/site-packages/tracking-0.0.0-py3.10.egg-info/top_level.txt
/home/kishoreyogaraj/tracking_ws/install/tracking/lib/python3.10/site-packages/tracking-0.0.0-py3.10.egg-info/dependency_links.txt
/home/kishoreyogaraj/tracking_ws/install/tracking/lib/python3.10/site-packages/tracking-0.0.0-py3.10.egg-info/PKG-INFO
/home/kishoreyogaraj/tracking_ws/install/tracking/lib/python3.10/site-packages/tracking-0.0.0-py3.10.egg-info/SOURCES.txt
/home/kishoreyogaraj/tracking_ws/install/tracking/lib/python3.10/site-packages/tracking-0.0.0-py3.10.egg-info/zip-safe
/home/kishoreyogaraj/tracking_ws/install/tracking/lib/tracking/detection_publisher
/home/kishoreyogaraj/tracking_ws/install/tracking/lib/tracking/tracker_node
