[0.693s] Invoking command in '/home/kishoreyogaraj/tracking_ws/src/tracking': PYTHONPATH=/home/kishoreyogaraj/tracking_ws/build/tracking/prefix_override:/home/kishoreyogaraj/tracking_ws/install/tracking/lib/python3.10/site-packages:${PYTHONPATH} /usr/bin/python3 -W ignore:setup.py install is deprecated setup.py egg_info --egg-base ../../build/tracking build --build-base /home/kishoreyogaraj/tracking_ws/build/tracking/build install --record /home/kishoreyogaraj/tracking_ws/build/tracking/install.log --single-version-externally-managed install_data
[0.950s] running egg_info
[0.951s] writing ../../build/tracking/tracking.egg-info/PKG-INFO
[0.951s] writing dependency_links to ../../build/tracking/tracking.egg-info/dependency_links.txt
[0.951s] writing entry points to ../../build/tracking/tracking.egg-info/entry_points.txt
[0.951s] writing requirements to ../../build/tracking/tracking.egg-info/requires.txt
[0.951s] writing top-level names to ../../build/tracking/tracking.egg-info/top_level.txt
[0.954s] reading manifest file '../../build/tracking/tracking.egg-info/SOURCES.txt'
[0.956s] writing manifest file '../../build/tracking/tracking.egg-info/SOURCES.txt'
[0.956s] running build
[0.956s] running build_py
[0.956s] copying tracking/tracker.py -> /home/kishoreyogaraj/tracking_ws/build/tracking/build/lib/tracking
[0.956s] copying tracking/detection_publisher.py -> /home/kishoreyogaraj/tracking_ws/build/tracking/build/lib/tracking
[0.957s] copying tracking/core/ab3dmot.py -> /home/kishoreyogaraj/tracking_ws/build/tracking/build/lib/tracking/core
[0.957s] copying tracking/core/utils/geometry_utils.py -> /home/kishoreyogaraj/tracking_ws/build/tracking/build/lib/tracking/core/utils
[0.957s] copying tracking/core/utils/ros_utils.py -> /home/kishoreyogaraj/tracking_ws/build/tracking/build/lib/tracking/core/utils
[0.958s] running install
[0.959s] running install_lib
[0.960s] copying /home/kishoreyogaraj/tracking_ws/build/tracking/build/lib/tracking/tracker.py -> /home/kishoreyogaraj/tracking_ws/install/tracking/lib/python3.10/site-packages/tracking
[0.960s] copying /home/kishoreyogaraj/tracking_ws/build/tracking/build/lib/tracking/detection_publisher.py -> /home/kishoreyogaraj/tracking_ws/install/tracking/lib/python3.10/site-packages/tracking
[0.960s] copying /home/kishoreyogaraj/tracking_ws/build/tracking/build/lib/tracking/core/ab3dmot.py -> /home/kishoreyogaraj/tracking_ws/install/tracking/lib/python3.10/site-packages/tracking/core
[0.961s] copying /home/kishoreyogaraj/tracking_ws/build/tracking/build/lib/tracking/core/utils/geometry_utils.py -> /home/kishoreyogaraj/tracking_ws/install/tracking/lib/python3.10/site-packages/tracking/core/utils
[0.961s] copying /home/kishoreyogaraj/tracking_ws/build/tracking/build/lib/tracking/core/utils/ros_utils.py -> /home/kishoreyogaraj/tracking_ws/install/tracking/lib/python3.10/site-packages/tracking/core/utils
[0.961s] byte-compiling /home/kishoreyogaraj/tracking_ws/install/tracking/lib/python3.10/site-packages/tracking/tracker.py to tracker.cpython-310.pyc
[0.963s] byte-compiling /home/kishoreyogaraj/tracking_ws/install/tracking/lib/python3.10/site-packages/tracking/detection_publisher.py to detection_publisher.cpython-310.pyc
[0.964s] byte-compiling /home/kishoreyogaraj/tracking_ws/install/tracking/lib/python3.10/site-packages/tracking/core/ab3dmot.py to ab3dmot.cpython-310.pyc
[0.968s] byte-compiling /home/kishoreyogaraj/tracking_ws/install/tracking/lib/python3.10/site-packages/tracking/core/utils/geometry_utils.py to geometry_utils.cpython-310.pyc
[0.970s] byte-compiling /home/kishoreyogaraj/tracking_ws/install/tracking/lib/python3.10/site-packages/tracking/core/utils/ros_utils.py to ros_utils.cpython-310.pyc
[0.971s] running install_data
[0.971s] running install_egg_info
[0.973s] removing '/home/kishoreyogaraj/tracking_ws/install/tracking/lib/python3.10/site-packages/tracking-0.0.0-py3.10.egg-info' (and everything under it)
[0.974s] Copying ../../build/tracking/tracking.egg-info to /home/kishoreyogaraj/tracking_ws/install/tracking/lib/python3.10/site-packages/tracking-0.0.0-py3.10.egg-info
[0.975s] running install_scripts
[0.997s] Installing detection_publisher script to /home/kishoreyogaraj/tracking_ws/install/tracking/lib/tracking
[0.997s] Installing tracker_node script to /home/kishoreyogaraj/tracking_ws/install/tracking/lib/tracking
[0.998s] writing list of installed files to '/home/kishoreyogaraj/tracking_ws/build/tracking/install.log'
[1.026s] Invoked command in '/home/kishoreyogaraj/tracking_ws/src/tracking' returned '0': PYTHONPATH=/home/kishoreyogaraj/tracking_ws/build/tracking/prefix_override:/home/kishoreyogaraj/tracking_ws/install/tracking/lib/python3.10/site-packages:${PYTHONPATH} /usr/bin/python3 -W ignore:setup.py install is deprecated setup.py egg_info --egg-base ../../build/tracking build --build-base /home/kishoreyogaraj/tracking_ws/build/tracking/build install --record /home/kishoreyogaraj/tracking_ws/build/tracking/install.log --single-version-externally-managed install_data
