[0.296s] Invoking command in '/home/kishoreyogaraj/tracking_ws/build/tracking_msgs': CMAKE_PREFIX_PATH=${CMAKE_PREFIX_PATH}:/home/kishoreyogaraj/tracking_ws/install/tracking:/opt/ros/humble /usr/bin/cmake --build /home/kishoreyogaraj/tracking_ws/build/tracking_msgs -- -j8 -l8
[0.356s] [  1%] Built target tracking_msgs__cpp
[0.364s] [ 12%] Built target tracking_msgs__rosidl_generator_c
[0.371s] [ 12%] Built target ament_cmake_python_copy_tracking_msgs
[0.396s] [ 25%] Built target tracking_msgs__rosidl_typesupport_fastrtps_cpp
[0.396s] [ 35%] Built target tracking_msgs__rosidl_typesupport_cpp
[0.407s] [ 58%] Built target tracking_msgs__rosidl_typesupport_introspection_cpp
[0.407s] [ 58%] Built target tracking_msgs__rosidl_typesupport_c
[0.409s] [ 69%] Built target tracking_msgs__rosidl_typesupport_fastrtps_c
[0.413s] [ 81%] Built target tracking_msgs__rosidl_typesupport_introspection_c
[0.435s] [ 81%] Built target tracking_msgs
[0.457s] [ 82%] Built target tracking_msgs__py
[0.487s] [ 92%] Built target tracking_msgs__rosidl_generator_py
[0.515s] [ 94%] Built target tracking_msgs__rosidl_typesupport_introspection_c__pyext
[0.520s] [ 97%] Built target tracking_msgs__rosidl_typesupport_c__pyext
[0.520s] [100%] Built target tracking_msgs__rosidl_typesupport_fastrtps_c__pyext
[0.685s] running egg_info
[0.685s] writing tracking_msgs.egg-info/PKG-INFO
[0.686s] writing dependency_links to tracking_msgs.egg-info/dependency_links.txt
[0.686s] writing top-level names to tracking_msgs.egg-info/top_level.txt
[0.688s] reading manifest file 'tracking_msgs.egg-info/SOURCES.txt'
[0.689s] writing manifest file 'tracking_msgs.egg-info/SOURCES.txt'
[0.718s] [100%] Built target ament_cmake_python_build_tracking_msgs_egg
[0.731s] Invoked command in '/home/kishoreyogaraj/tracking_ws/build/tracking_msgs' returned '0': CMAKE_PREFIX_PATH=${CMAKE_PREFIX_PATH}:/home/kishoreyogaraj/tracking_ws/install/tracking:/opt/ros/humble /usr/bin/cmake --build /home/kishoreyogaraj/tracking_ws/build/tracking_msgs -- -j8 -l8
[0.917s] Invoking command in '/home/kishoreyogaraj/tracking_ws/build/tracking_msgs': CMAKE_PREFIX_PATH=${CMAKE_PREFIX_PATH}:/home/kishoreyogaraj/tracking_ws/install/tracking:/opt/ros/humble /usr/bin/cmake --install /home/kishoreyogaraj/tracking_ws/build/tracking_msgs
[0.925s] -- Install configuration: ""
[0.926s] -- Up-to-date: /home/kishoreyogaraj/tracking_ws/install/tracking_msgs/share/ament_index/resource_index/rosidl_interfaces/tracking_msgs
[0.926s] -- Up-to-date: /home/kishoreyogaraj/tracking_ws/install/tracking_msgs/include/tracking_msgs/tracking_msgs
[0.926s] -- Up-to-date: /home/kishoreyogaraj/tracking_ws/install/tracking_msgs/include/tracking_msgs/tracking_msgs/msg
[0.927s] -- Up-to-date: /home/kishoreyogaraj/tracking_ws/install/tracking_msgs/include/tracking_msgs/tracking_msgs/msg/tracked_obstacle_list.h
[0.927s] -- Up-to-date: /home/kishoreyogaraj/tracking_ws/install/tracking_msgs/include/tracking_msgs/tracking_msgs/msg/detail
[0.927s] -- Up-to-date: /home/kishoreyogaraj/tracking_ws/install/tracking_msgs/include/tracking_msgs/tracking_msgs/msg/detail/tracked_obstacle__functions.h
[0.927s] -- Up-to-date: /home/kishoreyogaraj/tracking_ws/install/tracking_msgs/include/tracking_msgs/tracking_msgs/msg/detail/tracked_detection3_d_array__functions.c
[0.927s] -- Up-to-date: /home/kishoreyogaraj/tracking_ws/install/tracking_msgs/include/tracking_msgs/tracking_msgs/msg/detail/tracked_obstacle_list__struct.h
[0.927s] -- Up-to-date: /home/kishoreyogaraj/tracking_ws/install/tracking_msgs/include/tracking_msgs/tracking_msgs/msg/detail/obstacle_list__struct.h
[0.927s] -- Up-to-date: /home/kishoreyogaraj/tracking_ws/install/tracking_msgs/include/tracking_msgs/tracking_msgs/msg/detail/tracked_obstacle_state__functions.h
[0.928s] -- Up-to-date: /home/kishoreyogaraj/tracking_ws/install/tracking_msgs/include/tracking_msgs/tracking_msgs/msg/detail/obstacle__type_support.h
[0.928s] -- Up-to-date: /home/kishoreyogaraj/tracking_ws/install/tracking_msgs/include/tracking_msgs/tracking_msgs/msg/detail/tracked_detection3_d_array__functions.h
[0.928s] -- Up-to-date: /home/kishoreyogaraj/tracking_ws/install/tracking_msgs/include/tracking_msgs/tracking_msgs/msg/detail/obstacle__struct.h
[0.928s] -- Up-to-date: /home/kishoreyogaraj/tracking_ws/install/tracking_msgs/include/tracking_msgs/tracking_msgs/msg/detail/obstacle_list__functions.h
[0.928s] -- Up-to-date: /home/kishoreyogaraj/tracking_ws/install/tracking_msgs/include/tracking_msgs/tracking_msgs/msg/detail/tracked_obstacle_list__functions.c
[0.928s] -- Up-to-date: /home/kishoreyogaraj/tracking_ws/install/tracking_msgs/include/tracking_msgs/tracking_msgs/msg/detail/tracked_obstacle__type_support.h
[0.929s] -- Up-to-date: /home/kishoreyogaraj/tracking_ws/install/tracking_msgs/include/tracking_msgs/tracking_msgs/msg/detail/tracked_obstacle_state__functions.c
[0.929s] -- Up-to-date: /home/kishoreyogaraj/tracking_ws/install/tracking_msgs/include/tracking_msgs/tracking_msgs/msg/detail/tracked_detection3_d__type_support.h
[0.929s] -- Up-to-date: /home/kishoreyogaraj/tracking_ws/install/tracking_msgs/include/tracking_msgs/tracking_msgs/msg/detail/obstacle_list__functions.c
[0.929s] -- Up-to-date: /home/kishoreyogaraj/tracking_ws/install/tracking_msgs/include/tracking_msgs/tracking_msgs/msg/detail/tracked_obstacle_state__type_support.h
[0.929s] -- Up-to-date: /home/kishoreyogaraj/tracking_ws/install/tracking_msgs/include/tracking_msgs/tracking_msgs/msg/detail/tracked_detection3_d__functions.h
[0.929s] -- Up-to-date: /home/kishoreyogaraj/tracking_ws/install/tracking_msgs/include/tracking_msgs/tracking_msgs/msg/detail/obstacle__functions.c
[0.930s] -- Up-to-date: /home/kishoreyogaraj/tracking_ws/install/tracking_msgs/include/tracking_msgs/tracking_msgs/msg/detail/tracked_detection3_d__functions.c
[0.930s] -- Up-to-date: /home/kishoreyogaraj/tracking_ws/install/tracking_msgs/include/tracking_msgs/tracking_msgs/msg/detail/tracked_obstacle_state__struct.h
[0.930s] -- Up-to-date: /home/kishoreyogaraj/tracking_ws/install/tracking_msgs/include/tracking_msgs/tracking_msgs/msg/detail/obstacle__functions.h
[0.930s] -- Up-to-date: /home/kishoreyogaraj/tracking_ws/install/tracking_msgs/include/tracking_msgs/tracking_msgs/msg/detail/tracked_obstacle__functions.c
[0.930s] -- Up-to-date: /home/kishoreyogaraj/tracking_ws/install/tracking_msgs/include/tracking_msgs/tracking_msgs/msg/detail/tracked_obstacle_list__type_support.h
[0.930s] -- Up-to-date: /home/kishoreyogaraj/tracking_ws/install/tracking_msgs/include/tracking_msgs/tracking_msgs/msg/detail/obstacle_list__type_support.h
[0.931s] -- Up-to-date: /home/kishoreyogaraj/tracking_ws/install/tracking_msgs/include/tracking_msgs/tracking_msgs/msg/detail/tracked_detection3_d_array__struct.h
[0.931s] -- Up-to-date: /home/kishoreyogaraj/tracking_ws/install/tracking_msgs/include/tracking_msgs/tracking_msgs/msg/detail/tracked_detection3_d_array__type_support.h
[0.931s] -- Up-to-date: /home/kishoreyogaraj/tracking_ws/install/tracking_msgs/include/tracking_msgs/tracking_msgs/msg/detail/tracked_obstacle_list__functions.h
[0.931s] -- Up-to-date: /home/kishoreyogaraj/tracking_ws/install/tracking_msgs/include/tracking_msgs/tracking_msgs/msg/detail/tracked_detection3_d__struct.h
[0.931s] -- Up-to-date: /home/kishoreyogaraj/tracking_ws/install/tracking_msgs/include/tracking_msgs/tracking_msgs/msg/detail/tracked_obstacle__struct.h
[0.932s] -- Up-to-date: /home/kishoreyogaraj/tracking_ws/install/tracking_msgs/include/tracking_msgs/tracking_msgs/msg/tracked_obstacle.h
[0.932s] -- Up-to-date: /home/kishoreyogaraj/tracking_ws/install/tracking_msgs/include/tracking_msgs/tracking_msgs/msg/obstacle_list.h
[0.932s] -- Up-to-date: /home/kishoreyogaraj/tracking_ws/install/tracking_msgs/include/tracking_msgs/tracking_msgs/msg/tracked_detection3_d.h
[0.932s] -- Up-to-date: /home/kishoreyogaraj/tracking_ws/install/tracking_msgs/include/tracking_msgs/tracking_msgs/msg/obstacle.h
[0.932s] -- Up-to-date: /home/kishoreyogaraj/tracking_ws/install/tracking_msgs/include/tracking_msgs/tracking_msgs/msg/rosidl_generator_c__visibility_control.h
[0.934s] -- Up-to-date: /home/kishoreyogaraj/tracking_ws/install/tracking_msgs/include/tracking_msgs/tracking_msgs/msg/tracked_detection3_d_array.h
[0.934s] -- Up-to-date: /home/kishoreyogaraj/tracking_ws/install/tracking_msgs/include/tracking_msgs/tracking_msgs/msg/tracked_obstacle_state.h
[0.934s] -- Up-to-date: /home/kishoreyogaraj/tracking_ws/install/tracking_msgs/share/tracking_msgs/environment/library_path.sh
[0.934s] -- Up-to-date: /home/kishoreyogaraj/tracking_ws/install/tracking_msgs/share/tracking_msgs/environment/library_path.dsv
[0.934s] -- Up-to-date: /home/kishoreyogaraj/tracking_ws/install/tracking_msgs/lib/libtracking_msgs__rosidl_generator_c.so
[0.934s] -- Up-to-date: /home/kishoreyogaraj/tracking_ws/install/tracking_msgs/include/tracking_msgs/tracking_msgs
[0.935s] -- Up-to-date: /home/kishoreyogaraj/tracking_ws/install/tracking_msgs/include/tracking_msgs/tracking_msgs/msg
[0.935s] -- Up-to-date: /home/kishoreyogaraj/tracking_ws/install/tracking_msgs/include/tracking_msgs/tracking_msgs/msg/detail
[0.935s] -- Up-to-date: /home/kishoreyogaraj/tracking_ws/install/tracking_msgs/include/tracking_msgs/tracking_msgs/msg/detail/obstacle__rosidl_typesupport_fastrtps_c.h
[0.935s] -- Up-to-date: /home/kishoreyogaraj/tracking_ws/install/tracking_msgs/include/tracking_msgs/tracking_msgs/msg/detail/tracked_obstacle_list__rosidl_typesupport_fastrtps_c.h
[0.936s] -- Up-to-date: /home/kishoreyogaraj/tracking_ws/install/tracking_msgs/include/tracking_msgs/tracking_msgs/msg/detail/tracked_detection3_d_array__rosidl_typesupport_fastrtps_c.h
[0.936s] -- Up-to-date: /home/kishoreyogaraj/tracking_ws/install/tracking_msgs/include/tracking_msgs/tracking_msgs/msg/detail/obstacle_list__rosidl_typesupport_fastrtps_c.h
[0.936s] -- Up-to-date: /home/kishoreyogaraj/tracking_ws/install/tracking_msgs/include/tracking_msgs/tracking_msgs/msg/detail/tracked_obstacle__rosidl_typesupport_fastrtps_c.h
[0.936s] -- Up-to-date: /home/kishoreyogaraj/tracking_ws/install/tracking_msgs/include/tracking_msgs/tracking_msgs/msg/detail/tracked_obstacle_state__rosidl_typesupport_fastrtps_c.h
[0.937s] -- Up-to-date: /home/kishoreyogaraj/tracking_ws/install/tracking_msgs/include/tracking_msgs/tracking_msgs/msg/detail/tracked_detection3_d__rosidl_typesupport_fastrtps_c.h
[0.937s] -- Up-to-date: /home/kishoreyogaraj/tracking_ws/install/tracking_msgs/include/tracking_msgs/tracking_msgs/msg/rosidl_typesupport_fastrtps_c__visibility_control.h
[0.937s] -- Up-to-date: /home/kishoreyogaraj/tracking_ws/install/tracking_msgs/lib/libtracking_msgs__rosidl_typesupport_fastrtps_c.so
[0.938s] -- Up-to-date: /home/kishoreyogaraj/tracking_ws/install/tracking_msgs/include/tracking_msgs/tracking_msgs
[0.938s] -- Up-to-date: /home/kishoreyogaraj/tracking_ws/install/tracking_msgs/include/tracking_msgs/tracking_msgs/msg
[0.938s] -- Up-to-date: /home/kishoreyogaraj/tracking_ws/install/tracking_msgs/include/tracking_msgs/tracking_msgs/msg/detail
[0.938s] -- Up-to-date: /home/kishoreyogaraj/tracking_ws/install/tracking_msgs/include/tracking_msgs/tracking_msgs/msg/detail/tracked_detection3_d_array__type_support.c
[0.938s] -- Up-to-date: /home/kishoreyogaraj/tracking_ws/install/tracking_msgs/include/tracking_msgs/tracking_msgs/msg/detail/tracked_obstacle_state__type_support.c
[0.938s] -- Up-to-date: /home/kishoreyogaraj/tracking_ws/install/tracking_msgs/include/tracking_msgs/tracking_msgs/msg/detail/tracked_obstacle__type_support.c
[0.938s] -- Up-to-date: /home/kishoreyogaraj/tracking_ws/install/tracking_msgs/include/tracking_msgs/tracking_msgs/msg/detail/tracked_detection3_d_array__rosidl_typesupport_introspection_c.h
[0.939s] -- Up-to-date: /home/kishoreyogaraj/tracking_ws/install/tracking_msgs/include/tracking_msgs/tracking_msgs/msg/detail/obstacle__type_support.c
[0.939s] -- Up-to-date: /home/kishoreyogaraj/tracking_ws/install/tracking_msgs/include/tracking_msgs/tracking_msgs/msg/detail/tracked_obstacle_list__type_support.c
[0.939s] -- Up-to-date: /home/kishoreyogaraj/tracking_ws/install/tracking_msgs/include/tracking_msgs/tracking_msgs/msg/detail/tracked_detection3_d__rosidl_typesupport_introspection_c.h
[0.939s] -- Up-to-date: /home/kishoreyogaraj/tracking_ws/install/tracking_msgs/include/tracking_msgs/tracking_msgs/msg/detail/tracked_detection3_d__type_support.c
[0.939s] -- Up-to-date: /home/kishoreyogaraj/tracking_ws/install/tracking_msgs/include/tracking_msgs/tracking_msgs/msg/detail/tracked_obstacle_list__rosidl_typesupport_introspection_c.h
[0.939s] -- Up-to-date: /home/kishoreyogaraj/tracking_ws/install/tracking_msgs/include/tracking_msgs/tracking_msgs/msg/detail/tracked_obstacle__rosidl_typesupport_introspection_c.h
[0.939s] -- Up-to-date: /home/kishoreyogaraj/tracking_ws/install/tracking_msgs/include/tracking_msgs/tracking_msgs/msg/detail/obstacle_list__type_support.c
[0.940s] -- Up-to-date: /home/kishoreyogaraj/tracking_ws/install/tracking_msgs/include/tracking_msgs/tracking_msgs/msg/detail/obstacle__rosidl_typesupport_introspection_c.h
[0.940s] -- Up-to-date: /home/kishoreyogaraj/tracking_ws/install/tracking_msgs/include/tracking_msgs/tracking_msgs/msg/detail/obstacle_list__rosidl_typesupport_introspection_c.h
[0.940s] -- Up-to-date: /home/kishoreyogaraj/tracking_ws/install/tracking_msgs/include/tracking_msgs/tracking_msgs/msg/detail/tracked_obstacle_state__rosidl_typesupport_introspection_c.h
[0.940s] -- Up-to-date: /home/kishoreyogaraj/tracking_ws/install/tracking_msgs/include/tracking_msgs/tracking_msgs/msg/rosidl_typesupport_introspection_c__visibility_control.h
[0.940s] -- Up-to-date: /home/kishoreyogaraj/tracking_ws/install/tracking_msgs/lib/libtracking_msgs__rosidl_typesupport_introspection_c.so
[0.940s] -- Up-to-date: /home/kishoreyogaraj/tracking_ws/install/tracking_msgs/lib/libtracking_msgs__rosidl_typesupport_c.so
[0.940s] -- Up-to-date: /home/kishoreyogaraj/tracking_ws/install/tracking_msgs/include/tracking_msgs/tracking_msgs
[0.941s] -- Up-to-date: /home/kishoreyogaraj/tracking_ws/install/tracking_msgs/include/tracking_msgs/tracking_msgs/msg
[0.941s] -- Up-to-date: /home/kishoreyogaraj/tracking_ws/install/tracking_msgs/include/tracking_msgs/tracking_msgs/msg/detail
[0.941s] -- Up-to-date: /home/kishoreyogaraj/tracking_ws/install/tracking_msgs/include/tracking_msgs/tracking_msgs/msg/detail/tracked_detection3_d__traits.hpp
[0.941s] -- Up-to-date: /home/kishoreyogaraj/tracking_ws/install/tracking_msgs/include/tracking_msgs/tracking_msgs/msg/detail/tracked_obstacle_state__struct.hpp
[0.941s] -- Up-to-date: /home/kishoreyogaraj/tracking_ws/install/tracking_msgs/include/tracking_msgs/tracking_msgs/msg/detail/tracked_detection3_d__builder.hpp
[0.941s] -- Up-to-date: /home/kishoreyogaraj/tracking_ws/install/tracking_msgs/include/tracking_msgs/tracking_msgs/msg/detail/obstacle_list__struct.hpp
[0.941s] -- Up-to-date: /home/kishoreyogaraj/tracking_ws/install/tracking_msgs/include/tracking_msgs/tracking_msgs/msg/detail/tracked_detection3_d_array__traits.hpp
[0.941s] -- Up-to-date: /home/kishoreyogaraj/tracking_ws/install/tracking_msgs/include/tracking_msgs/tracking_msgs/msg/detail/tracked_obstacle__traits.hpp
[0.942s] -- Up-to-date: /home/kishoreyogaraj/tracking_ws/install/tracking_msgs/include/tracking_msgs/tracking_msgs/msg/detail/tracked_obstacle_list__struct.hpp
[0.942s] -- Up-to-date: /home/kishoreyogaraj/tracking_ws/install/tracking_msgs/include/tracking_msgs/tracking_msgs/msg/detail/obstacle__traits.hpp
[0.942s] -- Up-to-date: /home/kishoreyogaraj/tracking_ws/install/tracking_msgs/include/tracking_msgs/tracking_msgs/msg/detail/tracked_detection3_d__struct.hpp
[0.942s] -- Up-to-date: /home/kishoreyogaraj/tracking_ws/install/tracking_msgs/include/tracking_msgs/tracking_msgs/msg/detail/obstacle__builder.hpp
[0.942s] -- Up-to-date: /home/kishoreyogaraj/tracking_ws/install/tracking_msgs/include/tracking_msgs/tracking_msgs/msg/detail/tracked_obstacle_state__builder.hpp
[0.942s] -- Up-to-date: /home/kishoreyogaraj/tracking_ws/install/tracking_msgs/include/tracking_msgs/tracking_msgs/msg/detail/tracked_obstacle__struct.hpp
[0.942s] -- Up-to-date: /home/kishoreyogaraj/tracking_ws/install/tracking_msgs/include/tracking_msgs/tracking_msgs/msg/detail/obstacle__struct.hpp
[0.943s] -- Up-to-date: /home/kishoreyogaraj/tracking_ws/install/tracking_msgs/include/tracking_msgs/tracking_msgs/msg/detail/tracked_obstacle_list__traits.hpp
[0.943s] -- Up-to-date: /home/kishoreyogaraj/tracking_ws/install/tracking_msgs/include/tracking_msgs/tracking_msgs/msg/detail/obstacle_list__builder.hpp
[0.943s] -- Up-to-date: /home/kishoreyogaraj/tracking_ws/install/tracking_msgs/include/tracking_msgs/tracking_msgs/msg/detail/tracked_obstacle_list__builder.hpp
[0.943s] -- Up-to-date: /home/kishoreyogaraj/tracking_ws/install/tracking_msgs/include/tracking_msgs/tracking_msgs/msg/detail/tracked_detection3_d_array__builder.hpp
[0.943s] -- Up-to-date: /home/kishoreyogaraj/tracking_ws/install/tracking_msgs/include/tracking_msgs/tracking_msgs/msg/detail/tracked_detection3_d_array__struct.hpp
[0.943s] -- Up-to-date: /home/kishoreyogaraj/tracking_ws/install/tracking_msgs/include/tracking_msgs/tracking_msgs/msg/detail/tracked_obstacle_state__traits.hpp
[0.943s] -- Up-to-date: /home/kishoreyogaraj/tracking_ws/install/tracking_msgs/include/tracking_msgs/tracking_msgs/msg/detail/tracked_obstacle__builder.hpp
[0.944s] -- Up-to-date: /home/kishoreyogaraj/tracking_ws/install/tracking_msgs/include/tracking_msgs/tracking_msgs/msg/detail/obstacle_list__traits.hpp
[0.944s] -- Up-to-date: /home/kishoreyogaraj/tracking_ws/install/tracking_msgs/include/tracking_msgs/tracking_msgs/msg/tracked_detection3_d.hpp
[0.944s] -- Up-to-date: /home/kishoreyogaraj/tracking_ws/install/tracking_msgs/include/tracking_msgs/tracking_msgs/msg/tracked_obstacle_state.hpp
[0.944s] -- Up-to-date: /home/kishoreyogaraj/tracking_ws/install/tracking_msgs/include/tracking_msgs/tracking_msgs/msg/tracked_detection3_d_array.hpp
[0.944s] -- Up-to-date: /home/kishoreyogaraj/tracking_ws/install/tracking_msgs/include/tracking_msgs/tracking_msgs/msg/obstacle_list.hpp
[0.944s] -- Up-to-date: /home/kishoreyogaraj/tracking_ws/install/tracking_msgs/include/tracking_msgs/tracking_msgs/msg/obstacle.hpp
[0.944s] -- Up-to-date: /home/kishoreyogaraj/tracking_ws/install/tracking_msgs/include/tracking_msgs/tracking_msgs/msg/tracked_obstacle.hpp
[0.945s] -- Up-to-date: /home/kishoreyogaraj/tracking_ws/install/tracking_msgs/include/tracking_msgs/tracking_msgs/msg/tracked_obstacle_list.hpp
[0.945s] -- Up-to-date: /home/kishoreyogaraj/tracking_ws/install/tracking_msgs/include/tracking_msgs/tracking_msgs
[0.945s] -- Up-to-date: /home/kishoreyogaraj/tracking_ws/install/tracking_msgs/include/tracking_msgs/tracking_msgs/msg
[0.945s] -- Up-to-date: /home/kishoreyogaraj/tracking_ws/install/tracking_msgs/include/tracking_msgs/tracking_msgs/msg/detail
[0.945s] -- Up-to-date: /home/kishoreyogaraj/tracking_ws/install/tracking_msgs/include/tracking_msgs/tracking_msgs/msg/detail/obstacle_list__rosidl_typesupport_fastrtps_cpp.hpp
[0.945s] -- Up-to-date: /home/kishoreyogaraj/tracking_ws/install/tracking_msgs/include/tracking_msgs/tracking_msgs/msg/detail/dds_fastrtps
[0.945s] -- Up-to-date: /home/kishoreyogaraj/tracking_ws/install/tracking_msgs/include/tracking_msgs/tracking_msgs/msg/detail/tracked_detection3_d__rosidl_typesupport_fastrtps_cpp.hpp
[0.945s] -- Up-to-date: /home/kishoreyogaraj/tracking_ws/install/tracking_msgs/include/tracking_msgs/tracking_msgs/msg/detail/obstacle__rosidl_typesupport_fastrtps_cpp.hpp
[0.946s] -- Up-to-date: /home/kishoreyogaraj/tracking_ws/install/tracking_msgs/include/tracking_msgs/tracking_msgs/msg/detail/tracked_obstacle_list__rosidl_typesupport_fastrtps_cpp.hpp
[0.946s] -- Up-to-date: /home/kishoreyogaraj/tracking_ws/install/tracking_msgs/include/tracking_msgs/tracking_msgs/msg/detail/tracked_obstacle_state__rosidl_typesupport_fastrtps_cpp.hpp
[0.946s] -- Up-to-date: /home/kishoreyogaraj/tracking_ws/install/tracking_msgs/include/tracking_msgs/tracking_msgs/msg/detail/tracked_obstacle__rosidl_typesupport_fastrtps_cpp.hpp
[0.946s] -- Up-to-date: /home/kishoreyogaraj/tracking_ws/install/tracking_msgs/include/tracking_msgs/tracking_msgs/msg/detail/tracked_detection3_d_array__rosidl_typesupport_fastrtps_cpp.hpp
[0.946s] -- Up-to-date: /home/kishoreyogaraj/tracking_ws/install/tracking_msgs/include/tracking_msgs/tracking_msgs/msg/rosidl_typesupport_fastrtps_cpp__visibility_control.h
[0.947s] -- Up-to-date: /home/kishoreyogaraj/tracking_ws/install/tracking_msgs/lib/libtracking_msgs__rosidl_typesupport_fastrtps_cpp.so
[0.947s] -- Up-to-date: /home/kishoreyogaraj/tracking_ws/install/tracking_msgs/include/tracking_msgs/tracking_msgs
[0.947s] -- Up-to-date: /home/kishoreyogaraj/tracking_ws/install/tracking_msgs/include/tracking_msgs/tracking_msgs/msg
[0.947s] -- Up-to-date: /home/kishoreyogaraj/tracking_ws/install/tracking_msgs/include/tracking_msgs/tracking_msgs/msg/detail
[0.947s] -- Up-to-date: /home/kishoreyogaraj/tracking_ws/install/tracking_msgs/include/tracking_msgs/tracking_msgs/msg/detail/tracked_obstacle_list__type_support.cpp
[0.947s] -- Up-to-date: /home/kishoreyogaraj/tracking_ws/install/tracking_msgs/include/tracking_msgs/tracking_msgs/msg/detail/tracked_obstacle__type_support.cpp
[0.947s] -- Up-to-date: /home/kishoreyogaraj/tracking_ws/install/tracking_msgs/include/tracking_msgs/tracking_msgs/msg/detail/tracked_detection3_d__type_support.cpp
[0.948s] -- Up-to-date: /home/kishoreyogaraj/tracking_ws/install/tracking_msgs/include/tracking_msgs/tracking_msgs/msg/detail/tracked_obstacle_state__rosidl_typesupport_introspection_cpp.hpp
[0.948s] -- Up-to-date: /home/kishoreyogaraj/tracking_ws/install/tracking_msgs/include/tracking_msgs/tracking_msgs/msg/detail/tracked_obstacle__rosidl_typesupport_introspection_cpp.hpp
[0.948s] -- Up-to-date: /home/kishoreyogaraj/tracking_ws/install/tracking_msgs/include/tracking_msgs/tracking_msgs/msg/detail/obstacle__type_support.cpp
[0.948s] -- Up-to-date: /home/kishoreyogaraj/tracking_ws/install/tracking_msgs/include/tracking_msgs/tracking_msgs/msg/detail/tracked_detection3_d_array__type_support.cpp
[0.948s] -- Up-to-date: /home/kishoreyogaraj/tracking_ws/install/tracking_msgs/include/tracking_msgs/tracking_msgs/msg/detail/tracked_obstacle_state__type_support.cpp
[0.948s] -- Up-to-date: /home/kishoreyogaraj/tracking_ws/install/tracking_msgs/include/tracking_msgs/tracking_msgs/msg/detail/obstacle_list__rosidl_typesupport_introspection_cpp.hpp
[0.949s] -- Up-to-date: /home/kishoreyogaraj/tracking_ws/install/tracking_msgs/include/tracking_msgs/tracking_msgs/msg/detail/tracked_detection3_d__rosidl_typesupport_introspection_cpp.hpp
[0.949s] -- Up-to-date: /home/kishoreyogaraj/tracking_ws/install/tracking_msgs/include/tracking_msgs/tracking_msgs/msg/detail/tracked_obstacle_list__rosidl_typesupport_introspection_cpp.hpp
[0.949s] -- Up-to-date: /home/kishoreyogaraj/tracking_ws/install/tracking_msgs/include/tracking_msgs/tracking_msgs/msg/detail/obstacle_list__type_support.cpp
[0.949s] -- Up-to-date: /home/kishoreyogaraj/tracking_ws/install/tracking_msgs/include/tracking_msgs/tracking_msgs/msg/detail/tracked_detection3_d_array__rosidl_typesupport_introspection_cpp.hpp
[0.949s] -- Up-to-date: /home/kishoreyogaraj/tracking_ws/install/tracking_msgs/include/tracking_msgs/tracking_msgs/msg/detail/obstacle__rosidl_typesupport_introspection_cpp.hpp
[0.949s] -- Up-to-date: /home/kishoreyogaraj/tracking_ws/install/tracking_msgs/lib/libtracking_msgs__rosidl_typesupport_introspection_cpp.so
[0.949s] -- Up-to-date: /home/kishoreyogaraj/tracking_ws/install/tracking_msgs/lib/libtracking_msgs__rosidl_typesupport_cpp.so
[0.949s] -- Up-to-date: /home/kishoreyogaraj/tracking_ws/install/tracking_msgs/share/tracking_msgs/environment/pythonpath.sh
[0.949s] -- Up-to-date: /home/kishoreyogaraj/tracking_ws/install/tracking_msgs/share/tracking_msgs/environment/pythonpath.dsv
[0.950s] -- Up-to-date: /home/kishoreyogaraj/tracking_ws/install/tracking_msgs/local/lib/python3.10/dist-packages/tracking_msgs-0.0.0-py3.10.egg-info
[0.950s] -- Installing: /home/kishoreyogaraj/tracking_ws/install/tracking_msgs/local/lib/python3.10/dist-packages/tracking_msgs-0.0.0-py3.10.egg-info/top_level.txt
[0.950s] -- Installing: /home/kishoreyogaraj/tracking_ws/install/tracking_msgs/local/lib/python3.10/dist-packages/tracking_msgs-0.0.0-py3.10.egg-info/dependency_links.txt
[0.950s] -- Installing: /home/kishoreyogaraj/tracking_ws/install/tracking_msgs/local/lib/python3.10/dist-packages/tracking_msgs-0.0.0-py3.10.egg-info/PKG-INFO
[0.950s] -- Installing: /home/kishoreyogaraj/tracking_ws/install/tracking_msgs/local/lib/python3.10/dist-packages/tracking_msgs-0.0.0-py3.10.egg-info/SOURCES.txt
[0.950s] -- Up-to-date: /home/kishoreyogaraj/tracking_ws/install/tracking_msgs/local/lib/python3.10/dist-packages/tracking_msgs
[0.951s] -- Up-to-date: /home/kishoreyogaraj/tracking_ws/install/tracking_msgs/local/lib/python3.10/dist-packages/tracking_msgs/msg
[0.951s] -- Up-to-date: /home/kishoreyogaraj/tracking_ws/install/tracking_msgs/local/lib/python3.10/dist-packages/tracking_msgs/msg/_tracked_detection3_d.py
[0.951s] -- Up-to-date: /home/kishoreyogaraj/tracking_ws/install/tracking_msgs/local/lib/python3.10/dist-packages/tracking_msgs/msg/_tracked_obstacle_s.c
[0.951s] -- Up-to-date: /home/kishoreyogaraj/tracking_ws/install/tracking_msgs/local/lib/python3.10/dist-packages/tracking_msgs/msg/_tracked_detection3_d_s.c
[0.951s] -- Up-to-date: /home/kishoreyogaraj/tracking_ws/install/tracking_msgs/local/lib/python3.10/dist-packages/tracking_msgs/msg/_tracked_obstacle_list.py
[0.951s] -- Up-to-date: /home/kishoreyogaraj/tracking_ws/install/tracking_msgs/local/lib/python3.10/dist-packages/tracking_msgs/msg/_tracked_detection3_d_array.py
[0.951s] -- Up-to-date: /home/kishoreyogaraj/tracking_ws/install/tracking_msgs/local/lib/python3.10/dist-packages/tracking_msgs/msg/__init__.py
[0.951s] -- Up-to-date: /home/kishoreyogaraj/tracking_ws/install/tracking_msgs/local/lib/python3.10/dist-packages/tracking_msgs/msg/_obstacle_list.py
[0.952s] -- Up-to-date: /home/kishoreyogaraj/tracking_ws/install/tracking_msgs/local/lib/python3.10/dist-packages/tracking_msgs/msg/_tracked_obstacle.py
[0.952s] -- Up-to-date: /home/kishoreyogaraj/tracking_ws/install/tracking_msgs/local/lib/python3.10/dist-packages/tracking_msgs/msg/_obstacle.py
[0.952s] -- Up-to-date: /home/kishoreyogaraj/tracking_ws/install/tracking_msgs/local/lib/python3.10/dist-packages/tracking_msgs/msg/_obstacle_list_s.c
[0.952s] -- Up-to-date: /home/kishoreyogaraj/tracking_ws/install/tracking_msgs/local/lib/python3.10/dist-packages/tracking_msgs/msg/_tracked_obstacle_state_s.c
[0.952s] -- Up-to-date: /home/kishoreyogaraj/tracking_ws/install/tracking_msgs/local/lib/python3.10/dist-packages/tracking_msgs/msg/_tracked_obstacle_state.py
[0.952s] -- Up-to-date: /home/kishoreyogaraj/tracking_ws/install/tracking_msgs/local/lib/python3.10/dist-packages/tracking_msgs/msg/_tracked_detection3_d_array_s.c
[0.952s] -- Up-to-date: /home/kishoreyogaraj/tracking_ws/install/tracking_msgs/local/lib/python3.10/dist-packages/tracking_msgs/msg/_tracked_obstacle_list_s.c
[0.953s] -- Up-to-date: /home/kishoreyogaraj/tracking_ws/install/tracking_msgs/local/lib/python3.10/dist-packages/tracking_msgs/msg/_obstacle_s.c
[0.953s] -- Up-to-date: /home/kishoreyogaraj/tracking_ws/install/tracking_msgs/local/lib/python3.10/dist-packages/tracking_msgs/tracking_msgs_s__rosidl_typesupport_fastrtps_c.cpython-310-x86_64-linux-gnu.so
[0.953s] -- Up-to-date: /home/kishoreyogaraj/tracking_ws/install/tracking_msgs/local/lib/python3.10/dist-packages/tracking_msgs/_tracking_msgs_s.ep.rosidl_typesupport_fastrtps_c.c
[0.953s] -- Up-to-date: /home/kishoreyogaraj/tracking_ws/install/tracking_msgs/local/lib/python3.10/dist-packages/tracking_msgs/tracking_msgs_s__rosidl_typesupport_introspection_c.cpython-310-x86_64-linux-gnu.so
[0.953s] -- Up-to-date: /home/kishoreyogaraj/tracking_ws/install/tracking_msgs/local/lib/python3.10/dist-packages/tracking_msgs/__init__.py
[0.953s] -- Up-to-date: /home/kishoreyogaraj/tracking_ws/install/tracking_msgs/local/lib/python3.10/dist-packages/tracking_msgs/_tracking_msgs_s.ep.rosidl_typesupport_introspection_c.c
[0.953s] -- Up-to-date: /home/kishoreyogaraj/tracking_ws/install/tracking_msgs/local/lib/python3.10/dist-packages/tracking_msgs/tracking_msgs_s__rosidl_typesupport_c.cpython-310-x86_64-linux-gnu.so
[0.954s] -- Up-to-date: /home/kishoreyogaraj/tracking_ws/install/tracking_msgs/local/lib/python3.10/dist-packages/tracking_msgs/_tracking_msgs_s.ep.rosidl_typesupport_c.c
[0.954s] -- Up-to-date: /home/kishoreyogaraj/tracking_ws/install/tracking_msgs/local/lib/python3.10/dist-packages/tracking_msgs/libtracking_msgs__rosidl_generator_py.so
[0.984s] Listing '/home/kishoreyogaraj/tracking_ws/install/tracking_msgs/local/lib/python3.10/dist-packages/tracking_msgs'...
[0.984s] Listing '/home/kishoreyogaraj/tracking_ws/install/tracking_msgs/local/lib/python3.10/dist-packages/tracking_msgs/msg'...
[0.991s] -- Up-to-date: /home/kishoreyogaraj/tracking_ws/install/tracking_msgs/local/lib/python3.10/dist-packages/tracking_msgs/tracking_msgs_s__rosidl_typesupport_fastrtps_c.cpython-310-x86_64-linux-gnu.so
[0.992s] -- Up-to-date: /home/kishoreyogaraj/tracking_ws/install/tracking_msgs/local/lib/python3.10/dist-packages/tracking_msgs/tracking_msgs_s__rosidl_typesupport_introspection_c.cpython-310-x86_64-linux-gnu.so
[0.992s] -- Up-to-date: /home/kishoreyogaraj/tracking_ws/install/tracking_msgs/local/lib/python3.10/dist-packages/tracking_msgs/tracking_msgs_s__rosidl_typesupport_c.cpython-310-x86_64-linux-gnu.so
[0.993s] -- Up-to-date: /home/kishoreyogaraj/tracking_ws/install/tracking_msgs/lib/libtracking_msgs__rosidl_generator_py.so
[0.994s] -- Up-to-date: /home/kishoreyogaraj/tracking_ws/install/tracking_msgs/share/tracking_msgs/msg/TrackedDetection3D.idl
[0.994s] -- Up-to-date: /home/kishoreyogaraj/tracking_ws/install/tracking_msgs/share/tracking_msgs/msg/TrackedDetection3DArray.idl
[0.994s] -- Up-to-date: /home/kishoreyogaraj/tracking_ws/install/tracking_msgs/share/tracking_msgs/msg/Obstacle.idl
[0.994s] -- Up-to-date: /home/kishoreyogaraj/tracking_ws/install/tracking_msgs/share/tracking_msgs/msg/TrackedObstacle.idl
[0.994s] -- Up-to-date: /home/kishoreyogaraj/tracking_ws/install/tracking_msgs/share/tracking_msgs/msg/TrackedObstacleList.idl
[0.994s] -- Up-to-date: /home/kishoreyogaraj/tracking_ws/install/tracking_msgs/share/tracking_msgs/msg/TrackedObstacleState.idl
[0.994s] -- Up-to-date: /home/kishoreyogaraj/tracking_ws/install/tracking_msgs/share/tracking_msgs/msg/ObstacleList.idl
[0.995s] -- Up-to-date: /home/kishoreyogaraj/tracking_ws/install/tracking_msgs/share/tracking_msgs/msg/TrackedDetection3D.msg
[0.995s] -- Up-to-date: /home/kishoreyogaraj/tracking_ws/install/tracking_msgs/share/tracking_msgs/msg/TrackedDetection3DArray.msg
[0.995s] -- Up-to-date: /home/kishoreyogaraj/tracking_ws/install/tracking_msgs/share/tracking_msgs/msg/Obstacle.msg
[0.995s] -- Up-to-date: /home/kishoreyogaraj/tracking_ws/install/tracking_msgs/share/tracking_msgs/msg/TrackedObstacle.msg
[0.995s] -- Up-to-date: /home/kishoreyogaraj/tracking_ws/install/tracking_msgs/share/tracking_msgs/msg/TrackedObstacleList.msg
[0.995s] -- Up-to-date: /home/kishoreyogaraj/tracking_ws/install/tracking_msgs/share/tracking_msgs/msg/TrackedObstacleState.msg
[0.996s] -- Up-to-date: /home/kishoreyogaraj/tracking_ws/install/tracking_msgs/share/tracking_msgs/msg/ObstacleList.msg
[0.996s] -- Up-to-date: /home/kishoreyogaraj/tracking_ws/install/tracking_msgs/share/ament_index/resource_index/package_run_dependencies/tracking_msgs
[0.996s] -- Up-to-date: /home/kishoreyogaraj/tracking_ws/install/tracking_msgs/share/ament_index/resource_index/parent_prefix_path/tracking_msgs
[0.996s] -- Up-to-date: /home/kishoreyogaraj/tracking_ws/install/tracking_msgs/share/tracking_msgs/environment/ament_prefix_path.sh
[0.996s] -- Up-to-date: /home/kishoreyogaraj/tracking_ws/install/tracking_msgs/share/tracking_msgs/environment/ament_prefix_path.dsv
[0.996s] -- Up-to-date: /home/kishoreyogaraj/tracking_ws/install/tracking_msgs/share/tracking_msgs/environment/path.sh
[0.996s] -- Up-to-date: /home/kishoreyogaraj/tracking_ws/install/tracking_msgs/share/tracking_msgs/environment/path.dsv
[0.997s] -- Up-to-date: /home/kishoreyogaraj/tracking_ws/install/tracking_msgs/share/tracking_msgs/local_setup.bash
[0.997s] -- Up-to-date: /home/kishoreyogaraj/tracking_ws/install/tracking_msgs/share/tracking_msgs/local_setup.sh
[0.997s] -- Up-to-date: /home/kishoreyogaraj/tracking_ws/install/tracking_msgs/share/tracking_msgs/local_setup.zsh
[0.997s] -- Up-to-date: /home/kishoreyogaraj/tracking_ws/install/tracking_msgs/share/tracking_msgs/local_setup.dsv
[0.997s] -- Installing: /home/kishoreyogaraj/tracking_ws/install/tracking_msgs/share/tracking_msgs/package.dsv
[0.997s] -- Up-to-date: /home/kishoreyogaraj/tracking_ws/install/tracking_msgs/share/ament_index/resource_index/packages/tracking_msgs
[0.997s] -- Up-to-date: /home/kishoreyogaraj/tracking_ws/install/tracking_msgs/share/tracking_msgs/cmake/export_tracking_msgs__rosidl_generator_cExport.cmake
[0.997s] -- Up-to-date: /home/kishoreyogaraj/tracking_ws/install/tracking_msgs/share/tracking_msgs/cmake/export_tracking_msgs__rosidl_generator_cExport-noconfig.cmake
[0.998s] -- Up-to-date: /home/kishoreyogaraj/tracking_ws/install/tracking_msgs/share/tracking_msgs/cmake/export_tracking_msgs__rosidl_typesupport_fastrtps_cExport.cmake
[0.998s] -- Up-to-date: /home/kishoreyogaraj/tracking_ws/install/tracking_msgs/share/tracking_msgs/cmake/export_tracking_msgs__rosidl_typesupport_fastrtps_cExport-noconfig.cmake
[0.998s] -- Up-to-date: /home/kishoreyogaraj/tracking_ws/install/tracking_msgs/share/tracking_msgs/cmake/tracking_msgs__rosidl_typesupport_introspection_cExport.cmake
[0.998s] -- Up-to-date: /home/kishoreyogaraj/tracking_ws/install/tracking_msgs/share/tracking_msgs/cmake/tracking_msgs__rosidl_typesupport_introspection_cExport-noconfig.cmake
[0.998s] -- Up-to-date: /home/kishoreyogaraj/tracking_ws/install/tracking_msgs/share/tracking_msgs/cmake/tracking_msgs__rosidl_typesupport_cExport.cmake
[0.998s] -- Up-to-date: /home/kishoreyogaraj/tracking_ws/install/tracking_msgs/share/tracking_msgs/cmake/tracking_msgs__rosidl_typesupport_cExport-noconfig.cmake
[0.998s] -- Up-to-date: /home/kishoreyogaraj/tracking_ws/install/tracking_msgs/share/tracking_msgs/cmake/export_tracking_msgs__rosidl_generator_cppExport.cmake
[0.998s] -- Up-to-date: /home/kishoreyogaraj/tracking_ws/install/tracking_msgs/share/tracking_msgs/cmake/export_tracking_msgs__rosidl_typesupport_fastrtps_cppExport.cmake
[0.998s] -- Up-to-date: /home/kishoreyogaraj/tracking_ws/install/tracking_msgs/share/tracking_msgs/cmake/export_tracking_msgs__rosidl_typesupport_fastrtps_cppExport-noconfig.cmake
[0.998s] -- Up-to-date: /home/kishoreyogaraj/tracking_ws/install/tracking_msgs/share/tracking_msgs/cmake/tracking_msgs__rosidl_typesupport_introspection_cppExport.cmake
[0.999s] -- Up-to-date: /home/kishoreyogaraj/tracking_ws/install/tracking_msgs/share/tracking_msgs/cmake/tracking_msgs__rosidl_typesupport_introspection_cppExport-noconfig.cmake
[0.999s] -- Up-to-date: /home/kishoreyogaraj/tracking_ws/install/tracking_msgs/share/tracking_msgs/cmake/tracking_msgs__rosidl_typesupport_cppExport.cmake
[0.999s] -- Up-to-date: /home/kishoreyogaraj/tracking_ws/install/tracking_msgs/share/tracking_msgs/cmake/tracking_msgs__rosidl_typesupport_cppExport-noconfig.cmake
[0.999s] -- Up-to-date: /home/kishoreyogaraj/tracking_ws/install/tracking_msgs/share/tracking_msgs/cmake/export_tracking_msgs__rosidl_generator_pyExport.cmake
[0.999s] -- Up-to-date: /home/kishoreyogaraj/tracking_ws/install/tracking_msgs/share/tracking_msgs/cmake/export_tracking_msgs__rosidl_generator_pyExport-noconfig.cmake
[0.999s] -- Up-to-date: /home/kishoreyogaraj/tracking_ws/install/tracking_msgs/share/tracking_msgs/cmake/rosidl_cmake-extras.cmake
[0.999s] -- Up-to-date: /home/kishoreyogaraj/tracking_ws/install/tracking_msgs/share/tracking_msgs/cmake/ament_cmake_export_dependencies-extras.cmake
[1.000s] -- Up-to-date: /home/kishoreyogaraj/tracking_ws/install/tracking_msgs/share/tracking_msgs/cmake/ament_cmake_export_include_directories-extras.cmake
[1.000s] -- Up-to-date: /home/kishoreyogaraj/tracking_ws/install/tracking_msgs/share/tracking_msgs/cmake/ament_cmake_export_libraries-extras.cmake
[1.000s] -- Up-to-date: /home/kishoreyogaraj/tracking_ws/install/tracking_msgs/share/tracking_msgs/cmake/ament_cmake_export_targets-extras.cmake
[1.000s] -- Up-to-date: /home/kishoreyogaraj/tracking_ws/install/tracking_msgs/share/tracking_msgs/cmake/rosidl_cmake_export_typesupport_targets-extras.cmake
[1.000s] -- Up-to-date: /home/kishoreyogaraj/tracking_ws/install/tracking_msgs/share/tracking_msgs/cmake/rosidl_cmake_export_typesupport_libraries-extras.cmake
[1.000s] -- Up-to-date: /home/kishoreyogaraj/tracking_ws/install/tracking_msgs/share/tracking_msgs/cmake/tracking_msgsConfig.cmake
[1.000s] -- Up-to-date: /home/kishoreyogaraj/tracking_ws/install/tracking_msgs/share/tracking_msgs/cmake/tracking_msgsConfig-version.cmake
[1.000s] -- Up-to-date: /home/kishoreyogaraj/tracking_ws/install/tracking_msgs/share/tracking_msgs/package.xml
[1.003s] Invoked command in '/home/kishoreyogaraj/tracking_ws/build/tracking_msgs' returned '0': CMAKE_PREFIX_PATH=${CMAKE_PREFIX_PATH}:/home/kishoreyogaraj/tracking_ws/install/tracking:/opt/ros/humble /usr/bin/cmake --install /home/kishoreyogaraj/tracking_ws/build/tracking_msgs
