[0.677s] Invoking command in '/home/kishoreyogaraj/tracking_ws/src/tracking': PYTHONPATH=/home/kishoreyogaraj/tracking_ws/build/tracking/prefix_override:/home/kishoreyogaraj/tracking_ws/install/tracking/lib/python3.10/site-packages:${PYTHONPATH} /usr/bin/python3 -W ignore:setup.py install is deprecated setup.py egg_info --egg-base ../../build/tracking build --build-base /home/kishoreyogaraj/tracking_ws/build/tracking/build install --record /home/kishoreyogaraj/tracking_ws/build/tracking/install.log --single-version-externally-managed install_data
[0.935s] running egg_info
[0.936s] writing ../../build/tracking/tracking.egg-info/PKG-INFO
[0.936s] writing dependency_links to ../../build/tracking/tracking.egg-info/dependency_links.txt
[0.936s] writing entry points to ../../build/tracking/tracking.egg-info/entry_points.txt
[0.936s] writing requirements to ../../build/tracking/tracking.egg-info/requires.txt
[0.937s] writing top-level names to ../../build/tracking/tracking.egg-info/top_level.txt
[0.940s] reading manifest file '../../build/tracking/tracking.egg-info/SOURCES.txt'
[0.941s] writing manifest file '../../build/tracking/tracking.egg-info/SOURCES.txt'
[0.941s] running build
[0.941s] running build_py
[0.943s] running install
[0.943s] running install_lib
[0.945s] running install_data
[0.945s] running install_egg_info
[0.947s] removing '/home/kishoreyogaraj/tracking_ws/install/tracking/lib/python3.10/site-packages/tracking-0.0.0-py3.10.egg-info' (and everything under it)
[0.947s] Copying ../../build/tracking/tracking.egg-info to /home/kishoreyogaraj/tracking_ws/install/tracking/lib/python3.10/site-packages/tracking-0.0.0-py3.10.egg-info
[0.948s] running install_scripts
[0.970s] Installing detection_publisher script to /home/kishoreyogaraj/tracking_ws/install/tracking/lib/tracking
[0.970s] Installing tracker_node script to /home/kishoreyogaraj/tracking_ws/install/tracking/lib/tracking
[0.971s] writing list of installed files to '/home/kishoreyogaraj/tracking_ws/build/tracking/install.log'
